[1.621s] Invoking command in '/home/bhajneet/sim_racing/ros2_ws/src/stanley_avoidance': PYTHONPATH=/home/bhajneet/sim_racing/ros2_ws/build/stanley_avoidance/prefix_override:/home/bhajneet/sim_racing/ros2_ws/install/stanley_avoidance/lib/python3.8/site-packages:${PYTHONPATH} /usr/bin/python3 setup.py egg_info --egg-base ../../build/stanley_avoidance build --build-base /home/bhajneet/sim_racing/ros2_ws/build/stanley_avoidance/build install --record /home/bhajneet/sim_racing/ros2_ws/build/stanley_avoidance/install.log --install-scripts $base/lib/stanley_avoidance --single-version-externally-managed
[2.109s] running egg_info
[2.109s] writing ../../build/stanley_avoidance/stanley_avoidance.egg-info/PKG-INFO
[2.110s] writing dependency_links to ../../build/stanley_avoidance/stanley_avoidance.egg-info/dependency_links.txt
[2.110s] writing entry points to ../../build/stanley_avoidance/stanley_avoidance.egg-info/entry_points.txt
[2.110s] writing requirements to ../../build/stanley_avoidance/stanley_avoidance.egg-info/requires.txt
[2.110s] writing top-level names to ../../build/stanley_avoidance/stanley_avoidance.egg-info/top_level.txt
[2.211s] reading manifest file '../../build/stanley_avoidance/stanley_avoidance.egg-info/SOURCES.txt'
[2.215s] writing manifest file '../../build/stanley_avoidance/stanley_avoidance.egg-info/SOURCES.txt'
[2.215s] running build
[2.216s] running build_py
[2.216s] running install
[2.219s] running install_lib
[2.225s] running install_data
[2.227s] copying config/sim_config.yaml -> /home/bhajneet/sim_racing/ros2_ws/install/stanley_avoidance/share/stanley_avoidance/config
[2.228s] running install_egg_info
[2.236s] removing '/home/bhajneet/sim_racing/ros2_ws/install/stanley_avoidance/lib/python3.8/site-packages/stanley_avoidance-0.0.0-py3.8.egg-info' (and everything under it)
[2.238s] Copying ../../build/stanley_avoidance/stanley_avoidance.egg-info to /home/bhajneet/sim_racing/ros2_ws/install/stanley_avoidance/lib/python3.8/site-packages/stanley_avoidance-0.0.0-py3.8.egg-info
[2.243s] running install_scripts
[2.297s] Installing stanley_avoidance script to /home/bhajneet/sim_racing/ros2_ws/install/stanley_avoidance/lib/stanley_avoidance
[2.299s] writing list of installed files to '/home/bhajneet/sim_racing/ros2_ws/build/stanley_avoidance/install.log'
[2.369s] Invoked command in '/home/bhajneet/sim_racing/ros2_ws/src/stanley_avoidance' returned '0': PYTHONPATH=/home/bhajneet/sim_racing/ros2_ws/build/stanley_avoidance/prefix_override:/home/bhajneet/sim_racing/ros2_ws/install/stanley_avoidance/lib/python3.8/site-packages:${PYTHONPATH} /usr/bin/python3 setup.py egg_info --egg-base ../../build/stanley_avoidance build --build-base /home/bhajneet/sim_racing/ros2_ws/build/stanley_avoidance/build install --record /home/bhajneet/sim_racing/ros2_ws/build/stanley_avoidance/install.log --install-scripts $base/lib/stanley_avoidance --single-version-externally-managed
