[1.451s] Invoking command in '/ros2_ws/src/autodrive_f1tenth': PYTHONPATH=/ros2_ws/build/autodrive_f1tenth/prefix_override:/ros2_ws/install/autodrive_f1tenth/lib/python3.8/site-packages:${PYTHONPATH} /usr/bin/python3 setup.py egg_info --egg-base ../../build/autodrive_f1tenth build --build-base /ros2_ws/build/autodrive_f1tenth/build install --record /ros2_ws/build/autodrive_f1tenth/install.log --install-scripts $base/lib/autodrive_f1tenth --single-version-externally-managed
[1.917s] running egg_info
[1.918s] writing ../../build/autodrive_f1tenth/autodrive_f1tenth.egg-info/PKG-INFO
[1.919s] writing dependency_links to ../../build/autodrive_f1tenth/autodrive_f1tenth.egg-info/dependency_links.txt
[1.919s] writing entry points to ../../build/autodrive_f1tenth/autodrive_f1tenth.egg-info/entry_points.txt
[1.920s] writing requirements to ../../build/autodrive_f1tenth/autodrive_f1tenth.egg-info/requires.txt
[1.920s] writing top-level names to ../../build/autodrive_f1tenth/autodrive_f1tenth.egg-info/top_level.txt
[2.010s] reading manifest file '../../build/autodrive_f1tenth/autodrive_f1tenth.egg-info/SOURCES.txt'
[2.011s] writing manifest file '../../build/autodrive_f1tenth/autodrive_f1tenth.egg-info/SOURCES.txt'
[2.012s] running build
[2.012s] running build_py
[2.012s] copying autodrive_f1tenth/autodrive_bridge_1.py -> /ros2_ws/build/autodrive_f1tenth/build/lib/autodrive_f1tenth
[2.013s] running install
[2.014s] running install_lib
[2.017s] copying /ros2_ws/build/autodrive_f1tenth/build/lib/autodrive_f1tenth/autodrive_bridge_1.py -> /ros2_ws/install/autodrive_f1tenth/lib/python3.8/site-packages/autodrive_f1tenth
[2.019s] byte-compiling /ros2_ws/install/autodrive_f1tenth/lib/python3.8/site-packages/autodrive_f1tenth/autodrive_bridge_1.py to autodrive_bridge_1.cpython-38.pyc
[2.024s] running install_data
[2.025s] running install_egg_info
[2.028s] removing '/ros2_ws/install/autodrive_f1tenth/lib/python3.8/site-packages/autodrive_f1tenth-0.1.0-py3.8.egg-info' (and everything under it)
[2.028s] Copying ../../build/autodrive_f1tenth/autodrive_f1tenth.egg-info to /ros2_ws/install/autodrive_f1tenth/lib/python3.8/site-packages/autodrive_f1tenth-0.1.0-py3.8.egg-info
[2.029s] running install_scripts
[2.066s] Installing autodrive_bridge_1 script to /ros2_ws/install/autodrive_f1tenth/lib/autodrive_f1tenth
[2.066s] Installing teleop_keyboard script to /ros2_ws/install/autodrive_f1tenth/lib/autodrive_f1tenth
[2.067s] writing list of installed files to '/ros2_ws/build/autodrive_f1tenth/install.log'
[2.115s] Invoked command in '/ros2_ws/src/autodrive_f1tenth' returned '0': PYTHONPATH=/ros2_ws/build/autodrive_f1tenth/prefix_override:/ros2_ws/install/autodrive_f1tenth/lib/python3.8/site-packages:${PYTHONPATH} /usr/bin/python3 setup.py egg_info --egg-base ../../build/autodrive_f1tenth build --build-base /ros2_ws/build/autodrive_f1tenth/build install --record /ros2_ws/build/autodrive_f1tenth/install.log --install-scripts $base/lib/autodrive_f1tenth --single-version-externally-managed
