[0.880s] Invoking command in '/ros2_ws/build/autodrive_f1tenth': PYTHONPATH=/ros2_ws/build/autodrive_f1tenth/prefix_override:/ros2_ws/install/autodrive_f1tenth/lib/python3.8/site-packages:${PYTHONPATH} /usr/bin/python3 setup.py develop --uninstall --editable --build-directory /ros2_ws/build/autodrive_f1tenth/build
[1.135s] running develop
[1.282s] Invoked command in '/ros2_ws/build/autodrive_f1tenth' returned '0': PYTHONPATH=/ros2_ws/build/autodrive_f1tenth/prefix_override:/ros2_ws/install/autodrive_f1tenth/lib/python3.8/site-packages:${PYTHONPATH} /usr/bin/python3 setup.py develop --uninstall --editable --build-directory /ros2_ws/build/autodrive_f1tenth/build
[1.283s] Invoking command in '/ros2_ws/src/autodrive_f1tenth': PYTHONPATH=/ros2_ws/build/autodrive_f1tenth/prefix_override:/ros2_ws/install/autodrive_f1tenth/lib/python3.8/site-packages:${PYTHONPATH} /usr/bin/python3 setup.py egg_info --egg-base ../../build/autodrive_f1tenth build --build-base /ros2_ws/build/autodrive_f1tenth/build install --record /ros2_ws/build/autodrive_f1tenth/install.log --install-scripts $base/lib/autodrive_f1tenth --single-version-externally-managed
[1.499s] running egg_info
[1.499s] writing ../../build/autodrive_f1tenth/autodrive_f1tenth.egg-info/PKG-INFO
[1.499s] writing dependency_links to ../../build/autodrive_f1tenth/autodrive_f1tenth.egg-info/dependency_links.txt
[1.499s] writing entry points to ../../build/autodrive_f1tenth/autodrive_f1tenth.egg-info/entry_points.txt
[1.500s] writing requirements to ../../build/autodrive_f1tenth/autodrive_f1tenth.egg-info/requires.txt
[1.500s] writing top-level names to ../../build/autodrive_f1tenth/autodrive_f1tenth.egg-info/top_level.txt
[1.551s] reading manifest file '../../build/autodrive_f1tenth/autodrive_f1tenth.egg-info/SOURCES.txt'
[1.552s] writing manifest file '../../build/autodrive_f1tenth/autodrive_f1tenth.egg-info/SOURCES.txt'
[1.552s] running build
[1.552s] running build_py
[1.552s] copying autodrive_f1tenth/autodrive_bridge.py -> /ros2_ws/build/autodrive_f1tenth/build/lib/autodrive_f1tenth
[1.553s] running install
[1.554s] running install_lib
[1.556s] copying /ros2_ws/build/autodrive_f1tenth/build/lib/autodrive_f1tenth/autodrive_bridge.py -> /ros2_ws/install/autodrive_f1tenth/lib/python3.8/site-packages/autodrive_f1tenth
[1.557s] byte-compiling /ros2_ws/install/autodrive_f1tenth/lib/python3.8/site-packages/autodrive_f1tenth/autodrive_bridge.py to autodrive_bridge.cpython-38.pyc
[1.562s] running install_data
[1.563s] running install_egg_info
[1.565s] removing '/ros2_ws/install/autodrive_f1tenth/lib/python3.8/site-packages/autodrive_f1tenth-0.1.0-py3.8.egg-info' (and everything under it)
[1.565s] Copying ../../build/autodrive_f1tenth/autodrive_f1tenth.egg-info to /ros2_ws/install/autodrive_f1tenth/lib/python3.8/site-packages/autodrive_f1tenth-0.1.0-py3.8.egg-info
[1.567s] running install_scripts
[1.589s] Installing autodrive_bridge script to /ros2_ws/install/autodrive_f1tenth/lib/autodrive_f1tenth
[1.589s] Installing teleop_keyboard script to /ros2_ws/install/autodrive_f1tenth/lib/autodrive_f1tenth
[1.589s] writing list of installed files to '/ros2_ws/build/autodrive_f1tenth/install.log'
[1.616s] Invoked command in '/ros2_ws/src/autodrive_f1tenth' returned '0': PYTHONPATH=/ros2_ws/build/autodrive_f1tenth/prefix_override:/ros2_ws/install/autodrive_f1tenth/lib/python3.8/site-packages:${PYTHONPATH} /usr/bin/python3 setup.py egg_info --egg-base ../../build/autodrive_f1tenth build --build-base /ros2_ws/build/autodrive_f1tenth/build install --record /ros2_ws/build/autodrive_f1tenth/install.log --install-scripts $base/lib/autodrive_f1tenth --single-version-externally-managed
