[0.255s] DEBUG:colcon:Command line arguments: ['/usr/bin/colcon', 'build']
[0.255s] DEBUG:colcon:Parsed command line arguments: Namespace(ament_cmake_args=None, base_paths=['.'], build_base='build', catkin_cmake_args=None, catkin_skip_building_tests=False, cmake_args=None, cmake_clean_cache=False, cmake_clean_first=False, cmake_force_configure=False, cmake_target=None, cmake_target_skip_unavailable=False, continue_on_error=False, event_handlers=None, executor='parallel', ignore_user_meta=False, install_base='install', log_base=None, log_level=None, main=<bound method BuildVerb.main of <colcon_core.verb.build.BuildVerb object at 0x7d87fb582490>>, merge_install=False, metas=['./colcon.meta'], mixin=None, mixin_files=None, mixin_verb=('build',), packages_above=None, packages_above_and_dependencies=None, packages_above_depth=None, packages_end=None, packages_ignore=None, packages_ignore_regex=None, packages_select=None, packages_select_build_failed=False, packages_select_by_dep=None, packages_select_regex=None, packages_select_test_failures=False, packages_skip=None, packages_skip_build_finished=False, packages_skip_by_dep=None, packages_skip_regex=None, packages_skip_test_passed=False, packages_skip_up_to=None, packages_start=None, packages_up_to=None, packages_up_to_regex=None, parallel_workers=8, paths=None, symlink_install=False, test_result_base=None, verb_extension=<colcon_core.verb.build.BuildVerb object at 0x7d87fb582490>, verb_name='build', verb_parser=<colcon_mixin.mixin.mixin_argument.MixinArgumentDecorator object at 0x7d87fb582af0>)
[0.278s] Level 1:colcon.colcon_core.package_discovery:discover_packages(colcon_meta) check parameters
[0.278s] Level 1:colcon.colcon_core.package_discovery:discover_packages(recursive) check parameters
[0.278s] Level 1:colcon.colcon_core.package_discovery:discover_packages(ignore) check parameters
[0.278s] Level 1:colcon.colcon_core.package_discovery:discover_packages(path) check parameters
[0.278s] Level 1:colcon.colcon_core.package_discovery:discover_packages(colcon_meta) discover
[0.278s] Level 1:colcon.colcon_core.package_discovery:discover_packages(recursive) discover
[0.278s] INFO:colcon.colcon_core.package_discovery:Crawling recursively for packages in '/ros2_ws'
[0.278s] Level 1:colcon.colcon_core.package_identification:_identify(.) by extensions ['ignore', 'ignore_ament_install']
[0.278s] Level 1:colcon.colcon_core.package_identification:_identify(.) by extension 'ignore'
[0.279s] Level 1:colcon.colcon_core.package_identification:_identify(.) by extension 'ignore_ament_install'
[0.279s] Level 1:colcon.colcon_core.package_identification:_identify(.) by extensions ['colcon_pkg']
[0.279s] Level 1:colcon.colcon_core.package_identification:_identify(.) by extension 'colcon_pkg'
[0.279s] Level 1:colcon.colcon_core.package_identification:_identify(.) by extensions ['colcon_meta']
[0.279s] Level 1:colcon.colcon_core.package_identification:_identify(.) by extension 'colcon_meta'
[0.279s] Level 1:colcon.colcon_core.package_identification:_identify(.) by extensions ['ros']
[0.279s] Level 1:colcon.colcon_core.package_identification:_identify(.) by extension 'ros'
[0.296s] Level 1:colcon.colcon_core.package_identification:_identify(.) by extensions ['cmake', 'python']
[0.296s] Level 1:colcon.colcon_core.package_identification:_identify(.) by extension 'cmake'
[0.296s] Level 1:colcon.colcon_core.package_identification:_identify(.) by extension 'python'
[0.296s] Level 1:colcon.colcon_core.package_identification:_identify(.) by extensions ['python_setup_py']
[0.296s] Level 1:colcon.colcon_core.package_identification:_identify(.) by extension 'python_setup_py'
[0.296s] Level 1:colcon.colcon_core.package_identification:_identify(build) by extensions ['ignore', 'ignore_ament_install']
[0.296s] Level 1:colcon.colcon_core.package_identification:_identify(build) by extension 'ignore'
[0.296s] Level 1:colcon.colcon_core.package_identification:_identify(build) ignored
[0.296s] Level 1:colcon.colcon_core.package_identification:_identify(install) by extensions ['ignore', 'ignore_ament_install']
[0.297s] Level 1:colcon.colcon_core.package_identification:_identify(install) by extension 'ignore'
[0.297s] Level 1:colcon.colcon_core.package_identification:_identify(install) ignored
[0.297s] Level 1:colcon.colcon_core.package_identification:_identify(log) by extensions ['ignore', 'ignore_ament_install']
[0.297s] Level 1:colcon.colcon_core.package_identification:_identify(log) by extension 'ignore'
[0.297s] Level 1:colcon.colcon_core.package_identification:_identify(log) ignored
[0.297s] Level 1:colcon.colcon_core.package_identification:_identify(src) by extensions ['ignore', 'ignore_ament_install']
[0.297s] Level 1:colcon.colcon_core.package_identification:_identify(src) by extension 'ignore'
[0.297s] Level 1:colcon.colcon_core.package_identification:_identify(src) by extension 'ignore_ament_install'
[0.297s] Level 1:colcon.colcon_core.package_identification:_identify(src) by extensions ['colcon_pkg']
[0.297s] Level 1:colcon.colcon_core.package_identification:_identify(src) by extension 'colcon_pkg'
[0.297s] Level 1:colcon.colcon_core.package_identification:_identify(src) by extensions ['colcon_meta']
[0.297s] Level 1:colcon.colcon_core.package_identification:_identify(src) by extension 'colcon_meta'
[0.297s] Level 1:colcon.colcon_core.package_identification:_identify(src) by extensions ['ros']
[0.297s] Level 1:colcon.colcon_core.package_identification:_identify(src) by extension 'ros'
[0.298s] Level 1:colcon.colcon_core.package_identification:_identify(src) by extensions ['cmake', 'python']
[0.298s] Level 1:colcon.colcon_core.package_identification:_identify(src) by extension 'cmake'
[0.298s] Level 1:colcon.colcon_core.package_identification:_identify(src) by extension 'python'
[0.298s] Level 1:colcon.colcon_core.package_identification:_identify(src) by extensions ['python_setup_py']
[0.298s] Level 1:colcon.colcon_core.package_identification:_identify(src) by extension 'python_setup_py'
[0.298s] Level 1:colcon.colcon_core.package_identification:_identify(src/autodrive_f1tenth) by extensions ['ignore', 'ignore_ament_install']
[0.298s] Level 1:colcon.colcon_core.package_identification:_identify(src/autodrive_f1tenth) by extension 'ignore'
[0.298s] Level 1:colcon.colcon_core.package_identification:_identify(src/autodrive_f1tenth) by extension 'ignore_ament_install'
[0.298s] Level 1:colcon.colcon_core.package_identification:_identify(src/autodrive_f1tenth) by extensions ['colcon_pkg']
[0.298s] Level 1:colcon.colcon_core.package_identification:_identify(src/autodrive_f1tenth) by extension 'colcon_pkg'
[0.298s] Level 1:colcon.colcon_core.package_identification:_identify(src/autodrive_f1tenth) by extensions ['colcon_meta']
[0.298s] Level 1:colcon.colcon_core.package_identification:_identify(src/autodrive_f1tenth) by extension 'colcon_meta'
[0.298s] Level 1:colcon.colcon_core.package_identification:_identify(src/autodrive_f1tenth) by extensions ['ros']
[0.298s] Level 1:colcon.colcon_core.package_identification:_identify(src/autodrive_f1tenth) by extension 'ros'
[0.301s] DEBUG:colcon.colcon_core.package_identification:Package 'src/autodrive_f1tenth' with type 'ros.ament_python' and name 'autodrive_f1tenth'
[0.301s] Level 1:colcon.colcon_core.package_identification:_identify(src/f1tenth_mapping) by extensions ['ignore', 'ignore_ament_install']
[0.301s] Level 1:colcon.colcon_core.package_identification:_identify(src/f1tenth_mapping) by extension 'ignore'
[0.301s] Level 1:colcon.colcon_core.package_identification:_identify(src/f1tenth_mapping) by extension 'ignore_ament_install'
[0.301s] Level 1:colcon.colcon_core.package_identification:_identify(src/f1tenth_mapping) by extensions ['colcon_pkg']
[0.301s] Level 1:colcon.colcon_core.package_identification:_identify(src/f1tenth_mapping) by extension 'colcon_pkg'
[0.301s] Level 1:colcon.colcon_core.package_identification:_identify(src/f1tenth_mapping) by extensions ['colcon_meta']
[0.301s] Level 1:colcon.colcon_core.package_identification:_identify(src/f1tenth_mapping) by extension 'colcon_meta'
[0.301s] Level 1:colcon.colcon_core.package_identification:_identify(src/f1tenth_mapping) by extensions ['ros']
[0.301s] Level 1:colcon.colcon_core.package_identification:_identify(src/f1tenth_mapping) by extension 'ros'
[0.302s] DEBUG:colcon.colcon_core.package_identification:Package 'src/f1tenth_mapping' with type 'ros.ament_cmake' and name 'f1tenth_mapping'
[0.302s] Level 1:colcon.colcon_core.package_discovery:discover_packages(recursive) using defaults
[0.302s] Level 1:colcon.colcon_core.package_discovery:discover_packages(ignore) discover
[0.302s] Level 1:colcon.colcon_core.package_discovery:discover_packages(ignore) using defaults
[0.302s] Level 1:colcon.colcon_core.package_discovery:discover_packages(path) discover
[0.302s] Level 1:colcon.colcon_core.package_discovery:discover_packages(path) using defaults
[0.318s] Level 5:colcon.colcon_core.verb:set package 'autodrive_f1tenth' build argument 'cmake_args' from command line to 'None'
[0.319s] Level 5:colcon.colcon_core.verb:set package 'autodrive_f1tenth' build argument 'cmake_target' from command line to 'None'
[0.319s] Level 5:colcon.colcon_core.verb:set package 'autodrive_f1tenth' build argument 'cmake_target_skip_unavailable' from command line to 'False'
[0.319s] Level 5:colcon.colcon_core.verb:set package 'autodrive_f1tenth' build argument 'cmake_clean_cache' from command line to 'False'
[0.319s] Level 5:colcon.colcon_core.verb:set package 'autodrive_f1tenth' build argument 'cmake_clean_first' from command line to 'False'
[0.319s] Level 5:colcon.colcon_core.verb:set package 'autodrive_f1tenth' build argument 'cmake_force_configure' from command line to 'False'
[0.319s] Level 5:colcon.colcon_core.verb:set package 'autodrive_f1tenth' build argument 'ament_cmake_args' from command line to 'None'
[0.319s] Level 5:colcon.colcon_core.verb:set package 'autodrive_f1tenth' build argument 'catkin_cmake_args' from command line to 'None'
[0.319s] Level 5:colcon.colcon_core.verb:set package 'autodrive_f1tenth' build argument 'catkin_skip_building_tests' from command line to 'False'
[0.319s] DEBUG:colcon.colcon_core.verb:Building package 'autodrive_f1tenth' with the following arguments: {'ament_cmake_args': None, 'build_base': '/ros2_ws/build/autodrive_f1tenth', 'catkin_cmake_args': None, 'catkin_skip_building_tests': False, 'cmake_args': None, 'cmake_clean_cache': False, 'cmake_clean_first': False, 'cmake_force_configure': False, 'cmake_target': None, 'cmake_target_skip_unavailable': False, 'install_base': '/ros2_ws/install/autodrive_f1tenth', 'merge_install': False, 'path': '/ros2_ws/src/autodrive_f1tenth', 'symlink_install': False, 'test_result_base': None}
[0.319s] Level 5:colcon.colcon_core.verb:set package 'f1tenth_mapping' build argument 'cmake_args' from command line to 'None'
[0.320s] Level 5:colcon.colcon_core.verb:set package 'f1tenth_mapping' build argument 'cmake_target' from command line to 'None'
[0.320s] Level 5:colcon.colcon_core.verb:set package 'f1tenth_mapping' build argument 'cmake_target_skip_unavailable' from command line to 'False'
[0.320s] Level 5:colcon.colcon_core.verb:set package 'f1tenth_mapping' build argument 'cmake_clean_cache' from command line to 'False'
[0.320s] Level 5:colcon.colcon_core.verb:set package 'f1tenth_mapping' build argument 'cmake_clean_first' from command line to 'False'
[0.320s] Level 5:colcon.colcon_core.verb:set package 'f1tenth_mapping' build argument 'cmake_force_configure' from command line to 'False'
[0.320s] Level 5:colcon.colcon_core.verb:set package 'f1tenth_mapping' build argument 'ament_cmake_args' from command line to 'None'
[0.320s] Level 5:colcon.colcon_core.verb:set package 'f1tenth_mapping' build argument 'catkin_cmake_args' from command line to 'None'
[0.320s] Level 5:colcon.colcon_core.verb:set package 'f1tenth_mapping' build argument 'catkin_skip_building_tests' from command line to 'False'
[0.320s] DEBUG:colcon.colcon_core.verb:Building package 'f1tenth_mapping' with the following arguments: {'ament_cmake_args': None, 'build_base': '/ros2_ws/build/f1tenth_mapping', 'catkin_cmake_args': None, 'catkin_skip_building_tests': False, 'cmake_args': None, 'cmake_clean_cache': False, 'cmake_clean_first': False, 'cmake_force_configure': False, 'cmake_target': None, 'cmake_target_skip_unavailable': False, 'install_base': '/ros2_ws/install/f1tenth_mapping', 'merge_install': False, 'path': '/ros2_ws/src/f1tenth_mapping', 'symlink_install': False, 'test_result_base': None}
[0.320s] INFO:colcon.colcon_core.executor:Executing jobs using 'parallel' executor
[0.324s] DEBUG:colcon.colcon_parallel_executor.executor.parallel:run_until_complete
[0.324s] INFO:colcon.colcon_ros.task.ament_python.build:Building ROS package in '/ros2_ws/src/autodrive_f1tenth' with build type 'ament_python'
[0.324s] Level 1:colcon.colcon_core.shell:create_environment_hook('autodrive_f1tenth', 'ament_prefix_path')
[0.328s] INFO:colcon.colcon_core.plugin_system:Skipping extension 'colcon_core.shell.bat': Not used on non-Windows systems
[0.328s] INFO:colcon.colcon_core.shell:Creating environment hook '/ros2_ws/install/autodrive_f1tenth/share/autodrive_f1tenth/hook/ament_prefix_path.ps1'
[0.329s] INFO:colcon.colcon_core.shell:Creating environment descriptor '/ros2_ws/install/autodrive_f1tenth/share/autodrive_f1tenth/hook/ament_prefix_path.dsv'
[0.329s] INFO:colcon.colcon_core.shell:Creating environment hook '/ros2_ws/install/autodrive_f1tenth/share/autodrive_f1tenth/hook/ament_prefix_path.sh'
[0.332s] INFO:colcon.colcon_core.shell:Skip shell extension 'powershell' for command environment: Not usable outside of PowerShell
[0.332s] DEBUG:colcon.colcon_core.shell:Skip shell extension 'dsv' for command environment
[0.342s] INFO:colcon.colcon_ros.task.ament_cmake.build:Building ROS package in '/ros2_ws/src/f1tenth_mapping' with build type 'ament_cmake'
[0.343s] INFO:colcon.colcon_cmake.task.cmake.build:Building CMake package in '/ros2_ws/src/f1tenth_mapping'
[0.345s] INFO:colcon.colcon_core.shell:Skip shell extension 'powershell' for command environment: Not usable outside of PowerShell
[0.345s] DEBUG:colcon.colcon_core.shell:Skip shell extension 'dsv' for command environment
[0.562s] INFO:colcon.colcon_core.task.python.build:Building Python package in '/ros2_ws/src/autodrive_f1tenth'
[0.564s] INFO:colcon.colcon_core.shell:Skip shell extension 'powershell' for command environment: Not usable outside of PowerShell
[0.564s] DEBUG:colcon.colcon_core.shell:Skip shell extension 'dsv' for command environment
[0.573s] DEBUG:colcon.colcon_core.event_handler.log_command:Invoking command in '/ros2_ws/build/f1tenth_mapping': CMAKE_PREFIX_PATH=${CMAKE_PREFIX_PATH}:/ros2_ws/install/autodrive_f1tenth:/opt/ros/foxy /usr/bin/cmake --build /ros2_ws/build/f1tenth_mapping -- -j8 -l8
[0.618s] DEBUG:colcon.colcon_core.event_handler.log_command:Invoked command in '/ros2_ws/build/f1tenth_mapping' returned '0': CMAKE_PREFIX_PATH=${CMAKE_PREFIX_PATH}:/ros2_ws/install/autodrive_f1tenth:/opt/ros/foxy /usr/bin/cmake --build /ros2_ws/build/f1tenth_mapping -- -j8 -l8
[0.661s] DEBUG:colcon.colcon_core.event_handler.log_command:Invoking command in '/ros2_ws/build/f1tenth_mapping': CMAKE_PREFIX_PATH=${CMAKE_PREFIX_PATH}:/ros2_ws/install/autodrive_f1tenth:/opt/ros/foxy /usr/bin/cmake --install /ros2_ws/build/f1tenth_mapping
[0.671s] Level 1:colcon.colcon_core.environment:create_environment_scripts_only(f1tenth_mapping)
[0.672s] DEBUG:colcon.colcon_core.event_handler.log_command:Invoked command in '/ros2_ws/build/f1tenth_mapping' returned '0': CMAKE_PREFIX_PATH=${CMAKE_PREFIX_PATH}:/ros2_ws/install/autodrive_f1tenth:/opt/ros/foxy /usr/bin/cmake --install /ros2_ws/build/f1tenth_mapping
[0.676s] Level 1:colcon.colcon_core.environment:checking '/ros2_ws/install/f1tenth_mapping' for CMake module files
[0.677s] Level 1:colcon.colcon_core.environment:checking '/ros2_ws/install/f1tenth_mapping' for CMake config files
[0.677s] Level 1:colcon.colcon_core.shell:create_environment_hook('f1tenth_mapping', 'cmake_prefix_path')
[0.678s] INFO:colcon.colcon_core.shell:Creating environment hook '/ros2_ws/install/f1tenth_mapping/share/f1tenth_mapping/hook/cmake_prefix_path.ps1'
[0.679s] INFO:colcon.colcon_core.shell:Creating environment descriptor '/ros2_ws/install/f1tenth_mapping/share/f1tenth_mapping/hook/cmake_prefix_path.dsv'
[0.679s] INFO:colcon.colcon_core.shell:Creating environment hook '/ros2_ws/install/f1tenth_mapping/share/f1tenth_mapping/hook/cmake_prefix_path.sh'
[0.679s] Level 1:colcon.colcon_core.environment:checking '/ros2_ws/install/f1tenth_mapping/lib'
[0.680s] Level 1:colcon.colcon_core.environment:checking '/ros2_ws/install/f1tenth_mapping/bin'
[0.680s] Level 1:colcon.colcon_core.environment:checking '/ros2_ws/install/f1tenth_mapping/lib/pkgconfig/f1tenth_mapping.pc'
[0.680s] Level 1:colcon.colcon_core.environment:checking '/ros2_ws/install/f1tenth_mapping/lib/python3.8/site-packages'
[0.680s] Level 1:colcon.colcon_core.environment:checking '/ros2_ws/install/f1tenth_mapping/bin'
[0.681s] INFO:colcon.colcon_core.shell:Creating package script '/ros2_ws/install/f1tenth_mapping/share/f1tenth_mapping/package.ps1'
[0.682s] INFO:colcon.colcon_core.shell:Creating package descriptor '/ros2_ws/install/f1tenth_mapping/share/f1tenth_mapping/package.dsv'
[0.683s] INFO:colcon.colcon_core.shell:Creating package script '/ros2_ws/install/f1tenth_mapping/share/f1tenth_mapping/package.sh'
[0.684s] INFO:colcon.colcon_core.shell:Creating package script '/ros2_ws/install/f1tenth_mapping/share/f1tenth_mapping/package.bash'
[0.684s] INFO:colcon.colcon_core.shell:Creating package script '/ros2_ws/install/f1tenth_mapping/share/f1tenth_mapping/package.zsh'
[0.685s] Level 1:colcon.colcon_core.environment:create_file_with_runtime_dependencies(/ros2_ws/install/f1tenth_mapping/share/colcon-core/packages/f1tenth_mapping)
[0.707s] Level 1:colcon.colcon_core.environment:create_environment_scripts_only(f1tenth_mapping)
[0.709s] Level 1:colcon.colcon_core.environment:checking '/ros2_ws/install/f1tenth_mapping' for CMake module files
[0.709s] Level 1:colcon.colcon_core.environment:checking '/ros2_ws/install/f1tenth_mapping' for CMake config files
[0.709s] Level 1:colcon.colcon_core.shell:create_environment_hook('f1tenth_mapping', 'cmake_prefix_path')
[0.710s] INFO:colcon.colcon_core.shell:Creating environment hook '/ros2_ws/install/f1tenth_mapping/share/f1tenth_mapping/hook/cmake_prefix_path.ps1'
[0.711s] INFO:colcon.colcon_core.shell:Creating environment descriptor '/ros2_ws/install/f1tenth_mapping/share/f1tenth_mapping/hook/cmake_prefix_path.dsv'
[0.711s] INFO:colcon.colcon_core.shell:Creating environment hook '/ros2_ws/install/f1tenth_mapping/share/f1tenth_mapping/hook/cmake_prefix_path.sh'
[0.711s] Level 1:colcon.colcon_core.environment:checking '/ros2_ws/install/f1tenth_mapping/lib'
[0.712s] Level 1:colcon.colcon_core.environment:checking '/ros2_ws/install/f1tenth_mapping/bin'
[0.712s] Level 1:colcon.colcon_core.environment:checking '/ros2_ws/install/f1tenth_mapping/lib/pkgconfig/f1tenth_mapping.pc'
[0.712s] Level 1:colcon.colcon_core.environment:checking '/ros2_ws/install/f1tenth_mapping/lib/python3.8/site-packages'
[0.712s] Level 1:colcon.colcon_core.environment:checking '/ros2_ws/install/f1tenth_mapping/bin'
[0.713s] INFO:colcon.colcon_core.shell:Creating package script '/ros2_ws/install/f1tenth_mapping/share/f1tenth_mapping/package.ps1'
[0.714s] INFO:colcon.colcon_core.shell:Creating package descriptor '/ros2_ws/install/f1tenth_mapping/share/f1tenth_mapping/package.dsv'
[0.714s] INFO:colcon.colcon_core.shell:Creating package script '/ros2_ws/install/f1tenth_mapping/share/f1tenth_mapping/package.sh'
[0.715s] INFO:colcon.colcon_core.shell:Creating package script '/ros2_ws/install/f1tenth_mapping/share/f1tenth_mapping/package.bash'
[0.715s] INFO:colcon.colcon_core.shell:Creating package script '/ros2_ws/install/f1tenth_mapping/share/f1tenth_mapping/package.zsh'
[0.715s] Level 1:colcon.colcon_core.environment:create_file_with_runtime_dependencies(/ros2_ws/install/f1tenth_mapping/share/colcon-core/packages/f1tenth_mapping)
[0.934s] DEBUG:colcon.colcon_core.event_handler.log_command:Invoking command in '/ros2_ws/src/autodrive_f1tenth': PYTHONPATH=/ros2_ws/build/autodrive_f1tenth/prefix_override:/ros2_ws/install/autodrive_f1tenth/lib/python3.8/site-packages:${PYTHONPATH} /usr/bin/python3 setup.py egg_info --egg-base ../../build/autodrive_f1tenth build --build-base /ros2_ws/build/autodrive_f1tenth/build install --record /ros2_ws/build/autodrive_f1tenth/install.log --install-scripts $base/lib/autodrive_f1tenth --single-version-externally-managed
[1.205s] Level 1:colcon.colcon_core.environment:checking '/ros2_ws/install/autodrive_f1tenth' for CMake module files
[1.206s] DEBUG:colcon.colcon_core.event_handler.log_command:Invoked command in '/ros2_ws/src/autodrive_f1tenth' returned '0': PYTHONPATH=/ros2_ws/build/autodrive_f1tenth/prefix_override:/ros2_ws/install/autodrive_f1tenth/lib/python3.8/site-packages:${PYTHONPATH} /usr/bin/python3 setup.py egg_info --egg-base ../../build/autodrive_f1tenth build --build-base /ros2_ws/build/autodrive_f1tenth/build install --record /ros2_ws/build/autodrive_f1tenth/install.log --install-scripts $base/lib/autodrive_f1tenth --single-version-externally-managed
[1.206s] Level 1:colcon.colcon_core.environment:checking '/ros2_ws/install/autodrive_f1tenth' for CMake config files
[1.207s] Level 1:colcon.colcon_core.environment:checking '/ros2_ws/install/autodrive_f1tenth/lib'
[1.207s] Level 1:colcon.colcon_core.environment:checking '/ros2_ws/install/autodrive_f1tenth/bin'
[1.207s] Level 1:colcon.colcon_core.environment:checking '/ros2_ws/install/autodrive_f1tenth/lib/pkgconfig/autodrive_f1tenth.pc'
[1.207s] Level 1:colcon.colcon_core.environment:checking '/ros2_ws/install/autodrive_f1tenth/lib/python3.8/site-packages'
[1.207s] Level 1:colcon.colcon_core.shell:create_environment_hook('autodrive_f1tenth', 'pythonpath')
[1.208s] INFO:colcon.colcon_core.shell:Creating environment hook '/ros2_ws/install/autodrive_f1tenth/share/autodrive_f1tenth/hook/pythonpath.ps1'
[1.209s] INFO:colcon.colcon_core.shell:Creating environment descriptor '/ros2_ws/install/autodrive_f1tenth/share/autodrive_f1tenth/hook/pythonpath.dsv'
[1.209s] INFO:colcon.colcon_core.shell:Creating environment hook '/ros2_ws/install/autodrive_f1tenth/share/autodrive_f1tenth/hook/pythonpath.sh'
[1.209s] Level 1:colcon.colcon_core.environment:checking '/ros2_ws/install/autodrive_f1tenth/bin'
[1.209s] Level 1:colcon.colcon_core.environment:create_environment_scripts_only(autodrive_f1tenth)
[1.210s] INFO:colcon.colcon_core.shell:Creating package script '/ros2_ws/install/autodrive_f1tenth/share/autodrive_f1tenth/package.ps1'
[1.211s] INFO:colcon.colcon_core.shell:Creating package descriptor '/ros2_ws/install/autodrive_f1tenth/share/autodrive_f1tenth/package.dsv'
[1.211s] INFO:colcon.colcon_core.shell:Creating package script '/ros2_ws/install/autodrive_f1tenth/share/autodrive_f1tenth/package.sh'
[1.212s] INFO:colcon.colcon_core.shell:Creating package script '/ros2_ws/install/autodrive_f1tenth/share/autodrive_f1tenth/package.bash'
[1.212s] INFO:colcon.colcon_core.shell:Creating package script '/ros2_ws/install/autodrive_f1tenth/share/autodrive_f1tenth/package.zsh'
[1.212s] Level 1:colcon.colcon_core.environment:create_file_with_runtime_dependencies(/ros2_ws/install/autodrive_f1tenth/share/colcon-core/packages/autodrive_f1tenth)
[1.213s] DEBUG:colcon.colcon_parallel_executor.executor.parallel:closing loop
[1.213s] DEBUG:colcon.colcon_parallel_executor.executor.parallel:loop closed
[1.213s] DEBUG:colcon.colcon_parallel_executor.executor.parallel:run_until_complete finished with '0'
[1.213s] DEBUG:colcon.colcon_core.event_reactor:joining thread
[1.218s] INFO:colcon.colcon_core.plugin_system:Skipping extension 'colcon_notification.desktop_notification.notify_send': Could not find 'notify-send'
[1.218s] INFO:colcon.colcon_core.plugin_system:Skipping extension 'colcon_notification.desktop_notification.terminal_notifier': Not used on non-Darwin systems
[1.218s] INFO:colcon.colcon_core.plugin_system:Skipping extension 'colcon_notification.desktop_notification.win32': Not used on non-Windows systems
[1.218s] INFO:colcon.colcon_notification.desktop_notification:Sending desktop notification using 'notify2'
[1.220s] DEBUG:colcon.colcon_notification.desktop_notification.notify2:Failed to initialize notify2: org.freedesktop.DBus.Error.Spawn.ExecFailed: /usr/bin/dbus-launch terminated abnormally without any error message
[1.220s] DEBUG:colcon.colcon_core.event_reactor:joined thread
[1.222s] INFO:colcon.colcon_core.shell:Creating prefix script '/ros2_ws/install/local_setup.ps1'
[1.224s] INFO:colcon.colcon_core.shell:Creating prefix util module '/ros2_ws/install/_local_setup_util_ps1.py'
[1.225s] INFO:colcon.colcon_core.shell:Creating prefix chain script '/ros2_ws/install/setup.ps1'
[1.227s] INFO:colcon.colcon_core.shell:Creating prefix script '/ros2_ws/install/local_setup.sh'
[1.227s] INFO:colcon.colcon_core.shell:Creating prefix util module '/ros2_ws/install/_local_setup_util_sh.py'
[1.228s] INFO:colcon.colcon_core.shell:Creating prefix chain script '/ros2_ws/install/setup.sh'
[1.229s] INFO:colcon.colcon_core.shell:Creating prefix script '/ros2_ws/install/local_setup.bash'
[1.229s] INFO:colcon.colcon_core.shell:Creating prefix chain script '/ros2_ws/install/setup.bash'
[1.232s] INFO:colcon.colcon_core.shell:Creating prefix script '/ros2_ws/install/local_setup.zsh'
[1.233s] INFO:colcon.colcon_core.shell:Creating prefix chain script '/ros2_ws/install/setup.zsh'
