[0.044s] Invoking command in '/home/bhajneet/sim_racing/ros2_ws/build/pure_pursuit': CMAKE_PREFIX_PATH=${CMAKE_PREFIX_PATH}:/home/bhajneet/sim_racing/ros2_ws/install/stanley_avoidance:/home/bhajneet/sim_racing/ros2_ws/install/particle_filter:/home/bhajneet/sim_racing/ros2_ws/install/autodrive_f1tenth:/opt/ros/foxy /usr/bin/cmake --build /home/bhajneet/sim_racing/ros2_ws/build/pure_pursuit -- -j8 -l8
[0.218s] [ 50%] Built target waypoint_visualizer
[0.258s] [100%] Built target pure_pursuit
[0.334s] Invoked command in '/home/bhajneet/sim_racing/ros2_ws/build/pure_pursuit' returned '0': CMAKE_PREFIX_PATH=${CMAKE_PREFIX_PATH}:/home/bhajneet/sim_racing/ros2_ws/install/stanley_avoidance:/home/bhajneet/sim_racing/ros2_ws/install/particle_filter:/home/bhajneet/sim_racing/ros2_ws/install/autodrive_f1tenth:/opt/ros/foxy /usr/bin/cmake --build /home/bhajneet/sim_racing/ros2_ws/build/pure_pursuit -- -j8 -l8
[0.483s] Invoking command in '/home/bhajneet/sim_racing/ros2_ws/build/pure_pursuit': CMAKE_PREFIX_PATH=${CMAKE_PREFIX_PATH}:/home/bhajneet/sim_racing/ros2_ws/install/stanley_avoidance:/home/bhajneet/sim_racing/ros2_ws/install/particle_filter:/home/bhajneet/sim_racing/ros2_ws/install/autodrive_f1tenth:/opt/ros/foxy /usr/bin/cmake --install /home/bhajneet/sim_racing/ros2_ws/build/pure_pursuit
[0.513s] -- Install configuration: ""
[0.513s] -- Up-to-date: /home/bhajneet/sim_racing/ros2_ws/install/pure_pursuit/lib/pure_pursuit/pure_pursuit
[0.515s] -- Up-to-date: /home/bhajneet/sim_racing/ros2_ws/install/pure_pursuit/lib/pure_pursuit/waypoint_visualizer
[0.516s] -- Up-to-date: /home/bhajneet/sim_racing/ros2_ws/install/pure_pursuit/share/pure_pursuit/launch
[0.517s] -- Up-to-date: /home/bhajneet/sim_racing/ros2_ws/install/pure_pursuit/share/pure_pursuit/launch/pure_pursuit_launch.py
[0.517s] -- Up-to-date: /home/bhajneet/sim_racing/ros2_ws/install/pure_pursuit/share/pure_pursuit/launch/pure_pursuit.rviz
[0.517s] -- Up-to-date: /home/bhajneet/sim_racing/ros2_ws/install/pure_pursuit/share/pure_pursuit/launch/sim_pure_pursuit_launch.py
[0.518s] -- Up-to-date: /home/bhajneet/sim_racing/ros2_ws/install/pure_pursuit/share/pure_pursuit/launch/sim_pure_pursuit.rviz
[0.518s] -- Up-to-date: /home/bhajneet/sim_racing/ros2_ws/install/pure_pursuit/share/pure_pursuit/config
[0.518s] -- Up-to-date: /home/bhajneet/sim_racing/ros2_ws/install/pure_pursuit/share/pure_pursuit/config/sim_config.yaml
[0.518s] -- Installing: /home/bhajneet/sim_racing/ros2_ws/install/pure_pursuit/share/pure_pursuit/config/config.yaml
[0.519s] -- Up-to-date: /home/bhajneet/sim_racing/ros2_ws/install/pure_pursuit/share/pure_pursuit/racelines
[0.519s] -- Up-to-date: /home/bhajneet/sim_racing/ros2_ws/install/pure_pursuit/share/pure_pursuit/racelines/pingpong_clean.csv
[0.519s] -- Up-to-date: /home/bhajneet/sim_racing/ros2_ws/install/pure_pursuit/share/pure_pursuit/racelines/e7_floor5.csv
[0.519s] -- Up-to-date: /home/bhajneet/sim_racing/ros2_ws/install/pure_pursuit/share/pure_pursuit/racelines/first_map.csv
[0.520s] -- Up-to-date: /home/bhajneet/sim_racing/ros2_ws/install/pure_pursuit/share/pure_pursuit/racelines/e7_floor5_biggest.csv
[0.520s] -- Up-to-date: /home/bhajneet/sim_racing/ros2_ws/install/pure_pursuit/share/pure_pursuit/racelines/first_map_1.csv
[0.521s] -- Up-to-date: /home/bhajneet/sim_racing/ros2_ws/install/pure_pursuit/share/pure_pursuit/racelines/e7_floor5_square.csv
[0.522s] -- Up-to-date: /home/bhajneet/sim_racing/ros2_ws/install/pure_pursuit/share/ament_index/resource_index/package_run_dependencies/pure_pursuit
[0.523s] -- Up-to-date: /home/bhajneet/sim_racing/ros2_ws/install/pure_pursuit/share/ament_index/resource_index/parent_prefix_path/pure_pursuit
[0.523s] -- Up-to-date: /home/bhajneet/sim_racing/ros2_ws/install/pure_pursuit/share/pure_pursuit/environment/ament_prefix_path.sh
[0.523s] -- Up-to-date: /home/bhajneet/sim_racing/ros2_ws/install/pure_pursuit/share/pure_pursuit/environment/ament_prefix_path.dsv
[0.524s] -- Up-to-date: /home/bhajneet/sim_racing/ros2_ws/install/pure_pursuit/share/pure_pursuit/environment/path.sh
[0.524s] -- Up-to-date: /home/bhajneet/sim_racing/ros2_ws/install/pure_pursuit/share/pure_pursuit/environment/path.dsv
[0.525s] -- Up-to-date: /home/bhajneet/sim_racing/ros2_ws/install/pure_pursuit/share/pure_pursuit/local_setup.bash
[0.526s] -- Up-to-date: /home/bhajneet/sim_racing/ros2_ws/install/pure_pursuit/share/pure_pursuit/local_setup.sh
[0.527s] -- Up-to-date: /home/bhajneet/sim_racing/ros2_ws/install/pure_pursuit/share/pure_pursuit/local_setup.zsh
[0.530s] -- Up-to-date: /home/bhajneet/sim_racing/ros2_ws/install/pure_pursuit/share/pure_pursuit/local_setup.dsv
[0.531s] -- Installing: /home/bhajneet/sim_racing/ros2_ws/install/pure_pursuit/share/pure_pursuit/package.dsv
[0.536s] -- Up-to-date: /home/bhajneet/sim_racing/ros2_ws/install/pure_pursuit/share/ament_index/resource_index/packages/pure_pursuit
[0.537s] -- Up-to-date: /home/bhajneet/sim_racing/ros2_ws/install/pure_pursuit/share/pure_pursuit/cmake/pure_pursuitConfig.cmake
[0.538s] -- Up-to-date: /home/bhajneet/sim_racing/ros2_ws/install/pure_pursuit/share/pure_pursuit/cmake/pure_pursuitConfig-version.cmake
[0.538s] -- Up-to-date: /home/bhajneet/sim_racing/ros2_ws/install/pure_pursuit/share/pure_pursuit/package.xml
[0.538s] Invoked command in '/home/bhajneet/sim_racing/ros2_ws/build/pure_pursuit' returned '0': CMAKE_PREFIX_PATH=${CMAKE_PREFIX_PATH}:/home/bhajneet/sim_racing/ros2_ws/install/stanley_avoidance:/home/bhajneet/sim_racing/ros2_ws/install/particle_filter:/home/bhajneet/sim_racing/ros2_ws/install/autodrive_f1tenth:/opt/ros/foxy /usr/bin/cmake --install /home/bhajneet/sim_racing/ros2_ws/build/pure_pursuit
