[0.565s] Invoking command in '/ros2_ws/build/autodrive_f1tenth': PYTHONPATH=/ros2_ws/build/autodrive_f1tenth/prefix_override:/ros2_ws/install/autodrive_f1tenth/lib/python3.8/site-packages:${PYTHONPATH} /usr/bin/python3 setup.py develop --editable --build-directory /ros2_ws/build/autodrive_f1tenth/build --no-deps install_data
[0.772s] running develop
[0.861s] running egg_info
[0.861s] writing autodrive_f1tenth.egg-info/PKG-INFO
[0.862s] writing dependency_links to autodrive_f1tenth.egg-info/dependency_links.txt
[0.862s] writing entry points to autodrive_f1tenth.egg-info/entry_points.txt
[0.862s] writing requirements to autodrive_f1tenth.egg-info/requires.txt
[0.862s] writing top-level names to autodrive_f1tenth.egg-info/top_level.txt
[0.890s] reading manifest file 'autodrive_f1tenth.egg-info/SOURCES.txt'
[0.891s] writing manifest file 'autodrive_f1tenth.egg-info/SOURCES.txt'
[0.922s] running build_ext
[0.923s] Creating /ros2_ws/install/autodrive_f1tenth/lib/python3.8/site-packages/autodrive-f1tenth.egg-link (link to .)
[0.924s] Installing autodrive_bridge script to /ros2_ws/install/autodrive_f1tenth/lib/autodrive_f1tenth
[0.924s] Installing publish_odom script to /ros2_ws/install/autodrive_f1tenth/lib/autodrive_f1tenth
[0.924s] Installing teleop_keyboard script to /ros2_ws/install/autodrive_f1tenth/lib/autodrive_f1tenth
[0.924s] 
[0.924s] Installed /ros2_ws/build/autodrive_f1tenth
[0.924s] running install_data
[0.925s] copying launch/simulator_bringup_rviz.launch.py -> /ros2_ws/install/autodrive_f1tenth/share/autodrive_f1tenth/launch
[0.959s] Invoked command in '/ros2_ws/build/autodrive_f1tenth' returned '0': PYTHONPATH=/ros2_ws/build/autodrive_f1tenth/prefix_override:/ros2_ws/install/autodrive_f1tenth/lib/python3.8/site-packages:${PYTHONPATH} /usr/bin/python3 setup.py develop --editable --build-directory /ros2_ws/build/autodrive_f1tenth/build --no-deps install_data
