running egg_info
writing ../../build/stanley_avoidance/stanley_avoidance.egg-info/PKG-INFO
writing dependency_links to ../../build/stanley_avoidance/stanley_avoidance.egg-info/dependency_links.txt
writing entry points to ../../build/stanley_avoidance/stanley_avoidance.egg-info/entry_points.txt
writing requirements to ../../build/stanley_avoidance/stanley_avoidance.egg-info/requires.txt
writing top-level names to ../../build/stanley_avoidance/stanley_avoidance.egg-info/top_level.txt
reading manifest file '../../build/stanley_avoidance/stanley_avoidance.egg-info/SOURCES.txt'
writing manifest file '../../build/stanley_avoidance/stanley_avoidance.egg-info/SOURCES.txt'
running build
running build_py
copying stanley_avoidance/stanley_avoidance.py -> /home/bhajneet/sim_racing/ros2_ws/build/stanley_avoidance/build/lib/stanley_avoidance
running install
running install_lib
copying /home/bhajneet/sim_racing/ros2_ws/build/stanley_avoidance/build/lib/stanley_avoidance/stanley_avoidance.py -> /home/bhajneet/sim_racing/ros2_ws/install/stanley_avoidance/lib/python3.8/site-packages/stanley_avoidance
byte-compiling /home/bhajneet/sim_racing/ros2_ws/install/stanley_avoidance/lib/python3.8/site-packages/stanley_avoidance/stanley_avoidance.py to stanley_avoidance.cpython-38.pyc
running install_data
copying config/config.yaml -> /home/bhajneet/sim_racing/ros2_ws/install/stanley_avoidance/share/stanley_avoidance/config
running install_egg_info
removing '/home/bhajneet/sim_racing/ros2_ws/install/stanley_avoidance/lib/python3.8/site-packages/stanley_avoidance-0.0.0-py3.8.egg-info' (and everything under it)
Copying ../../build/stanley_avoidance/stanley_avoidance.egg-info to /home/bhajneet/sim_racing/ros2_ws/install/stanley_avoidance/lib/python3.8/site-packages/stanley_avoidance-0.0.0-py3.8.egg-info
running install_scripts
Installing stanley_avoidance script to /home/bhajneet/sim_racing/ros2_ws/install/stanley_avoidance/lib/stanley_avoidance
writing list of installed files to '/home/bhajneet/sim_racing/ros2_ws/build/stanley_avoidance/install.log'
