[1.006s] DEBUG:colcon:Command line arguments: ['/usr/bin/colcon', 'build', '--packages-select', 'autodrive_f1tenth']
[1.006s] DEBUG:colcon:Parsed command line arguments: Namespace(ament_cmake_args=None, base_paths=['.'], build_base='build', catkin_cmake_args=None, catkin_skip_building_tests=False, cmake_args=None, cmake_clean_cache=False, cmake_clean_first=False, cmake_force_configure=False, cmake_target=None, cmake_target_skip_unavailable=False, continue_on_error=False, event_handlers=None, executor='parallel', ignore_user_meta=False, install_base='install', log_base=None, log_level=None, main=<bound method BuildVerb.main of <colcon_core.verb.build.BuildVerb object at 0x7edef3b11220>>, merge_install=False, metas=['./colcon.meta'], mixin=None, mixin_files=None, mixin_verb=('build',), packages_above=None, packages_above_and_dependencies=None, packages_above_depth=None, packages_end=None, packages_ignore=None, packages_ignore_regex=None, packages_select=['autodrive_f1tenth'], packages_select_build_failed=False, packages_select_by_dep=None, packages_select_regex=None, packages_select_test_failures=False, packages_skip=None, packages_skip_build_finished=False, packages_skip_by_dep=None, packages_skip_regex=None, packages_skip_test_passed=False, packages_skip_up_to=None, packages_start=None, packages_up_to=None, packages_up_to_regex=None, parallel_workers=8, paths=None, symlink_install=False, test_result_base=None, verb_extension=<colcon_core.verb.build.BuildVerb object at 0x7edef3b11220>, verb_name='build', verb_parser=<colcon_mixin.mixin.mixin_argument.MixinArgumentDecorator object at 0x7edef3b11880>)
[1.107s] Level 1:colcon.colcon_core.package_discovery:discover_packages(colcon_meta) check parameters
[1.107s] Level 1:colcon.colcon_core.package_discovery:discover_packages(recursive) check parameters
[1.107s] Level 1:colcon.colcon_core.package_discovery:discover_packages(ignore) check parameters
[1.107s] Level 1:colcon.colcon_core.package_discovery:discover_packages(path) check parameters
[1.107s] Level 1:colcon.colcon_core.package_discovery:discover_packages(colcon_meta) discover
[1.107s] Level 1:colcon.colcon_core.package_discovery:discover_packages(recursive) discover
[1.108s] INFO:colcon.colcon_core.package_discovery:Crawling recursively for packages in '/ros2_ws'
[1.108s] Level 1:colcon.colcon_core.package_identification:_identify(.) by extensions ['ignore', 'ignore_ament_install']
[1.108s] Level 1:colcon.colcon_core.package_identification:_identify(.) by extension 'ignore'
[1.108s] Level 1:colcon.colcon_core.package_identification:_identify(.) by extension 'ignore_ament_install'
[1.108s] Level 1:colcon.colcon_core.package_identification:_identify(.) by extensions ['colcon_pkg']
[1.109s] Level 1:colcon.colcon_core.package_identification:_identify(.) by extension 'colcon_pkg'
[1.109s] Level 1:colcon.colcon_core.package_identification:_identify(.) by extensions ['colcon_meta']
[1.109s] Level 1:colcon.colcon_core.package_identification:_identify(.) by extension 'colcon_meta'
[1.109s] Level 1:colcon.colcon_core.package_identification:_identify(.) by extensions ['ros']
[1.109s] Level 1:colcon.colcon_core.package_identification:_identify(.) by extension 'ros'
[1.168s] Level 1:colcon.colcon_core.package_identification:_identify(.) by extensions ['cmake', 'python']
[1.169s] Level 1:colcon.colcon_core.package_identification:_identify(.) by extension 'cmake'
[1.169s] Level 1:colcon.colcon_core.package_identification:_identify(.) by extension 'python'
[1.170s] Level 1:colcon.colcon_core.package_identification:_identify(.) by extensions ['python_setup_py']
[1.170s] Level 1:colcon.colcon_core.package_identification:_identify(.) by extension 'python_setup_py'
[1.171s] Level 1:colcon.colcon_core.package_identification:_identify(build) by extensions ['ignore', 'ignore_ament_install']
[1.172s] Level 1:colcon.colcon_core.package_identification:_identify(build) by extension 'ignore'
[1.172s] Level 1:colcon.colcon_core.package_identification:_identify(build) ignored
[1.173s] Level 1:colcon.colcon_core.package_identification:_identify(install) by extensions ['ignore', 'ignore_ament_install']
[1.174s] Level 1:colcon.colcon_core.package_identification:_identify(install) by extension 'ignore'
[1.174s] Level 1:colcon.colcon_core.package_identification:_identify(install) ignored
[1.174s] Level 1:colcon.colcon_core.package_identification:_identify(log) by extensions ['ignore', 'ignore_ament_install']
[1.175s] Level 1:colcon.colcon_core.package_identification:_identify(log) by extension 'ignore'
[1.175s] Level 1:colcon.colcon_core.package_identification:_identify(log) ignored
[1.176s] Level 1:colcon.colcon_core.package_identification:_identify(src) by extensions ['ignore', 'ignore_ament_install']
[1.176s] Level 1:colcon.colcon_core.package_identification:_identify(src) by extension 'ignore'
[1.176s] Level 1:colcon.colcon_core.package_identification:_identify(src) by extension 'ignore_ament_install'
[1.177s] Level 1:colcon.colcon_core.package_identification:_identify(src) by extensions ['colcon_pkg']
[1.177s] Level 1:colcon.colcon_core.package_identification:_identify(src) by extension 'colcon_pkg'
[1.177s] Level 1:colcon.colcon_core.package_identification:_identify(src) by extensions ['colcon_meta']
[1.177s] Level 1:colcon.colcon_core.package_identification:_identify(src) by extension 'colcon_meta'
[1.177s] Level 1:colcon.colcon_core.package_identification:_identify(src) by extensions ['ros']
[1.177s] Level 1:colcon.colcon_core.package_identification:_identify(src) by extension 'ros'
[1.178s] Level 1:colcon.colcon_core.package_identification:_identify(src) by extensions ['cmake', 'python']
[1.178s] Level 1:colcon.colcon_core.package_identification:_identify(src) by extension 'cmake'
[1.178s] Level 1:colcon.colcon_core.package_identification:_identify(src) by extension 'python'
[1.178s] Level 1:colcon.colcon_core.package_identification:_identify(src) by extensions ['python_setup_py']
[1.178s] Level 1:colcon.colcon_core.package_identification:_identify(src) by extension 'python_setup_py'
[1.179s] Level 1:colcon.colcon_core.package_identification:_identify(src/autodrive_f1tenth) by extensions ['ignore', 'ignore_ament_install']
[1.179s] Level 1:colcon.colcon_core.package_identification:_identify(src/autodrive_f1tenth) by extension 'ignore'
[1.179s] Level 1:colcon.colcon_core.package_identification:_identify(src/autodrive_f1tenth) by extension 'ignore_ament_install'
[1.179s] Level 1:colcon.colcon_core.package_identification:_identify(src/autodrive_f1tenth) by extensions ['colcon_pkg']
[1.180s] Level 1:colcon.colcon_core.package_identification:_identify(src/autodrive_f1tenth) by extension 'colcon_pkg'
[1.180s] Level 1:colcon.colcon_core.package_identification:_identify(src/autodrive_f1tenth) by extensions ['colcon_meta']
[1.180s] Level 1:colcon.colcon_core.package_identification:_identify(src/autodrive_f1tenth) by extension 'colcon_meta'
[1.180s] Level 1:colcon.colcon_core.package_identification:_identify(src/autodrive_f1tenth) by extensions ['ros']
[1.180s] Level 1:colcon.colcon_core.package_identification:_identify(src/autodrive_f1tenth) by extension 'ros'
[1.189s] DEBUG:colcon.colcon_core.package_identification:Package 'src/autodrive_f1tenth' with type 'ros.ament_python' and name 'autodrive_f1tenth'
[1.190s] Level 1:colcon.colcon_core.package_identification:_identify(src/f1tenth_mapping) by extensions ['ignore', 'ignore_ament_install']
[1.190s] Level 1:colcon.colcon_core.package_identification:_identify(src/f1tenth_mapping) by extension 'ignore'
[1.190s] Level 1:colcon.colcon_core.package_identification:_identify(src/f1tenth_mapping) by extension 'ignore_ament_install'
[1.191s] Level 1:colcon.colcon_core.package_identification:_identify(src/f1tenth_mapping) by extensions ['colcon_pkg']
[1.191s] Level 1:colcon.colcon_core.package_identification:_identify(src/f1tenth_mapping) by extension 'colcon_pkg'
[1.191s] Level 1:colcon.colcon_core.package_identification:_identify(src/f1tenth_mapping) by extensions ['colcon_meta']
[1.191s] Level 1:colcon.colcon_core.package_identification:_identify(src/f1tenth_mapping) by extension 'colcon_meta'
[1.191s] Level 1:colcon.colcon_core.package_identification:_identify(src/f1tenth_mapping) by extensions ['ros']
[1.191s] Level 1:colcon.colcon_core.package_identification:_identify(src/f1tenth_mapping) by extension 'ros'
[1.193s] DEBUG:colcon.colcon_core.package_identification:Package 'src/f1tenth_mapping' with type 'ros.ament_cmake' and name 'f1tenth_mapping'
[1.193s] Level 1:colcon.colcon_core.package_discovery:discover_packages(recursive) using defaults
[1.193s] Level 1:colcon.colcon_core.package_discovery:discover_packages(ignore) discover
[1.193s] Level 1:colcon.colcon_core.package_discovery:discover_packages(ignore) using defaults
[1.193s] Level 1:colcon.colcon_core.package_discovery:discover_packages(path) discover
[1.193s] Level 1:colcon.colcon_core.package_discovery:discover_packages(path) using defaults
[1.255s] INFO:colcon.colcon_core.package_selection:Skipping not selected package 'f1tenth_mapping' in 'src/f1tenth_mapping'
[1.256s] Level 5:colcon.colcon_core.verb:set package 'autodrive_f1tenth' build argument 'cmake_args' from command line to 'None'
[1.257s] Level 5:colcon.colcon_core.verb:set package 'autodrive_f1tenth' build argument 'cmake_target' from command line to 'None'
[1.257s] Level 5:colcon.colcon_core.verb:set package 'autodrive_f1tenth' build argument 'cmake_target_skip_unavailable' from command line to 'False'
[1.257s] Level 5:colcon.colcon_core.verb:set package 'autodrive_f1tenth' build argument 'cmake_clean_cache' from command line to 'False'
[1.257s] Level 5:colcon.colcon_core.verb:set package 'autodrive_f1tenth' build argument 'cmake_clean_first' from command line to 'False'
[1.257s] Level 5:colcon.colcon_core.verb:set package 'autodrive_f1tenth' build argument 'cmake_force_configure' from command line to 'False'
[1.257s] Level 5:colcon.colcon_core.verb:set package 'autodrive_f1tenth' build argument 'ament_cmake_args' from command line to 'None'
[1.257s] Level 5:colcon.colcon_core.verb:set package 'autodrive_f1tenth' build argument 'catkin_cmake_args' from command line to 'None'
[1.257s] Level 5:colcon.colcon_core.verb:set package 'autodrive_f1tenth' build argument 'catkin_skip_building_tests' from command line to 'False'
[1.257s] DEBUG:colcon.colcon_core.verb:Building package 'autodrive_f1tenth' with the following arguments: {'ament_cmake_args': None, 'build_base': '/ros2_ws/build/autodrive_f1tenth', 'catkin_cmake_args': None, 'catkin_skip_building_tests': False, 'cmake_args': None, 'cmake_clean_cache': False, 'cmake_clean_first': False, 'cmake_force_configure': False, 'cmake_target': None, 'cmake_target_skip_unavailable': False, 'install_base': '/ros2_ws/install/autodrive_f1tenth', 'merge_install': False, 'path': '/ros2_ws/src/autodrive_f1tenth', 'symlink_install': False, 'test_result_base': None}
[1.259s] INFO:colcon.colcon_core.executor:Executing jobs using 'parallel' executor
[1.274s] DEBUG:colcon.colcon_parallel_executor.executor.parallel:run_until_complete
[1.275s] INFO:colcon.colcon_ros.task.ament_python.build:Building ROS package in '/ros2_ws/src/autodrive_f1tenth' with build type 'ament_python'
[1.276s] Level 1:colcon.colcon_core.shell:create_environment_hook('autodrive_f1tenth', 'ament_prefix_path')
[1.298s] INFO:colcon.colcon_core.plugin_system:Skipping extension 'colcon_core.shell.bat': Not used on non-Windows systems
[1.299s] INFO:colcon.colcon_core.shell:Creating environment hook '/ros2_ws/install/autodrive_f1tenth/share/autodrive_f1tenth/hook/ament_prefix_path.ps1'
[1.301s] INFO:colcon.colcon_core.shell:Creating environment descriptor '/ros2_ws/install/autodrive_f1tenth/share/autodrive_f1tenth/hook/ament_prefix_path.dsv'
[1.302s] INFO:colcon.colcon_core.shell:Creating environment hook '/ros2_ws/install/autodrive_f1tenth/share/autodrive_f1tenth/hook/ament_prefix_path.sh'
[1.309s] INFO:colcon.colcon_core.shell:Skip shell extension 'powershell' for command environment: Not usable outside of PowerShell
[1.309s] DEBUG:colcon.colcon_core.shell:Skip shell extension 'dsv' for command environment
[2.021s] INFO:colcon.colcon_core.task.python.build:Building Python package in '/ros2_ws/src/autodrive_f1tenth'
[2.026s] INFO:colcon.colcon_core.shell:Skip shell extension 'powershell' for command environment: Not usable outside of PowerShell
[2.026s] DEBUG:colcon.colcon_core.shell:Skip shell extension 'dsv' for command environment
[3.335s] DEBUG:colcon.colcon_core.event_handler.log_command:Invoking command in '/ros2_ws/src/autodrive_f1tenth': PYTHONPATH=/ros2_ws/build/autodrive_f1tenth/prefix_override:/ros2_ws/install/autodrive_f1tenth/lib/python3.8/site-packages:${PYTHONPATH} /usr/bin/python3 setup.py egg_info --egg-base ../../build/autodrive_f1tenth build --build-base /ros2_ws/build/autodrive_f1tenth/build install --record /ros2_ws/build/autodrive_f1tenth/install.log --install-scripts $base/lib/autodrive_f1tenth --single-version-externally-managed
[4.231s] DEBUG:colcon.colcon_core.event_handler.log_command:Invoked command in '/ros2_ws/src/autodrive_f1tenth' returned '0': PYTHONPATH=/ros2_ws/build/autodrive_f1tenth/prefix_override:/ros2_ws/install/autodrive_f1tenth/lib/python3.8/site-packages:${PYTHONPATH} /usr/bin/python3 setup.py egg_info --egg-base ../../build/autodrive_f1tenth build --build-base /ros2_ws/build/autodrive_f1tenth/build install --record /ros2_ws/build/autodrive_f1tenth/install.log --install-scripts $base/lib/autodrive_f1tenth --single-version-externally-managed
[4.257s] Level 1:colcon.colcon_core.environment:checking '/ros2_ws/install/autodrive_f1tenth' for CMake module files
[4.259s] Level 1:colcon.colcon_core.environment:checking '/ros2_ws/install/autodrive_f1tenth' for CMake config files
[4.262s] Level 1:colcon.colcon_core.environment:checking '/ros2_ws/install/autodrive_f1tenth/lib'
[4.262s] Level 1:colcon.colcon_core.environment:checking '/ros2_ws/install/autodrive_f1tenth/bin'
[4.262s] Level 1:colcon.colcon_core.environment:checking '/ros2_ws/install/autodrive_f1tenth/lib/pkgconfig/autodrive_f1tenth.pc'
[4.263s] Level 1:colcon.colcon_core.environment:checking '/ros2_ws/install/autodrive_f1tenth/lib/python3.8/site-packages'
[4.263s] Level 1:colcon.colcon_core.shell:create_environment_hook('autodrive_f1tenth', 'pythonpath')
[4.267s] INFO:colcon.colcon_core.shell:Creating environment hook '/ros2_ws/install/autodrive_f1tenth/share/autodrive_f1tenth/hook/pythonpath.ps1'
[4.268s] INFO:colcon.colcon_core.shell:Creating environment descriptor '/ros2_ws/install/autodrive_f1tenth/share/autodrive_f1tenth/hook/pythonpath.dsv'
[4.269s] INFO:colcon.colcon_core.shell:Creating environment hook '/ros2_ws/install/autodrive_f1tenth/share/autodrive_f1tenth/hook/pythonpath.sh'
[4.270s] Level 1:colcon.colcon_core.environment:checking '/ros2_ws/install/autodrive_f1tenth/bin'
[4.271s] Level 1:colcon.colcon_core.environment:create_environment_scripts_only(autodrive_f1tenth)
[4.274s] INFO:colcon.colcon_core.shell:Creating package script '/ros2_ws/install/autodrive_f1tenth/share/autodrive_f1tenth/package.ps1'
[4.277s] INFO:colcon.colcon_core.shell:Creating package descriptor '/ros2_ws/install/autodrive_f1tenth/share/autodrive_f1tenth/package.dsv'
[4.281s] INFO:colcon.colcon_core.shell:Creating package script '/ros2_ws/install/autodrive_f1tenth/share/autodrive_f1tenth/package.sh'
[4.284s] INFO:colcon.colcon_core.shell:Creating package script '/ros2_ws/install/autodrive_f1tenth/share/autodrive_f1tenth/package.bash'
[4.287s] INFO:colcon.colcon_core.shell:Creating package script '/ros2_ws/install/autodrive_f1tenth/share/autodrive_f1tenth/package.zsh'
[4.289s] Level 1:colcon.colcon_core.environment:create_file_with_runtime_dependencies(/ros2_ws/install/autodrive_f1tenth/share/colcon-core/packages/autodrive_f1tenth)
[4.291s] DEBUG:colcon.colcon_parallel_executor.executor.parallel:closing loop
[4.291s] DEBUG:colcon.colcon_parallel_executor.executor.parallel:loop closed
[4.292s] DEBUG:colcon.colcon_parallel_executor.executor.parallel:run_until_complete finished with '0'
[4.292s] DEBUG:colcon.colcon_core.event_reactor:joining thread
[4.316s] INFO:colcon.colcon_core.plugin_system:Skipping extension 'colcon_notification.desktop_notification.notify_send': Could not find 'notify-send'
[4.317s] INFO:colcon.colcon_core.plugin_system:Skipping extension 'colcon_notification.desktop_notification.terminal_notifier': Not used on non-Darwin systems
[4.317s] INFO:colcon.colcon_core.plugin_system:Skipping extension 'colcon_notification.desktop_notification.win32': Not used on non-Windows systems
[4.317s] INFO:colcon.colcon_notification.desktop_notification:Sending desktop notification using 'notify2'
[4.321s] DEBUG:colcon.colcon_notification.desktop_notification.notify2:Failed to initialize notify2: org.freedesktop.DBus.Error.Spawn.ExecFailed: /usr/bin/dbus-launch terminated abnormally without any error message
[4.322s] DEBUG:colcon.colcon_core.event_reactor:joined thread
[4.332s] INFO:colcon.colcon_core.shell:Creating prefix script '/ros2_ws/install/local_setup.ps1'
[4.335s] INFO:colcon.colcon_core.shell:Creating prefix util module '/ros2_ws/install/_local_setup_util_ps1.py'
[4.339s] INFO:colcon.colcon_core.shell:Creating prefix chain script '/ros2_ws/install/setup.ps1'
[4.343s] INFO:colcon.colcon_core.shell:Creating prefix script '/ros2_ws/install/local_setup.sh'
[4.345s] INFO:colcon.colcon_core.shell:Creating prefix util module '/ros2_ws/install/_local_setup_util_sh.py'
[4.347s] INFO:colcon.colcon_core.shell:Creating prefix chain script '/ros2_ws/install/setup.sh'
[4.352s] INFO:colcon.colcon_core.shell:Creating prefix script '/ros2_ws/install/local_setup.bash'
[4.354s] INFO:colcon.colcon_core.shell:Creating prefix chain script '/ros2_ws/install/setup.bash'
[4.358s] INFO:colcon.colcon_core.shell:Creating prefix script '/ros2_ws/install/local_setup.zsh'
[4.360s] INFO:colcon.colcon_core.shell:Creating prefix chain script '/ros2_ws/install/setup.zsh'
