[0.043s] Invoking command in '/home/bhajneet/sim_racing/ros2_ws/build/pure_pursuit': CMAKE_PREFIX_PATH=${CMAKE_PREFIX_PATH}:/home/bhajneet/sim_racing/ros2_ws/install/particle_filter:/home/bhajneet/sim_racing/ros2_ws/install/autodrive_f1tenth:/opt/ros/foxy /usr/bin/cmake --build /home/bhajneet/sim_racing/ros2_ws/build/pure_pursuit -- -j8 -l8
[0.231s] [ 50%] Built target waypoint_visualizer
[0.258s] [100%] Built target pure_pursuit
[0.283s] Invoked command in '/home/bhajneet/sim_racing/ros2_ws/build/pure_pursuit' returned '0': CMAKE_PREFIX_PATH=${CMAKE_PREFIX_PATH}:/home/bhajneet/sim_racing/ros2_ws/install/particle_filter:/home/bhajneet/sim_racing/ros2_ws/install/autodrive_f1tenth:/opt/ros/foxy /usr/bin/cmake --build /home/bhajneet/sim_racing/ros2_ws/build/pure_pursuit -- -j8 -l8
[0.382s] Invoking command in '/home/bhajneet/sim_racing/ros2_ws/build/pure_pursuit': CMAKE_PREFIX_PATH=${CMAKE_PREFIX_PATH}:/home/bhajneet/sim_racing/ros2_ws/install/particle_filter:/home/bhajneet/sim_racing/ros2_ws/install/autodrive_f1tenth:/opt/ros/foxy /usr/bin/cmake --install /home/bhajneet/sim_racing/ros2_ws/build/pure_pursuit
[0.416s] -- Install configuration: ""
[0.418s] -- Up-to-date: /home/bhajneet/sim_racing/ros2_ws/install/pure_pursuit/lib/pure_pursuit/pure_pursuit
[0.418s] -- Up-to-date: /home/bhajneet/sim_racing/ros2_ws/install/pure_pursuit/lib/pure_pursuit/waypoint_visualizer
[0.419s] -- Up-to-date: /home/bhajneet/sim_racing/ros2_ws/install/pure_pursuit/share/pure_pursuit/launch
[0.421s] -- Up-to-date: /home/bhajneet/sim_racing/ros2_ws/install/pure_pursuit/share/pure_pursuit/launch/pure_pursuit_launch.py
[0.422s] -- Up-to-date: /home/bhajneet/sim_racing/ros2_ws/install/pure_pursuit/share/pure_pursuit/launch/pure_pursuit.rviz
[0.423s] -- Up-to-date: /home/bhajneet/sim_racing/ros2_ws/install/pure_pursuit/share/pure_pursuit/launch/sim_pure_pursuit_launch.py
[0.424s] -- Up-to-date: /home/bhajneet/sim_racing/ros2_ws/install/pure_pursuit/share/pure_pursuit/launch/sim_pure_pursuit.rviz
[0.424s] -- Up-to-date: /home/bhajneet/sim_racing/ros2_ws/install/pure_pursuit/share/pure_pursuit/config
[0.425s] -- Installing: /home/bhajneet/sim_racing/ros2_ws/install/pure_pursuit/share/pure_pursuit/config/sim_config.yaml
[0.425s] -- Up-to-date: /home/bhajneet/sim_racing/ros2_ws/install/pure_pursuit/share/pure_pursuit/config/config.yaml
[0.425s] -- Up-to-date: /home/bhajneet/sim_racing/ros2_ws/install/pure_pursuit/share/ament_index/resource_index/package_run_dependencies/pure_pursuit
[0.425s] -- Up-to-date: /home/bhajneet/sim_racing/ros2_ws/install/pure_pursuit/share/ament_index/resource_index/parent_prefix_path/pure_pursuit
[0.426s] -- Up-to-date: /home/bhajneet/sim_racing/ros2_ws/install/pure_pursuit/share/pure_pursuit/environment/ament_prefix_path.sh
[0.426s] -- Up-to-date: /home/bhajneet/sim_racing/ros2_ws/install/pure_pursuit/share/pure_pursuit/environment/ament_prefix_path.dsv
[0.426s] -- Up-to-date: /home/bhajneet/sim_racing/ros2_ws/install/pure_pursuit/share/pure_pursuit/environment/path.sh
[0.426s] -- Up-to-date: /home/bhajneet/sim_racing/ros2_ws/install/pure_pursuit/share/pure_pursuit/environment/path.dsv
[0.426s] -- Up-to-date: /home/bhajneet/sim_racing/ros2_ws/install/pure_pursuit/share/pure_pursuit/local_setup.bash
[0.426s] -- Up-to-date: /home/bhajneet/sim_racing/ros2_ws/install/pure_pursuit/share/pure_pursuit/local_setup.sh
[0.427s] -- Up-to-date: /home/bhajneet/sim_racing/ros2_ws/install/pure_pursuit/share/pure_pursuit/local_setup.zsh
[0.427s] -- Up-to-date: /home/bhajneet/sim_racing/ros2_ws/install/pure_pursuit/share/pure_pursuit/local_setup.dsv
[0.428s] -- Installing: /home/bhajneet/sim_racing/ros2_ws/install/pure_pursuit/share/pure_pursuit/package.dsv
[0.429s] -- Up-to-date: /home/bhajneet/sim_racing/ros2_ws/install/pure_pursuit/share/ament_index/resource_index/packages/pure_pursuit
[0.430s] -- Up-to-date: /home/bhajneet/sim_racing/ros2_ws/install/pure_pursuit/share/pure_pursuit/cmake/pure_pursuitConfig.cmake
[0.430s] -- Up-to-date: /home/bhajneet/sim_racing/ros2_ws/install/pure_pursuit/share/pure_pursuit/cmake/pure_pursuitConfig-version.cmake
[0.432s] -- Up-to-date: /home/bhajneet/sim_racing/ros2_ws/install/pure_pursuit/share/pure_pursuit/package.xml
[0.433s] Invoked command in '/home/bhajneet/sim_racing/ros2_ws/build/pure_pursuit' returned '0': CMAKE_PREFIX_PATH=${CMAKE_PREFIX_PATH}:/home/bhajneet/sim_racing/ros2_ws/install/particle_filter:/home/bhajneet/sim_racing/ros2_ws/install/autodrive_f1tenth:/opt/ros/foxy /usr/bin/cmake --install /home/bhajneet/sim_racing/ros2_ws/build/pure_pursuit
