[0.035s] Invoking command in '/home/bhajneet/sim_racing/ros2_ws/build/f1tenth_mapping': CMAKE_PREFIX_PATH=${CMAKE_PREFIX_PATH}:/home/bhajneet/sim_racing/ros2_ws/install/particle_filter:/home/bhajneet/sim_racing/ros2_ws/install/autodrive_f1tenth:/opt/ros/foxy /usr/bin/cmake --build /home/bhajneet/sim_racing/ros2_ws/build/f1tenth_mapping -- -j8 -l8
[0.115s] -- Found ament_cmake: 0.9.12 (/opt/ros/foxy/share/ament_cmake/cmake)
[0.181s] -- Using PYTHON_EXECUTABLE: /usr/bin/python3
[0.611s] -- Found rclcpp: 2.4.3 (/opt/ros/foxy/share/rclcpp/cmake)
[0.690s] -- Using all available rosidl_typesupport_c: rosidl_typesupport_fastrtps_c;rosidl_typesupport_introspection_c
[0.701s] -- Found rosidl_adapter: 1.3.1 (/opt/ros/foxy/share/rosidl_adapter/cmake)
[1.130s] -- Using all available rosidl_typesupport_cpp: rosidl_typesupport_fastrtps_cpp;rosidl_typesupport_introspection_cpp
[1.238s] -- Found rmw_implementation_cmake: 1.0.4 (/opt/ros/foxy/share/rmw_implementation_cmake/cmake)
[1.241s] -- Using RMW implementation 'rmw_cyclonedds_cpp' as default
[1.671s] -- Found rclpy: 1.0.13 (/opt/ros/foxy/share/rclpy/cmake)
[1.671s] -- Found nav_msgs: 2.0.5 (/opt/ros/foxy/share/nav_msgs/cmake)
[1.889s] -- Found ament_lint_auto: 0.9.8 (/opt/ros/foxy/share/ament_lint_auto/cmake)
[2.110s] -- Added test 'copyright' to check source files copyright and LICENSE
[2.116s] -- Added test 'flake8' to check Python code syntax and style conventions
[2.117s] -- Added test 'lint_cmake' to check CMake code style
[2.118s] -- Added test 'pep257' to check Python code against some of the style conventions in PEP 257
[2.121s] -- Added test 'xmllint' to check XML markup files
[2.127s] -- Configuring done
[2.136s] -- Generating done
[2.141s] -- Build files have been written to: /home/bhajneet/sim_racing/ros2_ws/build/f1tenth_mapping
[2.189s] Invoked command in '/home/bhajneet/sim_racing/ros2_ws/build/f1tenth_mapping' returned '0': CMAKE_PREFIX_PATH=${CMAKE_PREFIX_PATH}:/home/bhajneet/sim_racing/ros2_ws/install/particle_filter:/home/bhajneet/sim_racing/ros2_ws/install/autodrive_f1tenth:/opt/ros/foxy /usr/bin/cmake --build /home/bhajneet/sim_racing/ros2_ws/build/f1tenth_mapping -- -j8 -l8
[2.257s] Invoking command in '/home/bhajneet/sim_racing/ros2_ws/build/f1tenth_mapping': CMAKE_PREFIX_PATH=${CMAKE_PREFIX_PATH}:/home/bhajneet/sim_racing/ros2_ws/install/particle_filter:/home/bhajneet/sim_racing/ros2_ws/install/autodrive_f1tenth:/opt/ros/foxy /usr/bin/cmake --install /home/bhajneet/sim_racing/ros2_ws/build/f1tenth_mapping
[2.279s] -- Install configuration: ""
[2.281s] -- Up-to-date: /home/bhajneet/sim_racing/ros2_ws/install/f1tenth_mapping/share/f1tenth_mapping//launch
[2.281s] -- Up-to-date: /home/bhajneet/sim_racing/ros2_ws/install/f1tenth_mapping/share/f1tenth_mapping//launch/occupancy_grid.launch.py
[2.283s] -- Up-to-date: /home/bhajneet/sim_racing/ros2_ws/install/f1tenth_mapping/share/f1tenth_mapping//launch/carto.launch.py
[2.283s] -- Up-to-date: /home/bhajneet/sim_racing/ros2_ws/install/f1tenth_mapping/share/f1tenth_mapping//launch/publish_odom.launch.py
[2.284s] -- Up-to-date: /home/bhajneet/sim_racing/ros2_ws/install/f1tenth_mapping/share/f1tenth_mapping//config
[2.285s] -- Up-to-date: /home/bhajneet/sim_racing/ros2_ws/install/f1tenth_mapping/share/f1tenth_mapping//config/custom_nav2_params.yaml
[2.285s] -- Up-to-date: /home/bhajneet/sim_racing/ros2_ws/install/f1tenth_mapping/share/f1tenth_mapping//config/f1tenth_2d.lua
[2.286s] -- Up-to-date: /home/bhajneet/sim_racing/ros2_ws/install/f1tenth_mapping/share/f1tenth_mapping//config/custom_slam_params.yaml
[2.286s] -- Up-to-date: /home/bhajneet/sim_racing/ros2_ws/install/f1tenth_mapping/lib/f1tenth_mapping/publish_odom.py
[2.287s] -- Installing: /home/bhajneet/sim_racing/ros2_ws/install/f1tenth_mapping/lib/f1tenth_mapping/drive.py
[2.288s] -- Up-to-date: /home/bhajneet/sim_racing/ros2_ws/install/f1tenth_mapping/share/ament_index/resource_index/package_run_dependencies/f1tenth_mapping
[2.288s] -- Installing: /home/bhajneet/sim_racing/ros2_ws/install/f1tenth_mapping/share/ament_index/resource_index/parent_prefix_path/f1tenth_mapping
[2.289s] -- Up-to-date: /home/bhajneet/sim_racing/ros2_ws/install/f1tenth_mapping/share/f1tenth_mapping/environment/ament_prefix_path.sh
[2.289s] -- Installing: /home/bhajneet/sim_racing/ros2_ws/install/f1tenth_mapping/share/f1tenth_mapping/environment/ament_prefix_path.dsv
[2.290s] -- Up-to-date: /home/bhajneet/sim_racing/ros2_ws/install/f1tenth_mapping/share/f1tenth_mapping/environment/path.sh
[2.290s] -- Installing: /home/bhajneet/sim_racing/ros2_ws/install/f1tenth_mapping/share/f1tenth_mapping/environment/path.dsv
[2.291s] -- Up-to-date: /home/bhajneet/sim_racing/ros2_ws/install/f1tenth_mapping/share/f1tenth_mapping/local_setup.bash
[2.291s] -- Up-to-date: /home/bhajneet/sim_racing/ros2_ws/install/f1tenth_mapping/share/f1tenth_mapping/local_setup.sh
[2.292s] -- Up-to-date: /home/bhajneet/sim_racing/ros2_ws/install/f1tenth_mapping/share/f1tenth_mapping/local_setup.zsh
[2.292s] -- Installing: /home/bhajneet/sim_racing/ros2_ws/install/f1tenth_mapping/share/f1tenth_mapping/local_setup.dsv
[2.294s] -- Installing: /home/bhajneet/sim_racing/ros2_ws/install/f1tenth_mapping/share/f1tenth_mapping/package.dsv
[2.295s] -- Up-to-date: /home/bhajneet/sim_racing/ros2_ws/install/f1tenth_mapping/share/ament_index/resource_index/packages/f1tenth_mapping
[2.296s] -- Up-to-date: /home/bhajneet/sim_racing/ros2_ws/install/f1tenth_mapping/share/f1tenth_mapping/cmake/f1tenth_mappingConfig.cmake
[2.297s] -- Up-to-date: /home/bhajneet/sim_racing/ros2_ws/install/f1tenth_mapping/share/f1tenth_mapping/cmake/f1tenth_mappingConfig-version.cmake
[2.298s] -- Up-to-date: /home/bhajneet/sim_racing/ros2_ws/install/f1tenth_mapping/share/f1tenth_mapping/package.xml
[2.300s] Invoked command in '/home/bhajneet/sim_racing/ros2_ws/build/f1tenth_mapping' returned '0': CMAKE_PREFIX_PATH=${CMAKE_PREFIX_PATH}:/home/bhajneet/sim_racing/ros2_ws/install/particle_filter:/home/bhajneet/sim_racing/ros2_ws/install/autodrive_f1tenth:/opt/ros/foxy /usr/bin/cmake --install /home/bhajneet/sim_racing/ros2_ws/build/f1tenth_mapping
