[0.073s] Invoking command in '/ros2_ws/build/articubot_one': CMAKE_PREFIX_PATH=${CMAKE_PREFIX_PATH}:/ros2_ws/install/autodrive_f1tenth:/opt/ros/foxy /usr/bin/cmake /ros2_ws/src/articubot_one -DCMAKE_INSTALL_PREFIX=/ros2_ws/install/articubot_one
[0.396s] -- The C compiler identification is GNU 9.4.0
[0.419s] -- The CXX compiler identification is GNU 9.4.0
[0.433s] -- Check for working C compiler: /usr/bin/cc
[0.549s] -- Check for working C compiler: /usr/bin/cc -- works
[0.552s] -- Detecting C compiler ABI info
[0.666s] -- Detecting C compiler ABI info - done
[0.685s] -- Detecting C compile features
[0.686s] -- Detecting C compile features - done
[0.693s] -- Check for working CXX compiler: /usr/bin/c++
[0.830s] -- Check for working CXX compiler: /usr/bin/c++ -- works
[0.832s] -- Detecting CXX compiler ABI info
[0.954s] -- Detecting CXX compiler ABI info - done
[0.972s] -- Detecting CXX compile features
[0.973s] -- Detecting CXX compile features - done
[0.988s] -- Found ament_cmake: 0.9.12 (/opt/ros/foxy/share/ament_cmake/cmake)
[1.042s] -- Found PythonInterp: /usr/bin/python3 (found suitable version "3.8.10", minimum required is "3") 
[1.042s] -- Using PYTHON_EXECUTABLE: /usr/bin/python3
[1.323s] -- Found ament_lint_auto: 0.9.8 (/opt/ros/foxy/share/ament_lint_auto/cmake)
[1.444s] -- Added test 'copyright' to check source files copyright and LICENSE
[1.454s] -- Added test 'flake8' to check Python code syntax and style conventions
[1.455s] -- Added test 'lint_cmake' to check CMake code style
[1.456s] -- Added test 'pep257' to check Python code against some of the style conventions in PEP 257
[1.462s] -- Added test 'xmllint' to check XML markup files
[1.465s] -- Configuring done
[1.468s] -- Generating done
[1.469s] -- Build files have been written to: /ros2_ws/build/articubot_one
[1.474s] Invoked command in '/ros2_ws/build/articubot_one' returned '0': CMAKE_PREFIX_PATH=${CMAKE_PREFIX_PATH}:/ros2_ws/install/autodrive_f1tenth:/opt/ros/foxy /usr/bin/cmake /ros2_ws/src/articubot_one -DCMAKE_INSTALL_PREFIX=/ros2_ws/install/articubot_one
[1.477s] Invoking command in '/ros2_ws/build/articubot_one': CMAKE_PREFIX_PATH=${CMAKE_PREFIX_PATH}:/ros2_ws/install/autodrive_f1tenth:/opt/ros/foxy /usr/bin/cmake --build /ros2_ws/build/articubot_one -- -j8 -l8
[1.538s] Invoked command in '/ros2_ws/build/articubot_one' returned '0': CMAKE_PREFIX_PATH=${CMAKE_PREFIX_PATH}:/ros2_ws/install/autodrive_f1tenth:/opt/ros/foxy /usr/bin/cmake --build /ros2_ws/build/articubot_one -- -j8 -l8
[1.574s] Invoking command in '/ros2_ws/build/articubot_one': CMAKE_PREFIX_PATH=${CMAKE_PREFIX_PATH}:/ros2_ws/install/autodrive_f1tenth:/opt/ros/foxy /usr/bin/cmake --install /ros2_ws/build/articubot_one
[1.585s] -- Install configuration: ""
[1.586s] -- Installing: /ros2_ws/install/articubot_one/share/articubot_one/config
[1.586s] -- Installing: /ros2_ws/install/articubot_one/share/articubot_one/config/gaz_ros2_ctl_use_sim.yaml
[1.586s] -- Installing: /ros2_ws/install/articubot_one/share/articubot_one/config/my_controllers.yaml
[1.586s] -- Installing: /ros2_ws/install/articubot_one/share/articubot_one/config/empty.yaml
[1.586s] -- Installing: /ros2_ws/install/articubot_one/share/articubot_one/config/view_bot.rviz
[1.586s] -- Installing: /ros2_ws/install/articubot_one/share/articubot_one/config/twist_mux.yaml
[1.586s] -- Installing: /ros2_ws/install/articubot_one/share/articubot_one/config/map.rviz
[1.586s] -- Installing: /ros2_ws/install/articubot_one/share/articubot_one/config/drive_bot.rviz
[1.587s] -- Installing: /ros2_ws/install/articubot_one/share/articubot_one/config/mapper_params_online_async.yaml
[1.587s] -- Installing: /ros2_ws/install/articubot_one/share/articubot_one/config/ball_tracker_params_robot.yaml
[1.587s] -- Installing: /ros2_ws/install/articubot_one/share/articubot_one/config/joystick.yaml
[1.587s] -- Installing: /ros2_ws/install/articubot_one/share/articubot_one/config/ball_tracker_params_sim.yaml
[1.587s] -- Installing: /ros2_ws/install/articubot_one/share/articubot_one/config/nav2_params.yaml
[1.587s] -- Installing: /ros2_ws/install/articubot_one/share/articubot_one/config/main.rviz
[1.587s] -- Installing: /ros2_ws/install/articubot_one/share/articubot_one/config/gazebo_params.yaml
[1.588s] -- Installing: /ros2_ws/install/articubot_one/share/articubot_one/description
[1.588s] -- Installing: /ros2_ws/install/articubot_one/share/articubot_one/description/lidar.xacro
[1.588s] -- Installing: /ros2_ws/install/articubot_one/share/articubot_one/description/face.xacro
[1.588s] -- Installing: /ros2_ws/install/articubot_one/share/articubot_one/description/camera.xacro
[1.588s] -- Installing: /ros2_ws/install/articubot_one/share/articubot_one/description/robot_core.xacro
[1.588s] -- Installing: /ros2_ws/install/articubot_one/share/articubot_one/description/ros2_control.xacro
[1.588s] -- Installing: /ros2_ws/install/articubot_one/share/articubot_one/description/inertial_macros.xacro
[1.589s] -- Installing: /ros2_ws/install/articubot_one/share/articubot_one/description/gazebo_control.xacro
[1.589s] -- Installing: /ros2_ws/install/articubot_one/share/articubot_one/description/depth_camera.xacro
[1.589s] -- Installing: /ros2_ws/install/articubot_one/share/articubot_one/description/robot.urdf.xacro
[1.589s] -- Installing: /ros2_ws/install/articubot_one/share/articubot_one/launch
[1.589s] -- Installing: /ros2_ws/install/articubot_one/share/articubot_one/launch/ball_tracker.launch.py
[1.589s] -- Installing: /ros2_ws/install/articubot_one/share/articubot_one/launch/localization_launch.py
[1.589s] -- Installing: /ros2_ws/install/articubot_one/share/articubot_one/launch/camera.launch.py
[1.589s] -- Installing: /ros2_ws/install/articubot_one/share/articubot_one/launch/rsp.launch.py
[1.590s] -- Installing: /ros2_ws/install/articubot_one/share/articubot_one/launch/launch_robot.launch.py
[1.590s] -- Installing: /ros2_ws/install/articubot_one/share/articubot_one/launch/rplidar.launch.py
[1.590s] -- Installing: /ros2_ws/install/articubot_one/share/articubot_one/launch/online_async_launch.py
[1.590s] -- Installing: /ros2_ws/install/articubot_one/share/articubot_one/launch/launch_sim.launch.py
[1.590s] -- Installing: /ros2_ws/install/articubot_one/share/articubot_one/launch/navigation_launch.py
[1.590s] -- Installing: /ros2_ws/install/articubot_one/share/articubot_one/launch/joystick.launch.py
[1.590s] -- Installing: /ros2_ws/install/articubot_one/share/articubot_one/worlds
[1.590s] -- Installing: /ros2_ws/install/articubot_one/share/articubot_one/worlds/obstacles.world
[1.591s] -- Installing: /ros2_ws/install/articubot_one/share/articubot_one/worlds/empty.world
[1.591s] -- Installing: /ros2_ws/install/articubot_one/share/ament_index/resource_index/package_run_dependencies/articubot_one
[1.591s] -- Installing: /ros2_ws/install/articubot_one/share/ament_index/resource_index/parent_prefix_path/articubot_one
[1.591s] -- Installing: /ros2_ws/install/articubot_one/share/articubot_one/environment/ament_prefix_path.sh
[1.591s] -- Installing: /ros2_ws/install/articubot_one/share/articubot_one/environment/ament_prefix_path.dsv
[1.591s] -- Installing: /ros2_ws/install/articubot_one/share/articubot_one/environment/path.sh
[1.591s] -- Installing: /ros2_ws/install/articubot_one/share/articubot_one/environment/path.dsv
[1.591s] -- Installing: /ros2_ws/install/articubot_one/share/articubot_one/local_setup.bash
[1.592s] -- Installing: /ros2_ws/install/articubot_one/share/articubot_one/local_setup.sh
[1.592s] -- Installing: /ros2_ws/install/articubot_one/share/articubot_one/local_setup.zsh
[1.592s] -- Installing: /ros2_ws/install/articubot_one/share/articubot_one/local_setup.dsv
[1.592s] -- Installing: /ros2_ws/install/articubot_one/share/articubot_one/package.dsv
[1.592s] -- Installing: /ros2_ws/install/articubot_one/share/ament_index/resource_index/packages/articubot_one
[1.592s] -- Installing: /ros2_ws/install/articubot_one/share/articubot_one/cmake/articubot_oneConfig.cmake
[1.592s] -- Installing: /ros2_ws/install/articubot_one/share/articubot_one/cmake/articubot_oneConfig-version.cmake
[1.593s] -- Installing: /ros2_ws/install/articubot_one/share/articubot_one/package.xml
[1.597s] Invoked command in '/ros2_ws/build/articubot_one' returned '0': CMAKE_PREFIX_PATH=${CMAKE_PREFIX_PATH}:/ros2_ws/install/autodrive_f1tenth:/opt/ros/foxy /usr/bin/cmake --install /ros2_ws/build/articubot_one
