[0.805s] Invoking command in '/home/bhajneet/sim_racing/ros2_ws/src/autodrive_f1tenth': PYTHONPATH=/home/bhajneet/sim_racing/ros2_ws/build/autodrive_f1tenth/prefix_override:/home/bhajneet/sim_racing/ros2_ws/install/autodrive_f1tenth/lib/python3.8/site-packages:${PYTHONPATH} /usr/bin/python3 setup.py egg_info --egg-base ../../build/autodrive_f1tenth build --build-base /home/bhajneet/sim_racing/ros2_ws/build/autodrive_f1tenth/build install --record /home/bhajneet/sim_racing/ros2_ws/build/autodrive_f1tenth/install.log --install-scripts $base/lib/autodrive_f1tenth --single-version-externally-managed
[1.064s] running egg_info
[1.065s] writing ../../build/autodrive_f1tenth/autodrive_f1tenth.egg-info/PKG-INFO
[1.065s] writing dependency_links to ../../build/autodrive_f1tenth/autodrive_f1tenth.egg-info/dependency_links.txt
[1.065s] writing entry points to ../../build/autodrive_f1tenth/autodrive_f1tenth.egg-info/entry_points.txt
[1.066s] writing requirements to ../../build/autodrive_f1tenth/autodrive_f1tenth.egg-info/requires.txt
[1.066s] writing top-level names to ../../build/autodrive_f1tenth/autodrive_f1tenth.egg-info/top_level.txt
[1.103s] reading manifest file '../../build/autodrive_f1tenth/autodrive_f1tenth.egg-info/SOURCES.txt'
[1.104s] writing manifest file '../../build/autodrive_f1tenth/autodrive_f1tenth.egg-info/SOURCES.txt'
[1.104s] running build
[1.104s] running build_py
[1.105s] running install
[1.106s] running install_lib
[1.107s] running install_data
[1.108s] running install_egg_info
[1.110s] removing '/home/bhajneet/sim_racing/ros2_ws/install/autodrive_f1tenth/lib/python3.8/site-packages/autodrive_f1tenth-0.1.0-py3.8.egg-info' (and everything under it)
[1.111s] Copying ../../build/autodrive_f1tenth/autodrive_f1tenth.egg-info to /home/bhajneet/sim_racing/ros2_ws/install/autodrive_f1tenth/lib/python3.8/site-packages/autodrive_f1tenth-0.1.0-py3.8.egg-info
[1.112s] running install_scripts
[1.145s] Installing autodrive_bridge_1 script to /home/bhajneet/sim_racing/ros2_ws/install/autodrive_f1tenth/lib/autodrive_f1tenth
[1.145s] Installing teleop_keyboard script to /home/bhajneet/sim_racing/ros2_ws/install/autodrive_f1tenth/lib/autodrive_f1tenth
[1.145s] writing list of installed files to '/home/bhajneet/sim_racing/ros2_ws/build/autodrive_f1tenth/install.log'
[1.168s] Invoked command in '/home/bhajneet/sim_racing/ros2_ws/src/autodrive_f1tenth' returned '0': PYTHONPATH=/home/bhajneet/sim_racing/ros2_ws/build/autodrive_f1tenth/prefix_override:/home/bhajneet/sim_racing/ros2_ws/install/autodrive_f1tenth/lib/python3.8/site-packages:${PYTHONPATH} /usr/bin/python3 setup.py egg_info --egg-base ../../build/autodrive_f1tenth build --build-base /home/bhajneet/sim_racing/ros2_ws/build/autodrive_f1tenth/build install --record /home/bhajneet/sim_racing/ros2_ws/build/autodrive_f1tenth/install.log --install-scripts $base/lib/autodrive_f1tenth --single-version-externally-managed
