[0.638s] Invoking command in '/ros2_ws/build/f1tenth_mapping': CMAKE_PREFIX_PATH=${CMAKE_PREFIX_PATH}:/ros2_ws/src/install/autodrive_f1tenth:/ros2_ws/install/autodrive_f1tenth:/opt/ros/foxy /usr/bin/cmake /ros2_ws/src/f1tenth_mapping -DCMAKE_INSTALL_PREFIX=/ros2_ws/install/f1tenth_mapping
[0.780s] -- The C compiler identification is GNU 9.4.0
[0.907s] -- The CXX compiler identification is GNU 9.4.0
[0.917s] -- Check for working C compiler: /usr/bin/cc
[1.081s] -- Check for working C compiler: /usr/bin/cc -- works
[1.083s] -- Detecting C compiler ABI info
[1.255s] -- Detecting C compiler ABI info - done
[1.280s] -- Detecting C compile features
[1.281s] -- Detecting C compile features - done
[1.287s] -- Check for working CXX compiler: /usr/bin/c++
[1.475s] -- Check for working CXX compiler: /usr/bin/c++ -- works
[1.476s] -- Detecting CXX compiler ABI info
[1.671s] -- Detecting CXX compiler ABI info - done
[1.700s] -- Detecting CXX compile features
[1.700s] -- Detecting CXX compile features - done
[1.709s] -- Found ament_cmake: 0.9.12 (/opt/ros/foxy/share/ament_cmake/cmake)
[1.775s] -- Found PythonInterp: /usr/bin/python3 (found suitable version "3.8.10", minimum required is "3") 
[1.775s] -- Using PYTHON_EXECUTABLE: /usr/bin/python3
[2.292s] -- Found ament_lint_auto: 0.9.8 (/opt/ros/foxy/share/ament_lint_auto/cmake)
[2.509s] -- Added test 'copyright' to check source files copyright and LICENSE
[2.513s] -- Added test 'flake8' to check Python code syntax and style conventions
[2.514s] -- Added test 'lint_cmake' to check CMake code style
[2.516s] -- Added test 'pep257' to check Python code against some of the style conventions in PEP 257
[2.518s] -- Added test 'xmllint' to check XML markup files
[2.524s] -- Configuring done
[2.530s] -- Generating done
[2.532s] -- Build files have been written to: /ros2_ws/build/f1tenth_mapping
[2.547s] Invoked command in '/ros2_ws/build/f1tenth_mapping' returned '0': CMAKE_PREFIX_PATH=${CMAKE_PREFIX_PATH}:/ros2_ws/src/install/autodrive_f1tenth:/ros2_ws/install/autodrive_f1tenth:/opt/ros/foxy /usr/bin/cmake /ros2_ws/src/f1tenth_mapping -DCMAKE_INSTALL_PREFIX=/ros2_ws/install/f1tenth_mapping
[2.552s] Invoking command in '/ros2_ws/build/f1tenth_mapping': CMAKE_PREFIX_PATH=${CMAKE_PREFIX_PATH}:/ros2_ws/src/install/autodrive_f1tenth:/ros2_ws/install/autodrive_f1tenth:/opt/ros/foxy /usr/bin/cmake --build /ros2_ws/build/f1tenth_mapping -- -j8 -l8
[2.652s] Invoked command in '/ros2_ws/build/f1tenth_mapping' returned '0': CMAKE_PREFIX_PATH=${CMAKE_PREFIX_PATH}:/ros2_ws/src/install/autodrive_f1tenth:/ros2_ws/install/autodrive_f1tenth:/opt/ros/foxy /usr/bin/cmake --build /ros2_ws/build/f1tenth_mapping -- -j8 -l8
[2.733s] Invoking command in '/ros2_ws/build/f1tenth_mapping': CMAKE_PREFIX_PATH=${CMAKE_PREFIX_PATH}:/ros2_ws/src/install/autodrive_f1tenth:/ros2_ws/install/autodrive_f1tenth:/opt/ros/foxy /usr/bin/cmake --install /ros2_ws/build/f1tenth_mapping
[2.759s] -- Install configuration: ""
[2.760s] -- Installing: /ros2_ws/install/f1tenth_mapping/share/ament_index/resource_index/package_run_dependencies/f1tenth_mapping
[2.761s] -- Installing: /ros2_ws/install/f1tenth_mapping/share/ament_index/resource_index/parent_prefix_path/f1tenth_mapping
[2.761s] -- Installing: /ros2_ws/install/f1tenth_mapping/share/f1tenth_mapping/environment/ament_prefix_path.sh
[2.763s] -- Installing: /ros2_ws/install/f1tenth_mapping/share/f1tenth_mapping/environment/ament_prefix_path.dsv
[2.764s] -- Installing: /ros2_ws/install/f1tenth_mapping/share/f1tenth_mapping/environment/path.sh
[2.765s] -- Installing: /ros2_ws/install/f1tenth_mapping/share/f1tenth_mapping/environment/path.dsv
[2.765s] -- Installing: /ros2_ws/install/f1tenth_mapping/share/f1tenth_mapping/local_setup.bash
[2.766s] -- Installing: /ros2_ws/install/f1tenth_mapping/share/f1tenth_mapping/local_setup.sh
[2.766s] -- Installing: /ros2_ws/install/f1tenth_mapping/share/f1tenth_mapping/local_setup.zsh
[2.766s] -- Installing: /ros2_ws/install/f1tenth_mapping/share/f1tenth_mapping/local_setup.dsv
[2.767s] -- Installing: /ros2_ws/install/f1tenth_mapping/share/f1tenth_mapping/package.dsv
[2.767s] -- Installing: /ros2_ws/install/f1tenth_mapping/share/ament_index/resource_index/packages/f1tenth_mapping
[2.767s] -- Installing: /ros2_ws/install/f1tenth_mapping/share/f1tenth_mapping/cmake/f1tenth_mappingConfig.cmake
[2.768s] -- Installing: /ros2_ws/install/f1tenth_mapping/share/f1tenth_mapping/cmake/f1tenth_mappingConfig-version.cmake
[2.768s] -- Installing: /ros2_ws/install/f1tenth_mapping/share/f1tenth_mapping/package.xml
[2.782s] Invoked command in '/ros2_ws/build/f1tenth_mapping' returned '0': CMAKE_PREFIX_PATH=${CMAKE_PREFIX_PATH}:/ros2_ws/src/install/autodrive_f1tenth:/ros2_ws/install/autodrive_f1tenth:/opt/ros/foxy /usr/bin/cmake --install /ros2_ws/build/f1tenth_mapping
