[0.335s] Invoking command in '/ros2_ws/build/f1tenth_mapping': CMAKE_PREFIX_PATH=${CMAKE_PREFIX_PATH}:/ros2_ws/install/autodrive_f1tenth:/opt/ros/foxy /usr/bin/cmake /ros2_ws/src/f1tenth_mapping -DCMAKE_INSTALL_PREFIX=/ros2_ws/install/f1tenth_mapping
[0.420s] -- The C compiler identification is GNU 9.4.0
[0.494s] -- The CXX compiler identification is GNU 9.4.0
[0.504s] -- Check for working C compiler: /usr/bin/cc
[0.620s] -- Check for working C compiler: /usr/bin/cc -- works
[0.621s] -- Detecting C compiler ABI info
[0.723s] -- Detecting C compiler ABI info - done
[0.740s] -- Detecting C compile features
[0.740s] -- Detecting C compile features - done
[0.744s] -- Check for working CXX compiler: /usr/bin/c++
[0.871s] -- Check for working CXX compiler: /usr/bin/c++ -- works
[0.873s] -- Detecting CXX compiler ABI info
[1.000s] -- Detecting CXX compiler ABI info - done
[1.023s] -- Detecting CXX compile features
[1.024s] -- Detecting CXX compile features - done
[1.030s] -- Found ament_cmake: 0.9.12 (/opt/ros/foxy/share/ament_cmake/cmake)
[1.075s] -- Found PythonInterp: /usr/bin/python3 (found suitable version "3.8.10", minimum required is "3") 
[1.075s] -- Using PYTHON_EXECUTABLE: /usr/bin/python3
[1.359s] -- Found rclcpp: 2.4.3 (/opt/ros/foxy/share/rclcpp/cmake)
[1.457s] -- Using all available rosidl_typesupport_c: rosidl_typesupport_fastrtps_c;rosidl_typesupport_introspection_c
[1.469s] -- Found rosidl_adapter: 1.3.1 (/opt/ros/foxy/share/rosidl_adapter/cmake)
[1.629s] -- Found OpenSSL: /usr/lib/x86_64-linux-gnu/libcrypto.so (found version "1.1.1f")  
[1.668s] -- Found FastRTPS: /opt/ros/foxy/include  
[1.789s] -- Using all available rosidl_typesupport_cpp: rosidl_typesupport_fastrtps_cpp;rosidl_typesupport_introspection_cpp
[1.872s] -- Found rmw_implementation_cmake: 1.0.4 (/opt/ros/foxy/share/rmw_implementation_cmake/cmake)
[1.875s] -- Using RMW implementation 'rmw_fastrtps_cpp' as default
[1.876s] -- Looking for pthread.h
[1.988s] -- Looking for pthread.h - found
[1.989s] -- Performing Test CMAKE_HAVE_LIBC_PTHREAD
[2.102s] -- Performing Test CMAKE_HAVE_LIBC_PTHREAD - Failed
[2.102s] -- Looking for pthread_create in pthreads
[2.196s] -- Looking for pthread_create in pthreads - not found
[2.197s] -- Looking for pthread_create in pthread
[2.302s] -- Looking for pthread_create in pthread - found
[2.304s] -- Found Threads: TRUE  
[2.522s] -- Found rclpy: 1.0.13 (/opt/ros/foxy/share/rclpy/cmake)
[2.526s] -- Found nav_msgs: 2.0.5 (/opt/ros/foxy/share/nav_msgs/cmake)
[2.684s] -- Found ament_lint_auto: 0.9.8 (/opt/ros/foxy/share/ament_lint_auto/cmake)
[2.784s] -- Added test 'copyright' to check source files copyright and LICENSE
[2.788s] -- Added test 'flake8' to check Python code syntax and style conventions
[2.789s] -- Added test 'lint_cmake' to check CMake code style
[2.790s] -- Added test 'pep257' to check Python code against some of the style conventions in PEP 257
[2.792s] -- Added test 'xmllint' to check XML markup files
[2.798s] -- Configuring done
[2.803s] -- Generating done
[2.807s] -- Build files have been written to: /ros2_ws/build/f1tenth_mapping
[2.823s] Invoked command in '/ros2_ws/build/f1tenth_mapping' returned '0': CMAKE_PREFIX_PATH=${CMAKE_PREFIX_PATH}:/ros2_ws/install/autodrive_f1tenth:/opt/ros/foxy /usr/bin/cmake /ros2_ws/src/f1tenth_mapping -DCMAKE_INSTALL_PREFIX=/ros2_ws/install/f1tenth_mapping
[2.828s] Invoking command in '/ros2_ws/build/f1tenth_mapping': CMAKE_PREFIX_PATH=${CMAKE_PREFIX_PATH}:/ros2_ws/install/autodrive_f1tenth:/opt/ros/foxy /usr/bin/cmake --build /ros2_ws/build/f1tenth_mapping -- -j8 -l8
[2.890s] Invoked command in '/ros2_ws/build/f1tenth_mapping' returned '0': CMAKE_PREFIX_PATH=${CMAKE_PREFIX_PATH}:/ros2_ws/install/autodrive_f1tenth:/opt/ros/foxy /usr/bin/cmake --build /ros2_ws/build/f1tenth_mapping -- -j8 -l8
[2.947s] Invoking command in '/ros2_ws/build/f1tenth_mapping': CMAKE_PREFIX_PATH=${CMAKE_PREFIX_PATH}:/ros2_ws/install/autodrive_f1tenth:/opt/ros/foxy /usr/bin/cmake --install /ros2_ws/build/f1tenth_mapping
[2.959s] -- Install configuration: ""
[2.960s] -- Installing: /ros2_ws/install/f1tenth_mapping/share/f1tenth_mapping//launch
[2.960s] -- Installing: /ros2_ws/install/f1tenth_mapping/share/f1tenth_mapping//launch/occupancy_grid.launch.py
[2.960s] -- Installing: /ros2_ws/install/f1tenth_mapping/share/f1tenth_mapping//launch/carto.launch.py
[2.960s] -- Installing: /ros2_ws/install/f1tenth_mapping/share/f1tenth_mapping//launch/publish_odom.launch.py
[2.960s] -- Installing: /ros2_ws/install/f1tenth_mapping/share/f1tenth_mapping//config
[2.961s] -- Installing: /ros2_ws/install/f1tenth_mapping/share/f1tenth_mapping//config/custom_nav2_params.yaml
[2.965s] -- Installing: /ros2_ws/install/f1tenth_mapping/share/f1tenth_mapping//config/f1tenth_2d.lua
[2.965s] -- Installing: /ros2_ws/install/f1tenth_mapping/share/f1tenth_mapping//config/custom_slam_params.yaml
[2.966s] -- Installing: /ros2_ws/install/f1tenth_mapping/lib/f1tenth_mapping/publish_odom.py
[2.966s] -- Installing: /ros2_ws/install/f1tenth_mapping/share/ament_index/resource_index/package_run_dependencies/f1tenth_mapping
[2.967s] -- Installing: /ros2_ws/install/f1tenth_mapping/share/ament_index/resource_index/parent_prefix_path/f1tenth_mapping
[2.967s] -- Installing: /ros2_ws/install/f1tenth_mapping/share/f1tenth_mapping/environment/ament_prefix_path.sh
[2.968s] -- Installing: /ros2_ws/install/f1tenth_mapping/share/f1tenth_mapping/environment/ament_prefix_path.dsv
[2.968s] -- Installing: /ros2_ws/install/f1tenth_mapping/share/f1tenth_mapping/environment/path.sh
[2.968s] -- Installing: /ros2_ws/install/f1tenth_mapping/share/f1tenth_mapping/environment/path.dsv
[2.969s] -- Installing: /ros2_ws/install/f1tenth_mapping/share/f1tenth_mapping/local_setup.bash
[2.969s] -- Installing: /ros2_ws/install/f1tenth_mapping/share/f1tenth_mapping/local_setup.sh
[2.969s] -- Installing: /ros2_ws/install/f1tenth_mapping/share/f1tenth_mapping/local_setup.zsh
[2.969s] -- Installing: /ros2_ws/install/f1tenth_mapping/share/f1tenth_mapping/local_setup.dsv
[2.969s] -- Installing: /ros2_ws/install/f1tenth_mapping/share/f1tenth_mapping/package.dsv
[2.970s] -- Installing: /ros2_ws/install/f1tenth_mapping/share/ament_index/resource_index/packages/f1tenth_mapping
[2.970s] -- Installing: /ros2_ws/install/f1tenth_mapping/share/f1tenth_mapping/cmake/f1tenth_mappingConfig.cmake
[2.971s] -- Installing: /ros2_ws/install/f1tenth_mapping/share/f1tenth_mapping/cmake/f1tenth_mappingConfig-version.cmake
[2.971s] -- Installing: /ros2_ws/install/f1tenth_mapping/share/f1tenth_mapping/package.xml
[2.979s] Invoked command in '/ros2_ws/build/f1tenth_mapping' returned '0': CMAKE_PREFIX_PATH=${CMAKE_PREFIX_PATH}:/ros2_ws/install/autodrive_f1tenth:/opt/ros/foxy /usr/bin/cmake --install /ros2_ws/build/f1tenth_mapping
