[1.928s] Invoking command in '/ros2_ws/build/autodrive_f1tenth': PYTHONPATH=/ros2_ws/build/autodrive_f1tenth/prefix_override:/ros2_ws/install/autodrive_f1tenth/lib/python3.8/site-packages:${PYTHONPATH} /usr/bin/python3 setup.py develop --editable --build-directory /ros2_ws/build/autodrive_f1tenth/build --no-deps install_data
[2.552s] running develop
[2.864s] running egg_info
[2.864s] writing autodrive_f1tenth.egg-info/PKG-INFO
[2.865s] writing dependency_links to autodrive_f1tenth.egg-info/dependency_links.txt
[2.865s] writing entry points to autodrive_f1tenth.egg-info/entry_points.txt
[2.865s] writing requirements to autodrive_f1tenth.egg-info/requires.txt
[2.866s] writing top-level names to autodrive_f1tenth.egg-info/top_level.txt
[2.957s] reading manifest file 'autodrive_f1tenth.egg-info/SOURCES.txt'
[2.959s] writing manifest file 'autodrive_f1tenth.egg-info/SOURCES.txt'
[3.064s] running build_ext
[3.069s] Creating /ros2_ws/install/autodrive_f1tenth/lib/python3.8/site-packages/autodrive-f1tenth.egg-link (link to .)
[3.071s] Installing autodrive_bridge script to /ros2_ws/install/autodrive_f1tenth/lib/autodrive_f1tenth
[3.071s] Installing publish_odom script to /ros2_ws/install/autodrive_f1tenth/lib/autodrive_f1tenth
[3.072s] Installing teleop_keyboard script to /ros2_ws/install/autodrive_f1tenth/lib/autodrive_f1tenth
[3.072s] 
[3.073s] Installed /ros2_ws/build/autodrive_f1tenth
[3.073s] running install_data
[3.073s] copying launch/simulator_bringup_rviz.launch.py -> /ros2_ws/install/autodrive_f1tenth/share/autodrive_f1tenth/launch
[3.149s] Invoked command in '/ros2_ws/build/autodrive_f1tenth' returned '0': PYTHONPATH=/ros2_ws/build/autodrive_f1tenth/prefix_override:/ros2_ws/install/autodrive_f1tenth/lib/python3.8/site-packages:${PYTHONPATH} /usr/bin/python3 setup.py develop --editable --build-directory /ros2_ws/build/autodrive_f1tenth/build --no-deps install_data
