[0.807s] DEBUG:colcon:Command line arguments: ['/usr/bin/colcon', 'build', '--packages-select', 'particle_filter']
[0.807s] DEBUG:colcon:Parsed command line arguments: Namespace(ament_cmake_args=None, base_paths=['.'], build_base='build', catkin_cmake_args=None, catkin_skip_building_tests=False, cmake_args=None, cmake_clean_cache=False, cmake_clean_first=False, cmake_force_configure=False, cmake_target=None, cmake_target_skip_unavailable=False, continue_on_error=False, event_handlers=None, executor='parallel', ignore_user_meta=False, install_base='install', log_base=None, log_level=None, main=<bound method BuildVerb.main of <colcon_core.verb.build.BuildVerb object at 0x76cd612ab580>>, merge_install=False, metas=['./colcon.meta'], mixin=None, mixin_files=None, mixin_verb=('build',), packages_above=None, packages_above_and_dependencies=None, packages_above_depth=None, packages_end=None, packages_ignore=None, packages_ignore_regex=None, packages_select=['particle_filter'], packages_select_build_failed=False, packages_select_by_dep=None, packages_select_regex=None, packages_select_test_failures=False, packages_skip=None, packages_skip_build_finished=False, packages_skip_by_dep=None, packages_skip_regex=None, packages_skip_test_passed=False, packages_skip_up_to=None, packages_start=None, packages_up_to=None, packages_up_to_regex=None, parallel_workers=8, paths=None, symlink_install=False, test_result_base=None, verb_extension=<colcon_core.verb.build.BuildVerb object at 0x76cd612ab580>, verb_name='build', verb_parser=<colcon_mixin.mixin.mixin_argument.MixinArgumentDecorator object at 0x76cd612abbe0>)
[0.917s] Level 1:colcon.colcon_core.package_discovery:discover_packages(colcon_meta) check parameters
[0.917s] Level 1:colcon.colcon_core.package_discovery:discover_packages(recursive) check parameters
[0.917s] Level 1:colcon.colcon_core.package_discovery:discover_packages(ignore) check parameters
[0.918s] Level 1:colcon.colcon_core.package_discovery:discover_packages(path) check parameters
[0.918s] Level 1:colcon.colcon_core.package_discovery:discover_packages(colcon_meta) discover
[0.918s] Level 1:colcon.colcon_core.package_discovery:discover_packages(recursive) discover
[0.918s] INFO:colcon.colcon_core.package_discovery:Crawling recursively for packages in '/home/bhajneet/sim_racing/ros2_ws'
[0.919s] Level 1:colcon.colcon_core.package_identification:_identify(.) by extensions ['ignore', 'ignore_ament_install']
[0.919s] Level 1:colcon.colcon_core.package_identification:_identify(.) by extension 'ignore'
[0.919s] Level 1:colcon.colcon_core.package_identification:_identify(.) by extension 'ignore_ament_install'
[0.919s] Level 1:colcon.colcon_core.package_identification:_identify(.) by extensions ['colcon_pkg']
[0.920s] Level 1:colcon.colcon_core.package_identification:_identify(.) by extension 'colcon_pkg'
[0.920s] Level 1:colcon.colcon_core.package_identification:_identify(.) by extensions ['colcon_meta']
[0.920s] Level 1:colcon.colcon_core.package_identification:_identify(.) by extension 'colcon_meta'
[0.920s] Level 1:colcon.colcon_core.package_identification:_identify(.) by extensions ['ros']
[0.920s] Level 1:colcon.colcon_core.package_identification:_identify(.) by extension 'ros'
[0.990s] Level 1:colcon.colcon_core.package_identification:_identify(.) by extensions ['cmake', 'python']
[0.990s] Level 1:colcon.colcon_core.package_identification:_identify(.) by extension 'cmake'
[0.991s] Level 1:colcon.colcon_core.package_identification:_identify(.) by extension 'python'
[0.991s] Level 1:colcon.colcon_core.package_identification:_identify(.) by extensions ['python_setup_py']
[0.991s] Level 1:colcon.colcon_core.package_identification:_identify(.) by extension 'python_setup_py'
[0.991s] Level 1:colcon.colcon_core.package_identification:_identify(build) by extensions ['ignore', 'ignore_ament_install']
[0.991s] Level 1:colcon.colcon_core.package_identification:_identify(build) by extension 'ignore'
[0.992s] Level 1:colcon.colcon_core.package_identification:_identify(build) ignored
[0.992s] Level 1:colcon.colcon_core.package_identification:_identify(install) by extensions ['ignore', 'ignore_ament_install']
[0.992s] Level 1:colcon.colcon_core.package_identification:_identify(install) by extension 'ignore'
[0.992s] Level 1:colcon.colcon_core.package_identification:_identify(install) ignored
[0.993s] Level 1:colcon.colcon_core.package_identification:_identify(log) by extensions ['ignore', 'ignore_ament_install']
[0.993s] Level 1:colcon.colcon_core.package_identification:_identify(log) by extension 'ignore'
[0.994s] Level 1:colcon.colcon_core.package_identification:_identify(log) ignored
[0.995s] Level 1:colcon.colcon_core.package_identification:_identify(src) by extensions ['ignore', 'ignore_ament_install']
[0.995s] Level 1:colcon.colcon_core.package_identification:_identify(src) by extension 'ignore'
[0.996s] Level 1:colcon.colcon_core.package_identification:_identify(src) by extension 'ignore_ament_install'
[0.996s] Level 1:colcon.colcon_core.package_identification:_identify(src) by extensions ['colcon_pkg']
[0.996s] Level 1:colcon.colcon_core.package_identification:_identify(src) by extension 'colcon_pkg'
[0.997s] Level 1:colcon.colcon_core.package_identification:_identify(src) by extensions ['colcon_meta']
[0.997s] Level 1:colcon.colcon_core.package_identification:_identify(src) by extension 'colcon_meta'
[0.997s] Level 1:colcon.colcon_core.package_identification:_identify(src) by extensions ['ros']
[0.997s] Level 1:colcon.colcon_core.package_identification:_identify(src) by extension 'ros'
[0.998s] Level 1:colcon.colcon_core.package_identification:_identify(src) by extensions ['cmake', 'python']
[0.998s] Level 1:colcon.colcon_core.package_identification:_identify(src) by extension 'cmake'
[0.998s] Level 1:colcon.colcon_core.package_identification:_identify(src) by extension 'python'
[0.998s] Level 1:colcon.colcon_core.package_identification:_identify(src) by extensions ['python_setup_py']
[0.998s] Level 1:colcon.colcon_core.package_identification:_identify(src) by extension 'python_setup_py'
[0.999s] Level 1:colcon.colcon_core.package_identification:_identify(src/autodrive_f1tenth) by extensions ['ignore', 'ignore_ament_install']
[0.999s] Level 1:colcon.colcon_core.package_identification:_identify(src/autodrive_f1tenth) by extension 'ignore'
[0.999s] Level 1:colcon.colcon_core.package_identification:_identify(src/autodrive_f1tenth) by extension 'ignore_ament_install'
[0.999s] Level 1:colcon.colcon_core.package_identification:_identify(src/autodrive_f1tenth) by extensions ['colcon_pkg']
[0.999s] Level 1:colcon.colcon_core.package_identification:_identify(src/autodrive_f1tenth) by extension 'colcon_pkg'
[1.000s] Level 1:colcon.colcon_core.package_identification:_identify(src/autodrive_f1tenth) by extensions ['colcon_meta']
[1.000s] Level 1:colcon.colcon_core.package_identification:_identify(src/autodrive_f1tenth) by extension 'colcon_meta'
[1.000s] Level 1:colcon.colcon_core.package_identification:_identify(src/autodrive_f1tenth) by extensions ['ros']
[1.000s] Level 1:colcon.colcon_core.package_identification:_identify(src/autodrive_f1tenth) by extension 'ros'
[1.012s] DEBUG:colcon.colcon_core.package_identification:Package 'src/autodrive_f1tenth' with type 'ros.ament_python' and name 'autodrive_f1tenth'
[1.012s] Level 1:colcon.colcon_core.package_identification:_identify(src/f1tenth_mapping) by extensions ['ignore', 'ignore_ament_install']
[1.013s] Level 1:colcon.colcon_core.package_identification:_identify(src/f1tenth_mapping) by extension 'ignore'
[1.013s] Level 1:colcon.colcon_core.package_identification:_identify(src/f1tenth_mapping) by extension 'ignore_ament_install'
[1.014s] Level 1:colcon.colcon_core.package_identification:_identify(src/f1tenth_mapping) by extensions ['colcon_pkg']
[1.014s] Level 1:colcon.colcon_core.package_identification:_identify(src/f1tenth_mapping) by extension 'colcon_pkg'
[1.014s] Level 1:colcon.colcon_core.package_identification:_identify(src/f1tenth_mapping) by extensions ['colcon_meta']
[1.014s] Level 1:colcon.colcon_core.package_identification:_identify(src/f1tenth_mapping) by extension 'colcon_meta'
[1.015s] Level 1:colcon.colcon_core.package_identification:_identify(src/f1tenth_mapping) by extensions ['ros']
[1.015s] Level 1:colcon.colcon_core.package_identification:_identify(src/f1tenth_mapping) by extension 'ros'
[1.017s] DEBUG:colcon.colcon_core.package_identification:Package 'src/f1tenth_mapping' with type 'ros.ament_cmake' and name 'f1tenth_mapping'
[1.018s] Level 1:colcon.colcon_core.package_identification:_identify(src/particle_filter) by extensions ['ignore', 'ignore_ament_install']
[1.018s] Level 1:colcon.colcon_core.package_identification:_identify(src/particle_filter) by extension 'ignore'
[1.019s] Level 1:colcon.colcon_core.package_identification:_identify(src/particle_filter) by extension 'ignore_ament_install'
[1.019s] Level 1:colcon.colcon_core.package_identification:_identify(src/particle_filter) by extensions ['colcon_pkg']
[1.020s] Level 1:colcon.colcon_core.package_identification:_identify(src/particle_filter) by extension 'colcon_pkg'
[1.020s] Level 1:colcon.colcon_core.package_identification:_identify(src/particle_filter) by extensions ['colcon_meta']
[1.020s] Level 1:colcon.colcon_core.package_identification:_identify(src/particle_filter) by extension 'colcon_meta'
[1.021s] Level 1:colcon.colcon_core.package_identification:_identify(src/particle_filter) by extensions ['ros']
[1.021s] Level 1:colcon.colcon_core.package_identification:_identify(src/particle_filter) by extension 'ros'
[1.025s] DEBUG:colcon.colcon_core.package_identification:Package 'src/particle_filter' with type 'ros.ament_python' and name 'particle_filter'
[1.025s] Level 1:colcon.colcon_core.package_identification:_identify(src/raceline) by extensions ['ignore', 'ignore_ament_install']
[1.026s] Level 1:colcon.colcon_core.package_identification:_identify(src/raceline) by extension 'ignore'
[1.027s] Level 1:colcon.colcon_core.package_identification:_identify(src/raceline) by extension 'ignore_ament_install'
[1.027s] Level 1:colcon.colcon_core.package_identification:_identify(src/raceline) by extensions ['colcon_pkg']
[1.027s] Level 1:colcon.colcon_core.package_identification:_identify(src/raceline) by extension 'colcon_pkg'
[1.027s] Level 1:colcon.colcon_core.package_identification:_identify(src/raceline) by extensions ['colcon_meta']
[1.027s] Level 1:colcon.colcon_core.package_identification:_identify(src/raceline) by extension 'colcon_meta'
[1.027s] Level 1:colcon.colcon_core.package_identification:_identify(src/raceline) by extensions ['ros']
[1.028s] Level 1:colcon.colcon_core.package_identification:_identify(src/raceline) by extension 'ros'
[1.028s] Level 1:colcon.colcon_core.package_identification:_identify(src/raceline) by extensions ['cmake', 'python']
[1.028s] Level 1:colcon.colcon_core.package_identification:_identify(src/raceline) by extension 'cmake'
[1.028s] Level 1:colcon.colcon_core.package_identification:_identify(src/raceline) by extension 'python'
[1.028s] Level 1:colcon.colcon_core.package_identification:_identify(src/raceline) by extensions ['python_setup_py']
[1.028s] Level 1:colcon.colcon_core.package_identification:_identify(src/raceline) by extension 'python_setup_py'
[1.029s] Level 1:colcon.colcon_core.package_identification:_identify(src/raceline/Raceline-Optimization) by extensions ['ignore', 'ignore_ament_install']
[1.029s] Level 1:colcon.colcon_core.package_identification:_identify(src/raceline/Raceline-Optimization) by extension 'ignore'
[1.029s] Level 1:colcon.colcon_core.package_identification:_identify(src/raceline/Raceline-Optimization) by extension 'ignore_ament_install'
[1.030s] Level 1:colcon.colcon_core.package_identification:_identify(src/raceline/Raceline-Optimization) by extensions ['colcon_pkg']
[1.030s] Level 1:colcon.colcon_core.package_identification:_identify(src/raceline/Raceline-Optimization) by extension 'colcon_pkg'
[1.030s] Level 1:colcon.colcon_core.package_identification:_identify(src/raceline/Raceline-Optimization) by extensions ['colcon_meta']
[1.030s] Level 1:colcon.colcon_core.package_identification:_identify(src/raceline/Raceline-Optimization) by extension 'colcon_meta'
[1.030s] Level 1:colcon.colcon_core.package_identification:_identify(src/raceline/Raceline-Optimization) by extensions ['ros']
[1.030s] Level 1:colcon.colcon_core.package_identification:_identify(src/raceline/Raceline-Optimization) by extension 'ros'
[1.030s] Level 1:colcon.colcon_core.package_identification:_identify(src/raceline/Raceline-Optimization) by extensions ['cmake', 'python']
[1.030s] Level 1:colcon.colcon_core.package_identification:_identify(src/raceline/Raceline-Optimization) by extension 'cmake'
[1.031s] Level 1:colcon.colcon_core.package_identification:_identify(src/raceline/Raceline-Optimization) by extension 'python'
[1.031s] Level 1:colcon.colcon_core.package_identification:_identify(src/raceline/Raceline-Optimization) by extensions ['python_setup_py']
[1.031s] Level 1:colcon.colcon_core.package_identification:_identify(src/raceline/Raceline-Optimization) by extension 'python_setup_py'
[1.031s] Level 1:colcon.colcon_core.package_identification:_identify(src/raceline/Raceline-Optimization/frictionmap) by extensions ['ignore', 'ignore_ament_install']
[1.031s] Level 1:colcon.colcon_core.package_identification:_identify(src/raceline/Raceline-Optimization/frictionmap) by extension 'ignore'
[1.031s] Level 1:colcon.colcon_core.package_identification:_identify(src/raceline/Raceline-Optimization/frictionmap) by extension 'ignore_ament_install'
[1.032s] Level 1:colcon.colcon_core.package_identification:_identify(src/raceline/Raceline-Optimization/frictionmap) by extensions ['colcon_pkg']
[1.032s] Level 1:colcon.colcon_core.package_identification:_identify(src/raceline/Raceline-Optimization/frictionmap) by extension 'colcon_pkg'
[1.032s] Level 1:colcon.colcon_core.package_identification:_identify(src/raceline/Raceline-Optimization/frictionmap) by extensions ['colcon_meta']
[1.032s] Level 1:colcon.colcon_core.package_identification:_identify(src/raceline/Raceline-Optimization/frictionmap) by extension 'colcon_meta'
[1.032s] Level 1:colcon.colcon_core.package_identification:_identify(src/raceline/Raceline-Optimization/frictionmap) by extensions ['ros']
[1.032s] Level 1:colcon.colcon_core.package_identification:_identify(src/raceline/Raceline-Optimization/frictionmap) by extension 'ros'
[1.032s] Level 1:colcon.colcon_core.package_identification:_identify(src/raceline/Raceline-Optimization/frictionmap) by extensions ['cmake', 'python']
[1.032s] Level 1:colcon.colcon_core.package_identification:_identify(src/raceline/Raceline-Optimization/frictionmap) by extension 'cmake'
[1.033s] Level 1:colcon.colcon_core.package_identification:_identify(src/raceline/Raceline-Optimization/frictionmap) by extension 'python'
[1.033s] Level 1:colcon.colcon_core.package_identification:_identify(src/raceline/Raceline-Optimization/frictionmap) by extensions ['python_setup_py']
[1.033s] Level 1:colcon.colcon_core.package_identification:_identify(src/raceline/Raceline-Optimization/frictionmap) by extension 'python_setup_py'
[1.033s] Level 1:colcon.colcon_core.package_identification:_identify(src/raceline/Raceline-Optimization/frictionmap/src) by extensions ['ignore', 'ignore_ament_install']
[1.033s] Level 1:colcon.colcon_core.package_identification:_identify(src/raceline/Raceline-Optimization/frictionmap/src) by extension 'ignore'
[1.033s] Level 1:colcon.colcon_core.package_identification:_identify(src/raceline/Raceline-Optimization/frictionmap/src) by extension 'ignore_ament_install'
[1.034s] Level 1:colcon.colcon_core.package_identification:_identify(src/raceline/Raceline-Optimization/frictionmap/src) by extensions ['colcon_pkg']
[1.034s] Level 1:colcon.colcon_core.package_identification:_identify(src/raceline/Raceline-Optimization/frictionmap/src) by extension 'colcon_pkg'
[1.034s] Level 1:colcon.colcon_core.package_identification:_identify(src/raceline/Raceline-Optimization/frictionmap/src) by extensions ['colcon_meta']
[1.034s] Level 1:colcon.colcon_core.package_identification:_identify(src/raceline/Raceline-Optimization/frictionmap/src) by extension 'colcon_meta'
[1.034s] Level 1:colcon.colcon_core.package_identification:_identify(src/raceline/Raceline-Optimization/frictionmap/src) by extensions ['ros']
[1.034s] Level 1:colcon.colcon_core.package_identification:_identify(src/raceline/Raceline-Optimization/frictionmap/src) by extension 'ros'
[1.034s] Level 1:colcon.colcon_core.package_identification:_identify(src/raceline/Raceline-Optimization/frictionmap/src) by extensions ['cmake', 'python']
[1.034s] Level 1:colcon.colcon_core.package_identification:_identify(src/raceline/Raceline-Optimization/frictionmap/src) by extension 'cmake'
[1.035s] Level 1:colcon.colcon_core.package_identification:_identify(src/raceline/Raceline-Optimization/frictionmap/src) by extension 'python'
[1.035s] Level 1:colcon.colcon_core.package_identification:_identify(src/raceline/Raceline-Optimization/frictionmap/src) by extensions ['python_setup_py']
[1.035s] Level 1:colcon.colcon_core.package_identification:_identify(src/raceline/Raceline-Optimization/frictionmap/src) by extension 'python_setup_py'
[1.035s] Level 1:colcon.colcon_core.package_identification:_identify(src/raceline/Raceline-Optimization/helper_funcs_glob) by extensions ['ignore', 'ignore_ament_install']
[1.035s] Level 1:colcon.colcon_core.package_identification:_identify(src/raceline/Raceline-Optimization/helper_funcs_glob) by extension 'ignore'
[1.035s] Level 1:colcon.colcon_core.package_identification:_identify(src/raceline/Raceline-Optimization/helper_funcs_glob) by extension 'ignore_ament_install'
[1.036s] Level 1:colcon.colcon_core.package_identification:_identify(src/raceline/Raceline-Optimization/helper_funcs_glob) by extensions ['colcon_pkg']
[1.036s] Level 1:colcon.colcon_core.package_identification:_identify(src/raceline/Raceline-Optimization/helper_funcs_glob) by extension 'colcon_pkg'
[1.036s] Level 1:colcon.colcon_core.package_identification:_identify(src/raceline/Raceline-Optimization/helper_funcs_glob) by extensions ['colcon_meta']
[1.036s] Level 1:colcon.colcon_core.package_identification:_identify(src/raceline/Raceline-Optimization/helper_funcs_glob) by extension 'colcon_meta'
[1.037s] Level 1:colcon.colcon_core.package_identification:_identify(src/raceline/Raceline-Optimization/helper_funcs_glob) by extensions ['ros']
[1.037s] Level 1:colcon.colcon_core.package_identification:_identify(src/raceline/Raceline-Optimization/helper_funcs_glob) by extension 'ros'
[1.037s] Level 1:colcon.colcon_core.package_identification:_identify(src/raceline/Raceline-Optimization/helper_funcs_glob) by extensions ['cmake', 'python']
[1.037s] Level 1:colcon.colcon_core.package_identification:_identify(src/raceline/Raceline-Optimization/helper_funcs_glob) by extension 'cmake'
[1.037s] Level 1:colcon.colcon_core.package_identification:_identify(src/raceline/Raceline-Optimization/helper_funcs_glob) by extension 'python'
[1.038s] Level 1:colcon.colcon_core.package_identification:_identify(src/raceline/Raceline-Optimization/helper_funcs_glob) by extensions ['python_setup_py']
[1.038s] Level 1:colcon.colcon_core.package_identification:_identify(src/raceline/Raceline-Optimization/helper_funcs_glob) by extension 'python_setup_py'
[1.038s] Level 1:colcon.colcon_core.package_identification:_identify(src/raceline/Raceline-Optimization/helper_funcs_glob/__pycache__) by extensions ['ignore', 'ignore_ament_install']
[1.039s] Level 1:colcon.colcon_core.package_identification:_identify(src/raceline/Raceline-Optimization/helper_funcs_glob/__pycache__) by extension 'ignore'
[1.039s] Level 1:colcon.colcon_core.package_identification:_identify(src/raceline/Raceline-Optimization/helper_funcs_glob/__pycache__) by extension 'ignore_ament_install'
[1.039s] Level 1:colcon.colcon_core.package_identification:_identify(src/raceline/Raceline-Optimization/helper_funcs_glob/__pycache__) by extensions ['colcon_pkg']
[1.039s] Level 1:colcon.colcon_core.package_identification:_identify(src/raceline/Raceline-Optimization/helper_funcs_glob/__pycache__) by extension 'colcon_pkg'
[1.040s] Level 1:colcon.colcon_core.package_identification:_identify(src/raceline/Raceline-Optimization/helper_funcs_glob/__pycache__) by extensions ['colcon_meta']
[1.040s] Level 1:colcon.colcon_core.package_identification:_identify(src/raceline/Raceline-Optimization/helper_funcs_glob/__pycache__) by extension 'colcon_meta'
[1.040s] Level 1:colcon.colcon_core.package_identification:_identify(src/raceline/Raceline-Optimization/helper_funcs_glob/__pycache__) by extensions ['ros']
[1.040s] Level 1:colcon.colcon_core.package_identification:_identify(src/raceline/Raceline-Optimization/helper_funcs_glob/__pycache__) by extension 'ros'
[1.040s] Level 1:colcon.colcon_core.package_identification:_identify(src/raceline/Raceline-Optimization/helper_funcs_glob/__pycache__) by extensions ['cmake', 'python']
[1.041s] Level 1:colcon.colcon_core.package_identification:_identify(src/raceline/Raceline-Optimization/helper_funcs_glob/__pycache__) by extension 'cmake'
[1.041s] Level 1:colcon.colcon_core.package_identification:_identify(src/raceline/Raceline-Optimization/helper_funcs_glob/__pycache__) by extension 'python'
[1.041s] Level 1:colcon.colcon_core.package_identification:_identify(src/raceline/Raceline-Optimization/helper_funcs_glob/__pycache__) by extensions ['python_setup_py']
[1.041s] Level 1:colcon.colcon_core.package_identification:_identify(src/raceline/Raceline-Optimization/helper_funcs_glob/__pycache__) by extension 'python_setup_py'
[1.041s] Level 1:colcon.colcon_core.package_identification:_identify(src/raceline/Raceline-Optimization/helper_funcs_glob/src) by extensions ['ignore', 'ignore_ament_install']
[1.042s] Level 1:colcon.colcon_core.package_identification:_identify(src/raceline/Raceline-Optimization/helper_funcs_glob/src) by extension 'ignore'
[1.042s] Level 1:colcon.colcon_core.package_identification:_identify(src/raceline/Raceline-Optimization/helper_funcs_glob/src) by extension 'ignore_ament_install'
[1.042s] Level 1:colcon.colcon_core.package_identification:_identify(src/raceline/Raceline-Optimization/helper_funcs_glob/src) by extensions ['colcon_pkg']
[1.043s] Level 1:colcon.colcon_core.package_identification:_identify(src/raceline/Raceline-Optimization/helper_funcs_glob/src) by extension 'colcon_pkg'
[1.043s] Level 1:colcon.colcon_core.package_identification:_identify(src/raceline/Raceline-Optimization/helper_funcs_glob/src) by extensions ['colcon_meta']
[1.043s] Level 1:colcon.colcon_core.package_identification:_identify(src/raceline/Raceline-Optimization/helper_funcs_glob/src) by extension 'colcon_meta'
[1.043s] Level 1:colcon.colcon_core.package_identification:_identify(src/raceline/Raceline-Optimization/helper_funcs_glob/src) by extensions ['ros']
[1.044s] Level 1:colcon.colcon_core.package_identification:_identify(src/raceline/Raceline-Optimization/helper_funcs_glob/src) by extension 'ros'
[1.044s] Level 1:colcon.colcon_core.package_identification:_identify(src/raceline/Raceline-Optimization/helper_funcs_glob/src) by extensions ['cmake', 'python']
[1.044s] Level 1:colcon.colcon_core.package_identification:_identify(src/raceline/Raceline-Optimization/helper_funcs_glob/src) by extension 'cmake'
[1.045s] Level 1:colcon.colcon_core.package_identification:_identify(src/raceline/Raceline-Optimization/helper_funcs_glob/src) by extension 'python'
[1.045s] Level 1:colcon.colcon_core.package_identification:_identify(src/raceline/Raceline-Optimization/helper_funcs_glob/src) by extensions ['python_setup_py']
[1.046s] Level 1:colcon.colcon_core.package_identification:_identify(src/raceline/Raceline-Optimization/helper_funcs_glob/src) by extension 'python_setup_py'
[1.046s] Level 1:colcon.colcon_core.package_identification:_identify(src/raceline/Raceline-Optimization/helper_funcs_glob/src/__pycache__) by extensions ['ignore', 'ignore_ament_install']
[1.047s] Level 1:colcon.colcon_core.package_identification:_identify(src/raceline/Raceline-Optimization/helper_funcs_glob/src/__pycache__) by extension 'ignore'
[1.047s] Level 1:colcon.colcon_core.package_identification:_identify(src/raceline/Raceline-Optimization/helper_funcs_glob/src/__pycache__) by extension 'ignore_ament_install'
[1.048s] Level 1:colcon.colcon_core.package_identification:_identify(src/raceline/Raceline-Optimization/helper_funcs_glob/src/__pycache__) by extensions ['colcon_pkg']
[1.048s] Level 1:colcon.colcon_core.package_identification:_identify(src/raceline/Raceline-Optimization/helper_funcs_glob/src/__pycache__) by extension 'colcon_pkg'
[1.049s] Level 1:colcon.colcon_core.package_identification:_identify(src/raceline/Raceline-Optimization/helper_funcs_glob/src/__pycache__) by extensions ['colcon_meta']
[1.049s] Level 1:colcon.colcon_core.package_identification:_identify(src/raceline/Raceline-Optimization/helper_funcs_glob/src/__pycache__) by extension 'colcon_meta'
[1.050s] Level 1:colcon.colcon_core.package_identification:_identify(src/raceline/Raceline-Optimization/helper_funcs_glob/src/__pycache__) by extensions ['ros']
[1.051s] Level 1:colcon.colcon_core.package_identification:_identify(src/raceline/Raceline-Optimization/helper_funcs_glob/src/__pycache__) by extension 'ros'
[1.051s] Level 1:colcon.colcon_core.package_identification:_identify(src/raceline/Raceline-Optimization/helper_funcs_glob/src/__pycache__) by extensions ['cmake', 'python']
[1.052s] Level 1:colcon.colcon_core.package_identification:_identify(src/raceline/Raceline-Optimization/helper_funcs_glob/src/__pycache__) by extension 'cmake'
[1.052s] Level 1:colcon.colcon_core.package_identification:_identify(src/raceline/Raceline-Optimization/helper_funcs_glob/src/__pycache__) by extension 'python'
[1.053s] Level 1:colcon.colcon_core.package_identification:_identify(src/raceline/Raceline-Optimization/helper_funcs_glob/src/__pycache__) by extensions ['python_setup_py']
[1.053s] Level 1:colcon.colcon_core.package_identification:_identify(src/raceline/Raceline-Optimization/helper_funcs_glob/src/__pycache__) by extension 'python_setup_py'
[1.053s] Level 1:colcon.colcon_core.package_identification:_identify(src/raceline/Raceline-Optimization/inputs) by extensions ['ignore', 'ignore_ament_install']
[1.054s] Level 1:colcon.colcon_core.package_identification:_identify(src/raceline/Raceline-Optimization/inputs) by extension 'ignore'
[1.054s] Level 1:colcon.colcon_core.package_identification:_identify(src/raceline/Raceline-Optimization/inputs) by extension 'ignore_ament_install'
[1.055s] Level 1:colcon.colcon_core.package_identification:_identify(src/raceline/Raceline-Optimization/inputs) by extensions ['colcon_pkg']
[1.055s] Level 1:colcon.colcon_core.package_identification:_identify(src/raceline/Raceline-Optimization/inputs) by extension 'colcon_pkg'
[1.055s] Level 1:colcon.colcon_core.package_identification:_identify(src/raceline/Raceline-Optimization/inputs) by extensions ['colcon_meta']
[1.056s] Level 1:colcon.colcon_core.package_identification:_identify(src/raceline/Raceline-Optimization/inputs) by extension 'colcon_meta'
[1.056s] Level 1:colcon.colcon_core.package_identification:_identify(src/raceline/Raceline-Optimization/inputs) by extensions ['ros']
[1.056s] Level 1:colcon.colcon_core.package_identification:_identify(src/raceline/Raceline-Optimization/inputs) by extension 'ros'
[1.057s] Level 1:colcon.colcon_core.package_identification:_identify(src/raceline/Raceline-Optimization/inputs) by extensions ['cmake', 'python']
[1.057s] Level 1:colcon.colcon_core.package_identification:_identify(src/raceline/Raceline-Optimization/inputs) by extension 'cmake'
[1.058s] Level 1:colcon.colcon_core.package_identification:_identify(src/raceline/Raceline-Optimization/inputs) by extension 'python'
[1.058s] Level 1:colcon.colcon_core.package_identification:_identify(src/raceline/Raceline-Optimization/inputs) by extensions ['python_setup_py']
[1.058s] Level 1:colcon.colcon_core.package_identification:_identify(src/raceline/Raceline-Optimization/inputs) by extension 'python_setup_py'
[1.059s] Level 1:colcon.colcon_core.package_identification:_identify(src/raceline/Raceline-Optimization/inputs/frictionmaps) by extensions ['ignore', 'ignore_ament_install']
[1.059s] Level 1:colcon.colcon_core.package_identification:_identify(src/raceline/Raceline-Optimization/inputs/frictionmaps) by extension 'ignore'
[1.059s] Level 1:colcon.colcon_core.package_identification:_identify(src/raceline/Raceline-Optimization/inputs/frictionmaps) by extension 'ignore_ament_install'
[1.060s] Level 1:colcon.colcon_core.package_identification:_identify(src/raceline/Raceline-Optimization/inputs/frictionmaps) by extensions ['colcon_pkg']
[1.060s] Level 1:colcon.colcon_core.package_identification:_identify(src/raceline/Raceline-Optimization/inputs/frictionmaps) by extension 'colcon_pkg'
[1.060s] Level 1:colcon.colcon_core.package_identification:_identify(src/raceline/Raceline-Optimization/inputs/frictionmaps) by extensions ['colcon_meta']
[1.060s] Level 1:colcon.colcon_core.package_identification:_identify(src/raceline/Raceline-Optimization/inputs/frictionmaps) by extension 'colcon_meta'
[1.060s] Level 1:colcon.colcon_core.package_identification:_identify(src/raceline/Raceline-Optimization/inputs/frictionmaps) by extensions ['ros']
[1.061s] Level 1:colcon.colcon_core.package_identification:_identify(src/raceline/Raceline-Optimization/inputs/frictionmaps) by extension 'ros'
[1.062s] Level 1:colcon.colcon_core.package_identification:_identify(src/raceline/Raceline-Optimization/inputs/frictionmaps) by extensions ['cmake', 'python']
[1.062s] Level 1:colcon.colcon_core.package_identification:_identify(src/raceline/Raceline-Optimization/inputs/frictionmaps) by extension 'cmake'
[1.063s] Level 1:colcon.colcon_core.package_identification:_identify(src/raceline/Raceline-Optimization/inputs/frictionmaps) by extension 'python'
[1.063s] Level 1:colcon.colcon_core.package_identification:_identify(src/raceline/Raceline-Optimization/inputs/frictionmaps) by extensions ['python_setup_py']
[1.063s] Level 1:colcon.colcon_core.package_identification:_identify(src/raceline/Raceline-Optimization/inputs/frictionmaps) by extension 'python_setup_py'
[1.064s] Level 1:colcon.colcon_core.package_identification:_identify(src/raceline/Raceline-Optimization/inputs/tracks) by extensions ['ignore', 'ignore_ament_install']
[1.064s] Level 1:colcon.colcon_core.package_identification:_identify(src/raceline/Raceline-Optimization/inputs/tracks) by extension 'ignore'
[1.065s] Level 1:colcon.colcon_core.package_identification:_identify(src/raceline/Raceline-Optimization/inputs/tracks) by extension 'ignore_ament_install'
[1.065s] Level 1:colcon.colcon_core.package_identification:_identify(src/raceline/Raceline-Optimization/inputs/tracks) by extensions ['colcon_pkg']
[1.065s] Level 1:colcon.colcon_core.package_identification:_identify(src/raceline/Raceline-Optimization/inputs/tracks) by extension 'colcon_pkg'
[1.066s] Level 1:colcon.colcon_core.package_identification:_identify(src/raceline/Raceline-Optimization/inputs/tracks) by extensions ['colcon_meta']
[1.066s] Level 1:colcon.colcon_core.package_identification:_identify(src/raceline/Raceline-Optimization/inputs/tracks) by extension 'colcon_meta'
[1.066s] Level 1:colcon.colcon_core.package_identification:_identify(src/raceline/Raceline-Optimization/inputs/tracks) by extensions ['ros']
[1.066s] Level 1:colcon.colcon_core.package_identification:_identify(src/raceline/Raceline-Optimization/inputs/tracks) by extension 'ros'
[1.066s] Level 1:colcon.colcon_core.package_identification:_identify(src/raceline/Raceline-Optimization/inputs/tracks) by extensions ['cmake', 'python']
[1.066s] Level 1:colcon.colcon_core.package_identification:_identify(src/raceline/Raceline-Optimization/inputs/tracks) by extension 'cmake'
[1.066s] Level 1:colcon.colcon_core.package_identification:_identify(src/raceline/Raceline-Optimization/inputs/tracks) by extension 'python'
[1.067s] Level 1:colcon.colcon_core.package_identification:_identify(src/raceline/Raceline-Optimization/inputs/tracks) by extensions ['python_setup_py']
[1.067s] Level 1:colcon.colcon_core.package_identification:_identify(src/raceline/Raceline-Optimization/inputs/tracks) by extension 'python_setup_py'
[1.067s] Level 1:colcon.colcon_core.package_identification:_identify(src/raceline/Raceline-Optimization/inputs/veh_dyn_info) by extensions ['ignore', 'ignore_ament_install']
[1.067s] Level 1:colcon.colcon_core.package_identification:_identify(src/raceline/Raceline-Optimization/inputs/veh_dyn_info) by extension 'ignore'
[1.067s] Level 1:colcon.colcon_core.package_identification:_identify(src/raceline/Raceline-Optimization/inputs/veh_dyn_info) by extension 'ignore_ament_install'
[1.067s] Level 1:colcon.colcon_core.package_identification:_identify(src/raceline/Raceline-Optimization/inputs/veh_dyn_info) by extensions ['colcon_pkg']
[1.067s] Level 1:colcon.colcon_core.package_identification:_identify(src/raceline/Raceline-Optimization/inputs/veh_dyn_info) by extension 'colcon_pkg'
[1.068s] Level 1:colcon.colcon_core.package_identification:_identify(src/raceline/Raceline-Optimization/inputs/veh_dyn_info) by extensions ['colcon_meta']
[1.068s] Level 1:colcon.colcon_core.package_identification:_identify(src/raceline/Raceline-Optimization/inputs/veh_dyn_info) by extension 'colcon_meta'
[1.068s] Level 1:colcon.colcon_core.package_identification:_identify(src/raceline/Raceline-Optimization/inputs/veh_dyn_info) by extensions ['ros']
[1.068s] Level 1:colcon.colcon_core.package_identification:_identify(src/raceline/Raceline-Optimization/inputs/veh_dyn_info) by extension 'ros'
[1.069s] Level 1:colcon.colcon_core.package_identification:_identify(src/raceline/Raceline-Optimization/inputs/veh_dyn_info) by extensions ['cmake', 'python']
[1.069s] Level 1:colcon.colcon_core.package_identification:_identify(src/raceline/Raceline-Optimization/inputs/veh_dyn_info) by extension 'cmake'
[1.069s] Level 1:colcon.colcon_core.package_identification:_identify(src/raceline/Raceline-Optimization/inputs/veh_dyn_info) by extension 'python'
[1.069s] Level 1:colcon.colcon_core.package_identification:_identify(src/raceline/Raceline-Optimization/inputs/veh_dyn_info) by extensions ['python_setup_py']
[1.069s] Level 1:colcon.colcon_core.package_identification:_identify(src/raceline/Raceline-Optimization/inputs/veh_dyn_info) by extension 'python_setup_py'
[1.069s] Level 1:colcon.colcon_core.package_identification:_identify(src/raceline/Raceline-Optimization/maps) by extensions ['ignore', 'ignore_ament_install']
[1.070s] Level 1:colcon.colcon_core.package_identification:_identify(src/raceline/Raceline-Optimization/maps) by extension 'ignore'
[1.070s] Level 1:colcon.colcon_core.package_identification:_identify(src/raceline/Raceline-Optimization/maps) by extension 'ignore_ament_install'
[1.070s] Level 1:colcon.colcon_core.package_identification:_identify(src/raceline/Raceline-Optimization/maps) by extensions ['colcon_pkg']
[1.070s] Level 1:colcon.colcon_core.package_identification:_identify(src/raceline/Raceline-Optimization/maps) by extension 'colcon_pkg'
[1.070s] Level 1:colcon.colcon_core.package_identification:_identify(src/raceline/Raceline-Optimization/maps) by extensions ['colcon_meta']
[1.070s] Level 1:colcon.colcon_core.package_identification:_identify(src/raceline/Raceline-Optimization/maps) by extension 'colcon_meta'
[1.070s] Level 1:colcon.colcon_core.package_identification:_identify(src/raceline/Raceline-Optimization/maps) by extensions ['ros']
[1.070s] Level 1:colcon.colcon_core.package_identification:_identify(src/raceline/Raceline-Optimization/maps) by extension 'ros'
[1.070s] Level 1:colcon.colcon_core.package_identification:_identify(src/raceline/Raceline-Optimization/maps) by extensions ['cmake', 'python']
[1.071s] Level 1:colcon.colcon_core.package_identification:_identify(src/raceline/Raceline-Optimization/maps) by extension 'cmake'
[1.071s] Level 1:colcon.colcon_core.package_identification:_identify(src/raceline/Raceline-Optimization/maps) by extension 'python'
[1.071s] Level 1:colcon.colcon_core.package_identification:_identify(src/raceline/Raceline-Optimization/maps) by extensions ['python_setup_py']
[1.072s] Level 1:colcon.colcon_core.package_identification:_identify(src/raceline/Raceline-Optimization/maps) by extension 'python_setup_py'
[1.073s] Level 1:colcon.colcon_core.package_identification:_identify(src/raceline/Raceline-Optimization/opt_mintime_traj) by extensions ['ignore', 'ignore_ament_install']
[1.073s] Level 1:colcon.colcon_core.package_identification:_identify(src/raceline/Raceline-Optimization/opt_mintime_traj) by extension 'ignore'
[1.073s] Level 1:colcon.colcon_core.package_identification:_identify(src/raceline/Raceline-Optimization/opt_mintime_traj) by extension 'ignore_ament_install'
[1.074s] Level 1:colcon.colcon_core.package_identification:_identify(src/raceline/Raceline-Optimization/opt_mintime_traj) by extensions ['colcon_pkg']
[1.074s] Level 1:colcon.colcon_core.package_identification:_identify(src/raceline/Raceline-Optimization/opt_mintime_traj) by extension 'colcon_pkg'
[1.074s] Level 1:colcon.colcon_core.package_identification:_identify(src/raceline/Raceline-Optimization/opt_mintime_traj) by extensions ['colcon_meta']
[1.074s] Level 1:colcon.colcon_core.package_identification:_identify(src/raceline/Raceline-Optimization/opt_mintime_traj) by extension 'colcon_meta'
[1.074s] Level 1:colcon.colcon_core.package_identification:_identify(src/raceline/Raceline-Optimization/opt_mintime_traj) by extensions ['ros']
[1.074s] Level 1:colcon.colcon_core.package_identification:_identify(src/raceline/Raceline-Optimization/opt_mintime_traj) by extension 'ros'
[1.074s] Level 1:colcon.colcon_core.package_identification:_identify(src/raceline/Raceline-Optimization/opt_mintime_traj) by extensions ['cmake', 'python']
[1.075s] Level 1:colcon.colcon_core.package_identification:_identify(src/raceline/Raceline-Optimization/opt_mintime_traj) by extension 'cmake'
[1.075s] Level 1:colcon.colcon_core.package_identification:_identify(src/raceline/Raceline-Optimization/opt_mintime_traj) by extension 'python'
[1.075s] Level 1:colcon.colcon_core.package_identification:_identify(src/raceline/Raceline-Optimization/opt_mintime_traj) by extensions ['python_setup_py']
[1.075s] Level 1:colcon.colcon_core.package_identification:_identify(src/raceline/Raceline-Optimization/opt_mintime_traj) by extension 'python_setup_py'
[1.075s] Level 1:colcon.colcon_core.package_identification:_identify(src/raceline/Raceline-Optimization/opt_mintime_traj/__pycache__) by extensions ['ignore', 'ignore_ament_install']
[1.075s] Level 1:colcon.colcon_core.package_identification:_identify(src/raceline/Raceline-Optimization/opt_mintime_traj/__pycache__) by extension 'ignore'
[1.076s] Level 1:colcon.colcon_core.package_identification:_identify(src/raceline/Raceline-Optimization/opt_mintime_traj/__pycache__) by extension 'ignore_ament_install'
[1.076s] Level 1:colcon.colcon_core.package_identification:_identify(src/raceline/Raceline-Optimization/opt_mintime_traj/__pycache__) by extensions ['colcon_pkg']
[1.076s] Level 1:colcon.colcon_core.package_identification:_identify(src/raceline/Raceline-Optimization/opt_mintime_traj/__pycache__) by extension 'colcon_pkg'
[1.076s] Level 1:colcon.colcon_core.package_identification:_identify(src/raceline/Raceline-Optimization/opt_mintime_traj/__pycache__) by extensions ['colcon_meta']
[1.077s] Level 1:colcon.colcon_core.package_identification:_identify(src/raceline/Raceline-Optimization/opt_mintime_traj/__pycache__) by extension 'colcon_meta'
[1.077s] Level 1:colcon.colcon_core.package_identification:_identify(src/raceline/Raceline-Optimization/opt_mintime_traj/__pycache__) by extensions ['ros']
[1.077s] Level 1:colcon.colcon_core.package_identification:_identify(src/raceline/Raceline-Optimization/opt_mintime_traj/__pycache__) by extension 'ros'
[1.077s] Level 1:colcon.colcon_core.package_identification:_identify(src/raceline/Raceline-Optimization/opt_mintime_traj/__pycache__) by extensions ['cmake', 'python']
[1.077s] Level 1:colcon.colcon_core.package_identification:_identify(src/raceline/Raceline-Optimization/opt_mintime_traj/__pycache__) by extension 'cmake'
[1.077s] Level 1:colcon.colcon_core.package_identification:_identify(src/raceline/Raceline-Optimization/opt_mintime_traj/__pycache__) by extension 'python'
[1.077s] Level 1:colcon.colcon_core.package_identification:_identify(src/raceline/Raceline-Optimization/opt_mintime_traj/__pycache__) by extensions ['python_setup_py']
[1.077s] Level 1:colcon.colcon_core.package_identification:_identify(src/raceline/Raceline-Optimization/opt_mintime_traj/__pycache__) by extension 'python_setup_py'
[1.078s] Level 1:colcon.colcon_core.package_identification:_identify(src/raceline/Raceline-Optimization/opt_mintime_traj/powertrain_src) by extensions ['ignore', 'ignore_ament_install']
[1.078s] Level 1:colcon.colcon_core.package_identification:_identify(src/raceline/Raceline-Optimization/opt_mintime_traj/powertrain_src) by extension 'ignore'
[1.078s] Level 1:colcon.colcon_core.package_identification:_identify(src/raceline/Raceline-Optimization/opt_mintime_traj/powertrain_src) by extension 'ignore_ament_install'
[1.078s] Level 1:colcon.colcon_core.package_identification:_identify(src/raceline/Raceline-Optimization/opt_mintime_traj/powertrain_src) by extensions ['colcon_pkg']
[1.078s] Level 1:colcon.colcon_core.package_identification:_identify(src/raceline/Raceline-Optimization/opt_mintime_traj/powertrain_src) by extension 'colcon_pkg'
[1.078s] Level 1:colcon.colcon_core.package_identification:_identify(src/raceline/Raceline-Optimization/opt_mintime_traj/powertrain_src) by extensions ['colcon_meta']
[1.078s] Level 1:colcon.colcon_core.package_identification:_identify(src/raceline/Raceline-Optimization/opt_mintime_traj/powertrain_src) by extension 'colcon_meta'
[1.079s] Level 1:colcon.colcon_core.package_identification:_identify(src/raceline/Raceline-Optimization/opt_mintime_traj/powertrain_src) by extensions ['ros']
[1.079s] Level 1:colcon.colcon_core.package_identification:_identify(src/raceline/Raceline-Optimization/opt_mintime_traj/powertrain_src) by extension 'ros'
[1.079s] Level 1:colcon.colcon_core.package_identification:_identify(src/raceline/Raceline-Optimization/opt_mintime_traj/powertrain_src) by extensions ['cmake', 'python']
[1.079s] Level 1:colcon.colcon_core.package_identification:_identify(src/raceline/Raceline-Optimization/opt_mintime_traj/powertrain_src) by extension 'cmake'
[1.079s] Level 1:colcon.colcon_core.package_identification:_identify(src/raceline/Raceline-Optimization/opt_mintime_traj/powertrain_src) by extension 'python'
[1.079s] Level 1:colcon.colcon_core.package_identification:_identify(src/raceline/Raceline-Optimization/opt_mintime_traj/powertrain_src) by extensions ['python_setup_py']
[1.079s] Level 1:colcon.colcon_core.package_identification:_identify(src/raceline/Raceline-Optimization/opt_mintime_traj/powertrain_src) by extension 'python_setup_py'
[1.080s] Level 1:colcon.colcon_core.package_identification:_identify(src/raceline/Raceline-Optimization/opt_mintime_traj/powertrain_src/__pycache__) by extensions ['ignore', 'ignore_ament_install']
[1.080s] Level 1:colcon.colcon_core.package_identification:_identify(src/raceline/Raceline-Optimization/opt_mintime_traj/powertrain_src/__pycache__) by extension 'ignore'
[1.080s] Level 1:colcon.colcon_core.package_identification:_identify(src/raceline/Raceline-Optimization/opt_mintime_traj/powertrain_src/__pycache__) by extension 'ignore_ament_install'
[1.080s] Level 1:colcon.colcon_core.package_identification:_identify(src/raceline/Raceline-Optimization/opt_mintime_traj/powertrain_src/__pycache__) by extensions ['colcon_pkg']
[1.080s] Level 1:colcon.colcon_core.package_identification:_identify(src/raceline/Raceline-Optimization/opt_mintime_traj/powertrain_src/__pycache__) by extension 'colcon_pkg'
[1.081s] Level 1:colcon.colcon_core.package_identification:_identify(src/raceline/Raceline-Optimization/opt_mintime_traj/powertrain_src/__pycache__) by extensions ['colcon_meta']
[1.081s] Level 1:colcon.colcon_core.package_identification:_identify(src/raceline/Raceline-Optimization/opt_mintime_traj/powertrain_src/__pycache__) by extension 'colcon_meta'
[1.081s] Level 1:colcon.colcon_core.package_identification:_identify(src/raceline/Raceline-Optimization/opt_mintime_traj/powertrain_src/__pycache__) by extensions ['ros']
[1.081s] Level 1:colcon.colcon_core.package_identification:_identify(src/raceline/Raceline-Optimization/opt_mintime_traj/powertrain_src/__pycache__) by extension 'ros'
[1.081s] Level 1:colcon.colcon_core.package_identification:_identify(src/raceline/Raceline-Optimization/opt_mintime_traj/powertrain_src/__pycache__) by extensions ['cmake', 'python']
[1.081s] Level 1:colcon.colcon_core.package_identification:_identify(src/raceline/Raceline-Optimization/opt_mintime_traj/powertrain_src/__pycache__) by extension 'cmake'
[1.081s] Level 1:colcon.colcon_core.package_identification:_identify(src/raceline/Raceline-Optimization/opt_mintime_traj/powertrain_src/__pycache__) by extension 'python'
[1.081s] Level 1:colcon.colcon_core.package_identification:_identify(src/raceline/Raceline-Optimization/opt_mintime_traj/powertrain_src/__pycache__) by extensions ['python_setup_py']
[1.082s] Level 1:colcon.colcon_core.package_identification:_identify(src/raceline/Raceline-Optimization/opt_mintime_traj/powertrain_src/__pycache__) by extension 'python_setup_py'
[1.082s] Level 1:colcon.colcon_core.package_identification:_identify(src/raceline/Raceline-Optimization/opt_mintime_traj/powertrain_src/src) by extensions ['ignore', 'ignore_ament_install']
[1.082s] Level 1:colcon.colcon_core.package_identification:_identify(src/raceline/Raceline-Optimization/opt_mintime_traj/powertrain_src/src) by extension 'ignore'
[1.082s] Level 1:colcon.colcon_core.package_identification:_identify(src/raceline/Raceline-Optimization/opt_mintime_traj/powertrain_src/src) by extension 'ignore_ament_install'
[1.082s] Level 1:colcon.colcon_core.package_identification:_identify(src/raceline/Raceline-Optimization/opt_mintime_traj/powertrain_src/src) by extensions ['colcon_pkg']
[1.083s] Level 1:colcon.colcon_core.package_identification:_identify(src/raceline/Raceline-Optimization/opt_mintime_traj/powertrain_src/src) by extension 'colcon_pkg'
[1.083s] Level 1:colcon.colcon_core.package_identification:_identify(src/raceline/Raceline-Optimization/opt_mintime_traj/powertrain_src/src) by extensions ['colcon_meta']
[1.083s] Level 1:colcon.colcon_core.package_identification:_identify(src/raceline/Raceline-Optimization/opt_mintime_traj/powertrain_src/src) by extension 'colcon_meta'
[1.083s] Level 1:colcon.colcon_core.package_identification:_identify(src/raceline/Raceline-Optimization/opt_mintime_traj/powertrain_src/src) by extensions ['ros']
[1.083s] Level 1:colcon.colcon_core.package_identification:_identify(src/raceline/Raceline-Optimization/opt_mintime_traj/powertrain_src/src) by extension 'ros'
[1.083s] Level 1:colcon.colcon_core.package_identification:_identify(src/raceline/Raceline-Optimization/opt_mintime_traj/powertrain_src/src) by extensions ['cmake', 'python']
[1.083s] Level 1:colcon.colcon_core.package_identification:_identify(src/raceline/Raceline-Optimization/opt_mintime_traj/powertrain_src/src) by extension 'cmake'
[1.083s] Level 1:colcon.colcon_core.package_identification:_identify(src/raceline/Raceline-Optimization/opt_mintime_traj/powertrain_src/src) by extension 'python'
[1.084s] Level 1:colcon.colcon_core.package_identification:_identify(src/raceline/Raceline-Optimization/opt_mintime_traj/powertrain_src/src) by extensions ['python_setup_py']
[1.084s] Level 1:colcon.colcon_core.package_identification:_identify(src/raceline/Raceline-Optimization/opt_mintime_traj/powertrain_src/src) by extension 'python_setup_py'
[1.084s] Level 1:colcon.colcon_core.package_identification:_identify(src/raceline/Raceline-Optimization/opt_mintime_traj/powertrain_src/src/__pycache__) by extensions ['ignore', 'ignore_ament_install']
[1.084s] Level 1:colcon.colcon_core.package_identification:_identify(src/raceline/Raceline-Optimization/opt_mintime_traj/powertrain_src/src/__pycache__) by extension 'ignore'
[1.085s] Level 1:colcon.colcon_core.package_identification:_identify(src/raceline/Raceline-Optimization/opt_mintime_traj/powertrain_src/src/__pycache__) by extension 'ignore_ament_install'
[1.085s] Level 1:colcon.colcon_core.package_identification:_identify(src/raceline/Raceline-Optimization/opt_mintime_traj/powertrain_src/src/__pycache__) by extensions ['colcon_pkg']
[1.085s] Level 1:colcon.colcon_core.package_identification:_identify(src/raceline/Raceline-Optimization/opt_mintime_traj/powertrain_src/src/__pycache__) by extension 'colcon_pkg'
[1.085s] Level 1:colcon.colcon_core.package_identification:_identify(src/raceline/Raceline-Optimization/opt_mintime_traj/powertrain_src/src/__pycache__) by extensions ['colcon_meta']
[1.085s] Level 1:colcon.colcon_core.package_identification:_identify(src/raceline/Raceline-Optimization/opt_mintime_traj/powertrain_src/src/__pycache__) by extension 'colcon_meta'
[1.085s] Level 1:colcon.colcon_core.package_identification:_identify(src/raceline/Raceline-Optimization/opt_mintime_traj/powertrain_src/src/__pycache__) by extensions ['ros']
[1.085s] Level 1:colcon.colcon_core.package_identification:_identify(src/raceline/Raceline-Optimization/opt_mintime_traj/powertrain_src/src/__pycache__) by extension 'ros'
[1.086s] Level 1:colcon.colcon_core.package_identification:_identify(src/raceline/Raceline-Optimization/opt_mintime_traj/powertrain_src/src/__pycache__) by extensions ['cmake', 'python']
[1.086s] Level 1:colcon.colcon_core.package_identification:_identify(src/raceline/Raceline-Optimization/opt_mintime_traj/powertrain_src/src/__pycache__) by extension 'cmake'
[1.086s] Level 1:colcon.colcon_core.package_identification:_identify(src/raceline/Raceline-Optimization/opt_mintime_traj/powertrain_src/src/__pycache__) by extension 'python'
[1.086s] Level 1:colcon.colcon_core.package_identification:_identify(src/raceline/Raceline-Optimization/opt_mintime_traj/powertrain_src/src/__pycache__) by extensions ['python_setup_py']
[1.086s] Level 1:colcon.colcon_core.package_identification:_identify(src/raceline/Raceline-Optimization/opt_mintime_traj/powertrain_src/src/__pycache__) by extension 'python_setup_py'
[1.086s] Level 1:colcon.colcon_core.package_identification:_identify(src/raceline/Raceline-Optimization/opt_mintime_traj/src) by extensions ['ignore', 'ignore_ament_install']
[1.087s] Level 1:colcon.colcon_core.package_identification:_identify(src/raceline/Raceline-Optimization/opt_mintime_traj/src) by extension 'ignore'
[1.087s] Level 1:colcon.colcon_core.package_identification:_identify(src/raceline/Raceline-Optimization/opt_mintime_traj/src) by extension 'ignore_ament_install'
[1.087s] Level 1:colcon.colcon_core.package_identification:_identify(src/raceline/Raceline-Optimization/opt_mintime_traj/src) by extensions ['colcon_pkg']
[1.087s] Level 1:colcon.colcon_core.package_identification:_identify(src/raceline/Raceline-Optimization/opt_mintime_traj/src) by extension 'colcon_pkg'
[1.087s] Level 1:colcon.colcon_core.package_identification:_identify(src/raceline/Raceline-Optimization/opt_mintime_traj/src) by extensions ['colcon_meta']
[1.088s] Level 1:colcon.colcon_core.package_identification:_identify(src/raceline/Raceline-Optimization/opt_mintime_traj/src) by extension 'colcon_meta'
[1.088s] Level 1:colcon.colcon_core.package_identification:_identify(src/raceline/Raceline-Optimization/opt_mintime_traj/src) by extensions ['ros']
[1.088s] Level 1:colcon.colcon_core.package_identification:_identify(src/raceline/Raceline-Optimization/opt_mintime_traj/src) by extension 'ros'
[1.089s] Level 1:colcon.colcon_core.package_identification:_identify(src/raceline/Raceline-Optimization/opt_mintime_traj/src) by extensions ['cmake', 'python']
[1.089s] Level 1:colcon.colcon_core.package_identification:_identify(src/raceline/Raceline-Optimization/opt_mintime_traj/src) by extension 'cmake'
[1.089s] Level 1:colcon.colcon_core.package_identification:_identify(src/raceline/Raceline-Optimization/opt_mintime_traj/src) by extension 'python'
[1.089s] Level 1:colcon.colcon_core.package_identification:_identify(src/raceline/Raceline-Optimization/opt_mintime_traj/src) by extensions ['python_setup_py']
[1.090s] Level 1:colcon.colcon_core.package_identification:_identify(src/raceline/Raceline-Optimization/opt_mintime_traj/src) by extension 'python_setup_py'
[1.090s] Level 1:colcon.colcon_core.package_identification:_identify(src/raceline/Raceline-Optimization/opt_mintime_traj/src/__pycache__) by extensions ['ignore', 'ignore_ament_install']
[1.091s] Level 1:colcon.colcon_core.package_identification:_identify(src/raceline/Raceline-Optimization/opt_mintime_traj/src/__pycache__) by extension 'ignore'
[1.091s] Level 1:colcon.colcon_core.package_identification:_identify(src/raceline/Raceline-Optimization/opt_mintime_traj/src/__pycache__) by extension 'ignore_ament_install'
[1.092s] Level 1:colcon.colcon_core.package_identification:_identify(src/raceline/Raceline-Optimization/opt_mintime_traj/src/__pycache__) by extensions ['colcon_pkg']
[1.092s] Level 1:colcon.colcon_core.package_identification:_identify(src/raceline/Raceline-Optimization/opt_mintime_traj/src/__pycache__) by extension 'colcon_pkg'
[1.092s] Level 1:colcon.colcon_core.package_identification:_identify(src/raceline/Raceline-Optimization/opt_mintime_traj/src/__pycache__) by extensions ['colcon_meta']
[1.093s] Level 1:colcon.colcon_core.package_identification:_identify(src/raceline/Raceline-Optimization/opt_mintime_traj/src/__pycache__) by extension 'colcon_meta'
[1.093s] Level 1:colcon.colcon_core.package_identification:_identify(src/raceline/Raceline-Optimization/opt_mintime_traj/src/__pycache__) by extensions ['ros']
[1.093s] Level 1:colcon.colcon_core.package_identification:_identify(src/raceline/Raceline-Optimization/opt_mintime_traj/src/__pycache__) by extension 'ros'
[1.094s] Level 1:colcon.colcon_core.package_identification:_identify(src/raceline/Raceline-Optimization/opt_mintime_traj/src/__pycache__) by extensions ['cmake', 'python']
[1.094s] Level 1:colcon.colcon_core.package_identification:_identify(src/raceline/Raceline-Optimization/opt_mintime_traj/src/__pycache__) by extension 'cmake'
[1.094s] Level 1:colcon.colcon_core.package_identification:_identify(src/raceline/Raceline-Optimization/opt_mintime_traj/src/__pycache__) by extension 'python'
[1.094s] Level 1:colcon.colcon_core.package_identification:_identify(src/raceline/Raceline-Optimization/opt_mintime_traj/src/__pycache__) by extensions ['python_setup_py']
[1.094s] Level 1:colcon.colcon_core.package_identification:_identify(src/raceline/Raceline-Optimization/opt_mintime_traj/src/__pycache__) by extension 'python_setup_py'
[1.095s] Level 1:colcon.colcon_core.package_identification:_identify(src/raceline/Raceline-Optimization/outputs) by extensions ['ignore', 'ignore_ament_install']
[1.095s] Level 1:colcon.colcon_core.package_identification:_identify(src/raceline/Raceline-Optimization/outputs) by extension 'ignore'
[1.095s] Level 1:colcon.colcon_core.package_identification:_identify(src/raceline/Raceline-Optimization/outputs) by extension 'ignore_ament_install'
[1.095s] Level 1:colcon.colcon_core.package_identification:_identify(src/raceline/Raceline-Optimization/outputs) by extensions ['colcon_pkg']
[1.095s] Level 1:colcon.colcon_core.package_identification:_identify(src/raceline/Raceline-Optimization/outputs) by extension 'colcon_pkg'
[1.096s] Level 1:colcon.colcon_core.package_identification:_identify(src/raceline/Raceline-Optimization/outputs) by extensions ['colcon_meta']
[1.096s] Level 1:colcon.colcon_core.package_identification:_identify(src/raceline/Raceline-Optimization/outputs) by extension 'colcon_meta'
[1.096s] Level 1:colcon.colcon_core.package_identification:_identify(src/raceline/Raceline-Optimization/outputs) by extensions ['ros']
[1.096s] Level 1:colcon.colcon_core.package_identification:_identify(src/raceline/Raceline-Optimization/outputs) by extension 'ros'
[1.096s] Level 1:colcon.colcon_core.package_identification:_identify(src/raceline/Raceline-Optimization/outputs) by extensions ['cmake', 'python']
[1.096s] Level 1:colcon.colcon_core.package_identification:_identify(src/raceline/Raceline-Optimization/outputs) by extension 'cmake'
[1.096s] Level 1:colcon.colcon_core.package_identification:_identify(src/raceline/Raceline-Optimization/outputs) by extension 'python'
[1.096s] Level 1:colcon.colcon_core.package_identification:_identify(src/raceline/Raceline-Optimization/outputs) by extensions ['python_setup_py']
[1.097s] Level 1:colcon.colcon_core.package_identification:_identify(src/raceline/Raceline-Optimization/outputs) by extension 'python_setup_py'
[1.097s] Level 1:colcon.colcon_core.package_identification:_identify(src/raceline/Raceline-Optimization/outputs/first_map) by extensions ['ignore', 'ignore_ament_install']
[1.097s] Level 1:colcon.colcon_core.package_identification:_identify(src/raceline/Raceline-Optimization/outputs/first_map) by extension 'ignore'
[1.098s] Level 1:colcon.colcon_core.package_identification:_identify(src/raceline/Raceline-Optimization/outputs/first_map) by extension 'ignore_ament_install'
[1.098s] Level 1:colcon.colcon_core.package_identification:_identify(src/raceline/Raceline-Optimization/outputs/first_map) by extensions ['colcon_pkg']
[1.098s] Level 1:colcon.colcon_core.package_identification:_identify(src/raceline/Raceline-Optimization/outputs/first_map) by extension 'colcon_pkg'
[1.099s] Level 1:colcon.colcon_core.package_identification:_identify(src/raceline/Raceline-Optimization/outputs/first_map) by extensions ['colcon_meta']
[1.099s] Level 1:colcon.colcon_core.package_identification:_identify(src/raceline/Raceline-Optimization/outputs/first_map) by extension 'colcon_meta'
[1.099s] Level 1:colcon.colcon_core.package_identification:_identify(src/raceline/Raceline-Optimization/outputs/first_map) by extensions ['ros']
[1.099s] Level 1:colcon.colcon_core.package_identification:_identify(src/raceline/Raceline-Optimization/outputs/first_map) by extension 'ros'
[1.100s] Level 1:colcon.colcon_core.package_identification:_identify(src/raceline/Raceline-Optimization/outputs/first_map) by extensions ['cmake', 'python']
[1.100s] Level 1:colcon.colcon_core.package_identification:_identify(src/raceline/Raceline-Optimization/outputs/first_map) by extension 'cmake'
[1.100s] Level 1:colcon.colcon_core.package_identification:_identify(src/raceline/Raceline-Optimization/outputs/first_map) by extension 'python'
[1.100s] Level 1:colcon.colcon_core.package_identification:_identify(src/raceline/Raceline-Optimization/outputs/first_map) by extensions ['python_setup_py']
[1.100s] Level 1:colcon.colcon_core.package_identification:_identify(src/raceline/Raceline-Optimization/outputs/first_map) by extension 'python_setup_py'
[1.101s] Level 1:colcon.colcon_core.package_identification:_identify(src/raceline/Raceline-Optimization/outputs/first_map/mintime-2024-09-21 17:18:27.077844) by extensions ['ignore', 'ignore_ament_install']
[1.101s] Level 1:colcon.colcon_core.package_identification:_identify(src/raceline/Raceline-Optimization/outputs/first_map/mintime-2024-09-21 17:18:27.077844) by extension 'ignore'
[1.101s] Level 1:colcon.colcon_core.package_identification:_identify(src/raceline/Raceline-Optimization/outputs/first_map/mintime-2024-09-21 17:18:27.077844) by extension 'ignore_ament_install'
[1.102s] Level 1:colcon.colcon_core.package_identification:_identify(src/raceline/Raceline-Optimization/outputs/first_map/mintime-2024-09-21 17:18:27.077844) by extensions ['colcon_pkg']
[1.102s] Level 1:colcon.colcon_core.package_identification:_identify(src/raceline/Raceline-Optimization/outputs/first_map/mintime-2024-09-21 17:18:27.077844) by extension 'colcon_pkg'
[1.102s] Level 1:colcon.colcon_core.package_identification:_identify(src/raceline/Raceline-Optimization/outputs/first_map/mintime-2024-09-21 17:18:27.077844) by extensions ['colcon_meta']
[1.102s] Level 1:colcon.colcon_core.package_identification:_identify(src/raceline/Raceline-Optimization/outputs/first_map/mintime-2024-09-21 17:18:27.077844) by extension 'colcon_meta'
[1.102s] Level 1:colcon.colcon_core.package_identification:_identify(src/raceline/Raceline-Optimization/outputs/first_map/mintime-2024-09-21 17:18:27.077844) by extensions ['ros']
[1.102s] Level 1:colcon.colcon_core.package_identification:_identify(src/raceline/Raceline-Optimization/outputs/first_map/mintime-2024-09-21 17:18:27.077844) by extension 'ros'
[1.103s] Level 1:colcon.colcon_core.package_identification:_identify(src/raceline/Raceline-Optimization/outputs/first_map/mintime-2024-09-21 17:18:27.077844) by extensions ['cmake', 'python']
[1.103s] Level 1:colcon.colcon_core.package_identification:_identify(src/raceline/Raceline-Optimization/outputs/first_map/mintime-2024-09-21 17:18:27.077844) by extension 'cmake'
[1.103s] Level 1:colcon.colcon_core.package_identification:_identify(src/raceline/Raceline-Optimization/outputs/first_map/mintime-2024-09-21 17:18:27.077844) by extension 'python'
[1.103s] Level 1:colcon.colcon_core.package_identification:_identify(src/raceline/Raceline-Optimization/outputs/first_map/mintime-2024-09-21 17:18:27.077844) by extensions ['python_setup_py']
[1.103s] Level 1:colcon.colcon_core.package_identification:_identify(src/raceline/Raceline-Optimization/outputs/first_map/mintime-2024-09-21 17:18:27.077844) by extension 'python_setup_py'
[1.104s] Level 1:colcon.colcon_core.package_identification:_identify(src/raceline/Raceline-Optimization/params) by extensions ['ignore', 'ignore_ament_install']
[1.104s] Level 1:colcon.colcon_core.package_identification:_identify(src/raceline/Raceline-Optimization/params) by extension 'ignore'
[1.105s] Level 1:colcon.colcon_core.package_identification:_identify(src/raceline/Raceline-Optimization/params) by extension 'ignore_ament_install'
[1.105s] Level 1:colcon.colcon_core.package_identification:_identify(src/raceline/Raceline-Optimization/params) by extensions ['colcon_pkg']
[1.105s] Level 1:colcon.colcon_core.package_identification:_identify(src/raceline/Raceline-Optimization/params) by extension 'colcon_pkg'
[1.105s] Level 1:colcon.colcon_core.package_identification:_identify(src/raceline/Raceline-Optimization/params) by extensions ['colcon_meta']
[1.105s] Level 1:colcon.colcon_core.package_identification:_identify(src/raceline/Raceline-Optimization/params) by extension 'colcon_meta'
[1.105s] Level 1:colcon.colcon_core.package_identification:_identify(src/raceline/Raceline-Optimization/params) by extensions ['ros']
[1.105s] Level 1:colcon.colcon_core.package_identification:_identify(src/raceline/Raceline-Optimization/params) by extension 'ros'
[1.105s] Level 1:colcon.colcon_core.package_identification:_identify(src/raceline/Raceline-Optimization/params) by extensions ['cmake', 'python']
[1.106s] Level 1:colcon.colcon_core.package_identification:_identify(src/raceline/Raceline-Optimization/params) by extension 'cmake'
[1.106s] Level 1:colcon.colcon_core.package_identification:_identify(src/raceline/Raceline-Optimization/params) by extension 'python'
[1.106s] Level 1:colcon.colcon_core.package_identification:_identify(src/raceline/Raceline-Optimization/params) by extensions ['python_setup_py']
[1.106s] Level 1:colcon.colcon_core.package_identification:_identify(src/raceline/Raceline-Optimization/params) by extension 'python_setup_py'
[1.106s] Level 1:colcon.colcon_core.package_identification:_identify(src/range_libc) by extensions ['ignore', 'ignore_ament_install']
[1.106s] Level 1:colcon.colcon_core.package_identification:_identify(src/range_libc) by extension 'ignore'
[1.106s] Level 1:colcon.colcon_core.package_identification:_identify(src/range_libc) by extension 'ignore_ament_install'
[1.107s] Level 1:colcon.colcon_core.package_identification:_identify(src/range_libc) by extensions ['colcon_pkg']
[1.107s] Level 1:colcon.colcon_core.package_identification:_identify(src/range_libc) by extension 'colcon_pkg'
[1.107s] Level 1:colcon.colcon_core.package_identification:_identify(src/range_libc) by extensions ['colcon_meta']
[1.107s] Level 1:colcon.colcon_core.package_identification:_identify(src/range_libc) by extension 'colcon_meta'
[1.107s] Level 1:colcon.colcon_core.package_identification:_identify(src/range_libc) by extensions ['ros']
[1.107s] Level 1:colcon.colcon_core.package_identification:_identify(src/range_libc) by extension 'ros'
[1.107s] Level 1:colcon.colcon_core.package_identification:_identify(src/range_libc) by extensions ['cmake', 'python']
[1.107s] Level 1:colcon.colcon_core.package_identification:_identify(src/range_libc) by extension 'cmake'
[1.124s] Level 1:colcon.colcon_core.package_identification:_identify(src/range_libc) by extension 'python'
[1.124s] DEBUG:colcon.colcon_core.package_identification:Package 'src/range_libc' with type 'cmake' and name 'range_lib'
[1.124s] Level 1:colcon.colcon_core.package_discovery:discover_packages(recursive) using defaults
[1.124s] Level 1:colcon.colcon_core.package_discovery:discover_packages(ignore) discover
[1.124s] Level 1:colcon.colcon_core.package_discovery:discover_packages(ignore) using defaults
[1.124s] Level 1:colcon.colcon_core.package_discovery:discover_packages(path) discover
[1.125s] Level 1:colcon.colcon_core.package_discovery:discover_packages(path) using defaults
[1.192s] INFO:colcon.colcon_core.package_selection:Skipping not selected package 'autodrive_f1tenth' in 'src/autodrive_f1tenth'
[1.192s] INFO:colcon.colcon_core.package_selection:Skipping not selected package 'f1tenth_mapping' in 'src/f1tenth_mapping'
[1.192s] INFO:colcon.colcon_core.package_selection:Skipping not selected package 'range_lib' in 'src/range_libc'
[1.195s] Level 5:colcon.colcon_core.verb:set package 'particle_filter' build argument 'cmake_args' from command line to 'None'
[1.196s] Level 5:colcon.colcon_core.verb:set package 'particle_filter' build argument 'cmake_target' from command line to 'None'
[1.196s] Level 5:colcon.colcon_core.verb:set package 'particle_filter' build argument 'cmake_target_skip_unavailable' from command line to 'False'
[1.196s] Level 5:colcon.colcon_core.verb:set package 'particle_filter' build argument 'cmake_clean_cache' from command line to 'False'
[1.196s] Level 5:colcon.colcon_core.verb:set package 'particle_filter' build argument 'cmake_clean_first' from command line to 'False'
[1.196s] Level 5:colcon.colcon_core.verb:set package 'particle_filter' build argument 'cmake_force_configure' from command line to 'False'
[1.196s] Level 5:colcon.colcon_core.verb:set package 'particle_filter' build argument 'ament_cmake_args' from command line to 'None'
[1.196s] Level 5:colcon.colcon_core.verb:set package 'particle_filter' build argument 'catkin_cmake_args' from command line to 'None'
[1.196s] Level 5:colcon.colcon_core.verb:set package 'particle_filter' build argument 'catkin_skip_building_tests' from command line to 'False'
[1.196s] DEBUG:colcon.colcon_core.verb:Building package 'particle_filter' with the following arguments: {'ament_cmake_args': None, 'build_base': '/home/bhajneet/sim_racing/ros2_ws/build/particle_filter', 'catkin_cmake_args': None, 'catkin_skip_building_tests': False, 'cmake_args': None, 'cmake_clean_cache': False, 'cmake_clean_first': False, 'cmake_force_configure': False, 'cmake_target': None, 'cmake_target_skip_unavailable': False, 'install_base': '/home/bhajneet/sim_racing/ros2_ws/install/particle_filter', 'merge_install': False, 'path': '/home/bhajneet/sim_racing/ros2_ws/src/particle_filter', 'symlink_install': False, 'test_result_base': None}
[1.199s] INFO:colcon.colcon_core.executor:Executing jobs using 'parallel' executor
[1.211s] DEBUG:colcon.colcon_parallel_executor.executor.parallel:run_until_complete
[1.212s] INFO:colcon.colcon_ros.task.ament_python.build:Building ROS package in '/home/bhajneet/sim_racing/ros2_ws/src/particle_filter' with build type 'ament_python'
[1.213s] Level 1:colcon.colcon_core.shell:create_environment_hook('particle_filter', 'ament_prefix_path')
[1.235s] INFO:colcon.colcon_core.plugin_system:Skipping extension 'colcon_core.shell.bat': Not used on non-Windows systems
[1.236s] INFO:colcon.colcon_core.shell:Creating environment hook '/home/bhajneet/sim_racing/ros2_ws/install/particle_filter/share/particle_filter/hook/ament_prefix_path.ps1'
[1.239s] INFO:colcon.colcon_core.shell:Creating environment descriptor '/home/bhajneet/sim_racing/ros2_ws/install/particle_filter/share/particle_filter/hook/ament_prefix_path.dsv'
[1.241s] INFO:colcon.colcon_core.shell:Creating environment hook '/home/bhajneet/sim_racing/ros2_ws/install/particle_filter/share/particle_filter/hook/ament_prefix_path.sh'
[1.247s] INFO:colcon.colcon_core.shell:Skip shell extension 'powershell' for command environment: Not usable outside of PowerShell
[1.247s] DEBUG:colcon.colcon_core.shell:Skip shell extension 'dsv' for command environment
[1.961s] INFO:colcon.colcon_core.task.python.build:Building Python package in '/home/bhajneet/sim_racing/ros2_ws/src/particle_filter'
[1.967s] INFO:colcon.colcon_core.shell:Skip shell extension 'powershell' for command environment: Not usable outside of PowerShell
[1.967s] DEBUG:colcon.colcon_core.shell:Skip shell extension 'dsv' for command environment
[3.222s] DEBUG:colcon.colcon_core.event_handler.log_command:Invoking command in '/home/bhajneet/sim_racing/ros2_ws/src/particle_filter': PYTHONPATH=/home/bhajneet/sim_racing/ros2_ws/build/particle_filter/prefix_override:/home/bhajneet/sim_racing/ros2_ws/install/particle_filter/lib/python3.8/site-packages:${PYTHONPATH} /usr/bin/python3 setup.py egg_info --egg-base ../../build/particle_filter build --build-base /home/bhajneet/sim_racing/ros2_ws/build/particle_filter/build install --record /home/bhajneet/sim_racing/ros2_ws/build/particle_filter/install.log --install-scripts $base/lib/particle_filter --single-version-externally-managed
[4.099s] DEBUG:colcon.colcon_core.event_handler.log_command:Invoked command in '/home/bhajneet/sim_racing/ros2_ws/src/particle_filter' returned '0': PYTHONPATH=/home/bhajneet/sim_racing/ros2_ws/build/particle_filter/prefix_override:/home/bhajneet/sim_racing/ros2_ws/install/particle_filter/lib/python3.8/site-packages:${PYTHONPATH} /usr/bin/python3 setup.py egg_info --egg-base ../../build/particle_filter build --build-base /home/bhajneet/sim_racing/ros2_ws/build/particle_filter/build install --record /home/bhajneet/sim_racing/ros2_ws/build/particle_filter/install.log --install-scripts $base/lib/particle_filter --single-version-externally-managed
[4.118s] Level 1:colcon.colcon_core.environment:checking '/home/bhajneet/sim_racing/ros2_ws/install/particle_filter' for CMake module files
[4.120s] Level 1:colcon.colcon_core.environment:checking '/home/bhajneet/sim_racing/ros2_ws/install/particle_filter' for CMake config files
[4.122s] Level 1:colcon.colcon_core.environment:checking '/home/bhajneet/sim_racing/ros2_ws/install/particle_filter/lib'
[4.123s] Level 1:colcon.colcon_core.environment:checking '/home/bhajneet/sim_racing/ros2_ws/install/particle_filter/bin'
[4.124s] Level 1:colcon.colcon_core.environment:checking '/home/bhajneet/sim_racing/ros2_ws/install/particle_filter/lib/pkgconfig/particle_filter.pc'
[4.125s] Level 1:colcon.colcon_core.environment:checking '/home/bhajneet/sim_racing/ros2_ws/install/particle_filter/lib/python3.8/site-packages'
[4.125s] Level 1:colcon.colcon_core.shell:create_environment_hook('particle_filter', 'pythonpath')
[4.129s] INFO:colcon.colcon_core.shell:Creating environment hook '/home/bhajneet/sim_racing/ros2_ws/install/particle_filter/share/particle_filter/hook/pythonpath.ps1'
[4.131s] INFO:colcon.colcon_core.shell:Creating environment descriptor '/home/bhajneet/sim_racing/ros2_ws/install/particle_filter/share/particle_filter/hook/pythonpath.dsv'
[4.132s] INFO:colcon.colcon_core.shell:Creating environment hook '/home/bhajneet/sim_racing/ros2_ws/install/particle_filter/share/particle_filter/hook/pythonpath.sh'
[4.133s] Level 1:colcon.colcon_core.environment:checking '/home/bhajneet/sim_racing/ros2_ws/install/particle_filter/bin'
[4.133s] Level 1:colcon.colcon_core.environment:create_environment_scripts_only(particle_filter)
[4.138s] INFO:colcon.colcon_core.shell:Creating package script '/home/bhajneet/sim_racing/ros2_ws/install/particle_filter/share/particle_filter/package.ps1'
[4.141s] INFO:colcon.colcon_core.shell:Creating package descriptor '/home/bhajneet/sim_racing/ros2_ws/install/particle_filter/share/particle_filter/package.dsv'
[4.144s] INFO:colcon.colcon_core.shell:Creating package script '/home/bhajneet/sim_racing/ros2_ws/install/particle_filter/share/particle_filter/package.sh'
[4.151s] INFO:colcon.colcon_core.shell:Creating package script '/home/bhajneet/sim_racing/ros2_ws/install/particle_filter/share/particle_filter/package.bash'
[4.154s] INFO:colcon.colcon_core.shell:Creating package script '/home/bhajneet/sim_racing/ros2_ws/install/particle_filter/share/particle_filter/package.zsh'
[4.158s] Level 1:colcon.colcon_core.environment:create_file_with_runtime_dependencies(/home/bhajneet/sim_racing/ros2_ws/install/particle_filter/share/colcon-core/packages/particle_filter)
[4.160s] DEBUG:colcon.colcon_parallel_executor.executor.parallel:closing loop
[4.161s] DEBUG:colcon.colcon_parallel_executor.executor.parallel:loop closed
[4.162s] DEBUG:colcon.colcon_parallel_executor.executor.parallel:run_until_complete finished with '0'
[4.164s] DEBUG:colcon.colcon_core.event_reactor:joining thread
[4.191s] INFO:colcon.colcon_core.plugin_system:Skipping extension 'colcon_notification.desktop_notification.notify_send': Could not find 'notify-send'
[4.192s] INFO:colcon.colcon_core.plugin_system:Skipping extension 'colcon_notification.desktop_notification.terminal_notifier': Not used on non-Darwin systems
[4.192s] INFO:colcon.colcon_core.plugin_system:Skipping extension 'colcon_notification.desktop_notification.win32': Not used on non-Windows systems
[4.192s] INFO:colcon.colcon_notification.desktop_notification:Sending desktop notification using 'notify2'
[4.196s] DEBUG:colcon.colcon_notification.desktop_notification.notify2:Failed to initialize notify2: org.freedesktop.DBus.Error.Spawn.ExecFailed: /usr/bin/dbus-launch terminated abnormally without any error message
[4.197s] DEBUG:colcon.colcon_core.event_reactor:joined thread
[4.204s] INFO:colcon.colcon_core.shell:Creating prefix script '/home/bhajneet/sim_racing/ros2_ws/install/local_setup.ps1'
[4.207s] INFO:colcon.colcon_core.shell:Creating prefix util module '/home/bhajneet/sim_racing/ros2_ws/install/_local_setup_util_ps1.py'
[4.212s] INFO:colcon.colcon_core.shell:Creating prefix chain script '/home/bhajneet/sim_racing/ros2_ws/install/setup.ps1'
[4.221s] INFO:colcon.colcon_core.shell:Creating prefix script '/home/bhajneet/sim_racing/ros2_ws/install/local_setup.sh'
[4.223s] INFO:colcon.colcon_core.shell:Creating prefix util module '/home/bhajneet/sim_racing/ros2_ws/install/_local_setup_util_sh.py'
[4.226s] INFO:colcon.colcon_core.shell:Creating prefix chain script '/home/bhajneet/sim_racing/ros2_ws/install/setup.sh'
[4.229s] INFO:colcon.colcon_core.shell:Creating prefix script '/home/bhajneet/sim_racing/ros2_ws/install/local_setup.bash'
[4.232s] INFO:colcon.colcon_core.shell:Creating prefix chain script '/home/bhajneet/sim_racing/ros2_ws/install/setup.bash'
[4.239s] INFO:colcon.colcon_core.shell:Creating prefix script '/home/bhajneet/sim_racing/ros2_ws/install/local_setup.zsh'
[4.241s] INFO:colcon.colcon_core.shell:Creating prefix chain script '/home/bhajneet/sim_racing/ros2_ws/install/setup.zsh'
