[1.872s] Invoking command in '/ros2_ws/src/autodrive_f1tenth': PYTHONPATH=/ros2_ws/build/autodrive_f1tenth/prefix_override:/ros2_ws/install/autodrive_f1tenth/lib/python3.8/site-packages:${PYTHONPATH} /usr/bin/python3 setup.py egg_info --egg-base ../../build/autodrive_f1tenth build --build-base /ros2_ws/build/autodrive_f1tenth/build install --record /ros2_ws/build/autodrive_f1tenth/install.log --install-scripts $base/lib/autodrive_f1tenth --single-version-externally-managed
[2.448s] running egg_info
[2.449s] writing ../../build/autodrive_f1tenth/autodrive_f1tenth.egg-info/PKG-INFO
[2.450s] writing dependency_links to ../../build/autodrive_f1tenth/autodrive_f1tenth.egg-info/dependency_links.txt
[2.450s] writing entry points to ../../build/autodrive_f1tenth/autodrive_f1tenth.egg-info/entry_points.txt
[2.450s] writing requirements to ../../build/autodrive_f1tenth/autodrive_f1tenth.egg-info/requires.txt
[2.451s] writing top-level names to ../../build/autodrive_f1tenth/autodrive_f1tenth.egg-info/top_level.txt
[2.555s] reading manifest file '../../build/autodrive_f1tenth/autodrive_f1tenth.egg-info/SOURCES.txt'
[2.558s] writing manifest file '../../build/autodrive_f1tenth/autodrive_f1tenth.egg-info/SOURCES.txt'
[2.559s] running build
[2.560s] running build_py
[2.562s] running install
[2.568s] running install_lib
[2.577s] running install_data
[2.578s] copying launch/simulator_bringup_rviz.launch.py -> /ros2_ws/install/autodrive_f1tenth/share/autodrive_f1tenth/launch
[2.580s] running install_egg_info
[2.589s] removing '/ros2_ws/install/autodrive_f1tenth/lib/python3.8/site-packages/autodrive_f1tenth-0.1.0-py3.8.egg-info' (and everything under it)
[2.589s] Copying ../../build/autodrive_f1tenth/autodrive_f1tenth.egg-info to /ros2_ws/install/autodrive_f1tenth/lib/python3.8/site-packages/autodrive_f1tenth-0.1.0-py3.8.egg-info
[2.591s] running install_scripts
[2.648s] Installing autodrive_bridge script to /ros2_ws/install/autodrive_f1tenth/lib/autodrive_f1tenth
[2.650s] Installing teleop_keyboard script to /ros2_ws/install/autodrive_f1tenth/lib/autodrive_f1tenth
[2.652s] writing list of installed files to '/ros2_ws/build/autodrive_f1tenth/install.log'
[2.718s] Invoked command in '/ros2_ws/src/autodrive_f1tenth' returned '0': PYTHONPATH=/ros2_ws/build/autodrive_f1tenth/prefix_override:/ros2_ws/install/autodrive_f1tenth/lib/python3.8/site-packages:${PYTHONPATH} /usr/bin/python3 setup.py egg_info --egg-base ../../build/autodrive_f1tenth build --build-base /ros2_ws/build/autodrive_f1tenth/build install --record /ros2_ws/build/autodrive_f1tenth/install.log --install-scripts $base/lib/autodrive_f1tenth --single-version-externally-managed
