[0.663s] Invoking command in '/ros2_ws/build/autodrive_f1tenth': PYTHONPATH=/ros2_ws/build/autodrive_f1tenth/prefix_override:/ros2_ws/install/autodrive_f1tenth/lib/python3.8/site-packages:${PYTHONPATH} /usr/bin/python3 setup.py develop --uninstall --editable --build-directory /ros2_ws/build/autodrive_f1tenth/build
[0.874s] running develop
[0.966s] Removing /ros2_ws/install/autodrive_f1tenth/lib/python3.8/site-packages/autodrive-f1tenth.egg-link (link to .)
[0.983s] Invoked command in '/ros2_ws/build/autodrive_f1tenth' returned '0': PYTHONPATH=/ros2_ws/build/autodrive_f1tenth/prefix_override:/ros2_ws/install/autodrive_f1tenth/lib/python3.8/site-packages:${PYTHONPATH} /usr/bin/python3 setup.py develop --uninstall --editable --build-directory /ros2_ws/build/autodrive_f1tenth/build
[0.985s] Invoking command in '/ros2_ws/src/autodrive_f1tenth': PYTHONPATH=/ros2_ws/build/autodrive_f1tenth/prefix_override:/ros2_ws/install/autodrive_f1tenth/lib/python3.8/site-packages:${PYTHONPATH} /usr/bin/python3 setup.py egg_info --egg-base ../../build/autodrive_f1tenth build --build-base /ros2_ws/build/autodrive_f1tenth/build install --record /ros2_ws/build/autodrive_f1tenth/install.log --install-scripts $base/lib/autodrive_f1tenth --single-version-externally-managed
[1.183s] running egg_info
[1.184s] writing ../../build/autodrive_f1tenth/autodrive_f1tenth.egg-info/PKG-INFO
[1.184s] writing dependency_links to ../../build/autodrive_f1tenth/autodrive_f1tenth.egg-info/dependency_links.txt
[1.184s] writing entry points to ../../build/autodrive_f1tenth/autodrive_f1tenth.egg-info/entry_points.txt
[1.184s] writing requirements to ../../build/autodrive_f1tenth/autodrive_f1tenth.egg-info/requires.txt
[1.184s] writing top-level names to ../../build/autodrive_f1tenth/autodrive_f1tenth.egg-info/top_level.txt
[1.218s] reading manifest file '../../build/autodrive_f1tenth/autodrive_f1tenth.egg-info/SOURCES.txt'
[1.219s] writing manifest file '../../build/autodrive_f1tenth/autodrive_f1tenth.egg-info/SOURCES.txt'
[1.220s] running build
[1.220s] running build_py
[1.220s] running install
[1.220s] running install_lib
[1.221s] creating /ros2_ws/install/autodrive_f1tenth/lib/python3.8/site-packages/autodrive_f1tenth
[1.222s] copying /ros2_ws/build/autodrive_f1tenth/build/lib/autodrive_f1tenth/autodrive_bridge.py -> /ros2_ws/install/autodrive_f1tenth/lib/python3.8/site-packages/autodrive_f1tenth
[1.222s] copying /ros2_ws/build/autodrive_f1tenth/build/lib/autodrive_f1tenth/config.py -> /ros2_ws/install/autodrive_f1tenth/lib/python3.8/site-packages/autodrive_f1tenth
[1.222s] copying /ros2_ws/build/autodrive_f1tenth/build/lib/autodrive_f1tenth/__init__.py -> /ros2_ws/install/autodrive_f1tenth/lib/python3.8/site-packages/autodrive_f1tenth
[1.222s] copying /ros2_ws/build/autodrive_f1tenth/build/lib/autodrive_f1tenth/teleop_keyboard.py -> /ros2_ws/install/autodrive_f1tenth/lib/python3.8/site-packages/autodrive_f1tenth
[1.223s] byte-compiling /ros2_ws/install/autodrive_f1tenth/lib/python3.8/site-packages/autodrive_f1tenth/autodrive_bridge.py to autodrive_bridge.cpython-38.pyc
[1.228s] byte-compiling /ros2_ws/install/autodrive_f1tenth/lib/python3.8/site-packages/autodrive_f1tenth/config.py to config.cpython-38.pyc
[1.233s] byte-compiling /ros2_ws/install/autodrive_f1tenth/lib/python3.8/site-packages/autodrive_f1tenth/__init__.py to __init__.cpython-38.pyc
[1.233s] byte-compiling /ros2_ws/install/autodrive_f1tenth/lib/python3.8/site-packages/autodrive_f1tenth/teleop_keyboard.py to teleop_keyboard.cpython-38.pyc
[1.233s] running install_data
[1.234s] running install_egg_info
[1.234s] Copying ../../build/autodrive_f1tenth/autodrive_f1tenth.egg-info to /ros2_ws/install/autodrive_f1tenth/lib/python3.8/site-packages/autodrive_f1tenth-0.1.0-py3.8.egg-info
[1.234s] running install_scripts
[1.251s] Installing autodrive_bridge script to /ros2_ws/install/autodrive_f1tenth/lib/autodrive_f1tenth
[1.251s] Installing teleop_keyboard script to /ros2_ws/install/autodrive_f1tenth/lib/autodrive_f1tenth
[1.251s] writing list of installed files to '/ros2_ws/build/autodrive_f1tenth/install.log'
[1.277s] Invoked command in '/ros2_ws/src/autodrive_f1tenth' returned '0': PYTHONPATH=/ros2_ws/build/autodrive_f1tenth/prefix_override:/ros2_ws/install/autodrive_f1tenth/lib/python3.8/site-packages:${PYTHONPATH} /usr/bin/python3 setup.py egg_info --egg-base ../../build/autodrive_f1tenth build --build-base /ros2_ws/build/autodrive_f1tenth/build install --record /ros2_ws/build/autodrive_f1tenth/install.log --install-scripts $base/lib/autodrive_f1tenth --single-version-externally-managed
