[0.726s] Invoking command in '/ros2_ws/build/f1tenth_mapping': CMAKE_PREFIX_PATH=${CMAKE_PREFIX_PATH}:/ros2_ws/src/install/autodrive_f1tenth:/ros2_ws/install/autodrive_f1tenth:/opt/ros/foxy /usr/bin/cmake /ros2_ws/src/f1tenth_mapping -DAMENT_CMAKE_SYMLINK_INSTALL=1 -DCMAKE_INSTALL_PREFIX=/ros2_ws/install/f1tenth_mapping
[0.789s] -- Found ament_cmake: 0.9.12 (/opt/ros/foxy/share/ament_cmake/cmake)
[0.840s] -- Using PYTHON_EXECUTABLE: /usr/bin/python3
[1.324s] -- Override CMake install command with custom implementation using symlinks instead of copying resources
[1.346s] -- Found rclcpp: 2.4.3 (/opt/ros/foxy/share/rclcpp/cmake)
[1.529s] -- Using all available rosidl_typesupport_c: rosidl_typesupport_fastrtps_c;rosidl_typesupport_introspection_c
[1.556s] -- Found rosidl_adapter: 1.3.1 (/opt/ros/foxy/share/rosidl_adapter/cmake)
[1.847s] -- Found OpenSSL: /usr/lib/x86_64-linux-gnu/libcrypto.so (found version "1.1.1f")  
[1.943s] -- Found FastRTPS: /opt/ros/foxy/include  
[2.222s] -- Using all available rosidl_typesupport_cpp: rosidl_typesupport_fastrtps_cpp;rosidl_typesupport_introspection_cpp
[2.424s] -- Found rmw_implementation_cmake: 1.0.4 (/opt/ros/foxy/share/rmw_implementation_cmake/cmake)
[2.429s] -- Using RMW implementation 'rmw_cyclonedds_cpp' as default
[2.433s] -- Looking for pthread.h
[2.670s] -- Looking for pthread.h - found
[2.671s] -- Performing Test CMAKE_HAVE_LIBC_PTHREAD
[2.871s] -- Performing Test CMAKE_HAVE_LIBC_PTHREAD - Failed
[2.872s] -- Looking for pthread_create in pthreads
[3.024s] -- Looking for pthread_create in pthreads - not found
[3.024s] -- Looking for pthread_create in pthread
[3.215s] -- Looking for pthread_create in pthread - found
[3.222s] -- Found Threads: TRUE  
[3.678s] -- Found rclpy: 1.0.13 (/opt/ros/foxy/share/rclpy/cmake)
[3.685s] -- Found nav_msgs: 2.0.5 (/opt/ros/foxy/share/nav_msgs/cmake)
[4.014s] -- Found ament_lint_auto: 0.9.8 (/opt/ros/foxy/share/ament_lint_auto/cmake)
[4.203s] -- Added test 'copyright' to check source files copyright and LICENSE
[4.210s] -- Added test 'flake8' to check Python code syntax and style conventions
[4.211s] -- Added test 'lint_cmake' to check CMake code style
[4.213s] -- Added test 'pep257' to check Python code against some of the style conventions in PEP 257
[4.215s] -- Added test 'xmllint' to check XML markup files
[4.222s] -- Configuring done
[4.229s] -- Generating done
[4.232s] -- Build files have been written to: /ros2_ws/build/f1tenth_mapping
[4.242s] Invoked command in '/ros2_ws/build/f1tenth_mapping' returned '0': CMAKE_PREFIX_PATH=${CMAKE_PREFIX_PATH}:/ros2_ws/src/install/autodrive_f1tenth:/ros2_ws/install/autodrive_f1tenth:/opt/ros/foxy /usr/bin/cmake /ros2_ws/src/f1tenth_mapping -DAMENT_CMAKE_SYMLINK_INSTALL=1 -DCMAKE_INSTALL_PREFIX=/ros2_ws/install/f1tenth_mapping
[4.247s] Invoking command in '/ros2_ws/build/f1tenth_mapping': CMAKE_PREFIX_PATH=${CMAKE_PREFIX_PATH}:/ros2_ws/src/install/autodrive_f1tenth:/ros2_ws/install/autodrive_f1tenth:/opt/ros/foxy /usr/bin/cmake --build /ros2_ws/build/f1tenth_mapping -- -j8 -l8
[4.346s] Invoked command in '/ros2_ws/build/f1tenth_mapping' returned '0': CMAKE_PREFIX_PATH=${CMAKE_PREFIX_PATH}:/ros2_ws/src/install/autodrive_f1tenth:/ros2_ws/install/autodrive_f1tenth:/opt/ros/foxy /usr/bin/cmake --build /ros2_ws/build/f1tenth_mapping -- -j8 -l8
[4.433s] Invoking command in '/ros2_ws/build/f1tenth_mapping': CMAKE_PREFIX_PATH=${CMAKE_PREFIX_PATH}:/ros2_ws/src/install/autodrive_f1tenth:/ros2_ws/install/autodrive_f1tenth:/opt/ros/foxy /usr/bin/cmake --install /ros2_ws/build/f1tenth_mapping
[4.457s] -- Install configuration: ""
[4.458s] -- Execute custom install script
[4.459s] -- Symlinking: /ros2_ws/install/f1tenth_mapping/share/f1tenth_mapping//launch/carto.launch.py
[4.484s] -- Symlinking: /ros2_ws/install/f1tenth_mapping/share/f1tenth_mapping//launch/occupancy_grid.launch.py
[4.514s] -- Symlinking: /ros2_ws/install/f1tenth_mapping/share/f1tenth_mapping//config/custom_nav2_params.yaml
[4.535s] -- Symlinking: /ros2_ws/install/f1tenth_mapping/share/f1tenth_mapping//config/custom_slam_params.yaml
[4.559s] -- Symlinking: /ros2_ws/install/f1tenth_mapping/share/f1tenth_mapping//config/f1tenth_2d.lua
[4.583s] -- Symlinking: /ros2_ws/install/f1tenth_mapping/share/ament_index/resource_index/package_run_dependencies/f1tenth_mapping
[4.601s] -- Symlinking: /ros2_ws/install/f1tenth_mapping/share/ament_index/resource_index/parent_prefix_path/f1tenth_mapping
[4.623s] -- Symlinking: /ros2_ws/install/f1tenth_mapping/share/f1tenth_mapping/environment/ament_prefix_path.sh
[4.651s] -- Symlinking: /ros2_ws/install/f1tenth_mapping/share/f1tenth_mapping/environment/ament_prefix_path.dsv
[4.676s] -- Symlinking: /ros2_ws/install/f1tenth_mapping/share/f1tenth_mapping/environment/path.sh
[4.704s] -- Symlinking: /ros2_ws/install/f1tenth_mapping/share/f1tenth_mapping/environment/path.dsv
[4.720s] -- Symlinking: /ros2_ws/install/f1tenth_mapping/share/f1tenth_mapping/local_setup.bash
[4.744s] -- Symlinking: /ros2_ws/install/f1tenth_mapping/share/f1tenth_mapping/local_setup.sh
[4.772s] -- Symlinking: /ros2_ws/install/f1tenth_mapping/share/f1tenth_mapping/local_setup.zsh
[4.791s] -- Symlinking: /ros2_ws/install/f1tenth_mapping/share/f1tenth_mapping/local_setup.dsv
[4.819s] -- Symlinking: /ros2_ws/install/f1tenth_mapping/share/f1tenth_mapping/package.dsv
[4.842s] -- Symlinking: /ros2_ws/install/f1tenth_mapping/share/ament_index/resource_index/packages/f1tenth_mapping
[4.864s] -- Symlinking: /ros2_ws/install/f1tenth_mapping/share/f1tenth_mapping/cmake/f1tenth_mappingConfig.cmake
[4.894s] -- Symlinking: /ros2_ws/install/f1tenth_mapping/share/f1tenth_mapping/cmake/f1tenth_mappingConfig-version.cmake
[4.920s] -- Symlinking: /ros2_ws/install/f1tenth_mapping/share/f1tenth_mapping/package.xml
[4.952s] -- Installing: /ros2_ws/install/f1tenth_mapping/lib/f1tenth_mapping/publish_odom.py
[4.963s] Invoked command in '/ros2_ws/build/f1tenth_mapping' returned '0': CMAKE_PREFIX_PATH=${CMAKE_PREFIX_PATH}:/ros2_ws/src/install/autodrive_f1tenth:/ros2_ws/install/autodrive_f1tenth:/opt/ros/foxy /usr/bin/cmake --install /ros2_ws/build/f1tenth_mapping
