/home/bhajneet/sim_racing/ros2_ws/install/stanley_avoidance/lib/python3.8/site-packages/stanley_avoidance/stanley_avoidance.py
/home/bhajneet/sim_racing/ros2_ws/install/stanley_avoidance/lib/python3.8/site-packages/stanley_avoidance/__init__.py
/home/bhajneet/sim_racing/ros2_ws/install/stanley_avoidance/lib/python3.8/site-packages/stanley_avoidance/__pycache__/stanley_avoidance.cpython-38.pyc
/home/bhajneet/sim_racing/ros2_ws/install/stanley_avoidance/lib/python3.8/site-packages/stanley_avoidance/__pycache__/__init__.cpython-38.pyc
/home/bhajneet/sim_racing/ros2_ws/install/stanley_avoidance/share/ament_index/resource_index/packages/stanley_avoidance
/home/bhajneet/sim_racing/ros2_ws/install/stanley_avoidance/share/stanley_avoidance/package.xml
/home/bhajneet/sim_racing/ros2_ws/install/stanley_avoidance/share/stanley_avoidance/racelines/first_map.csv
/home/bhajneet/sim_racing/ros2_ws/install/stanley_avoidance/share/stanley_avoidance/racelines/first_map_1.csv
/home/bhajneet/sim_racing/ros2_ws/install/stanley_avoidance/share/stanley_avoidance/launch/sim_stanley_avoidance_launch.py
/home/bhajneet/sim_racing/ros2_ws/install/stanley_avoidance/share/stanley_avoidance/launch/stanley_avoidance_launch.py
/home/bhajneet/sim_racing/ros2_ws/install/stanley_avoidance/share/stanley_avoidance/launch/stanley_avoidance.rviz
/home/bhajneet/sim_racing/ros2_ws/install/stanley_avoidance/share/stanley_avoidance/launch/sim_multi_agent_stanley_avoidance_launch.py
/home/bhajneet/sim_racing/ros2_ws/install/stanley_avoidance/share/stanley_avoidance/config/sim_config.yaml
/home/bhajneet/sim_racing/ros2_ws/install/stanley_avoidance/share/stanley_avoidance/config/config.yaml
/home/bhajneet/sim_racing/ros2_ws/install/stanley_avoidance/lib/python3.8/site-packages/stanley_avoidance-0.0.0-py3.8.egg-info/requires.txt
/home/bhajneet/sim_racing/ros2_ws/install/stanley_avoidance/lib/python3.8/site-packages/stanley_avoidance-0.0.0-py3.8.egg-info/entry_points.txt
/home/bhajneet/sim_racing/ros2_ws/install/stanley_avoidance/lib/python3.8/site-packages/stanley_avoidance-0.0.0-py3.8.egg-info/PKG-INFO
/home/bhajneet/sim_racing/ros2_ws/install/stanley_avoidance/lib/python3.8/site-packages/stanley_avoidance-0.0.0-py3.8.egg-info/SOURCES.txt
/home/bhajneet/sim_racing/ros2_ws/install/stanley_avoidance/lib/python3.8/site-packages/stanley_avoidance-0.0.0-py3.8.egg-info/dependency_links.txt
/home/bhajneet/sim_racing/ros2_ws/install/stanley_avoidance/lib/python3.8/site-packages/stanley_avoidance-0.0.0-py3.8.egg-info/zip-safe
/home/bhajneet/sim_racing/ros2_ws/install/stanley_avoidance/lib/python3.8/site-packages/stanley_avoidance-0.0.0-py3.8.egg-info/top_level.txt
/home/bhajneet/sim_racing/ros2_ws/install/stanley_avoidance/lib/stanley_avoidance/stanley_avoidance
