[1.026s] DEBUG:colcon:Command line arguments: ['/usr/bin/colcon', 'build', '--packages-select', 'pure_pursuit']
[1.027s] DEBUG:colcon:Parsed command line arguments: Namespace(ament_cmake_args=None, base_paths=['.'], build_base='build', catkin_cmake_args=None, catkin_skip_building_tests=False, cmake_args=None, cmake_clean_cache=False, cmake_clean_first=False, cmake_force_configure=False, cmake_target=None, cmake_target_skip_unavailable=False, continue_on_error=False, event_handlers=None, executor='parallel', ignore_user_meta=False, install_base='install', log_base=None, log_level=None, main=<bound method BuildVerb.main of <colcon_core.verb.build.BuildVerb object at 0x74f3659f6100>>, merge_install=False, metas=['./colcon.meta'], mixin=None, mixin_files=None, mixin_verb=('build',), packages_above=None, packages_above_and_dependencies=None, packages_above_depth=None, packages_end=None, packages_ignore=None, packages_ignore_regex=None, packages_select=['pure_pursuit'], packages_select_build_failed=False, packages_select_by_dep=None, packages_select_regex=None, packages_select_test_failures=False, packages_skip=None, packages_skip_build_finished=False, packages_skip_by_dep=None, packages_skip_regex=None, packages_skip_test_passed=False, packages_skip_up_to=None, packages_start=None, packages_up_to=None, packages_up_to_regex=None, parallel_workers=8, paths=None, symlink_install=False, test_result_base=None, verb_extension=<colcon_core.verb.build.BuildVerb object at 0x74f3659f6100>, verb_name='build', verb_parser=<colcon_mixin.mixin.mixin_argument.MixinArgumentDecorator object at 0x74f3659f6760>)
[1.124s] Level 1:colcon.colcon_core.package_discovery:discover_packages(colcon_meta) check parameters
[1.124s] Level 1:colcon.colcon_core.package_discovery:discover_packages(recursive) check parameters
[1.124s] Level 1:colcon.colcon_core.package_discovery:discover_packages(ignore) check parameters
[1.124s] Level 1:colcon.colcon_core.package_discovery:discover_packages(path) check parameters
[1.124s] Level 1:colcon.colcon_core.package_discovery:discover_packages(colcon_meta) discover
[1.125s] Level 1:colcon.colcon_core.package_discovery:discover_packages(recursive) discover
[1.125s] INFO:colcon.colcon_core.package_discovery:Crawling recursively for packages in '/home/bhajneet/sim_racing/ros2_ws'
[1.125s] Level 1:colcon.colcon_core.package_identification:_identify(.) by extensions ['ignore', 'ignore_ament_install']
[1.125s] Level 1:colcon.colcon_core.package_identification:_identify(.) by extension 'ignore'
[1.125s] Level 1:colcon.colcon_core.package_identification:_identify(.) by extension 'ignore_ament_install'
[1.125s] Level 1:colcon.colcon_core.package_identification:_identify(.) by extensions ['colcon_pkg']
[1.126s] Level 1:colcon.colcon_core.package_identification:_identify(.) by extension 'colcon_pkg'
[1.126s] Level 1:colcon.colcon_core.package_identification:_identify(.) by extensions ['colcon_meta']
[1.126s] Level 1:colcon.colcon_core.package_identification:_identify(.) by extension 'colcon_meta'
[1.126s] Level 1:colcon.colcon_core.package_identification:_identify(.) by extensions ['ros']
[1.126s] Level 1:colcon.colcon_core.package_identification:_identify(.) by extension 'ros'
[1.180s] Level 1:colcon.colcon_core.package_identification:_identify(.) by extensions ['cmake', 'python']
[1.181s] Level 1:colcon.colcon_core.package_identification:_identify(.) by extension 'cmake'
[1.181s] Level 1:colcon.colcon_core.package_identification:_identify(.) by extension 'python'
[1.182s] Level 1:colcon.colcon_core.package_identification:_identify(.) by extensions ['python_setup_py']
[1.182s] Level 1:colcon.colcon_core.package_identification:_identify(.) by extension 'python_setup_py'
[1.183s] Level 1:colcon.colcon_core.package_identification:_identify(build) by extensions ['ignore', 'ignore_ament_install']
[1.184s] Level 1:colcon.colcon_core.package_identification:_identify(build) by extension 'ignore'
[1.184s] Level 1:colcon.colcon_core.package_identification:_identify(build) ignored
[1.185s] Level 1:colcon.colcon_core.package_identification:_identify(install) by extensions ['ignore', 'ignore_ament_install']
[1.187s] Level 1:colcon.colcon_core.package_identification:_identify(install) by extension 'ignore'
[1.188s] Level 1:colcon.colcon_core.package_identification:_identify(install) ignored
[1.189s] Level 1:colcon.colcon_core.package_identification:_identify(log) by extensions ['ignore', 'ignore_ament_install']
[1.190s] Level 1:colcon.colcon_core.package_identification:_identify(log) by extension 'ignore'
[1.190s] Level 1:colcon.colcon_core.package_identification:_identify(log) ignored
[1.191s] Level 1:colcon.colcon_core.package_identification:_identify(src) by extensions ['ignore', 'ignore_ament_install']
[1.191s] Level 1:colcon.colcon_core.package_identification:_identify(src) by extension 'ignore'
[1.191s] Level 1:colcon.colcon_core.package_identification:_identify(src) by extension 'ignore_ament_install'
[1.192s] Level 1:colcon.colcon_core.package_identification:_identify(src) by extensions ['colcon_pkg']
[1.192s] Level 1:colcon.colcon_core.package_identification:_identify(src) by extension 'colcon_pkg'
[1.192s] Level 1:colcon.colcon_core.package_identification:_identify(src) by extensions ['colcon_meta']
[1.192s] Level 1:colcon.colcon_core.package_identification:_identify(src) by extension 'colcon_meta'
[1.192s] Level 1:colcon.colcon_core.package_identification:_identify(src) by extensions ['ros']
[1.192s] Level 1:colcon.colcon_core.package_identification:_identify(src) by extension 'ros'
[1.192s] Level 1:colcon.colcon_core.package_identification:_identify(src) by extensions ['cmake', 'python']
[1.192s] Level 1:colcon.colcon_core.package_identification:_identify(src) by extension 'cmake'
[1.192s] Level 1:colcon.colcon_core.package_identification:_identify(src) by extension 'python'
[1.192s] Level 1:colcon.colcon_core.package_identification:_identify(src) by extensions ['python_setup_py']
[1.193s] Level 1:colcon.colcon_core.package_identification:_identify(src) by extension 'python_setup_py'
[1.193s] Level 1:colcon.colcon_core.package_identification:_identify(src/autodrive_f1tenth) by extensions ['ignore', 'ignore_ament_install']
[1.194s] Level 1:colcon.colcon_core.package_identification:_identify(src/autodrive_f1tenth) by extension 'ignore'
[1.194s] Level 1:colcon.colcon_core.package_identification:_identify(src/autodrive_f1tenth) by extension 'ignore_ament_install'
[1.195s] Level 1:colcon.colcon_core.package_identification:_identify(src/autodrive_f1tenth) by extensions ['colcon_pkg']
[1.195s] Level 1:colcon.colcon_core.package_identification:_identify(src/autodrive_f1tenth) by extension 'colcon_pkg'
[1.195s] Level 1:colcon.colcon_core.package_identification:_identify(src/autodrive_f1tenth) by extensions ['colcon_meta']
[1.195s] Level 1:colcon.colcon_core.package_identification:_identify(src/autodrive_f1tenth) by extension 'colcon_meta'
[1.196s] Level 1:colcon.colcon_core.package_identification:_identify(src/autodrive_f1tenth) by extensions ['ros']
[1.196s] Level 1:colcon.colcon_core.package_identification:_identify(src/autodrive_f1tenth) by extension 'ros'
[1.205s] DEBUG:colcon.colcon_core.package_identification:Package 'src/autodrive_f1tenth' with type 'ros.ament_python' and name 'autodrive_f1tenth'
[1.205s] Level 1:colcon.colcon_core.package_identification:_identify(src/f1tenth_mapping) by extensions ['ignore', 'ignore_ament_install']
[1.206s] Level 1:colcon.colcon_core.package_identification:_identify(src/f1tenth_mapping) by extension 'ignore'
[1.206s] Level 1:colcon.colcon_core.package_identification:_identify(src/f1tenth_mapping) by extension 'ignore_ament_install'
[1.206s] Level 1:colcon.colcon_core.package_identification:_identify(src/f1tenth_mapping) by extensions ['colcon_pkg']
[1.206s] Level 1:colcon.colcon_core.package_identification:_identify(src/f1tenth_mapping) by extension 'colcon_pkg'
[1.206s] Level 1:colcon.colcon_core.package_identification:_identify(src/f1tenth_mapping) by extensions ['colcon_meta']
[1.206s] Level 1:colcon.colcon_core.package_identification:_identify(src/f1tenth_mapping) by extension 'colcon_meta'
[1.206s] Level 1:colcon.colcon_core.package_identification:_identify(src/f1tenth_mapping) by extensions ['ros']
[1.206s] Level 1:colcon.colcon_core.package_identification:_identify(src/f1tenth_mapping) by extension 'ros'
[1.207s] DEBUG:colcon.colcon_core.package_identification:Package 'src/f1tenth_mapping' with type 'ros.ament_cmake' and name 'f1tenth_mapping'
[1.208s] Level 1:colcon.colcon_core.package_identification:_identify(src/particle_filter) by extensions ['ignore', 'ignore_ament_install']
[1.208s] Level 1:colcon.colcon_core.package_identification:_identify(src/particle_filter) by extension 'ignore'
[1.208s] Level 1:colcon.colcon_core.package_identification:_identify(src/particle_filter) by extension 'ignore_ament_install'
[1.208s] Level 1:colcon.colcon_core.package_identification:_identify(src/particle_filter) by extensions ['colcon_pkg']
[1.208s] Level 1:colcon.colcon_core.package_identification:_identify(src/particle_filter) by extension 'colcon_pkg'
[1.209s] Level 1:colcon.colcon_core.package_identification:_identify(src/particle_filter) by extensions ['colcon_meta']
[1.209s] Level 1:colcon.colcon_core.package_identification:_identify(src/particle_filter) by extension 'colcon_meta'
[1.209s] Level 1:colcon.colcon_core.package_identification:_identify(src/particle_filter) by extensions ['ros']
[1.209s] Level 1:colcon.colcon_core.package_identification:_identify(src/particle_filter) by extension 'ros'
[1.211s] DEBUG:colcon.colcon_core.package_identification:Package 'src/particle_filter' with type 'ros.ament_python' and name 'particle_filter'
[1.212s] Level 1:colcon.colcon_core.package_identification:_identify(src/pure_pursuit) by extensions ['ignore', 'ignore_ament_install']
[1.212s] Level 1:colcon.colcon_core.package_identification:_identify(src/pure_pursuit) by extension 'ignore'
[1.212s] Level 1:colcon.colcon_core.package_identification:_identify(src/pure_pursuit) by extension 'ignore_ament_install'
[1.212s] Level 1:colcon.colcon_core.package_identification:_identify(src/pure_pursuit) by extensions ['colcon_pkg']
[1.212s] Level 1:colcon.colcon_core.package_identification:_identify(src/pure_pursuit) by extension 'colcon_pkg'
[1.212s] Level 1:colcon.colcon_core.package_identification:_identify(src/pure_pursuit) by extensions ['colcon_meta']
[1.212s] Level 1:colcon.colcon_core.package_identification:_identify(src/pure_pursuit) by extension 'colcon_meta'
[1.212s] Level 1:colcon.colcon_core.package_identification:_identify(src/pure_pursuit) by extensions ['ros']
[1.212s] Level 1:colcon.colcon_core.package_identification:_identify(src/pure_pursuit) by extension 'ros'
[1.214s] DEBUG:colcon.colcon_core.package_identification:Package 'src/pure_pursuit' with type 'ros.ament_cmake' and name 'pure_pursuit'
[1.215s] Level 1:colcon.colcon_core.package_identification:_identify(src/raceline) by extensions ['ignore', 'ignore_ament_install']
[1.215s] Level 1:colcon.colcon_core.package_identification:_identify(src/raceline) by extension 'ignore'
[1.215s] Level 1:colcon.colcon_core.package_identification:_identify(src/raceline) by extension 'ignore_ament_install'
[1.215s] Level 1:colcon.colcon_core.package_identification:_identify(src/raceline) by extensions ['colcon_pkg']
[1.215s] Level 1:colcon.colcon_core.package_identification:_identify(src/raceline) by extension 'colcon_pkg'
[1.215s] Level 1:colcon.colcon_core.package_identification:_identify(src/raceline) by extensions ['colcon_meta']
[1.215s] Level 1:colcon.colcon_core.package_identification:_identify(src/raceline) by extension 'colcon_meta'
[1.215s] Level 1:colcon.colcon_core.package_identification:_identify(src/raceline) by extensions ['ros']
[1.215s] Level 1:colcon.colcon_core.package_identification:_identify(src/raceline) by extension 'ros'
[1.215s] Level 1:colcon.colcon_core.package_identification:_identify(src/raceline) by extensions ['cmake', 'python']
[1.216s] Level 1:colcon.colcon_core.package_identification:_identify(src/raceline) by extension 'cmake'
[1.216s] Level 1:colcon.colcon_core.package_identification:_identify(src/raceline) by extension 'python'
[1.216s] Level 1:colcon.colcon_core.package_identification:_identify(src/raceline) by extensions ['python_setup_py']
[1.216s] Level 1:colcon.colcon_core.package_identification:_identify(src/raceline) by extension 'python_setup_py'
[1.216s] Level 1:colcon.colcon_core.package_identification:_identify(src/raceline/Raceline-Optimization) by extensions ['ignore', 'ignore_ament_install']
[1.216s] Level 1:colcon.colcon_core.package_identification:_identify(src/raceline/Raceline-Optimization) by extension 'ignore'
[1.216s] Level 1:colcon.colcon_core.package_identification:_identify(src/raceline/Raceline-Optimization) by extension 'ignore_ament_install'
[1.216s] Level 1:colcon.colcon_core.package_identification:_identify(src/raceline/Raceline-Optimization) by extensions ['colcon_pkg']
[1.216s] Level 1:colcon.colcon_core.package_identification:_identify(src/raceline/Raceline-Optimization) by extension 'colcon_pkg'
[1.216s] Level 1:colcon.colcon_core.package_identification:_identify(src/raceline/Raceline-Optimization) by extensions ['colcon_meta']
[1.217s] Level 1:colcon.colcon_core.package_identification:_identify(src/raceline/Raceline-Optimization) by extension 'colcon_meta'
[1.217s] Level 1:colcon.colcon_core.package_identification:_identify(src/raceline/Raceline-Optimization) by extensions ['ros']
[1.217s] Level 1:colcon.colcon_core.package_identification:_identify(src/raceline/Raceline-Optimization) by extension 'ros'
[1.217s] Level 1:colcon.colcon_core.package_identification:_identify(src/raceline/Raceline-Optimization) by extensions ['cmake', 'python']
[1.217s] Level 1:colcon.colcon_core.package_identification:_identify(src/raceline/Raceline-Optimization) by extension 'cmake'
[1.217s] Level 1:colcon.colcon_core.package_identification:_identify(src/raceline/Raceline-Optimization) by extension 'python'
[1.217s] Level 1:colcon.colcon_core.package_identification:_identify(src/raceline/Raceline-Optimization) by extensions ['python_setup_py']
[1.217s] Level 1:colcon.colcon_core.package_identification:_identify(src/raceline/Raceline-Optimization) by extension 'python_setup_py'
[1.217s] Level 1:colcon.colcon_core.package_identification:_identify(src/raceline/Raceline-Optimization/frictionmap) by extensions ['ignore', 'ignore_ament_install']
[1.217s] Level 1:colcon.colcon_core.package_identification:_identify(src/raceline/Raceline-Optimization/frictionmap) by extension 'ignore'
[1.217s] Level 1:colcon.colcon_core.package_identification:_identify(src/raceline/Raceline-Optimization/frictionmap) by extension 'ignore_ament_install'
[1.218s] Level 1:colcon.colcon_core.package_identification:_identify(src/raceline/Raceline-Optimization/frictionmap) by extensions ['colcon_pkg']
[1.218s] Level 1:colcon.colcon_core.package_identification:_identify(src/raceline/Raceline-Optimization/frictionmap) by extension 'colcon_pkg'
[1.218s] Level 1:colcon.colcon_core.package_identification:_identify(src/raceline/Raceline-Optimization/frictionmap) by extensions ['colcon_meta']
[1.218s] Level 1:colcon.colcon_core.package_identification:_identify(src/raceline/Raceline-Optimization/frictionmap) by extension 'colcon_meta'
[1.218s] Level 1:colcon.colcon_core.package_identification:_identify(src/raceline/Raceline-Optimization/frictionmap) by extensions ['ros']
[1.218s] Level 1:colcon.colcon_core.package_identification:_identify(src/raceline/Raceline-Optimization/frictionmap) by extension 'ros'
[1.218s] Level 1:colcon.colcon_core.package_identification:_identify(src/raceline/Raceline-Optimization/frictionmap) by extensions ['cmake', 'python']
[1.218s] Level 1:colcon.colcon_core.package_identification:_identify(src/raceline/Raceline-Optimization/frictionmap) by extension 'cmake'
[1.218s] Level 1:colcon.colcon_core.package_identification:_identify(src/raceline/Raceline-Optimization/frictionmap) by extension 'python'
[1.218s] Level 1:colcon.colcon_core.package_identification:_identify(src/raceline/Raceline-Optimization/frictionmap) by extensions ['python_setup_py']
[1.218s] Level 1:colcon.colcon_core.package_identification:_identify(src/raceline/Raceline-Optimization/frictionmap) by extension 'python_setup_py'
[1.219s] Level 1:colcon.colcon_core.package_identification:_identify(src/raceline/Raceline-Optimization/frictionmap/src) by extensions ['ignore', 'ignore_ament_install']
[1.220s] Level 1:colcon.colcon_core.package_identification:_identify(src/raceline/Raceline-Optimization/frictionmap/src) by extension 'ignore'
[1.220s] Level 1:colcon.colcon_core.package_identification:_identify(src/raceline/Raceline-Optimization/frictionmap/src) by extension 'ignore_ament_install'
[1.221s] Level 1:colcon.colcon_core.package_identification:_identify(src/raceline/Raceline-Optimization/frictionmap/src) by extensions ['colcon_pkg']
[1.221s] Level 1:colcon.colcon_core.package_identification:_identify(src/raceline/Raceline-Optimization/frictionmap/src) by extension 'colcon_pkg'
[1.221s] Level 1:colcon.colcon_core.package_identification:_identify(src/raceline/Raceline-Optimization/frictionmap/src) by extensions ['colcon_meta']
[1.221s] Level 1:colcon.colcon_core.package_identification:_identify(src/raceline/Raceline-Optimization/frictionmap/src) by extension 'colcon_meta'
[1.221s] Level 1:colcon.colcon_core.package_identification:_identify(src/raceline/Raceline-Optimization/frictionmap/src) by extensions ['ros']
[1.222s] Level 1:colcon.colcon_core.package_identification:_identify(src/raceline/Raceline-Optimization/frictionmap/src) by extension 'ros'
[1.222s] Level 1:colcon.colcon_core.package_identification:_identify(src/raceline/Raceline-Optimization/frictionmap/src) by extensions ['cmake', 'python']
[1.223s] Level 1:colcon.colcon_core.package_identification:_identify(src/raceline/Raceline-Optimization/frictionmap/src) by extension 'cmake'
[1.223s] Level 1:colcon.colcon_core.package_identification:_identify(src/raceline/Raceline-Optimization/frictionmap/src) by extension 'python'
[1.223s] Level 1:colcon.colcon_core.package_identification:_identify(src/raceline/Raceline-Optimization/frictionmap/src) by extensions ['python_setup_py']
[1.224s] Level 1:colcon.colcon_core.package_identification:_identify(src/raceline/Raceline-Optimization/frictionmap/src) by extension 'python_setup_py'
[1.224s] Level 1:colcon.colcon_core.package_identification:_identify(src/raceline/Raceline-Optimization/helper_funcs_glob) by extensions ['ignore', 'ignore_ament_install']
[1.224s] Level 1:colcon.colcon_core.package_identification:_identify(src/raceline/Raceline-Optimization/helper_funcs_glob) by extension 'ignore'
[1.224s] Level 1:colcon.colcon_core.package_identification:_identify(src/raceline/Raceline-Optimization/helper_funcs_glob) by extension 'ignore_ament_install'
[1.225s] Level 1:colcon.colcon_core.package_identification:_identify(src/raceline/Raceline-Optimization/helper_funcs_glob) by extensions ['colcon_pkg']
[1.225s] Level 1:colcon.colcon_core.package_identification:_identify(src/raceline/Raceline-Optimization/helper_funcs_glob) by extension 'colcon_pkg'
[1.225s] Level 1:colcon.colcon_core.package_identification:_identify(src/raceline/Raceline-Optimization/helper_funcs_glob) by extensions ['colcon_meta']
[1.225s] Level 1:colcon.colcon_core.package_identification:_identify(src/raceline/Raceline-Optimization/helper_funcs_glob) by extension 'colcon_meta'
[1.225s] Level 1:colcon.colcon_core.package_identification:_identify(src/raceline/Raceline-Optimization/helper_funcs_glob) by extensions ['ros']
[1.225s] Level 1:colcon.colcon_core.package_identification:_identify(src/raceline/Raceline-Optimization/helper_funcs_glob) by extension 'ros'
[1.225s] Level 1:colcon.colcon_core.package_identification:_identify(src/raceline/Raceline-Optimization/helper_funcs_glob) by extensions ['cmake', 'python']
[1.225s] Level 1:colcon.colcon_core.package_identification:_identify(src/raceline/Raceline-Optimization/helper_funcs_glob) by extension 'cmake'
[1.225s] Level 1:colcon.colcon_core.package_identification:_identify(src/raceline/Raceline-Optimization/helper_funcs_glob) by extension 'python'
[1.225s] Level 1:colcon.colcon_core.package_identification:_identify(src/raceline/Raceline-Optimization/helper_funcs_glob) by extensions ['python_setup_py']
[1.226s] Level 1:colcon.colcon_core.package_identification:_identify(src/raceline/Raceline-Optimization/helper_funcs_glob) by extension 'python_setup_py'
[1.226s] Level 1:colcon.colcon_core.package_identification:_identify(src/raceline/Raceline-Optimization/helper_funcs_glob/__pycache__) by extensions ['ignore', 'ignore_ament_install']
[1.226s] Level 1:colcon.colcon_core.package_identification:_identify(src/raceline/Raceline-Optimization/helper_funcs_glob/__pycache__) by extension 'ignore'
[1.226s] Level 1:colcon.colcon_core.package_identification:_identify(src/raceline/Raceline-Optimization/helper_funcs_glob/__pycache__) by extension 'ignore_ament_install'
[1.227s] Level 1:colcon.colcon_core.package_identification:_identify(src/raceline/Raceline-Optimization/helper_funcs_glob/__pycache__) by extensions ['colcon_pkg']
[1.227s] Level 1:colcon.colcon_core.package_identification:_identify(src/raceline/Raceline-Optimization/helper_funcs_glob/__pycache__) by extension 'colcon_pkg'
[1.227s] Level 1:colcon.colcon_core.package_identification:_identify(src/raceline/Raceline-Optimization/helper_funcs_glob/__pycache__) by extensions ['colcon_meta']
[1.227s] Level 1:colcon.colcon_core.package_identification:_identify(src/raceline/Raceline-Optimization/helper_funcs_glob/__pycache__) by extension 'colcon_meta'
[1.227s] Level 1:colcon.colcon_core.package_identification:_identify(src/raceline/Raceline-Optimization/helper_funcs_glob/__pycache__) by extensions ['ros']
[1.227s] Level 1:colcon.colcon_core.package_identification:_identify(src/raceline/Raceline-Optimization/helper_funcs_glob/__pycache__) by extension 'ros'
[1.228s] Level 1:colcon.colcon_core.package_identification:_identify(src/raceline/Raceline-Optimization/helper_funcs_glob/__pycache__) by extensions ['cmake', 'python']
[1.228s] Level 1:colcon.colcon_core.package_identification:_identify(src/raceline/Raceline-Optimization/helper_funcs_glob/__pycache__) by extension 'cmake'
[1.228s] Level 1:colcon.colcon_core.package_identification:_identify(src/raceline/Raceline-Optimization/helper_funcs_glob/__pycache__) by extension 'python'
[1.228s] Level 1:colcon.colcon_core.package_identification:_identify(src/raceline/Raceline-Optimization/helper_funcs_glob/__pycache__) by extensions ['python_setup_py']
[1.229s] Level 1:colcon.colcon_core.package_identification:_identify(src/raceline/Raceline-Optimization/helper_funcs_glob/__pycache__) by extension 'python_setup_py'
[1.229s] Level 1:colcon.colcon_core.package_identification:_identify(src/raceline/Raceline-Optimization/helper_funcs_glob/src) by extensions ['ignore', 'ignore_ament_install']
[1.229s] Level 1:colcon.colcon_core.package_identification:_identify(src/raceline/Raceline-Optimization/helper_funcs_glob/src) by extension 'ignore'
[1.229s] Level 1:colcon.colcon_core.package_identification:_identify(src/raceline/Raceline-Optimization/helper_funcs_glob/src) by extension 'ignore_ament_install'
[1.230s] Level 1:colcon.colcon_core.package_identification:_identify(src/raceline/Raceline-Optimization/helper_funcs_glob/src) by extensions ['colcon_pkg']
[1.230s] Level 1:colcon.colcon_core.package_identification:_identify(src/raceline/Raceline-Optimization/helper_funcs_glob/src) by extension 'colcon_pkg'
[1.230s] Level 1:colcon.colcon_core.package_identification:_identify(src/raceline/Raceline-Optimization/helper_funcs_glob/src) by extensions ['colcon_meta']
[1.230s] Level 1:colcon.colcon_core.package_identification:_identify(src/raceline/Raceline-Optimization/helper_funcs_glob/src) by extension 'colcon_meta'
[1.230s] Level 1:colcon.colcon_core.package_identification:_identify(src/raceline/Raceline-Optimization/helper_funcs_glob/src) by extensions ['ros']
[1.230s] Level 1:colcon.colcon_core.package_identification:_identify(src/raceline/Raceline-Optimization/helper_funcs_glob/src) by extension 'ros'
[1.230s] Level 1:colcon.colcon_core.package_identification:_identify(src/raceline/Raceline-Optimization/helper_funcs_glob/src) by extensions ['cmake', 'python']
[1.230s] Level 1:colcon.colcon_core.package_identification:_identify(src/raceline/Raceline-Optimization/helper_funcs_glob/src) by extension 'cmake'
[1.230s] Level 1:colcon.colcon_core.package_identification:_identify(src/raceline/Raceline-Optimization/helper_funcs_glob/src) by extension 'python'
[1.230s] Level 1:colcon.colcon_core.package_identification:_identify(src/raceline/Raceline-Optimization/helper_funcs_glob/src) by extensions ['python_setup_py']
[1.230s] Level 1:colcon.colcon_core.package_identification:_identify(src/raceline/Raceline-Optimization/helper_funcs_glob/src) by extension 'python_setup_py'
[1.231s] Level 1:colcon.colcon_core.package_identification:_identify(src/raceline/Raceline-Optimization/helper_funcs_glob/src/__pycache__) by extensions ['ignore', 'ignore_ament_install']
[1.231s] Level 1:colcon.colcon_core.package_identification:_identify(src/raceline/Raceline-Optimization/helper_funcs_glob/src/__pycache__) by extension 'ignore'
[1.231s] Level 1:colcon.colcon_core.package_identification:_identify(src/raceline/Raceline-Optimization/helper_funcs_glob/src/__pycache__) by extension 'ignore_ament_install'
[1.231s] Level 1:colcon.colcon_core.package_identification:_identify(src/raceline/Raceline-Optimization/helper_funcs_glob/src/__pycache__) by extensions ['colcon_pkg']
[1.231s] Level 1:colcon.colcon_core.package_identification:_identify(src/raceline/Raceline-Optimization/helper_funcs_glob/src/__pycache__) by extension 'colcon_pkg'
[1.231s] Level 1:colcon.colcon_core.package_identification:_identify(src/raceline/Raceline-Optimization/helper_funcs_glob/src/__pycache__) by extensions ['colcon_meta']
[1.231s] Level 1:colcon.colcon_core.package_identification:_identify(src/raceline/Raceline-Optimization/helper_funcs_glob/src/__pycache__) by extension 'colcon_meta'
[1.231s] Level 1:colcon.colcon_core.package_identification:_identify(src/raceline/Raceline-Optimization/helper_funcs_glob/src/__pycache__) by extensions ['ros']
[1.231s] Level 1:colcon.colcon_core.package_identification:_identify(src/raceline/Raceline-Optimization/helper_funcs_glob/src/__pycache__) by extension 'ros'
[1.231s] Level 1:colcon.colcon_core.package_identification:_identify(src/raceline/Raceline-Optimization/helper_funcs_glob/src/__pycache__) by extensions ['cmake', 'python']
[1.231s] Level 1:colcon.colcon_core.package_identification:_identify(src/raceline/Raceline-Optimization/helper_funcs_glob/src/__pycache__) by extension 'cmake'
[1.232s] Level 1:colcon.colcon_core.package_identification:_identify(src/raceline/Raceline-Optimization/helper_funcs_glob/src/__pycache__) by extension 'python'
[1.232s] Level 1:colcon.colcon_core.package_identification:_identify(src/raceline/Raceline-Optimization/helper_funcs_glob/src/__pycache__) by extensions ['python_setup_py']
[1.232s] Level 1:colcon.colcon_core.package_identification:_identify(src/raceline/Raceline-Optimization/helper_funcs_glob/src/__pycache__) by extension 'python_setup_py'
[1.232s] Level 1:colcon.colcon_core.package_identification:_identify(src/raceline/Raceline-Optimization/inputs) by extensions ['ignore', 'ignore_ament_install']
[1.232s] Level 1:colcon.colcon_core.package_identification:_identify(src/raceline/Raceline-Optimization/inputs) by extension 'ignore'
[1.232s] Level 1:colcon.colcon_core.package_identification:_identify(src/raceline/Raceline-Optimization/inputs) by extension 'ignore_ament_install'
[1.232s] Level 1:colcon.colcon_core.package_identification:_identify(src/raceline/Raceline-Optimization/inputs) by extensions ['colcon_pkg']
[1.232s] Level 1:colcon.colcon_core.package_identification:_identify(src/raceline/Raceline-Optimization/inputs) by extension 'colcon_pkg'
[1.232s] Level 1:colcon.colcon_core.package_identification:_identify(src/raceline/Raceline-Optimization/inputs) by extensions ['colcon_meta']
[1.232s] Level 1:colcon.colcon_core.package_identification:_identify(src/raceline/Raceline-Optimization/inputs) by extension 'colcon_meta'
[1.233s] Level 1:colcon.colcon_core.package_identification:_identify(src/raceline/Raceline-Optimization/inputs) by extensions ['ros']
[1.233s] Level 1:colcon.colcon_core.package_identification:_identify(src/raceline/Raceline-Optimization/inputs) by extension 'ros'
[1.233s] Level 1:colcon.colcon_core.package_identification:_identify(src/raceline/Raceline-Optimization/inputs) by extensions ['cmake', 'python']
[1.233s] Level 1:colcon.colcon_core.package_identification:_identify(src/raceline/Raceline-Optimization/inputs) by extension 'cmake'
[1.233s] Level 1:colcon.colcon_core.package_identification:_identify(src/raceline/Raceline-Optimization/inputs) by extension 'python'
[1.233s] Level 1:colcon.colcon_core.package_identification:_identify(src/raceline/Raceline-Optimization/inputs) by extensions ['python_setup_py']
[1.233s] Level 1:colcon.colcon_core.package_identification:_identify(src/raceline/Raceline-Optimization/inputs) by extension 'python_setup_py'
[1.234s] Level 1:colcon.colcon_core.package_identification:_identify(src/raceline/Raceline-Optimization/inputs/frictionmaps) by extensions ['ignore', 'ignore_ament_install']
[1.234s] Level 1:colcon.colcon_core.package_identification:_identify(src/raceline/Raceline-Optimization/inputs/frictionmaps) by extension 'ignore'
[1.234s] Level 1:colcon.colcon_core.package_identification:_identify(src/raceline/Raceline-Optimization/inputs/frictionmaps) by extension 'ignore_ament_install'
[1.234s] Level 1:colcon.colcon_core.package_identification:_identify(src/raceline/Raceline-Optimization/inputs/frictionmaps) by extensions ['colcon_pkg']
[1.234s] Level 1:colcon.colcon_core.package_identification:_identify(src/raceline/Raceline-Optimization/inputs/frictionmaps) by extension 'colcon_pkg'
[1.234s] Level 1:colcon.colcon_core.package_identification:_identify(src/raceline/Raceline-Optimization/inputs/frictionmaps) by extensions ['colcon_meta']
[1.234s] Level 1:colcon.colcon_core.package_identification:_identify(src/raceline/Raceline-Optimization/inputs/frictionmaps) by extension 'colcon_meta'
[1.234s] Level 1:colcon.colcon_core.package_identification:_identify(src/raceline/Raceline-Optimization/inputs/frictionmaps) by extensions ['ros']
[1.234s] Level 1:colcon.colcon_core.package_identification:_identify(src/raceline/Raceline-Optimization/inputs/frictionmaps) by extension 'ros'
[1.235s] Level 1:colcon.colcon_core.package_identification:_identify(src/raceline/Raceline-Optimization/inputs/frictionmaps) by extensions ['cmake', 'python']
[1.235s] Level 1:colcon.colcon_core.package_identification:_identify(src/raceline/Raceline-Optimization/inputs/frictionmaps) by extension 'cmake'
[1.235s] Level 1:colcon.colcon_core.package_identification:_identify(src/raceline/Raceline-Optimization/inputs/frictionmaps) by extension 'python'
[1.235s] Level 1:colcon.colcon_core.package_identification:_identify(src/raceline/Raceline-Optimization/inputs/frictionmaps) by extensions ['python_setup_py']
[1.235s] Level 1:colcon.colcon_core.package_identification:_identify(src/raceline/Raceline-Optimization/inputs/frictionmaps) by extension 'python_setup_py'
[1.235s] Level 1:colcon.colcon_core.package_identification:_identify(src/raceline/Raceline-Optimization/inputs/tracks) by extensions ['ignore', 'ignore_ament_install']
[1.235s] Level 1:colcon.colcon_core.package_identification:_identify(src/raceline/Raceline-Optimization/inputs/tracks) by extension 'ignore'
[1.236s] Level 1:colcon.colcon_core.package_identification:_identify(src/raceline/Raceline-Optimization/inputs/tracks) by extension 'ignore_ament_install'
[1.236s] Level 1:colcon.colcon_core.package_identification:_identify(src/raceline/Raceline-Optimization/inputs/tracks) by extensions ['colcon_pkg']
[1.236s] Level 1:colcon.colcon_core.package_identification:_identify(src/raceline/Raceline-Optimization/inputs/tracks) by extension 'colcon_pkg'
[1.236s] Level 1:colcon.colcon_core.package_identification:_identify(src/raceline/Raceline-Optimization/inputs/tracks) by extensions ['colcon_meta']
[1.236s] Level 1:colcon.colcon_core.package_identification:_identify(src/raceline/Raceline-Optimization/inputs/tracks) by extension 'colcon_meta'
[1.236s] Level 1:colcon.colcon_core.package_identification:_identify(src/raceline/Raceline-Optimization/inputs/tracks) by extensions ['ros']
[1.236s] Level 1:colcon.colcon_core.package_identification:_identify(src/raceline/Raceline-Optimization/inputs/tracks) by extension 'ros'
[1.236s] Level 1:colcon.colcon_core.package_identification:_identify(src/raceline/Raceline-Optimization/inputs/tracks) by extensions ['cmake', 'python']
[1.236s] Level 1:colcon.colcon_core.package_identification:_identify(src/raceline/Raceline-Optimization/inputs/tracks) by extension 'cmake'
[1.237s] Level 1:colcon.colcon_core.package_identification:_identify(src/raceline/Raceline-Optimization/inputs/tracks) by extension 'python'
[1.237s] Level 1:colcon.colcon_core.package_identification:_identify(src/raceline/Raceline-Optimization/inputs/tracks) by extensions ['python_setup_py']
[1.237s] Level 1:colcon.colcon_core.package_identification:_identify(src/raceline/Raceline-Optimization/inputs/tracks) by extension 'python_setup_py'
[1.237s] Level 1:colcon.colcon_core.package_identification:_identify(src/raceline/Raceline-Optimization/inputs/veh_dyn_info) by extensions ['ignore', 'ignore_ament_install']
[1.237s] Level 1:colcon.colcon_core.package_identification:_identify(src/raceline/Raceline-Optimization/inputs/veh_dyn_info) by extension 'ignore'
[1.237s] Level 1:colcon.colcon_core.package_identification:_identify(src/raceline/Raceline-Optimization/inputs/veh_dyn_info) by extension 'ignore_ament_install'
[1.237s] Level 1:colcon.colcon_core.package_identification:_identify(src/raceline/Raceline-Optimization/inputs/veh_dyn_info) by extensions ['colcon_pkg']
[1.237s] Level 1:colcon.colcon_core.package_identification:_identify(src/raceline/Raceline-Optimization/inputs/veh_dyn_info) by extension 'colcon_pkg'
[1.237s] Level 1:colcon.colcon_core.package_identification:_identify(src/raceline/Raceline-Optimization/inputs/veh_dyn_info) by extensions ['colcon_meta']
[1.238s] Level 1:colcon.colcon_core.package_identification:_identify(src/raceline/Raceline-Optimization/inputs/veh_dyn_info) by extension 'colcon_meta'
[1.238s] Level 1:colcon.colcon_core.package_identification:_identify(src/raceline/Raceline-Optimization/inputs/veh_dyn_info) by extensions ['ros']
[1.238s] Level 1:colcon.colcon_core.package_identification:_identify(src/raceline/Raceline-Optimization/inputs/veh_dyn_info) by extension 'ros'
[1.238s] Level 1:colcon.colcon_core.package_identification:_identify(src/raceline/Raceline-Optimization/inputs/veh_dyn_info) by extensions ['cmake', 'python']
[1.238s] Level 1:colcon.colcon_core.package_identification:_identify(src/raceline/Raceline-Optimization/inputs/veh_dyn_info) by extension 'cmake'
[1.238s] Level 1:colcon.colcon_core.package_identification:_identify(src/raceline/Raceline-Optimization/inputs/veh_dyn_info) by extension 'python'
[1.238s] Level 1:colcon.colcon_core.package_identification:_identify(src/raceline/Raceline-Optimization/inputs/veh_dyn_info) by extensions ['python_setup_py']
[1.238s] Level 1:colcon.colcon_core.package_identification:_identify(src/raceline/Raceline-Optimization/inputs/veh_dyn_info) by extension 'python_setup_py'
[1.238s] Level 1:colcon.colcon_core.package_identification:_identify(src/raceline/Raceline-Optimization/maps) by extensions ['ignore', 'ignore_ament_install']
[1.239s] Level 1:colcon.colcon_core.package_identification:_identify(src/raceline/Raceline-Optimization/maps) by extension 'ignore'
[1.239s] Level 1:colcon.colcon_core.package_identification:_identify(src/raceline/Raceline-Optimization/maps) by extension 'ignore_ament_install'
[1.239s] Level 1:colcon.colcon_core.package_identification:_identify(src/raceline/Raceline-Optimization/maps) by extensions ['colcon_pkg']
[1.239s] Level 1:colcon.colcon_core.package_identification:_identify(src/raceline/Raceline-Optimization/maps) by extension 'colcon_pkg'
[1.239s] Level 1:colcon.colcon_core.package_identification:_identify(src/raceline/Raceline-Optimization/maps) by extensions ['colcon_meta']
[1.239s] Level 1:colcon.colcon_core.package_identification:_identify(src/raceline/Raceline-Optimization/maps) by extension 'colcon_meta'
[1.239s] Level 1:colcon.colcon_core.package_identification:_identify(src/raceline/Raceline-Optimization/maps) by extensions ['ros']
[1.239s] Level 1:colcon.colcon_core.package_identification:_identify(src/raceline/Raceline-Optimization/maps) by extension 'ros'
[1.240s] Level 1:colcon.colcon_core.package_identification:_identify(src/raceline/Raceline-Optimization/maps) by extensions ['cmake', 'python']
[1.240s] Level 1:colcon.colcon_core.package_identification:_identify(src/raceline/Raceline-Optimization/maps) by extension 'cmake'
[1.240s] Level 1:colcon.colcon_core.package_identification:_identify(src/raceline/Raceline-Optimization/maps) by extension 'python'
[1.240s] Level 1:colcon.colcon_core.package_identification:_identify(src/raceline/Raceline-Optimization/maps) by extensions ['python_setup_py']
[1.240s] Level 1:colcon.colcon_core.package_identification:_identify(src/raceline/Raceline-Optimization/maps) by extension 'python_setup_py'
[1.240s] Level 1:colcon.colcon_core.package_identification:_identify(src/raceline/Raceline-Optimization/opt_mintime_traj) by extensions ['ignore', 'ignore_ament_install']
[1.240s] Level 1:colcon.colcon_core.package_identification:_identify(src/raceline/Raceline-Optimization/opt_mintime_traj) by extension 'ignore'
[1.240s] Level 1:colcon.colcon_core.package_identification:_identify(src/raceline/Raceline-Optimization/opt_mintime_traj) by extension 'ignore_ament_install'
[1.241s] Level 1:colcon.colcon_core.package_identification:_identify(src/raceline/Raceline-Optimization/opt_mintime_traj) by extensions ['colcon_pkg']
[1.241s] Level 1:colcon.colcon_core.package_identification:_identify(src/raceline/Raceline-Optimization/opt_mintime_traj) by extension 'colcon_pkg'
[1.241s] Level 1:colcon.colcon_core.package_identification:_identify(src/raceline/Raceline-Optimization/opt_mintime_traj) by extensions ['colcon_meta']
[1.241s] Level 1:colcon.colcon_core.package_identification:_identify(src/raceline/Raceline-Optimization/opt_mintime_traj) by extension 'colcon_meta'
[1.241s] Level 1:colcon.colcon_core.package_identification:_identify(src/raceline/Raceline-Optimization/opt_mintime_traj) by extensions ['ros']
[1.241s] Level 1:colcon.colcon_core.package_identification:_identify(src/raceline/Raceline-Optimization/opt_mintime_traj) by extension 'ros'
[1.241s] Level 1:colcon.colcon_core.package_identification:_identify(src/raceline/Raceline-Optimization/opt_mintime_traj) by extensions ['cmake', 'python']
[1.241s] Level 1:colcon.colcon_core.package_identification:_identify(src/raceline/Raceline-Optimization/opt_mintime_traj) by extension 'cmake'
[1.241s] Level 1:colcon.colcon_core.package_identification:_identify(src/raceline/Raceline-Optimization/opt_mintime_traj) by extension 'python'
[1.241s] Level 1:colcon.colcon_core.package_identification:_identify(src/raceline/Raceline-Optimization/opt_mintime_traj) by extensions ['python_setup_py']
[1.241s] Level 1:colcon.colcon_core.package_identification:_identify(src/raceline/Raceline-Optimization/opt_mintime_traj) by extension 'python_setup_py'
[1.242s] Level 1:colcon.colcon_core.package_identification:_identify(src/raceline/Raceline-Optimization/opt_mintime_traj/__pycache__) by extensions ['ignore', 'ignore_ament_install']
[1.242s] Level 1:colcon.colcon_core.package_identification:_identify(src/raceline/Raceline-Optimization/opt_mintime_traj/__pycache__) by extension 'ignore'
[1.242s] Level 1:colcon.colcon_core.package_identification:_identify(src/raceline/Raceline-Optimization/opt_mintime_traj/__pycache__) by extension 'ignore_ament_install'
[1.242s] Level 1:colcon.colcon_core.package_identification:_identify(src/raceline/Raceline-Optimization/opt_mintime_traj/__pycache__) by extensions ['colcon_pkg']
[1.242s] Level 1:colcon.colcon_core.package_identification:_identify(src/raceline/Raceline-Optimization/opt_mintime_traj/__pycache__) by extension 'colcon_pkg'
[1.242s] Level 1:colcon.colcon_core.package_identification:_identify(src/raceline/Raceline-Optimization/opt_mintime_traj/__pycache__) by extensions ['colcon_meta']
[1.242s] Level 1:colcon.colcon_core.package_identification:_identify(src/raceline/Raceline-Optimization/opt_mintime_traj/__pycache__) by extension 'colcon_meta'
[1.242s] Level 1:colcon.colcon_core.package_identification:_identify(src/raceline/Raceline-Optimization/opt_mintime_traj/__pycache__) by extensions ['ros']
[1.243s] Level 1:colcon.colcon_core.package_identification:_identify(src/raceline/Raceline-Optimization/opt_mintime_traj/__pycache__) by extension 'ros'
[1.243s] Level 1:colcon.colcon_core.package_identification:_identify(src/raceline/Raceline-Optimization/opt_mintime_traj/__pycache__) by extensions ['cmake', 'python']
[1.243s] Level 1:colcon.colcon_core.package_identification:_identify(src/raceline/Raceline-Optimization/opt_mintime_traj/__pycache__) by extension 'cmake'
[1.243s] Level 1:colcon.colcon_core.package_identification:_identify(src/raceline/Raceline-Optimization/opt_mintime_traj/__pycache__) by extension 'python'
[1.243s] Level 1:colcon.colcon_core.package_identification:_identify(src/raceline/Raceline-Optimization/opt_mintime_traj/__pycache__) by extensions ['python_setup_py']
[1.243s] Level 1:colcon.colcon_core.package_identification:_identify(src/raceline/Raceline-Optimization/opt_mintime_traj/__pycache__) by extension 'python_setup_py'
[1.243s] Level 1:colcon.colcon_core.package_identification:_identify(src/raceline/Raceline-Optimization/opt_mintime_traj/powertrain_src) by extensions ['ignore', 'ignore_ament_install']
[1.244s] Level 1:colcon.colcon_core.package_identification:_identify(src/raceline/Raceline-Optimization/opt_mintime_traj/powertrain_src) by extension 'ignore'
[1.244s] Level 1:colcon.colcon_core.package_identification:_identify(src/raceline/Raceline-Optimization/opt_mintime_traj/powertrain_src) by extension 'ignore_ament_install'
[1.244s] Level 1:colcon.colcon_core.package_identification:_identify(src/raceline/Raceline-Optimization/opt_mintime_traj/powertrain_src) by extensions ['colcon_pkg']
[1.244s] Level 1:colcon.colcon_core.package_identification:_identify(src/raceline/Raceline-Optimization/opt_mintime_traj/powertrain_src) by extension 'colcon_pkg'
[1.244s] Level 1:colcon.colcon_core.package_identification:_identify(src/raceline/Raceline-Optimization/opt_mintime_traj/powertrain_src) by extensions ['colcon_meta']
[1.244s] Level 1:colcon.colcon_core.package_identification:_identify(src/raceline/Raceline-Optimization/opt_mintime_traj/powertrain_src) by extension 'colcon_meta'
[1.244s] Level 1:colcon.colcon_core.package_identification:_identify(src/raceline/Raceline-Optimization/opt_mintime_traj/powertrain_src) by extensions ['ros']
[1.244s] Level 1:colcon.colcon_core.package_identification:_identify(src/raceline/Raceline-Optimization/opt_mintime_traj/powertrain_src) by extension 'ros'
[1.244s] Level 1:colcon.colcon_core.package_identification:_identify(src/raceline/Raceline-Optimization/opt_mintime_traj/powertrain_src) by extensions ['cmake', 'python']
[1.245s] Level 1:colcon.colcon_core.package_identification:_identify(src/raceline/Raceline-Optimization/opt_mintime_traj/powertrain_src) by extension 'cmake'
[1.245s] Level 1:colcon.colcon_core.package_identification:_identify(src/raceline/Raceline-Optimization/opt_mintime_traj/powertrain_src) by extension 'python'
[1.245s] Level 1:colcon.colcon_core.package_identification:_identify(src/raceline/Raceline-Optimization/opt_mintime_traj/powertrain_src) by extensions ['python_setup_py']
[1.246s] Level 1:colcon.colcon_core.package_identification:_identify(src/raceline/Raceline-Optimization/opt_mintime_traj/powertrain_src) by extension 'python_setup_py'
[1.246s] Level 1:colcon.colcon_core.package_identification:_identify(src/raceline/Raceline-Optimization/opt_mintime_traj/powertrain_src/__pycache__) by extensions ['ignore', 'ignore_ament_install']
[1.247s] Level 1:colcon.colcon_core.package_identification:_identify(src/raceline/Raceline-Optimization/opt_mintime_traj/powertrain_src/__pycache__) by extension 'ignore'
[1.247s] Level 1:colcon.colcon_core.package_identification:_identify(src/raceline/Raceline-Optimization/opt_mintime_traj/powertrain_src/__pycache__) by extension 'ignore_ament_install'
[1.248s] Level 1:colcon.colcon_core.package_identification:_identify(src/raceline/Raceline-Optimization/opt_mintime_traj/powertrain_src/__pycache__) by extensions ['colcon_pkg']
[1.248s] Level 1:colcon.colcon_core.package_identification:_identify(src/raceline/Raceline-Optimization/opt_mintime_traj/powertrain_src/__pycache__) by extension 'colcon_pkg'
[1.249s] Level 1:colcon.colcon_core.package_identification:_identify(src/raceline/Raceline-Optimization/opt_mintime_traj/powertrain_src/__pycache__) by extensions ['colcon_meta']
[1.249s] Level 1:colcon.colcon_core.package_identification:_identify(src/raceline/Raceline-Optimization/opt_mintime_traj/powertrain_src/__pycache__) by extension 'colcon_meta'
[1.249s] Level 1:colcon.colcon_core.package_identification:_identify(src/raceline/Raceline-Optimization/opt_mintime_traj/powertrain_src/__pycache__) by extensions ['ros']
[1.249s] Level 1:colcon.colcon_core.package_identification:_identify(src/raceline/Raceline-Optimization/opt_mintime_traj/powertrain_src/__pycache__) by extension 'ros'
[1.250s] Level 1:colcon.colcon_core.package_identification:_identify(src/raceline/Raceline-Optimization/opt_mintime_traj/powertrain_src/__pycache__) by extensions ['cmake', 'python']
[1.250s] Level 1:colcon.colcon_core.package_identification:_identify(src/raceline/Raceline-Optimization/opt_mintime_traj/powertrain_src/__pycache__) by extension 'cmake'
[1.251s] Level 1:colcon.colcon_core.package_identification:_identify(src/raceline/Raceline-Optimization/opt_mintime_traj/powertrain_src/__pycache__) by extension 'python'
[1.251s] Level 1:colcon.colcon_core.package_identification:_identify(src/raceline/Raceline-Optimization/opt_mintime_traj/powertrain_src/__pycache__) by extensions ['python_setup_py']
[1.251s] Level 1:colcon.colcon_core.package_identification:_identify(src/raceline/Raceline-Optimization/opt_mintime_traj/powertrain_src/__pycache__) by extension 'python_setup_py'
[1.252s] Level 1:colcon.colcon_core.package_identification:_identify(src/raceline/Raceline-Optimization/opt_mintime_traj/powertrain_src/src) by extensions ['ignore', 'ignore_ament_install']
[1.252s] Level 1:colcon.colcon_core.package_identification:_identify(src/raceline/Raceline-Optimization/opt_mintime_traj/powertrain_src/src) by extension 'ignore'
[1.252s] Level 1:colcon.colcon_core.package_identification:_identify(src/raceline/Raceline-Optimization/opt_mintime_traj/powertrain_src/src) by extension 'ignore_ament_install'
[1.253s] Level 1:colcon.colcon_core.package_identification:_identify(src/raceline/Raceline-Optimization/opt_mintime_traj/powertrain_src/src) by extensions ['colcon_pkg']
[1.253s] Level 1:colcon.colcon_core.package_identification:_identify(src/raceline/Raceline-Optimization/opt_mintime_traj/powertrain_src/src) by extension 'colcon_pkg'
[1.253s] Level 1:colcon.colcon_core.package_identification:_identify(src/raceline/Raceline-Optimization/opt_mintime_traj/powertrain_src/src) by extensions ['colcon_meta']
[1.253s] Level 1:colcon.colcon_core.package_identification:_identify(src/raceline/Raceline-Optimization/opt_mintime_traj/powertrain_src/src) by extension 'colcon_meta'
[1.254s] Level 1:colcon.colcon_core.package_identification:_identify(src/raceline/Raceline-Optimization/opt_mintime_traj/powertrain_src/src) by extensions ['ros']
[1.254s] Level 1:colcon.colcon_core.package_identification:_identify(src/raceline/Raceline-Optimization/opt_mintime_traj/powertrain_src/src) by extension 'ros'
[1.255s] Level 1:colcon.colcon_core.package_identification:_identify(src/raceline/Raceline-Optimization/opt_mintime_traj/powertrain_src/src) by extensions ['cmake', 'python']
[1.255s] Level 1:colcon.colcon_core.package_identification:_identify(src/raceline/Raceline-Optimization/opt_mintime_traj/powertrain_src/src) by extension 'cmake'
[1.255s] Level 1:colcon.colcon_core.package_identification:_identify(src/raceline/Raceline-Optimization/opt_mintime_traj/powertrain_src/src) by extension 'python'
[1.256s] Level 1:colcon.colcon_core.package_identification:_identify(src/raceline/Raceline-Optimization/opt_mintime_traj/powertrain_src/src) by extensions ['python_setup_py']
[1.256s] Level 1:colcon.colcon_core.package_identification:_identify(src/raceline/Raceline-Optimization/opt_mintime_traj/powertrain_src/src) by extension 'python_setup_py'
[1.257s] Level 1:colcon.colcon_core.package_identification:_identify(src/raceline/Raceline-Optimization/opt_mintime_traj/powertrain_src/src/__pycache__) by extensions ['ignore', 'ignore_ament_install']
[1.257s] Level 1:colcon.colcon_core.package_identification:_identify(src/raceline/Raceline-Optimization/opt_mintime_traj/powertrain_src/src/__pycache__) by extension 'ignore'
[1.258s] Level 1:colcon.colcon_core.package_identification:_identify(src/raceline/Raceline-Optimization/opt_mintime_traj/powertrain_src/src/__pycache__) by extension 'ignore_ament_install'
[1.259s] Level 1:colcon.colcon_core.package_identification:_identify(src/raceline/Raceline-Optimization/opt_mintime_traj/powertrain_src/src/__pycache__) by extensions ['colcon_pkg']
[1.259s] Level 1:colcon.colcon_core.package_identification:_identify(src/raceline/Raceline-Optimization/opt_mintime_traj/powertrain_src/src/__pycache__) by extension 'colcon_pkg'
[1.259s] Level 1:colcon.colcon_core.package_identification:_identify(src/raceline/Raceline-Optimization/opt_mintime_traj/powertrain_src/src/__pycache__) by extensions ['colcon_meta']
[1.259s] Level 1:colcon.colcon_core.package_identification:_identify(src/raceline/Raceline-Optimization/opt_mintime_traj/powertrain_src/src/__pycache__) by extension 'colcon_meta'
[1.260s] Level 1:colcon.colcon_core.package_identification:_identify(src/raceline/Raceline-Optimization/opt_mintime_traj/powertrain_src/src/__pycache__) by extensions ['ros']
[1.260s] Level 1:colcon.colcon_core.package_identification:_identify(src/raceline/Raceline-Optimization/opt_mintime_traj/powertrain_src/src/__pycache__) by extension 'ros'
[1.260s] Level 1:colcon.colcon_core.package_identification:_identify(src/raceline/Raceline-Optimization/opt_mintime_traj/powertrain_src/src/__pycache__) by extensions ['cmake', 'python']
[1.260s] Level 1:colcon.colcon_core.package_identification:_identify(src/raceline/Raceline-Optimization/opt_mintime_traj/powertrain_src/src/__pycache__) by extension 'cmake'
[1.260s] Level 1:colcon.colcon_core.package_identification:_identify(src/raceline/Raceline-Optimization/opt_mintime_traj/powertrain_src/src/__pycache__) by extension 'python'
[1.261s] Level 1:colcon.colcon_core.package_identification:_identify(src/raceline/Raceline-Optimization/opt_mintime_traj/powertrain_src/src/__pycache__) by extensions ['python_setup_py']
[1.261s] Level 1:colcon.colcon_core.package_identification:_identify(src/raceline/Raceline-Optimization/opt_mintime_traj/powertrain_src/src/__pycache__) by extension 'python_setup_py'
[1.261s] Level 1:colcon.colcon_core.package_identification:_identify(src/raceline/Raceline-Optimization/opt_mintime_traj/src) by extensions ['ignore', 'ignore_ament_install']
[1.262s] Level 1:colcon.colcon_core.package_identification:_identify(src/raceline/Raceline-Optimization/opt_mintime_traj/src) by extension 'ignore'
[1.262s] Level 1:colcon.colcon_core.package_identification:_identify(src/raceline/Raceline-Optimization/opt_mintime_traj/src) by extension 'ignore_ament_install'
[1.262s] Level 1:colcon.colcon_core.package_identification:_identify(src/raceline/Raceline-Optimization/opt_mintime_traj/src) by extensions ['colcon_pkg']
[1.262s] Level 1:colcon.colcon_core.package_identification:_identify(src/raceline/Raceline-Optimization/opt_mintime_traj/src) by extension 'colcon_pkg'
[1.262s] Level 1:colcon.colcon_core.package_identification:_identify(src/raceline/Raceline-Optimization/opt_mintime_traj/src) by extensions ['colcon_meta']
[1.262s] Level 1:colcon.colcon_core.package_identification:_identify(src/raceline/Raceline-Optimization/opt_mintime_traj/src) by extension 'colcon_meta'
[1.262s] Level 1:colcon.colcon_core.package_identification:_identify(src/raceline/Raceline-Optimization/opt_mintime_traj/src) by extensions ['ros']
[1.262s] Level 1:colcon.colcon_core.package_identification:_identify(src/raceline/Raceline-Optimization/opt_mintime_traj/src) by extension 'ros'
[1.262s] Level 1:colcon.colcon_core.package_identification:_identify(src/raceline/Raceline-Optimization/opt_mintime_traj/src) by extensions ['cmake', 'python']
[1.263s] Level 1:colcon.colcon_core.package_identification:_identify(src/raceline/Raceline-Optimization/opt_mintime_traj/src) by extension 'cmake'
[1.263s] Level 1:colcon.colcon_core.package_identification:_identify(src/raceline/Raceline-Optimization/opt_mintime_traj/src) by extension 'python'
[1.263s] Level 1:colcon.colcon_core.package_identification:_identify(src/raceline/Raceline-Optimization/opt_mintime_traj/src) by extensions ['python_setup_py']
[1.263s] Level 1:colcon.colcon_core.package_identification:_identify(src/raceline/Raceline-Optimization/opt_mintime_traj/src) by extension 'python_setup_py'
[1.263s] Level 1:colcon.colcon_core.package_identification:_identify(src/raceline/Raceline-Optimization/opt_mintime_traj/src/__pycache__) by extensions ['ignore', 'ignore_ament_install']
[1.264s] Level 1:colcon.colcon_core.package_identification:_identify(src/raceline/Raceline-Optimization/opt_mintime_traj/src/__pycache__) by extension 'ignore'
[1.264s] Level 1:colcon.colcon_core.package_identification:_identify(src/raceline/Raceline-Optimization/opt_mintime_traj/src/__pycache__) by extension 'ignore_ament_install'
[1.264s] Level 1:colcon.colcon_core.package_identification:_identify(src/raceline/Raceline-Optimization/opt_mintime_traj/src/__pycache__) by extensions ['colcon_pkg']
[1.264s] Level 1:colcon.colcon_core.package_identification:_identify(src/raceline/Raceline-Optimization/opt_mintime_traj/src/__pycache__) by extension 'colcon_pkg'
[1.264s] Level 1:colcon.colcon_core.package_identification:_identify(src/raceline/Raceline-Optimization/opt_mintime_traj/src/__pycache__) by extensions ['colcon_meta']
[1.264s] Level 1:colcon.colcon_core.package_identification:_identify(src/raceline/Raceline-Optimization/opt_mintime_traj/src/__pycache__) by extension 'colcon_meta'
[1.265s] Level 1:colcon.colcon_core.package_identification:_identify(src/raceline/Raceline-Optimization/opt_mintime_traj/src/__pycache__) by extensions ['ros']
[1.265s] Level 1:colcon.colcon_core.package_identification:_identify(src/raceline/Raceline-Optimization/opt_mintime_traj/src/__pycache__) by extension 'ros'
[1.265s] Level 1:colcon.colcon_core.package_identification:_identify(src/raceline/Raceline-Optimization/opt_mintime_traj/src/__pycache__) by extensions ['cmake', 'python']
[1.265s] Level 1:colcon.colcon_core.package_identification:_identify(src/raceline/Raceline-Optimization/opt_mintime_traj/src/__pycache__) by extension 'cmake'
[1.265s] Level 1:colcon.colcon_core.package_identification:_identify(src/raceline/Raceline-Optimization/opt_mintime_traj/src/__pycache__) by extension 'python'
[1.265s] Level 1:colcon.colcon_core.package_identification:_identify(src/raceline/Raceline-Optimization/opt_mintime_traj/src/__pycache__) by extensions ['python_setup_py']
[1.265s] Level 1:colcon.colcon_core.package_identification:_identify(src/raceline/Raceline-Optimization/opt_mintime_traj/src/__pycache__) by extension 'python_setup_py'
[1.265s] Level 1:colcon.colcon_core.package_identification:_identify(src/raceline/Raceline-Optimization/outputs) by extensions ['ignore', 'ignore_ament_install']
[1.266s] Level 1:colcon.colcon_core.package_identification:_identify(src/raceline/Raceline-Optimization/outputs) by extension 'ignore'
[1.266s] Level 1:colcon.colcon_core.package_identification:_identify(src/raceline/Raceline-Optimization/outputs) by extension 'ignore_ament_install'
[1.266s] Level 1:colcon.colcon_core.package_identification:_identify(src/raceline/Raceline-Optimization/outputs) by extensions ['colcon_pkg']
[1.266s] Level 1:colcon.colcon_core.package_identification:_identify(src/raceline/Raceline-Optimization/outputs) by extension 'colcon_pkg'
[1.266s] Level 1:colcon.colcon_core.package_identification:_identify(src/raceline/Raceline-Optimization/outputs) by extensions ['colcon_meta']
[1.266s] Level 1:colcon.colcon_core.package_identification:_identify(src/raceline/Raceline-Optimization/outputs) by extension 'colcon_meta'
[1.266s] Level 1:colcon.colcon_core.package_identification:_identify(src/raceline/Raceline-Optimization/outputs) by extensions ['ros']
[1.266s] Level 1:colcon.colcon_core.package_identification:_identify(src/raceline/Raceline-Optimization/outputs) by extension 'ros'
[1.266s] Level 1:colcon.colcon_core.package_identification:_identify(src/raceline/Raceline-Optimization/outputs) by extensions ['cmake', 'python']
[1.267s] Level 1:colcon.colcon_core.package_identification:_identify(src/raceline/Raceline-Optimization/outputs) by extension 'cmake'
[1.267s] Level 1:colcon.colcon_core.package_identification:_identify(src/raceline/Raceline-Optimization/outputs) by extension 'python'
[1.267s] Level 1:colcon.colcon_core.package_identification:_identify(src/raceline/Raceline-Optimization/outputs) by extensions ['python_setup_py']
[1.267s] Level 1:colcon.colcon_core.package_identification:_identify(src/raceline/Raceline-Optimization/outputs) by extension 'python_setup_py'
[1.267s] Level 1:colcon.colcon_core.package_identification:_identify(src/raceline/Raceline-Optimization/outputs/first_map) by extensions ['ignore', 'ignore_ament_install']
[1.267s] Level 1:colcon.colcon_core.package_identification:_identify(src/raceline/Raceline-Optimization/outputs/first_map) by extension 'ignore'
[1.267s] Level 1:colcon.colcon_core.package_identification:_identify(src/raceline/Raceline-Optimization/outputs/first_map) by extension 'ignore_ament_install'
[1.267s] Level 1:colcon.colcon_core.package_identification:_identify(src/raceline/Raceline-Optimization/outputs/first_map) by extensions ['colcon_pkg']
[1.268s] Level 1:colcon.colcon_core.package_identification:_identify(src/raceline/Raceline-Optimization/outputs/first_map) by extension 'colcon_pkg'
[1.268s] Level 1:colcon.colcon_core.package_identification:_identify(src/raceline/Raceline-Optimization/outputs/first_map) by extensions ['colcon_meta']
[1.268s] Level 1:colcon.colcon_core.package_identification:_identify(src/raceline/Raceline-Optimization/outputs/first_map) by extension 'colcon_meta'
[1.268s] Level 1:colcon.colcon_core.package_identification:_identify(src/raceline/Raceline-Optimization/outputs/first_map) by extensions ['ros']
[1.268s] Level 1:colcon.colcon_core.package_identification:_identify(src/raceline/Raceline-Optimization/outputs/first_map) by extension 'ros'
[1.269s] Level 1:colcon.colcon_core.package_identification:_identify(src/raceline/Raceline-Optimization/outputs/first_map) by extensions ['cmake', 'python']
[1.269s] Level 1:colcon.colcon_core.package_identification:_identify(src/raceline/Raceline-Optimization/outputs/first_map) by extension 'cmake'
[1.269s] Level 1:colcon.colcon_core.package_identification:_identify(src/raceline/Raceline-Optimization/outputs/first_map) by extension 'python'
[1.269s] Level 1:colcon.colcon_core.package_identification:_identify(src/raceline/Raceline-Optimization/outputs/first_map) by extensions ['python_setup_py']
[1.269s] Level 1:colcon.colcon_core.package_identification:_identify(src/raceline/Raceline-Optimization/outputs/first_map) by extension 'python_setup_py'
[1.269s] Level 1:colcon.colcon_core.package_identification:_identify(src/raceline/Raceline-Optimization/outputs/first_map/mintime-2024-09-21 17:18:27.077844) by extensions ['ignore', 'ignore_ament_install']
[1.270s] Level 1:colcon.colcon_core.package_identification:_identify(src/raceline/Raceline-Optimization/outputs/first_map/mintime-2024-09-21 17:18:27.077844) by extension 'ignore'
[1.270s] Level 1:colcon.colcon_core.package_identification:_identify(src/raceline/Raceline-Optimization/outputs/first_map/mintime-2024-09-21 17:18:27.077844) by extension 'ignore_ament_install'
[1.270s] Level 1:colcon.colcon_core.package_identification:_identify(src/raceline/Raceline-Optimization/outputs/first_map/mintime-2024-09-21 17:18:27.077844) by extensions ['colcon_pkg']
[1.270s] Level 1:colcon.colcon_core.package_identification:_identify(src/raceline/Raceline-Optimization/outputs/first_map/mintime-2024-09-21 17:18:27.077844) by extension 'colcon_pkg'
[1.270s] Level 1:colcon.colcon_core.package_identification:_identify(src/raceline/Raceline-Optimization/outputs/first_map/mintime-2024-09-21 17:18:27.077844) by extensions ['colcon_meta']
[1.270s] Level 1:colcon.colcon_core.package_identification:_identify(src/raceline/Raceline-Optimization/outputs/first_map/mintime-2024-09-21 17:18:27.077844) by extension 'colcon_meta'
[1.270s] Level 1:colcon.colcon_core.package_identification:_identify(src/raceline/Raceline-Optimization/outputs/first_map/mintime-2024-09-21 17:18:27.077844) by extensions ['ros']
[1.270s] Level 1:colcon.colcon_core.package_identification:_identify(src/raceline/Raceline-Optimization/outputs/first_map/mintime-2024-09-21 17:18:27.077844) by extension 'ros'
[1.271s] Level 1:colcon.colcon_core.package_identification:_identify(src/raceline/Raceline-Optimization/outputs/first_map/mintime-2024-09-21 17:18:27.077844) by extensions ['cmake', 'python']
[1.271s] Level 1:colcon.colcon_core.package_identification:_identify(src/raceline/Raceline-Optimization/outputs/first_map/mintime-2024-09-21 17:18:27.077844) by extension 'cmake'
[1.271s] Level 1:colcon.colcon_core.package_identification:_identify(src/raceline/Raceline-Optimization/outputs/first_map/mintime-2024-09-21 17:18:27.077844) by extension 'python'
[1.271s] Level 1:colcon.colcon_core.package_identification:_identify(src/raceline/Raceline-Optimization/outputs/first_map/mintime-2024-09-21 17:18:27.077844) by extensions ['python_setup_py']
[1.271s] Level 1:colcon.colcon_core.package_identification:_identify(src/raceline/Raceline-Optimization/outputs/first_map/mintime-2024-09-21 17:18:27.077844) by extension 'python_setup_py'
[1.272s] Level 1:colcon.colcon_core.package_identification:_identify(src/raceline/Raceline-Optimization/params) by extensions ['ignore', 'ignore_ament_install']
[1.272s] Level 1:colcon.colcon_core.package_identification:_identify(src/raceline/Raceline-Optimization/params) by extension 'ignore'
[1.272s] Level 1:colcon.colcon_core.package_identification:_identify(src/raceline/Raceline-Optimization/params) by extension 'ignore_ament_install'
[1.272s] Level 1:colcon.colcon_core.package_identification:_identify(src/raceline/Raceline-Optimization/params) by extensions ['colcon_pkg']
[1.272s] Level 1:colcon.colcon_core.package_identification:_identify(src/raceline/Raceline-Optimization/params) by extension 'colcon_pkg'
[1.273s] Level 1:colcon.colcon_core.package_identification:_identify(src/raceline/Raceline-Optimization/params) by extensions ['colcon_meta']
[1.273s] Level 1:colcon.colcon_core.package_identification:_identify(src/raceline/Raceline-Optimization/params) by extension 'colcon_meta'
[1.273s] Level 1:colcon.colcon_core.package_identification:_identify(src/raceline/Raceline-Optimization/params) by extensions ['ros']
[1.273s] Level 1:colcon.colcon_core.package_identification:_identify(src/raceline/Raceline-Optimization/params) by extension 'ros'
[1.274s] Level 1:colcon.colcon_core.package_identification:_identify(src/raceline/Raceline-Optimization/params) by extensions ['cmake', 'python']
[1.274s] Level 1:colcon.colcon_core.package_identification:_identify(src/raceline/Raceline-Optimization/params) by extension 'cmake'
[1.275s] Level 1:colcon.colcon_core.package_identification:_identify(src/raceline/Raceline-Optimization/params) by extension 'python'
[1.275s] Level 1:colcon.colcon_core.package_identification:_identify(src/raceline/Raceline-Optimization/params) by extensions ['python_setup_py']
[1.276s] Level 1:colcon.colcon_core.package_identification:_identify(src/raceline/Raceline-Optimization/params) by extension 'python_setup_py'
[1.277s] Level 1:colcon.colcon_core.package_identification:_identify(src/range_libc) by extensions ['ignore', 'ignore_ament_install']
[1.277s] Level 1:colcon.colcon_core.package_identification:_identify(src/range_libc) by extension 'ignore'
[1.278s] Level 1:colcon.colcon_core.package_identification:_identify(src/range_libc) by extension 'ignore_ament_install'
[1.280s] Level 1:colcon.colcon_core.package_identification:_identify(src/range_libc) by extensions ['colcon_pkg']
[1.280s] Level 1:colcon.colcon_core.package_identification:_identify(src/range_libc) by extension 'colcon_pkg'
[1.281s] Level 1:colcon.colcon_core.package_identification:_identify(src/range_libc) by extensions ['colcon_meta']
[1.281s] Level 1:colcon.colcon_core.package_identification:_identify(src/range_libc) by extension 'colcon_meta'
[1.281s] Level 1:colcon.colcon_core.package_identification:_identify(src/range_libc) by extensions ['ros']
[1.282s] Level 1:colcon.colcon_core.package_identification:_identify(src/range_libc) by extension 'ros'
[1.282s] Level 1:colcon.colcon_core.package_identification:_identify(src/range_libc) by extensions ['cmake', 'python']
[1.282s] Level 1:colcon.colcon_core.package_identification:_identify(src/range_libc) by extension 'cmake'
[1.298s] Level 1:colcon.colcon_core.package_identification:_identify(src/range_libc) by extension 'python'
[1.299s] DEBUG:colcon.colcon_core.package_identification:Package 'src/range_libc' with type 'cmake' and name 'range_lib'
[1.299s] Level 1:colcon.colcon_core.package_discovery:discover_packages(recursive) using defaults
[1.299s] Level 1:colcon.colcon_core.package_discovery:discover_packages(ignore) discover
[1.299s] Level 1:colcon.colcon_core.package_discovery:discover_packages(ignore) using defaults
[1.299s] Level 1:colcon.colcon_core.package_discovery:discover_packages(path) discover
[1.299s] Level 1:colcon.colcon_core.package_discovery:discover_packages(path) using defaults
[1.338s] INFO:colcon.colcon_core.package_selection:Skipping not selected package 'autodrive_f1tenth' in 'src/autodrive_f1tenth'
[1.338s] INFO:colcon.colcon_core.package_selection:Skipping not selected package 'f1tenth_mapping' in 'src/f1tenth_mapping'
[1.338s] INFO:colcon.colcon_core.package_selection:Skipping not selected package 'particle_filter' in 'src/particle_filter'
[1.338s] INFO:colcon.colcon_core.package_selection:Skipping not selected package 'range_lib' in 'src/range_libc'
[1.340s] Level 5:colcon.colcon_core.verb:set package 'pure_pursuit' build argument 'cmake_args' from command line to 'None'
[1.340s] Level 5:colcon.colcon_core.verb:set package 'pure_pursuit' build argument 'cmake_target' from command line to 'None'
[1.340s] Level 5:colcon.colcon_core.verb:set package 'pure_pursuit' build argument 'cmake_target_skip_unavailable' from command line to 'False'
[1.340s] Level 5:colcon.colcon_core.verb:set package 'pure_pursuit' build argument 'cmake_clean_cache' from command line to 'False'
[1.340s] Level 5:colcon.colcon_core.verb:set package 'pure_pursuit' build argument 'cmake_clean_first' from command line to 'False'
[1.340s] Level 5:colcon.colcon_core.verb:set package 'pure_pursuit' build argument 'cmake_force_configure' from command line to 'False'
[1.340s] Level 5:colcon.colcon_core.verb:set package 'pure_pursuit' build argument 'ament_cmake_args' from command line to 'None'
[1.340s] Level 5:colcon.colcon_core.verb:set package 'pure_pursuit' build argument 'catkin_cmake_args' from command line to 'None'
[1.340s] Level 5:colcon.colcon_core.verb:set package 'pure_pursuit' build argument 'catkin_skip_building_tests' from command line to 'False'
[1.340s] DEBUG:colcon.colcon_core.verb:Building package 'pure_pursuit' with the following arguments: {'ament_cmake_args': None, 'build_base': '/home/bhajneet/sim_racing/ros2_ws/build/pure_pursuit', 'catkin_cmake_args': None, 'catkin_skip_building_tests': False, 'cmake_args': None, 'cmake_clean_cache': False, 'cmake_clean_first': False, 'cmake_force_configure': False, 'cmake_target': None, 'cmake_target_skip_unavailable': False, 'install_base': '/home/bhajneet/sim_racing/ros2_ws/install/pure_pursuit', 'merge_install': False, 'path': '/home/bhajneet/sim_racing/ros2_ws/src/pure_pursuit', 'symlink_install': False, 'test_result_base': None}
[1.341s] INFO:colcon.colcon_core.executor:Executing jobs using 'parallel' executor
[1.348s] DEBUG:colcon.colcon_parallel_executor.executor.parallel:run_until_complete
[1.348s] INFO:colcon.colcon_ros.task.ament_cmake.build:Building ROS package in '/home/bhajneet/sim_racing/ros2_ws/src/pure_pursuit' with build type 'ament_cmake'
[1.348s] INFO:colcon.colcon_cmake.task.cmake.build:Building CMake package in '/home/bhajneet/sim_racing/ros2_ws/src/pure_pursuit'
[1.356s] INFO:colcon.colcon_core.plugin_system:Skipping extension 'colcon_core.shell.bat': Not used on non-Windows systems
[1.356s] INFO:colcon.colcon_core.shell:Skip shell extension 'powershell' for command environment: Not usable outside of PowerShell
[1.356s] DEBUG:colcon.colcon_core.shell:Skip shell extension 'dsv' for command environment
[1.379s] DEBUG:colcon.colcon_core.event_handler.log_command:Invoking command in '/home/bhajneet/sim_racing/ros2_ws/build/pure_pursuit': CMAKE_PREFIX_PATH=${CMAKE_PREFIX_PATH}:/home/bhajneet/sim_racing/ros2_ws/install/particle_filter:/home/bhajneet/sim_racing/ros2_ws/install/autodrive_f1tenth:/opt/ros/foxy /usr/bin/cmake --build /home/bhajneet/sim_racing/ros2_ws/build/pure_pursuit -- -j8 -l8
[1.622s] DEBUG:colcon.colcon_core.event_handler.log_command:Invoked command in '/home/bhajneet/sim_racing/ros2_ws/build/pure_pursuit' returned '0': CMAKE_PREFIX_PATH=${CMAKE_PREFIX_PATH}:/home/bhajneet/sim_racing/ros2_ws/install/particle_filter:/home/bhajneet/sim_racing/ros2_ws/install/autodrive_f1tenth:/opt/ros/foxy /usr/bin/cmake --build /home/bhajneet/sim_racing/ros2_ws/build/pure_pursuit -- -j8 -l8
[1.739s] DEBUG:colcon.colcon_core.event_handler.log_command:Invoking command in '/home/bhajneet/sim_racing/ros2_ws/build/pure_pursuit': CMAKE_PREFIX_PATH=${CMAKE_PREFIX_PATH}:/home/bhajneet/sim_racing/ros2_ws/install/particle_filter:/home/bhajneet/sim_racing/ros2_ws/install/autodrive_f1tenth:/opt/ros/foxy /usr/bin/cmake --install /home/bhajneet/sim_racing/ros2_ws/build/pure_pursuit
[1.788s] Level 1:colcon.colcon_core.environment:create_environment_scripts_only(pure_pursuit)
[1.793s] DEBUG:colcon.colcon_core.event_handler.log_command:Invoked command in '/home/bhajneet/sim_racing/ros2_ws/build/pure_pursuit' returned '0': CMAKE_PREFIX_PATH=${CMAKE_PREFIX_PATH}:/home/bhajneet/sim_racing/ros2_ws/install/particle_filter:/home/bhajneet/sim_racing/ros2_ws/install/autodrive_f1tenth:/opt/ros/foxy /usr/bin/cmake --install /home/bhajneet/sim_racing/ros2_ws/build/pure_pursuit
[1.807s] Level 1:colcon.colcon_core.environment:checking '/home/bhajneet/sim_racing/ros2_ws/install/pure_pursuit' for CMake module files
[1.810s] Level 1:colcon.colcon_core.environment:checking '/home/bhajneet/sim_racing/ros2_ws/install/pure_pursuit' for CMake config files
[1.812s] Level 1:colcon.colcon_core.shell:create_environment_hook('pure_pursuit', 'cmake_prefix_path')
[1.819s] INFO:colcon.colcon_core.shell:Creating environment hook '/home/bhajneet/sim_racing/ros2_ws/install/pure_pursuit/share/pure_pursuit/hook/cmake_prefix_path.ps1'
[1.820s] INFO:colcon.colcon_core.shell:Creating environment descriptor '/home/bhajneet/sim_racing/ros2_ws/install/pure_pursuit/share/pure_pursuit/hook/cmake_prefix_path.dsv'
[1.822s] INFO:colcon.colcon_core.shell:Creating environment hook '/home/bhajneet/sim_racing/ros2_ws/install/pure_pursuit/share/pure_pursuit/hook/cmake_prefix_path.sh'
[1.824s] Level 1:colcon.colcon_core.environment:checking '/home/bhajneet/sim_racing/ros2_ws/install/pure_pursuit/lib'
[1.825s] Level 1:colcon.colcon_core.environment:checking '/home/bhajneet/sim_racing/ros2_ws/install/pure_pursuit/bin'
[1.825s] Level 1:colcon.colcon_core.environment:checking '/home/bhajneet/sim_racing/ros2_ws/install/pure_pursuit/lib/pkgconfig/pure_pursuit.pc'
[1.827s] Level 1:colcon.colcon_core.environment:checking '/home/bhajneet/sim_racing/ros2_ws/install/pure_pursuit/lib/python3.8/site-packages'
[1.828s] Level 1:colcon.colcon_core.environment:checking '/home/bhajneet/sim_racing/ros2_ws/install/pure_pursuit/bin'
[1.831s] INFO:colcon.colcon_core.shell:Creating package script '/home/bhajneet/sim_racing/ros2_ws/install/pure_pursuit/share/pure_pursuit/package.ps1'
[1.833s] INFO:colcon.colcon_core.shell:Creating package descriptor '/home/bhajneet/sim_racing/ros2_ws/install/pure_pursuit/share/pure_pursuit/package.dsv'
[1.835s] INFO:colcon.colcon_core.shell:Creating package script '/home/bhajneet/sim_racing/ros2_ws/install/pure_pursuit/share/pure_pursuit/package.sh'
[1.837s] INFO:colcon.colcon_core.shell:Creating package script '/home/bhajneet/sim_racing/ros2_ws/install/pure_pursuit/share/pure_pursuit/package.bash'
[1.841s] INFO:colcon.colcon_core.shell:Creating package script '/home/bhajneet/sim_racing/ros2_ws/install/pure_pursuit/share/pure_pursuit/package.zsh'
[1.844s] Level 1:colcon.colcon_core.environment:create_file_with_runtime_dependencies(/home/bhajneet/sim_racing/ros2_ws/install/pure_pursuit/share/colcon-core/packages/pure_pursuit)
[1.921s] Level 1:colcon.colcon_core.environment:create_environment_scripts_only(pure_pursuit)
[1.926s] Level 1:colcon.colcon_core.environment:checking '/home/bhajneet/sim_racing/ros2_ws/install/pure_pursuit' for CMake module files
[1.928s] Level 1:colcon.colcon_core.environment:checking '/home/bhajneet/sim_racing/ros2_ws/install/pure_pursuit' for CMake config files
[1.928s] Level 1:colcon.colcon_core.shell:create_environment_hook('pure_pursuit', 'cmake_prefix_path')
[1.931s] INFO:colcon.colcon_core.shell:Creating environment hook '/home/bhajneet/sim_racing/ros2_ws/install/pure_pursuit/share/pure_pursuit/hook/cmake_prefix_path.ps1'
[1.933s] INFO:colcon.colcon_core.shell:Creating environment descriptor '/home/bhajneet/sim_racing/ros2_ws/install/pure_pursuit/share/pure_pursuit/hook/cmake_prefix_path.dsv'
[1.934s] INFO:colcon.colcon_core.shell:Creating environment hook '/home/bhajneet/sim_racing/ros2_ws/install/pure_pursuit/share/pure_pursuit/hook/cmake_prefix_path.sh'
[1.935s] Level 1:colcon.colcon_core.environment:checking '/home/bhajneet/sim_racing/ros2_ws/install/pure_pursuit/lib'
[1.936s] Level 1:colcon.colcon_core.environment:checking '/home/bhajneet/sim_racing/ros2_ws/install/pure_pursuit/bin'
[1.936s] Level 1:colcon.colcon_core.environment:checking '/home/bhajneet/sim_racing/ros2_ws/install/pure_pursuit/lib/pkgconfig/pure_pursuit.pc'
[1.936s] Level 1:colcon.colcon_core.environment:checking '/home/bhajneet/sim_racing/ros2_ws/install/pure_pursuit/lib/python3.8/site-packages'
[1.937s] Level 1:colcon.colcon_core.environment:checking '/home/bhajneet/sim_racing/ros2_ws/install/pure_pursuit/bin'
[1.939s] INFO:colcon.colcon_core.shell:Creating package script '/home/bhajneet/sim_racing/ros2_ws/install/pure_pursuit/share/pure_pursuit/package.ps1'
[1.941s] INFO:colcon.colcon_core.shell:Creating package descriptor '/home/bhajneet/sim_racing/ros2_ws/install/pure_pursuit/share/pure_pursuit/package.dsv'
[1.942s] INFO:colcon.colcon_core.shell:Creating package script '/home/bhajneet/sim_racing/ros2_ws/install/pure_pursuit/share/pure_pursuit/package.sh'
[1.943s] INFO:colcon.colcon_core.shell:Creating package script '/home/bhajneet/sim_racing/ros2_ws/install/pure_pursuit/share/pure_pursuit/package.bash'
[1.944s] INFO:colcon.colcon_core.shell:Creating package script '/home/bhajneet/sim_racing/ros2_ws/install/pure_pursuit/share/pure_pursuit/package.zsh'
[1.945s] Level 1:colcon.colcon_core.environment:create_file_with_runtime_dependencies(/home/bhajneet/sim_racing/ros2_ws/install/pure_pursuit/share/colcon-core/packages/pure_pursuit)
[1.946s] DEBUG:colcon.colcon_parallel_executor.executor.parallel:closing loop
[1.946s] DEBUG:colcon.colcon_parallel_executor.executor.parallel:loop closed
[1.947s] DEBUG:colcon.colcon_parallel_executor.executor.parallel:run_until_complete finished with '0'
[1.947s] DEBUG:colcon.colcon_core.event_reactor:joining thread
[1.954s] INFO:colcon.colcon_core.plugin_system:Skipping extension 'colcon_notification.desktop_notification.notify_send': Could not find 'notify-send'
[1.955s] INFO:colcon.colcon_core.plugin_system:Skipping extension 'colcon_notification.desktop_notification.terminal_notifier': Not used on non-Darwin systems
[1.955s] INFO:colcon.colcon_core.plugin_system:Skipping extension 'colcon_notification.desktop_notification.win32': Not used on non-Windows systems
[1.955s] INFO:colcon.colcon_notification.desktop_notification:Sending desktop notification using 'notify2'
[1.959s] DEBUG:colcon.colcon_notification.desktop_notification.notify2:Failed to initialize notify2: org.freedesktop.DBus.Error.Spawn.ExecFailed: /usr/bin/dbus-launch terminated abnormally without any error message
[1.959s] DEBUG:colcon.colcon_core.event_reactor:joined thread
[1.962s] INFO:colcon.colcon_core.shell:Creating prefix script '/home/bhajneet/sim_racing/ros2_ws/install/local_setup.ps1'
[1.964s] INFO:colcon.colcon_core.shell:Creating prefix util module '/home/bhajneet/sim_racing/ros2_ws/install/_local_setup_util_ps1.py'
[1.966s] INFO:colcon.colcon_core.shell:Creating prefix chain script '/home/bhajneet/sim_racing/ros2_ws/install/setup.ps1'
[1.968s] INFO:colcon.colcon_core.shell:Creating prefix script '/home/bhajneet/sim_racing/ros2_ws/install/local_setup.sh'
[1.970s] INFO:colcon.colcon_core.shell:Creating prefix util module '/home/bhajneet/sim_racing/ros2_ws/install/_local_setup_util_sh.py'
[1.971s] INFO:colcon.colcon_core.shell:Creating prefix chain script '/home/bhajneet/sim_racing/ros2_ws/install/setup.sh'
[1.976s] INFO:colcon.colcon_core.shell:Creating prefix script '/home/bhajneet/sim_racing/ros2_ws/install/local_setup.bash'
[1.977s] INFO:colcon.colcon_core.shell:Creating prefix chain script '/home/bhajneet/sim_racing/ros2_ws/install/setup.bash'
[1.981s] INFO:colcon.colcon_core.shell:Creating prefix script '/home/bhajneet/sim_racing/ros2_ws/install/local_setup.zsh'
[1.983s] INFO:colcon.colcon_core.shell:Creating prefix chain script '/home/bhajneet/sim_racing/ros2_ws/install/setup.zsh'
