-- Install configuration: ""
-- Up-to-date: /ros2_ws/install/f1tenth_mapping/share/f1tenth_mapping//launch
-- Up-to-date: /ros2_ws/install/f1tenth_mapping/share/f1tenth_mapping//launch/occupancy_grid.launch.py
-- Up-to-date: /ros2_ws/install/f1tenth_mapping/share/f1tenth_mapping//launch/carto.launch.py
-- Up-to-date: /ros2_ws/install/f1tenth_mapping/share/f1tenth_mapping//launch/publish_odom.launch.py
-- Up-to-date: /ros2_ws/install/f1tenth_mapping/share/f1tenth_mapping//config
-- Up-to-date: /ros2_ws/install/f1tenth_mapping/share/f1tenth_mapping//config/custom_nav2_params.yaml
-- Up-to-date: /ros2_ws/install/f1tenth_mapping/share/f1tenth_mapping//config/f1tenth_2d.lua
-- Up-to-date: /ros2_ws/install/f1tenth_mapping/share/f1tenth_mapping//config/custom_slam_params.yaml
-- Installing: /ros2_ws/install/f1tenth_mapping/lib/f1tenth_mapping/publish_odom.py
-- Up-to-date: /ros2_ws/install/f1tenth_mapping/share/ament_index/resource_index/package_run_dependencies/f1tenth_mapping
-- Up-to-date: /ros2_ws/install/f1tenth_mapping/share/ament_index/resource_index/parent_prefix_path/f1tenth_mapping
-- Up-to-date: /ros2_ws/install/f1tenth_mapping/share/f1tenth_mapping/environment/ament_prefix_path.sh
-- Up-to-date: /ros2_ws/install/f1tenth_mapping/share/f1tenth_mapping/environment/ament_prefix_path.dsv
-- Up-to-date: /ros2_ws/install/f1tenth_mapping/share/f1tenth_mapping/environment/path.sh
-- Up-to-date: /ros2_ws/install/f1tenth_mapping/share/f1tenth_mapping/environment/path.dsv
-- Up-to-date: /ros2_ws/install/f1tenth_mapping/share/f1tenth_mapping/local_setup.bash
-- Up-to-date: /ros2_ws/install/f1tenth_mapping/share/f1tenth_mapping/local_setup.sh
-- Up-to-date: /ros2_ws/install/f1tenth_mapping/share/f1tenth_mapping/local_setup.zsh
-- Up-to-date: /ros2_ws/install/f1tenth_mapping/share/f1tenth_mapping/local_setup.dsv
-- Up-to-date: /ros2_ws/install/f1tenth_mapping/share/f1tenth_mapping/package.dsv
-- Up-to-date: /ros2_ws/install/f1tenth_mapping/share/ament_index/resource_index/packages/f1tenth_mapping
-- Up-to-date: /ros2_ws/install/f1tenth_mapping/share/f1tenth_mapping/cmake/f1tenth_mappingConfig.cmake
-- Up-to-date: /ros2_ws/install/f1tenth_mapping/share/f1tenth_mapping/cmake/f1tenth_mappingConfig-version.cmake
-- Up-to-date: /ros2_ws/install/f1tenth_mapping/share/f1tenth_mapping/package.xml
