[1.803s] Invoking command in '/ros2_ws/build/autodrive_f1tenth': PYTHONPATH=/ros2_ws/build/autodrive_f1tenth/prefix_override:/ros2_ws/install/autodrive_f1tenth/lib/python3.8/site-packages:${PYTHONPATH} /usr/bin/python3 setup.py develop --uninstall --editable --build-directory /ros2_ws/build/autodrive_f1tenth/build
[2.367s] running develop
[2.655s] Removing /ros2_ws/install/autodrive_f1tenth/lib/python3.8/site-packages/autodrive-f1tenth.egg-link (link to .)
[2.703s] Invoked command in '/ros2_ws/build/autodrive_f1tenth' returned '0': PYTHONPATH=/ros2_ws/build/autodrive_f1tenth/prefix_override:/ros2_ws/install/autodrive_f1tenth/lib/python3.8/site-packages:${PYTHONPATH} /usr/bin/python3 setup.py develop --uninstall --editable --build-directory /ros2_ws/build/autodrive_f1tenth/build
[2.710s] Invoking command in '/ros2_ws/src/autodrive_f1tenth': PYTHONPATH=/ros2_ws/build/autodrive_f1tenth/prefix_override:/ros2_ws/install/autodrive_f1tenth/lib/python3.8/site-packages:${PYTHONPATH} /usr/bin/python3 setup.py egg_info --egg-base ../../build/autodrive_f1tenth build --build-base /ros2_ws/build/autodrive_f1tenth/build install --record /ros2_ws/build/autodrive_f1tenth/install.log --install-scripts $base/lib/autodrive_f1tenth --single-version-externally-managed
[3.235s] running egg_info
[3.237s] writing ../../build/autodrive_f1tenth/autodrive_f1tenth.egg-info/PKG-INFO
[3.238s] writing dependency_links to ../../build/autodrive_f1tenth/autodrive_f1tenth.egg-info/dependency_links.txt
[3.238s] writing entry points to ../../build/autodrive_f1tenth/autodrive_f1tenth.egg-info/entry_points.txt
[3.239s] writing requirements to ../../build/autodrive_f1tenth/autodrive_f1tenth.egg-info/requires.txt
[3.240s] writing top-level names to ../../build/autodrive_f1tenth/autodrive_f1tenth.egg-info/top_level.txt
[3.346s] reading manifest file '../../build/autodrive_f1tenth/autodrive_f1tenth.egg-info/SOURCES.txt'
[3.352s] writing manifest file '../../build/autodrive_f1tenth/autodrive_f1tenth.egg-info/SOURCES.txt'
[3.352s] running build
[3.352s] running build_py
[3.352s] creating /ros2_ws/build/autodrive_f1tenth/build
[3.354s] creating /ros2_ws/build/autodrive_f1tenth/build/lib
[3.354s] creating /ros2_ws/build/autodrive_f1tenth/build/lib/autodrive_f1tenth
[3.354s] copying autodrive_f1tenth/autodrive_bridge.py -> /ros2_ws/build/autodrive_f1tenth/build/lib/autodrive_f1tenth
[3.354s] copying autodrive_f1tenth/config.py -> /ros2_ws/build/autodrive_f1tenth/build/lib/autodrive_f1tenth
[3.354s] copying autodrive_f1tenth/__init__.py -> /ros2_ws/build/autodrive_f1tenth/build/lib/autodrive_f1tenth
[3.355s] copying autodrive_f1tenth/teleop_keyboard.py -> /ros2_ws/build/autodrive_f1tenth/build/lib/autodrive_f1tenth
[3.355s] running install
[3.356s] running install_lib
[3.356s] creating /ros2_ws/install/autodrive_f1tenth/lib/python3.8/site-packages/autodrive_f1tenth
[3.356s] copying /ros2_ws/build/autodrive_f1tenth/build/lib/autodrive_f1tenth/autodrive_bridge.py -> /ros2_ws/install/autodrive_f1tenth/lib/python3.8/site-packages/autodrive_f1tenth
[3.358s] copying /ros2_ws/build/autodrive_f1tenth/build/lib/autodrive_f1tenth/config.py -> /ros2_ws/install/autodrive_f1tenth/lib/python3.8/site-packages/autodrive_f1tenth
[3.358s] copying /ros2_ws/build/autodrive_f1tenth/build/lib/autodrive_f1tenth/__init__.py -> /ros2_ws/install/autodrive_f1tenth/lib/python3.8/site-packages/autodrive_f1tenth
[3.358s] copying /ros2_ws/build/autodrive_f1tenth/build/lib/autodrive_f1tenth/teleop_keyboard.py -> /ros2_ws/install/autodrive_f1tenth/lib/python3.8/site-packages/autodrive_f1tenth
[3.358s] byte-compiling /ros2_ws/install/autodrive_f1tenth/lib/python3.8/site-packages/autodrive_f1tenth/autodrive_bridge.py to autodrive_bridge.cpython-38.pyc
[3.363s] byte-compiling /ros2_ws/install/autodrive_f1tenth/lib/python3.8/site-packages/autodrive_f1tenth/config.py to config.cpython-38.pyc
[3.364s] byte-compiling /ros2_ws/install/autodrive_f1tenth/lib/python3.8/site-packages/autodrive_f1tenth/__init__.py to __init__.cpython-38.pyc
[3.365s] byte-compiling /ros2_ws/install/autodrive_f1tenth/lib/python3.8/site-packages/autodrive_f1tenth/teleop_keyboard.py to teleop_keyboard.cpython-38.pyc
[3.366s] running install_data
[3.367s] copying resource/autodrive_f1tenth -> /ros2_ws/install/autodrive_f1tenth/share/ament_index/resource_index/packages
[3.368s] copying package.xml -> /ros2_ws/install/autodrive_f1tenth/share/autodrive_f1tenth
[3.368s] copying launch/simulator_bringup_headless.launch.py -> /ros2_ws/install/autodrive_f1tenth/share/autodrive_f1tenth/launch
[3.368s] copying launch/simulator_bringup_rviz.launch.py -> /ros2_ws/install/autodrive_f1tenth/share/autodrive_f1tenth/launch
[3.369s] copying rviz/simulator.rviz -> /ros2_ws/install/autodrive_f1tenth/share/autodrive_f1tenth/rviz
[3.369s] running install_egg_info
[3.373s] Copying ../../build/autodrive_f1tenth/autodrive_f1tenth.egg-info to /ros2_ws/install/autodrive_f1tenth/lib/python3.8/site-packages/autodrive_f1tenth-0.1.0-py3.8.egg-info
[3.375s] running install_scripts
[3.439s] Installing autodrive_bridge script to /ros2_ws/install/autodrive_f1tenth/lib/autodrive_f1tenth
[3.443s] Installing teleop_keyboard script to /ros2_ws/install/autodrive_f1tenth/lib/autodrive_f1tenth
[3.443s] writing list of installed files to '/ros2_ws/build/autodrive_f1tenth/install.log'
[3.493s] Invoked command in '/ros2_ws/src/autodrive_f1tenth' returned '0': PYTHONPATH=/ros2_ws/build/autodrive_f1tenth/prefix_override:/ros2_ws/install/autodrive_f1tenth/lib/python3.8/site-packages:${PYTHONPATH} /usr/bin/python3 setup.py egg_info --egg-base ../../build/autodrive_f1tenth build --build-base /ros2_ws/build/autodrive_f1tenth/build install --record /ros2_ws/build/autodrive_f1tenth/install.log --install-scripts $base/lib/autodrive_f1tenth --single-version-externally-managed
