[1.737s] Invoking command in '/home/bhajneet/sim_racing/ros2_ws/src/autodrive_f1tenth': PYTHONPATH=/home/bhajneet/sim_racing/ros2_ws/build/autodrive_f1tenth/prefix_override:/home/bhajneet/sim_racing/ros2_ws/install/autodrive_f1tenth/lib/python3.8/site-packages:${PYTHONPATH} /usr/bin/python3 setup.py egg_info --egg-base ../../build/autodrive_f1tenth build --build-base /home/bhajneet/sim_racing/ros2_ws/build/autodrive_f1tenth/build install --record /home/bhajneet/sim_racing/ros2_ws/build/autodrive_f1tenth/install.log --install-scripts $base/lib/autodrive_f1tenth --single-version-externally-managed
[2.301s] running egg_info
[2.303s] writing ../../build/autodrive_f1tenth/autodrive_f1tenth.egg-info/PKG-INFO
[2.303s] writing dependency_links to ../../build/autodrive_f1tenth/autodrive_f1tenth.egg-info/dependency_links.txt
[2.304s] writing entry points to ../../build/autodrive_f1tenth/autodrive_f1tenth.egg-info/entry_points.txt
[2.304s] writing requirements to ../../build/autodrive_f1tenth/autodrive_f1tenth.egg-info/requires.txt
[2.304s] writing top-level names to ../../build/autodrive_f1tenth/autodrive_f1tenth.egg-info/top_level.txt
[2.399s] reading manifest file '../../build/autodrive_f1tenth/autodrive_f1tenth.egg-info/SOURCES.txt'
[2.402s] writing manifest file '../../build/autodrive_f1tenth/autodrive_f1tenth.egg-info/SOURCES.txt'
[2.402s] running build
[2.403s] running build_py
[2.404s] running install
[2.407s] running install_lib
[2.412s] running install_data
[2.413s] copying launch/simulator_bringup_headless.launch.py -> /home/bhajneet/sim_racing/ros2_ws/install/autodrive_f1tenth/share/autodrive_f1tenth/launch
[2.414s] running install_egg_info
[2.418s] removing '/home/bhajneet/sim_racing/ros2_ws/install/autodrive_f1tenth/lib/python3.8/site-packages/autodrive_f1tenth-0.1.0-py3.8.egg-info' (and everything under it)
[2.420s] Copying ../../build/autodrive_f1tenth/autodrive_f1tenth.egg-info to /home/bhajneet/sim_racing/ros2_ws/install/autodrive_f1tenth/lib/python3.8/site-packages/autodrive_f1tenth-0.1.0-py3.8.egg-info
[2.423s] running install_scripts
[2.473s] Installing autodrive_bridge_1 script to /home/bhajneet/sim_racing/ros2_ws/install/autodrive_f1tenth/lib/autodrive_f1tenth
[2.473s] Installing teleop_keyboard script to /home/bhajneet/sim_racing/ros2_ws/install/autodrive_f1tenth/lib/autodrive_f1tenth
[2.474s] writing list of installed files to '/home/bhajneet/sim_racing/ros2_ws/build/autodrive_f1tenth/install.log'
[2.521s] Invoked command in '/home/bhajneet/sim_racing/ros2_ws/src/autodrive_f1tenth' returned '0': PYTHONPATH=/home/bhajneet/sim_racing/ros2_ws/build/autodrive_f1tenth/prefix_override:/home/bhajneet/sim_racing/ros2_ws/install/autodrive_f1tenth/lib/python3.8/site-packages:${PYTHONPATH} /usr/bin/python3 setup.py egg_info --egg-base ../../build/autodrive_f1tenth build --build-base /home/bhajneet/sim_racing/ros2_ws/build/autodrive_f1tenth/build install --record /home/bhajneet/sim_racing/ros2_ws/build/autodrive_f1tenth/install.log --install-scripts $base/lib/autodrive_f1tenth --single-version-externally-managed
