-- The C compiler identification is GNU 9.4.0
-- The CXX compiler identification is GNU 9.4.0
-- Check for working C compiler: /usr/bin/cc
-- Check for working C compiler: /usr/bin/cc -- works
-- Detecting C compiler ABI info
-- Detecting C compiler ABI info - done
-- Detecting C compile features
-- Detecting C compile features - done
-- Check for working CXX compiler: /usr/bin/c++
-- Check for working CXX compiler: /usr/bin/c++ -- works
-- Detecting CXX compiler ABI info
-- Detecting CXX compiler ABI info - done
-- Detecting CXX compile features
-- Detecting CXX compile features - done
-- Found ament_cmake: 0.9.12 (/opt/ros/foxy/share/ament_cmake/cmake)
-- Found PythonInterp: /usr/bin/python3 (found suitable version "3.8.10", minimum required is "3") 
-- Using PYTHON_EXECUTABLE: /usr/bin/python3
-- Found ament_lint_auto: 0.9.8 (/opt/ros/foxy/share/ament_lint_auto/cmake)
-- Added test 'copyright' to check source files copyright and LICENSE
-- Added test 'flake8' to check Python code syntax and style conventions
-- Added test 'lint_cmake' to check CMake code style
-- Added test 'pep257' to check Python code against some of the style conventions in PEP 257
-- Added test 'xmllint' to check XML markup files
-- Configuring done
-- Generating done
-- Build files have been written to: /ros2_ws/build/f1tenth_mapping
-- Install configuration: ""
-- Installing: /ros2_ws/install/f1tenth_mapping/share/ament_index/resource_index/package_run_dependencies/f1tenth_mapping
-- Installing: /ros2_ws/install/f1tenth_mapping/share/ament_index/resource_index/parent_prefix_path/f1tenth_mapping
-- Installing: /ros2_ws/install/f1tenth_mapping/share/f1tenth_mapping/environment/ament_prefix_path.sh
-- Installing: /ros2_ws/install/f1tenth_mapping/share/f1tenth_mapping/environment/ament_prefix_path.dsv
-- Installing: /ros2_ws/install/f1tenth_mapping/share/f1tenth_mapping/environment/path.sh
-- Installing: /ros2_ws/install/f1tenth_mapping/share/f1tenth_mapping/environment/path.dsv
-- Installing: /ros2_ws/install/f1tenth_mapping/share/f1tenth_mapping/local_setup.bash
-- Installing: /ros2_ws/install/f1tenth_mapping/share/f1tenth_mapping/local_setup.sh
-- Installing: /ros2_ws/install/f1tenth_mapping/share/f1tenth_mapping/local_setup.zsh
-- Installing: /ros2_ws/install/f1tenth_mapping/share/f1tenth_mapping/local_setup.dsv
-- Installing: /ros2_ws/install/f1tenth_mapping/share/f1tenth_mapping/package.dsv
-- Installing: /ros2_ws/install/f1tenth_mapping/share/ament_index/resource_index/packages/f1tenth_mapping
-- Installing: /ros2_ws/install/f1tenth_mapping/share/f1tenth_mapping/cmake/f1tenth_mappingConfig.cmake
-- Installing: /ros2_ws/install/f1tenth_mapping/share/f1tenth_mapping/cmake/f1tenth_mappingConfig-version.cmake
-- Installing: /ros2_ws/install/f1tenth_mapping/share/f1tenth_mapping/package.xml
