[0.642s] Invoking command in '/ros2_ws/build/f1tenth_mapping': CMAKE_PREFIX_PATH=${CMAKE_PREFIX_PATH}:/ros2_ws/src/install/autodrive_f1tenth:/ros2_ws/install/autodrive_f1tenth:/opt/ros/foxy /usr/bin/cmake /ros2_ws/src/f1tenth_mapping -DCMAKE_INSTALL_PREFIX=/ros2_ws/install/f1tenth_mapping
[0.788s] -- The C compiler identification is GNU 9.4.0
[0.951s] -- The CXX compiler identification is GNU 9.4.0
[0.963s] -- Check for working C compiler: /usr/bin/cc
[1.151s] -- Check for working C compiler: /usr/bin/cc -- works
[1.155s] -- Detecting C compiler ABI info
[1.317s] -- Detecting C compiler ABI info - done
[1.350s] -- Detecting C compile features
[1.351s] -- Detecting C compile features - done
[1.355s] -- Check for working CXX compiler: /usr/bin/c++
[1.546s] -- Check for working CXX compiler: /usr/bin/c++ -- works
[1.549s] -- Detecting CXX compiler ABI info
[1.754s] -- Detecting CXX compiler ABI info - done
[1.771s] -- Detecting CXX compile features
[1.772s] -- Detecting CXX compile features - done
[1.780s] -- Found ament_cmake: 0.9.12 (/opt/ros/foxy/share/ament_cmake/cmake)
[1.871s] -- Found PythonInterp: /usr/bin/python3 (found suitable version "3.8.10", minimum required is "3") 
[1.871s] -- Using PYTHON_EXECUTABLE: /usr/bin/python3
[2.364s] -- Found ament_lint_auto: 0.9.8 (/opt/ros/foxy/share/ament_lint_auto/cmake)
[2.561s] -- Added test 'copyright' to check source files copyright and LICENSE
[2.566s] -- Added test 'flake8' to check Python code syntax and style conventions
[2.568s] -- Added test 'lint_cmake' to check CMake code style
[2.573s] -- Added test 'pep257' to check Python code against some of the style conventions in PEP 257
[2.576s] -- Added test 'xmllint' to check XML markup files
[2.582s] -- Configuring done
[2.586s] -- Generating done
[2.590s] -- Build files have been written to: /ros2_ws/build/f1tenth_mapping
[2.597s] Invoked command in '/ros2_ws/build/f1tenth_mapping' returned '0': CMAKE_PREFIX_PATH=${CMAKE_PREFIX_PATH}:/ros2_ws/src/install/autodrive_f1tenth:/ros2_ws/install/autodrive_f1tenth:/opt/ros/foxy /usr/bin/cmake /ros2_ws/src/f1tenth_mapping -DCMAKE_INSTALL_PREFIX=/ros2_ws/install/f1tenth_mapping
[2.608s] Invoking command in '/ros2_ws/build/f1tenth_mapping': CMAKE_PREFIX_PATH=${CMAKE_PREFIX_PATH}:/ros2_ws/src/install/autodrive_f1tenth:/ros2_ws/install/autodrive_f1tenth:/opt/ros/foxy /usr/bin/cmake --build /ros2_ws/build/f1tenth_mapping -- -j8 -l8
[2.715s] Invoked command in '/ros2_ws/build/f1tenth_mapping' returned '0': CMAKE_PREFIX_PATH=${CMAKE_PREFIX_PATH}:/ros2_ws/src/install/autodrive_f1tenth:/ros2_ws/install/autodrive_f1tenth:/opt/ros/foxy /usr/bin/cmake --build /ros2_ws/build/f1tenth_mapping -- -j8 -l8
[2.795s] Invoking command in '/ros2_ws/build/f1tenth_mapping': CMAKE_PREFIX_PATH=${CMAKE_PREFIX_PATH}:/ros2_ws/src/install/autodrive_f1tenth:/ros2_ws/install/autodrive_f1tenth:/opt/ros/foxy /usr/bin/cmake --install /ros2_ws/build/f1tenth_mapping
[2.823s] -- Install configuration: ""
[2.824s] -- Installing: /ros2_ws/install/f1tenth_mapping/share/ament_index/resource_index/package_run_dependencies/f1tenth_mapping
[2.824s] -- Installing: /ros2_ws/install/f1tenth_mapping/share/ament_index/resource_index/parent_prefix_path/f1tenth_mapping
[2.825s] -- Installing: /ros2_ws/install/f1tenth_mapping/share/f1tenth_mapping/environment/ament_prefix_path.sh
[2.826s] -- Installing: /ros2_ws/install/f1tenth_mapping/share/f1tenth_mapping/environment/ament_prefix_path.dsv
[2.826s] -- Installing: /ros2_ws/install/f1tenth_mapping/share/f1tenth_mapping/environment/path.sh
[2.826s] -- Installing: /ros2_ws/install/f1tenth_mapping/share/f1tenth_mapping/environment/path.dsv
[2.827s] -- Installing: /ros2_ws/install/f1tenth_mapping/share/f1tenth_mapping/local_setup.bash
[2.827s] -- Installing: /ros2_ws/install/f1tenth_mapping/share/f1tenth_mapping/local_setup.sh
[2.827s] -- Installing: /ros2_ws/install/f1tenth_mapping/share/f1tenth_mapping/local_setup.zsh
[2.827s] -- Installing: /ros2_ws/install/f1tenth_mapping/share/f1tenth_mapping/local_setup.dsv
[2.828s] -- Installing: /ros2_ws/install/f1tenth_mapping/share/f1tenth_mapping/package.dsv
[2.828s] -- Installing: /ros2_ws/install/f1tenth_mapping/share/ament_index/resource_index/packages/f1tenth_mapping
[2.828s] -- Installing: /ros2_ws/install/f1tenth_mapping/share/f1tenth_mapping/cmake/f1tenth_mappingConfig.cmake
[2.828s] -- Installing: /ros2_ws/install/f1tenth_mapping/share/f1tenth_mapping/cmake/f1tenth_mappingConfig-version.cmake
[2.828s] -- Installing: /ros2_ws/install/f1tenth_mapping/share/f1tenth_mapping/package.xml
[2.832s] Invoked command in '/ros2_ws/build/f1tenth_mapping' returned '0': CMAKE_PREFIX_PATH=${CMAKE_PREFIX_PATH}:/ros2_ws/src/install/autodrive_f1tenth:/ros2_ws/install/autodrive_f1tenth:/opt/ros/foxy /usr/bin/cmake --install /ros2_ws/build/f1tenth_mapping
