[0.691s] Invoking command in '/ros2_ws/build/f1tenth_mapping': CMAKE_PREFIX_PATH=${CMAKE_PREFIX_PATH}:/ros2_ws/src/install/autodrive_f1tenth:/ros2_ws/install/autodrive_f1tenth:/opt/ros/foxy /usr/bin/cmake --build /ros2_ws/build/f1tenth_mapping -- -j8 -l8
[0.801s] Invoked command in '/ros2_ws/build/f1tenth_mapping' returned '0': CMAKE_PREFIX_PATH=${CMAKE_PREFIX_PATH}:/ros2_ws/src/install/autodrive_f1tenth:/ros2_ws/install/autodrive_f1tenth:/opt/ros/foxy /usr/bin/cmake --build /ros2_ws/build/f1tenth_mapping -- -j8 -l8
[0.888s] Invoking command in '/ros2_ws/build/f1tenth_mapping': CMAKE_PREFIX_PATH=${CMAKE_PREFIX_PATH}:/ros2_ws/src/install/autodrive_f1tenth:/ros2_ws/install/autodrive_f1tenth:/opt/ros/foxy /usr/bin/cmake --install /ros2_ws/build/f1tenth_mapping
[0.919s] -- Install configuration: ""
[0.920s] -- Execute custom install script
[0.922s] -- Up-to-date symlink: /ros2_ws/install/f1tenth_mapping/share/f1tenth_mapping//launch/carto.launch.py
[0.923s] -- Up-to-date symlink: /ros2_ws/install/f1tenth_mapping/share/f1tenth_mapping//launch/occupancy_grid.launch.py
[0.924s] -- Symlinking: /ros2_ws/install/f1tenth_mapping/share/f1tenth_mapping//launch/publish_odom.launch.py
[0.951s] -- Up-to-date symlink: /ros2_ws/install/f1tenth_mapping/share/f1tenth_mapping//config/custom_nav2_params.yaml
[0.952s] -- Up-to-date symlink: /ros2_ws/install/f1tenth_mapping/share/f1tenth_mapping//config/custom_slam_params.yaml
[0.952s] -- Up-to-date symlink: /ros2_ws/install/f1tenth_mapping/share/f1tenth_mapping//config/f1tenth_2d.lua
[0.953s] -- Up-to-date symlink: /ros2_ws/install/f1tenth_mapping/share/ament_index/resource_index/package_run_dependencies/f1tenth_mapping
[0.953s] -- Up-to-date symlink: /ros2_ws/install/f1tenth_mapping/share/ament_index/resource_index/parent_prefix_path/f1tenth_mapping
[0.953s] -- Up-to-date symlink: /ros2_ws/install/f1tenth_mapping/share/f1tenth_mapping/environment/ament_prefix_path.sh
[0.954s] -- Up-to-date symlink: /ros2_ws/install/f1tenth_mapping/share/f1tenth_mapping/environment/ament_prefix_path.dsv
[0.955s] -- Up-to-date symlink: /ros2_ws/install/f1tenth_mapping/share/f1tenth_mapping/environment/path.sh
[0.955s] -- Up-to-date symlink: /ros2_ws/install/f1tenth_mapping/share/f1tenth_mapping/environment/path.dsv
[0.956s] -- Up-to-date symlink: /ros2_ws/install/f1tenth_mapping/share/f1tenth_mapping/local_setup.bash
[0.957s] -- Up-to-date symlink: /ros2_ws/install/f1tenth_mapping/share/f1tenth_mapping/local_setup.sh
[0.959s] -- Up-to-date symlink: /ros2_ws/install/f1tenth_mapping/share/f1tenth_mapping/local_setup.zsh
[0.962s] -- Up-to-date symlink: /ros2_ws/install/f1tenth_mapping/share/f1tenth_mapping/local_setup.dsv
[0.962s] -- Symlinking: /ros2_ws/install/f1tenth_mapping/share/f1tenth_mapping/package.dsv
[0.984s] -- Up-to-date symlink: /ros2_ws/install/f1tenth_mapping/share/ament_index/resource_index/packages/f1tenth_mapping
[0.985s] -- Up-to-date symlink: /ros2_ws/install/f1tenth_mapping/share/f1tenth_mapping/cmake/f1tenth_mappingConfig.cmake
[0.985s] -- Up-to-date symlink: /ros2_ws/install/f1tenth_mapping/share/f1tenth_mapping/cmake/f1tenth_mappingConfig-version.cmake
[0.986s] -- Up-to-date symlink: /ros2_ws/install/f1tenth_mapping/share/f1tenth_mapping/package.xml
[0.986s] -- Up-to-date: /ros2_ws/install/f1tenth_mapping/lib/f1tenth_mapping/publish_odom.py
[0.991s] Invoked command in '/ros2_ws/build/f1tenth_mapping' returned '0': CMAKE_PREFIX_PATH=${CMAKE_PREFIX_PATH}:/ros2_ws/src/install/autodrive_f1tenth:/ros2_ws/install/autodrive_f1tenth:/opt/ros/foxy /usr/bin/cmake --install /ros2_ws/build/f1tenth_mapping
