[1.416s] Invoking command in '/home/bhajneet/sim_racing/ros2_ws/src/stanley_avoidance': PYTHONPATH=/home/bhajneet/sim_racing/ros2_ws/build/stanley_avoidance/prefix_override:/home/bhajneet/sim_racing/ros2_ws/install/stanley_avoidance/lib/python3.8/site-packages:${PYTHONPATH} /usr/bin/python3 setup.py egg_info --egg-base ../../build/stanley_avoidance build --build-base /home/bhajneet/sim_racing/ros2_ws/build/stanley_avoidance/build install --record /home/bhajneet/sim_racing/ros2_ws/build/stanley_avoidance/install.log --install-scripts $base/lib/stanley_avoidance --single-version-externally-managed
[1.831s] running egg_info
[1.832s] creating ../../build/stanley_avoidance/stanley_avoidance.egg-info
[1.832s] writing ../../build/stanley_avoidance/stanley_avoidance.egg-info/PKG-INFO
[1.832s] writing dependency_links to ../../build/stanley_avoidance/stanley_avoidance.egg-info/dependency_links.txt
[1.832s] writing entry points to ../../build/stanley_avoidance/stanley_avoidance.egg-info/entry_points.txt
[1.832s] writing requirements to ../../build/stanley_avoidance/stanley_avoidance.egg-info/requires.txt
[1.833s] writing top-level names to ../../build/stanley_avoidance/stanley_avoidance.egg-info/top_level.txt
[1.843s] writing manifest file '../../build/stanley_avoidance/stanley_avoidance.egg-info/SOURCES.txt'
[1.899s] reading manifest file '../../build/stanley_avoidance/stanley_avoidance.egg-info/SOURCES.txt'
[1.899s] writing manifest file '../../build/stanley_avoidance/stanley_avoidance.egg-info/SOURCES.txt'
[1.899s] running build
[1.900s] running build_py
[1.900s] creating /home/bhajneet/sim_racing/ros2_ws/build/stanley_avoidance/build
[1.900s] creating /home/bhajneet/sim_racing/ros2_ws/build/stanley_avoidance/build/lib
[1.900s] creating /home/bhajneet/sim_racing/ros2_ws/build/stanley_avoidance/build/lib/stanley_avoidance
[1.900s] copying stanley_avoidance/stanley_avoidance.py -> /home/bhajneet/sim_racing/ros2_ws/build/stanley_avoidance/build/lib/stanley_avoidance
[1.900s] copying stanley_avoidance/__init__.py -> /home/bhajneet/sim_racing/ros2_ws/build/stanley_avoidance/build/lib/stanley_avoidance
[1.900s] running install
[1.901s] running install_lib
[1.902s] creating /home/bhajneet/sim_racing/ros2_ws/install/stanley_avoidance/lib/python3.8/site-packages/stanley_avoidance
[1.902s] copying /home/bhajneet/sim_racing/ros2_ws/build/stanley_avoidance/build/lib/stanley_avoidance/stanley_avoidance.py -> /home/bhajneet/sim_racing/ros2_ws/install/stanley_avoidance/lib/python3.8/site-packages/stanley_avoidance
[1.902s] copying /home/bhajneet/sim_racing/ros2_ws/build/stanley_avoidance/build/lib/stanley_avoidance/__init__.py -> /home/bhajneet/sim_racing/ros2_ws/install/stanley_avoidance/lib/python3.8/site-packages/stanley_avoidance
[1.903s] byte-compiling /home/bhajneet/sim_racing/ros2_ws/install/stanley_avoidance/lib/python3.8/site-packages/stanley_avoidance/stanley_avoidance.py to stanley_avoidance.cpython-38.pyc
[1.910s] byte-compiling /home/bhajneet/sim_racing/ros2_ws/install/stanley_avoidance/lib/python3.8/site-packages/stanley_avoidance/__init__.py to __init__.cpython-38.pyc
[1.910s] running install_data
[1.911s] creating /home/bhajneet/sim_racing/ros2_ws/install/stanley_avoidance/share/ament_index
[1.911s] creating /home/bhajneet/sim_racing/ros2_ws/install/stanley_avoidance/share/ament_index/resource_index
[1.911s] creating /home/bhajneet/sim_racing/ros2_ws/install/stanley_avoidance/share/ament_index/resource_index/packages
[1.911s] copying resource/stanley_avoidance -> /home/bhajneet/sim_racing/ros2_ws/install/stanley_avoidance/share/ament_index/resource_index/packages
[1.911s] copying package.xml -> /home/bhajneet/sim_racing/ros2_ws/install/stanley_avoidance/share/stanley_avoidance
[1.911s] creating /home/bhajneet/sim_racing/ros2_ws/install/stanley_avoidance/share/stanley_avoidance/racelines
[1.911s] creating /home/bhajneet/sim_racing/ros2_ws/install/stanley_avoidance/share/stanley_avoidance/launch
[1.911s] copying launch/sim_stanley_avoidance_launch.py -> /home/bhajneet/sim_racing/ros2_ws/install/stanley_avoidance/share/stanley_avoidance/launch
[1.912s] copying launch/stanley_avoidance_launch.py -> /home/bhajneet/sim_racing/ros2_ws/install/stanley_avoidance/share/stanley_avoidance/launch
[1.912s] copying launch/stanley_avoidance.rviz -> /home/bhajneet/sim_racing/ros2_ws/install/stanley_avoidance/share/stanley_avoidance/launch
[1.912s] copying launch/sim_multi_agent_stanley_avoidance_launch.py -> /home/bhajneet/sim_racing/ros2_ws/install/stanley_avoidance/share/stanley_avoidance/launch
[1.912s] creating /home/bhajneet/sim_racing/ros2_ws/install/stanley_avoidance/share/stanley_avoidance/config
[1.912s] copying config/sim_config.yaml -> /home/bhajneet/sim_racing/ros2_ws/install/stanley_avoidance/share/stanley_avoidance/config
[1.912s] copying config/config.yaml -> /home/bhajneet/sim_racing/ros2_ws/install/stanley_avoidance/share/stanley_avoidance/config
[1.912s] running install_egg_info
[1.914s] Copying ../../build/stanley_avoidance/stanley_avoidance.egg-info to /home/bhajneet/sim_racing/ros2_ws/install/stanley_avoidance/lib/python3.8/site-packages/stanley_avoidance-0.0.0-py3.8.egg-info
[1.916s] running install_scripts
[1.940s] Installing stanley_avoidance script to /home/bhajneet/sim_racing/ros2_ws/install/stanley_avoidance/lib/stanley_avoidance
[1.941s] writing list of installed files to '/home/bhajneet/sim_racing/ros2_ws/build/stanley_avoidance/install.log'
[1.993s] Invoked command in '/home/bhajneet/sim_racing/ros2_ws/src/stanley_avoidance' returned '0': PYTHONPATH=/home/bhajneet/sim_racing/ros2_ws/build/stanley_avoidance/prefix_override:/home/bhajneet/sim_racing/ros2_ws/install/stanley_avoidance/lib/python3.8/site-packages:${PYTHONPATH} /usr/bin/python3 setup.py egg_info --egg-base ../../build/stanley_avoidance build --build-base /home/bhajneet/sim_racing/ros2_ws/build/stanley_avoidance/build install --record /home/bhajneet/sim_racing/ros2_ws/build/stanley_avoidance/install.log --install-scripts $base/lib/stanley_avoidance --single-version-externally-managed
