[0.276s] DEBUG:colcon:Command line arguments: ['/usr/bin/colcon', 'build']
[0.276s] DEBUG:colcon:Parsed command line arguments: Namespace(ament_cmake_args=None, base_paths=['.'], build_base='build', catkin_cmake_args=None, catkin_skip_building_tests=False, cmake_args=None, cmake_clean_cache=False, cmake_clean_first=False, cmake_force_configure=False, cmake_target=None, cmake_target_skip_unavailable=False, continue_on_error=False, event_handlers=None, executor='parallel', ignore_user_meta=False, install_base='install', log_base=None, log_level=None, main=<bound method BuildVerb.main of <colcon_core.verb.build.BuildVerb object at 0x732a84ba1370>>, merge_install=False, metas=['./colcon.meta'], mixin=None, mixin_files=None, mixin_verb=('build',), packages_above=None, packages_above_and_dependencies=None, packages_above_depth=None, packages_end=None, packages_ignore=None, packages_ignore_regex=None, packages_select=None, packages_select_build_failed=False, packages_select_by_dep=None, packages_select_regex=None, packages_select_test_failures=False, packages_skip=None, packages_skip_build_finished=False, packages_skip_by_dep=None, packages_skip_regex=None, packages_skip_test_passed=False, packages_skip_up_to=None, packages_start=None, packages_up_to=None, packages_up_to_regex=None, parallel_workers=8, paths=None, symlink_install=False, test_result_base=None, verb_extension=<colcon_core.verb.build.BuildVerb object at 0x732a84ba1370>, verb_name='build', verb_parser=<colcon_mixin.mixin.mixin_argument.MixinArgumentDecorator object at 0x732a84ba19d0>)
[0.301s] Level 1:colcon.colcon_core.package_discovery:discover_packages(colcon_meta) check parameters
[0.301s] Level 1:colcon.colcon_core.package_discovery:discover_packages(recursive) check parameters
[0.301s] Level 1:colcon.colcon_core.package_discovery:discover_packages(ignore) check parameters
[0.301s] Level 1:colcon.colcon_core.package_discovery:discover_packages(path) check parameters
[0.301s] Level 1:colcon.colcon_core.package_discovery:discover_packages(colcon_meta) discover
[0.301s] Level 1:colcon.colcon_core.package_discovery:discover_packages(recursive) discover
[0.301s] INFO:colcon.colcon_core.package_discovery:Crawling recursively for packages in '/ros2_ws'
[0.302s] Level 1:colcon.colcon_core.package_identification:_identify(.) by extensions ['ignore', 'ignore_ament_install']
[0.302s] Level 1:colcon.colcon_core.package_identification:_identify(.) by extension 'ignore'
[0.302s] Level 1:colcon.colcon_core.package_identification:_identify(.) by extension 'ignore_ament_install'
[0.302s] Level 1:colcon.colcon_core.package_identification:_identify(.) by extensions ['colcon_pkg']
[0.302s] Level 1:colcon.colcon_core.package_identification:_identify(.) by extension 'colcon_pkg'
[0.302s] Level 1:colcon.colcon_core.package_identification:_identify(.) by extensions ['colcon_meta']
[0.302s] Level 1:colcon.colcon_core.package_identification:_identify(.) by extension 'colcon_meta'
[0.302s] Level 1:colcon.colcon_core.package_identification:_identify(.) by extensions ['ros']
[0.302s] Level 1:colcon.colcon_core.package_identification:_identify(.) by extension 'ros'
[0.321s] Level 1:colcon.colcon_core.package_identification:_identify(.) by extensions ['cmake', 'python']
[0.321s] Level 1:colcon.colcon_core.package_identification:_identify(.) by extension 'cmake'
[0.321s] Level 1:colcon.colcon_core.package_identification:_identify(.) by extension 'python'
[0.321s] Level 1:colcon.colcon_core.package_identification:_identify(.) by extensions ['python_setup_py']
[0.321s] Level 1:colcon.colcon_core.package_identification:_identify(.) by extension 'python_setup_py'
[0.321s] Level 1:colcon.colcon_core.package_identification:_identify(build) by extensions ['ignore', 'ignore_ament_install']
[0.321s] Level 1:colcon.colcon_core.package_identification:_identify(build) by extension 'ignore'
[0.321s] Level 1:colcon.colcon_core.package_identification:_identify(build) ignored
[0.322s] Level 1:colcon.colcon_core.package_identification:_identify(install) by extensions ['ignore', 'ignore_ament_install']
[0.322s] Level 1:colcon.colcon_core.package_identification:_identify(install) by extension 'ignore'
[0.322s] Level 1:colcon.colcon_core.package_identification:_identify(install) ignored
[0.322s] Level 1:colcon.colcon_core.package_identification:_identify(log) by extensions ['ignore', 'ignore_ament_install']
[0.322s] Level 1:colcon.colcon_core.package_identification:_identify(log) by extension 'ignore'
[0.322s] Level 1:colcon.colcon_core.package_identification:_identify(log) ignored
[0.322s] Level 1:colcon.colcon_core.package_identification:_identify(src) by extensions ['ignore', 'ignore_ament_install']
[0.322s] Level 1:colcon.colcon_core.package_identification:_identify(src) by extension 'ignore'
[0.322s] Level 1:colcon.colcon_core.package_identification:_identify(src) by extension 'ignore_ament_install'
[0.322s] Level 1:colcon.colcon_core.package_identification:_identify(src) by extensions ['colcon_pkg']
[0.322s] Level 1:colcon.colcon_core.package_identification:_identify(src) by extension 'colcon_pkg'
[0.322s] Level 1:colcon.colcon_core.package_identification:_identify(src) by extensions ['colcon_meta']
[0.322s] Level 1:colcon.colcon_core.package_identification:_identify(src) by extension 'colcon_meta'
[0.322s] Level 1:colcon.colcon_core.package_identification:_identify(src) by extensions ['ros']
[0.322s] Level 1:colcon.colcon_core.package_identification:_identify(src) by extension 'ros'
[0.322s] Level 1:colcon.colcon_core.package_identification:_identify(src) by extensions ['cmake', 'python']
[0.322s] Level 1:colcon.colcon_core.package_identification:_identify(src) by extension 'cmake'
[0.322s] Level 1:colcon.colcon_core.package_identification:_identify(src) by extension 'python'
[0.322s] Level 1:colcon.colcon_core.package_identification:_identify(src) by extensions ['python_setup_py']
[0.323s] Level 1:colcon.colcon_core.package_identification:_identify(src) by extension 'python_setup_py'
[0.323s] Level 1:colcon.colcon_core.package_identification:_identify(src/autodrive_f1tenth) by extensions ['ignore', 'ignore_ament_install']
[0.323s] Level 1:colcon.colcon_core.package_identification:_identify(src/autodrive_f1tenth) by extension 'ignore'
[0.323s] Level 1:colcon.colcon_core.package_identification:_identify(src/autodrive_f1tenth) by extension 'ignore_ament_install'
[0.323s] Level 1:colcon.colcon_core.package_identification:_identify(src/autodrive_f1tenth) by extensions ['colcon_pkg']
[0.323s] Level 1:colcon.colcon_core.package_identification:_identify(src/autodrive_f1tenth) by extension 'colcon_pkg'
[0.323s] Level 1:colcon.colcon_core.package_identification:_identify(src/autodrive_f1tenth) by extensions ['colcon_meta']
[0.323s] Level 1:colcon.colcon_core.package_identification:_identify(src/autodrive_f1tenth) by extension 'colcon_meta'
[0.323s] Level 1:colcon.colcon_core.package_identification:_identify(src/autodrive_f1tenth) by extensions ['ros']
[0.323s] Level 1:colcon.colcon_core.package_identification:_identify(src/autodrive_f1tenth) by extension 'ros'
[0.326s] DEBUG:colcon.colcon_core.package_identification:Package 'src/autodrive_f1tenth' with type 'ros.ament_python' and name 'autodrive_f1tenth'
[0.326s] Level 1:colcon.colcon_core.package_identification:_identify(src/f1tenth_mapping) by extensions ['ignore', 'ignore_ament_install']
[0.326s] Level 1:colcon.colcon_core.package_identification:_identify(src/f1tenth_mapping) by extension 'ignore'
[0.327s] Level 1:colcon.colcon_core.package_identification:_identify(src/f1tenth_mapping) by extension 'ignore_ament_install'
[0.327s] Level 1:colcon.colcon_core.package_identification:_identify(src/f1tenth_mapping) by extensions ['colcon_pkg']
[0.327s] Level 1:colcon.colcon_core.package_identification:_identify(src/f1tenth_mapping) by extension 'colcon_pkg'
[0.327s] Level 1:colcon.colcon_core.package_identification:_identify(src/f1tenth_mapping) by extensions ['colcon_meta']
[0.327s] Level 1:colcon.colcon_core.package_identification:_identify(src/f1tenth_mapping) by extension 'colcon_meta'
[0.327s] Level 1:colcon.colcon_core.package_identification:_identify(src/f1tenth_mapping) by extensions ['ros']
[0.327s] Level 1:colcon.colcon_core.package_identification:_identify(src/f1tenth_mapping) by extension 'ros'
[0.327s] DEBUG:colcon.colcon_core.package_identification:Package 'src/f1tenth_mapping' with type 'ros.ament_cmake' and name 'f1tenth_mapping'
[0.327s] Level 1:colcon.colcon_core.package_discovery:discover_packages(recursive) using defaults
[0.327s] Level 1:colcon.colcon_core.package_discovery:discover_packages(ignore) discover
[0.327s] Level 1:colcon.colcon_core.package_discovery:discover_packages(ignore) using defaults
[0.327s] Level 1:colcon.colcon_core.package_discovery:discover_packages(path) discover
[0.327s] Level 1:colcon.colcon_core.package_discovery:discover_packages(path) using defaults
[0.346s] Level 5:colcon.colcon_core.verb:set package 'autodrive_f1tenth' build argument 'cmake_args' from command line to 'None'
[0.346s] Level 5:colcon.colcon_core.verb:set package 'autodrive_f1tenth' build argument 'cmake_target' from command line to 'None'
[0.346s] Level 5:colcon.colcon_core.verb:set package 'autodrive_f1tenth' build argument 'cmake_target_skip_unavailable' from command line to 'False'
[0.346s] Level 5:colcon.colcon_core.verb:set package 'autodrive_f1tenth' build argument 'cmake_clean_cache' from command line to 'False'
[0.346s] Level 5:colcon.colcon_core.verb:set package 'autodrive_f1tenth' build argument 'cmake_clean_first' from command line to 'False'
[0.346s] Level 5:colcon.colcon_core.verb:set package 'autodrive_f1tenth' build argument 'cmake_force_configure' from command line to 'False'
[0.346s] Level 5:colcon.colcon_core.verb:set package 'autodrive_f1tenth' build argument 'ament_cmake_args' from command line to 'None'
[0.346s] Level 5:colcon.colcon_core.verb:set package 'autodrive_f1tenth' build argument 'catkin_cmake_args' from command line to 'None'
[0.346s] Level 5:colcon.colcon_core.verb:set package 'autodrive_f1tenth' build argument 'catkin_skip_building_tests' from command line to 'False'
[0.346s] DEBUG:colcon.colcon_core.verb:Building package 'autodrive_f1tenth' with the following arguments: {'ament_cmake_args': None, 'build_base': '/ros2_ws/build/autodrive_f1tenth', 'catkin_cmake_args': None, 'catkin_skip_building_tests': False, 'cmake_args': None, 'cmake_clean_cache': False, 'cmake_clean_first': False, 'cmake_force_configure': False, 'cmake_target': None, 'cmake_target_skip_unavailable': False, 'install_base': '/ros2_ws/install/autodrive_f1tenth', 'merge_install': False, 'path': '/ros2_ws/src/autodrive_f1tenth', 'symlink_install': False, 'test_result_base': None}
[0.347s] Level 5:colcon.colcon_core.verb:set package 'f1tenth_mapping' build argument 'cmake_args' from command line to 'None'
[0.347s] Level 5:colcon.colcon_core.verb:set package 'f1tenth_mapping' build argument 'cmake_target' from command line to 'None'
[0.347s] Level 5:colcon.colcon_core.verb:set package 'f1tenth_mapping' build argument 'cmake_target_skip_unavailable' from command line to 'False'
[0.347s] Level 5:colcon.colcon_core.verb:set package 'f1tenth_mapping' build argument 'cmake_clean_cache' from command line to 'False'
[0.347s] Level 5:colcon.colcon_core.verb:set package 'f1tenth_mapping' build argument 'cmake_clean_first' from command line to 'False'
[0.347s] Level 5:colcon.colcon_core.verb:set package 'f1tenth_mapping' build argument 'cmake_force_configure' from command line to 'False'
[0.347s] Level 5:colcon.colcon_core.verb:set package 'f1tenth_mapping' build argument 'ament_cmake_args' from command line to 'None'
[0.347s] Level 5:colcon.colcon_core.verb:set package 'f1tenth_mapping' build argument 'catkin_cmake_args' from command line to 'None'
[0.347s] Level 5:colcon.colcon_core.verb:set package 'f1tenth_mapping' build argument 'catkin_skip_building_tests' from command line to 'False'
[0.347s] DEBUG:colcon.colcon_core.verb:Building package 'f1tenth_mapping' with the following arguments: {'ament_cmake_args': None, 'build_base': '/ros2_ws/build/f1tenth_mapping', 'catkin_cmake_args': None, 'catkin_skip_building_tests': False, 'cmake_args': None, 'cmake_clean_cache': False, 'cmake_clean_first': False, 'cmake_force_configure': False, 'cmake_target': None, 'cmake_target_skip_unavailable': False, 'install_base': '/ros2_ws/install/f1tenth_mapping', 'merge_install': False, 'path': '/ros2_ws/src/f1tenth_mapping', 'symlink_install': False, 'test_result_base': None}
[0.347s] INFO:colcon.colcon_core.executor:Executing jobs using 'parallel' executor
[0.351s] DEBUG:colcon.colcon_parallel_executor.executor.parallel:run_until_complete
[0.351s] INFO:colcon.colcon_ros.task.ament_python.build:Building ROS package in '/ros2_ws/src/autodrive_f1tenth' with build type 'ament_python'
[0.352s] Level 1:colcon.colcon_core.shell:create_environment_hook('autodrive_f1tenth', 'ament_prefix_path')
[0.358s] INFO:colcon.colcon_core.plugin_system:Skipping extension 'colcon_core.shell.bat': Not used on non-Windows systems
[0.359s] INFO:colcon.colcon_core.shell:Creating environment hook '/ros2_ws/install/autodrive_f1tenth/share/autodrive_f1tenth/hook/ament_prefix_path.ps1'
[0.359s] INFO:colcon.colcon_core.shell:Creating environment descriptor '/ros2_ws/install/autodrive_f1tenth/share/autodrive_f1tenth/hook/ament_prefix_path.dsv'
[0.360s] INFO:colcon.colcon_core.shell:Creating environment hook '/ros2_ws/install/autodrive_f1tenth/share/autodrive_f1tenth/hook/ament_prefix_path.sh'
[0.361s] INFO:colcon.colcon_core.shell:Skip shell extension 'powershell' for command environment: Not usable outside of PowerShell
[0.361s] DEBUG:colcon.colcon_core.shell:Skip shell extension 'dsv' for command environment
[0.364s] WARNING:colcon.colcon_core.prefix_path.colcon:The path '/ros2_ws/src/install' in the environment variable COLCON_PREFIX_PATH doesn't exist
[0.365s] WARNING:colcon.colcon_ros.prefix_path.ament:The path '/ros2_ws/src/install/f1tenth_mapping' in the environment variable AMENT_PREFIX_PATH doesn't exist
[0.365s] WARNING:colcon.colcon_ros.prefix_path.ament:The path '/ros2_ws/src/install/autodrive_f1tenth' in the environment variable AMENT_PREFIX_PATH doesn't exist
[0.366s] WARNING:colcon.colcon_ros.prefix_path.catkin:The path '/ros2_ws/src/install/f1tenth_mapping' in the environment variable CMAKE_PREFIX_PATH doesn't exist
[0.373s] INFO:colcon.colcon_ros.task.ament_cmake.build:Building ROS package in '/ros2_ws/src/f1tenth_mapping' with build type 'ament_cmake'
[0.373s] INFO:colcon.colcon_cmake.task.cmake.build:Building CMake package in '/ros2_ws/src/f1tenth_mapping'
[0.375s] INFO:colcon.colcon_core.shell:Skip shell extension 'powershell' for command environment: Not usable outside of PowerShell
[0.375s] DEBUG:colcon.colcon_core.shell:Skip shell extension 'dsv' for command environment
[0.600s] INFO:colcon.colcon_core.task.python.build:Building Python package in '/ros2_ws/src/autodrive_f1tenth'
[0.602s] INFO:colcon.colcon_core.shell:Skip shell extension 'powershell' for command environment: Not usable outside of PowerShell
[0.602s] DEBUG:colcon.colcon_core.shell:Skip shell extension 'dsv' for command environment
[0.612s] DEBUG:colcon.colcon_core.event_handler.log_command:Invoking command in '/ros2_ws/build/f1tenth_mapping': CMAKE_PREFIX_PATH=${CMAKE_PREFIX_PATH}:/ros2_ws/src/install/autodrive_f1tenth:/ros2_ws/install/autodrive_f1tenth:/opt/ros/foxy /usr/bin/cmake --build /ros2_ws/build/f1tenth_mapping -- -j8 -l8
[0.654s] DEBUG:colcon.colcon_core.event_handler.log_command:Invoked command in '/ros2_ws/build/f1tenth_mapping' returned '0': CMAKE_PREFIX_PATH=${CMAKE_PREFIX_PATH}:/ros2_ws/src/install/autodrive_f1tenth:/ros2_ws/install/autodrive_f1tenth:/opt/ros/foxy /usr/bin/cmake --build /ros2_ws/build/f1tenth_mapping -- -j8 -l8
[0.696s] DEBUG:colcon.colcon_core.event_handler.log_command:Invoking command in '/ros2_ws/build/f1tenth_mapping': CMAKE_PREFIX_PATH=${CMAKE_PREFIX_PATH}:/ros2_ws/src/install/autodrive_f1tenth:/ros2_ws/install/autodrive_f1tenth:/opt/ros/foxy /usr/bin/cmake --install /ros2_ws/build/f1tenth_mapping
[0.719s] Level 1:colcon.colcon_core.environment:create_environment_scripts_only(f1tenth_mapping)
[0.720s] DEBUG:colcon.colcon_core.event_handler.log_command:Invoked command in '/ros2_ws/build/f1tenth_mapping' returned '0': CMAKE_PREFIX_PATH=${CMAKE_PREFIX_PATH}:/ros2_ws/src/install/autodrive_f1tenth:/ros2_ws/install/autodrive_f1tenth:/opt/ros/foxy /usr/bin/cmake --install /ros2_ws/build/f1tenth_mapping
[0.726s] Level 1:colcon.colcon_core.environment:checking '/ros2_ws/install/f1tenth_mapping' for CMake module files
[0.727s] Level 1:colcon.colcon_core.environment:checking '/ros2_ws/install/f1tenth_mapping' for CMake config files
[0.727s] Level 1:colcon.colcon_core.shell:create_environment_hook('f1tenth_mapping', 'cmake_prefix_path')
[0.728s] INFO:colcon.colcon_core.shell:Creating environment hook '/ros2_ws/install/f1tenth_mapping/share/f1tenth_mapping/hook/cmake_prefix_path.ps1'
[0.728s] INFO:colcon.colcon_core.shell:Creating environment descriptor '/ros2_ws/install/f1tenth_mapping/share/f1tenth_mapping/hook/cmake_prefix_path.dsv'
[0.729s] INFO:colcon.colcon_core.shell:Creating environment hook '/ros2_ws/install/f1tenth_mapping/share/f1tenth_mapping/hook/cmake_prefix_path.sh'
[0.729s] Level 1:colcon.colcon_core.environment:checking '/ros2_ws/install/f1tenth_mapping/lib'
[0.730s] Level 1:colcon.colcon_core.environment:checking '/ros2_ws/install/f1tenth_mapping/bin'
[0.730s] Level 1:colcon.colcon_core.environment:checking '/ros2_ws/install/f1tenth_mapping/lib/pkgconfig/f1tenth_mapping.pc'
[0.730s] Level 1:colcon.colcon_core.environment:checking '/ros2_ws/install/f1tenth_mapping/lib/python3.8/site-packages'
[0.730s] Level 1:colcon.colcon_core.environment:checking '/ros2_ws/install/f1tenth_mapping/bin'
[0.731s] INFO:colcon.colcon_core.shell:Creating package script '/ros2_ws/install/f1tenth_mapping/share/f1tenth_mapping/package.ps1'
[0.732s] INFO:colcon.colcon_core.shell:Creating package descriptor '/ros2_ws/install/f1tenth_mapping/share/f1tenth_mapping/package.dsv'
[0.732s] INFO:colcon.colcon_core.shell:Creating package script '/ros2_ws/install/f1tenth_mapping/share/f1tenth_mapping/package.sh'
[0.733s] INFO:colcon.colcon_core.shell:Creating package script '/ros2_ws/install/f1tenth_mapping/share/f1tenth_mapping/package.bash'
[0.734s] INFO:colcon.colcon_core.shell:Creating package script '/ros2_ws/install/f1tenth_mapping/share/f1tenth_mapping/package.zsh'
[0.734s] Level 1:colcon.colcon_core.environment:create_file_with_runtime_dependencies(/ros2_ws/install/f1tenth_mapping/share/colcon-core/packages/f1tenth_mapping)
[0.755s] Level 1:colcon.colcon_core.environment:create_environment_scripts_only(f1tenth_mapping)
[0.757s] Level 1:colcon.colcon_core.environment:checking '/ros2_ws/install/f1tenth_mapping' for CMake module files
[0.758s] Level 1:colcon.colcon_core.environment:checking '/ros2_ws/install/f1tenth_mapping' for CMake config files
[0.758s] Level 1:colcon.colcon_core.shell:create_environment_hook('f1tenth_mapping', 'cmake_prefix_path')
[0.760s] INFO:colcon.colcon_core.shell:Creating environment hook '/ros2_ws/install/f1tenth_mapping/share/f1tenth_mapping/hook/cmake_prefix_path.ps1'
[0.760s] INFO:colcon.colcon_core.shell:Creating environment descriptor '/ros2_ws/install/f1tenth_mapping/share/f1tenth_mapping/hook/cmake_prefix_path.dsv'
[0.761s] INFO:colcon.colcon_core.shell:Creating environment hook '/ros2_ws/install/f1tenth_mapping/share/f1tenth_mapping/hook/cmake_prefix_path.sh'
[0.761s] Level 1:colcon.colcon_core.environment:checking '/ros2_ws/install/f1tenth_mapping/lib'
[0.762s] Level 1:colcon.colcon_core.environment:checking '/ros2_ws/install/f1tenth_mapping/bin'
[0.762s] Level 1:colcon.colcon_core.environment:checking '/ros2_ws/install/f1tenth_mapping/lib/pkgconfig/f1tenth_mapping.pc'
[0.762s] Level 1:colcon.colcon_core.environment:checking '/ros2_ws/install/f1tenth_mapping/lib/python3.8/site-packages'
[0.763s] Level 1:colcon.colcon_core.environment:checking '/ros2_ws/install/f1tenth_mapping/bin'
[0.765s] INFO:colcon.colcon_core.shell:Creating package script '/ros2_ws/install/f1tenth_mapping/share/f1tenth_mapping/package.ps1'
[0.765s] INFO:colcon.colcon_core.shell:Creating package descriptor '/ros2_ws/install/f1tenth_mapping/share/f1tenth_mapping/package.dsv'
[0.766s] INFO:colcon.colcon_core.shell:Creating package script '/ros2_ws/install/f1tenth_mapping/share/f1tenth_mapping/package.sh'
[0.766s] INFO:colcon.colcon_core.shell:Creating package script '/ros2_ws/install/f1tenth_mapping/share/f1tenth_mapping/package.bash'
[0.767s] INFO:colcon.colcon_core.shell:Creating package script '/ros2_ws/install/f1tenth_mapping/share/f1tenth_mapping/package.zsh'
[0.767s] Level 1:colcon.colcon_core.environment:create_file_with_runtime_dependencies(/ros2_ws/install/f1tenth_mapping/share/colcon-core/packages/f1tenth_mapping)
[1.027s] DEBUG:colcon.colcon_core.event_handler.log_command:Invoking command in '/ros2_ws/build/autodrive_f1tenth': PYTHONPATH=/ros2_ws/build/autodrive_f1tenth/prefix_override:/ros2_ws/install/autodrive_f1tenth/lib/python3.8/site-packages:${PYTHONPATH} /usr/bin/python3 setup.py develop --uninstall --editable --build-directory /ros2_ws/build/autodrive_f1tenth/build
[1.345s] DEBUG:colcon.colcon_core.event_handler.log_command:Invoked command in '/ros2_ws/build/autodrive_f1tenth' returned '0': PYTHONPATH=/ros2_ws/build/autodrive_f1tenth/prefix_override:/ros2_ws/install/autodrive_f1tenth/lib/python3.8/site-packages:${PYTHONPATH} /usr/bin/python3 setup.py develop --uninstall --editable --build-directory /ros2_ws/build/autodrive_f1tenth/build
[1.346s] DEBUG:colcon.colcon_core.event_handler.log_command:Invoking command in '/ros2_ws/src/autodrive_f1tenth': PYTHONPATH=/ros2_ws/build/autodrive_f1tenth/prefix_override:/ros2_ws/install/autodrive_f1tenth/lib/python3.8/site-packages:${PYTHONPATH} /usr/bin/python3 setup.py egg_info --egg-base ../../build/autodrive_f1tenth build --build-base /ros2_ws/build/autodrive_f1tenth/build install --record /ros2_ws/build/autodrive_f1tenth/install.log --install-scripts $base/lib/autodrive_f1tenth --single-version-externally-managed
[1.614s] Level 1:colcon.colcon_core.environment:checking '/ros2_ws/install/autodrive_f1tenth' for CMake module files
[1.615s] DEBUG:colcon.colcon_core.event_handler.log_command:Invoked command in '/ros2_ws/src/autodrive_f1tenth' returned '0': PYTHONPATH=/ros2_ws/build/autodrive_f1tenth/prefix_override:/ros2_ws/install/autodrive_f1tenth/lib/python3.8/site-packages:${PYTHONPATH} /usr/bin/python3 setup.py egg_info --egg-base ../../build/autodrive_f1tenth build --build-base /ros2_ws/build/autodrive_f1tenth/build install --record /ros2_ws/build/autodrive_f1tenth/install.log --install-scripts $base/lib/autodrive_f1tenth --single-version-externally-managed
[1.615s] Level 1:colcon.colcon_core.environment:checking '/ros2_ws/install/autodrive_f1tenth' for CMake config files
[1.616s] Level 1:colcon.colcon_core.environment:checking '/ros2_ws/install/autodrive_f1tenth/lib'
[1.616s] Level 1:colcon.colcon_core.environment:checking '/ros2_ws/install/autodrive_f1tenth/bin'
[1.616s] Level 1:colcon.colcon_core.environment:checking '/ros2_ws/install/autodrive_f1tenth/lib/pkgconfig/autodrive_f1tenth.pc'
[1.617s] Level 1:colcon.colcon_core.environment:checking '/ros2_ws/install/autodrive_f1tenth/lib/python3.8/site-packages'
[1.617s] Level 1:colcon.colcon_core.shell:create_environment_hook('autodrive_f1tenth', 'pythonpath')
[1.618s] INFO:colcon.colcon_core.shell:Creating environment hook '/ros2_ws/install/autodrive_f1tenth/share/autodrive_f1tenth/hook/pythonpath.ps1'
[1.618s] INFO:colcon.colcon_core.shell:Creating environment descriptor '/ros2_ws/install/autodrive_f1tenth/share/autodrive_f1tenth/hook/pythonpath.dsv'
[1.618s] INFO:colcon.colcon_core.shell:Creating environment hook '/ros2_ws/install/autodrive_f1tenth/share/autodrive_f1tenth/hook/pythonpath.sh'
[1.619s] Level 1:colcon.colcon_core.environment:checking '/ros2_ws/install/autodrive_f1tenth/bin'
[1.619s] Level 1:colcon.colcon_core.environment:create_environment_scripts_only(autodrive_f1tenth)
[1.620s] INFO:colcon.colcon_core.shell:Creating package script '/ros2_ws/install/autodrive_f1tenth/share/autodrive_f1tenth/package.ps1'
[1.621s] INFO:colcon.colcon_core.shell:Creating package descriptor '/ros2_ws/install/autodrive_f1tenth/share/autodrive_f1tenth/package.dsv'
[1.621s] INFO:colcon.colcon_core.shell:Creating package script '/ros2_ws/install/autodrive_f1tenth/share/autodrive_f1tenth/package.sh'
[1.621s] INFO:colcon.colcon_core.shell:Creating package script '/ros2_ws/install/autodrive_f1tenth/share/autodrive_f1tenth/package.bash'
[1.621s] INFO:colcon.colcon_core.shell:Creating package script '/ros2_ws/install/autodrive_f1tenth/share/autodrive_f1tenth/package.zsh'
[1.622s] Level 1:colcon.colcon_core.environment:create_file_with_runtime_dependencies(/ros2_ws/install/autodrive_f1tenth/share/colcon-core/packages/autodrive_f1tenth)
[1.622s] DEBUG:colcon.colcon_parallel_executor.executor.parallel:closing loop
[1.622s] DEBUG:colcon.colcon_parallel_executor.executor.parallel:loop closed
[1.622s] DEBUG:colcon.colcon_parallel_executor.executor.parallel:run_until_complete finished with '0'
[1.622s] DEBUG:colcon.colcon_core.event_reactor:joining thread
[1.629s] INFO:colcon.colcon_core.plugin_system:Skipping extension 'colcon_notification.desktop_notification.notify_send': Could not find 'notify-send'
[1.630s] INFO:colcon.colcon_core.plugin_system:Skipping extension 'colcon_notification.desktop_notification.terminal_notifier': Not used on non-Darwin systems
[1.630s] INFO:colcon.colcon_core.plugin_system:Skipping extension 'colcon_notification.desktop_notification.win32': Not used on non-Windows systems
[1.630s] INFO:colcon.colcon_notification.desktop_notification:Sending desktop notification using 'notify2'
[1.632s] DEBUG:colcon.colcon_notification.desktop_notification.notify2:Failed to initialize notify2: org.freedesktop.DBus.Error.Spawn.ExecFailed: /usr/bin/dbus-launch terminated abnormally without any error message
[1.633s] DEBUG:colcon.colcon_core.event_reactor:joined thread
[1.635s] INFO:colcon.colcon_core.shell:Creating prefix script '/ros2_ws/install/local_setup.ps1'
[1.636s] INFO:colcon.colcon_core.shell:Creating prefix util module '/ros2_ws/install/_local_setup_util_ps1.py'
[1.637s] INFO:colcon.colcon_core.shell:Creating prefix chain script '/ros2_ws/install/setup.ps1'
[1.640s] INFO:colcon.colcon_core.shell:Creating prefix script '/ros2_ws/install/local_setup.sh'
[1.642s] INFO:colcon.colcon_core.shell:Creating prefix util module '/ros2_ws/install/_local_setup_util_sh.py'
[1.643s] INFO:colcon.colcon_core.shell:Creating prefix chain script '/ros2_ws/install/setup.sh'
[1.645s] INFO:colcon.colcon_core.shell:Creating prefix script '/ros2_ws/install/local_setup.bash'
[1.646s] INFO:colcon.colcon_core.shell:Creating prefix chain script '/ros2_ws/install/setup.bash'
[1.647s] INFO:colcon.colcon_core.shell:Creating prefix script '/ros2_ws/install/local_setup.zsh'
[1.647s] INFO:colcon.colcon_core.shell:Creating prefix chain script '/ros2_ws/install/setup.zsh'
