[0.691s] DEBUG:colcon:Command line arguments: ['/usr/bin/colcon', 'build', '--packages-select', 'pure_pursuit']
[0.692s] DEBUG:colcon:Parsed command line arguments: Namespace(ament_cmake_args=None, base_paths=['.'], build_base='build', catkin_cmake_args=None, catkin_skip_building_tests=False, cmake_args=None, cmake_clean_cache=False, cmake_clean_first=False, cmake_force_configure=False, cmake_target=None, cmake_target_skip_unavailable=False, continue_on_error=False, event_handlers=None, executor='parallel', ignore_user_meta=False, install_base='install', log_base=None, log_level=None, main=<bound method BuildVerb.main of <colcon_core.verb.build.BuildVerb object at 0x7c07c4aaf6d0>>, merge_install=False, metas=['./colcon.meta'], mixin=None, mixin_files=None, mixin_verb=('build',), packages_above=None, packages_above_and_dependencies=None, packages_above_depth=None, packages_end=None, packages_ignore=None, packages_ignore_regex=None, packages_select=['pure_pursuit'], packages_select_build_failed=False, packages_select_by_dep=None, packages_select_regex=None, packages_select_test_failures=False, packages_skip=None, packages_skip_build_finished=False, packages_skip_by_dep=None, packages_skip_regex=None, packages_skip_test_passed=False, packages_skip_up_to=None, packages_start=None, packages_up_to=None, packages_up_to_regex=None, parallel_workers=8, paths=None, symlink_install=False, test_result_base=None, verb_extension=<colcon_core.verb.build.BuildVerb object at 0x7c07c4aaf6d0>, verb_name='build', verb_parser=<colcon_mixin.mixin.mixin_argument.MixinArgumentDecorator object at 0x7c07c4aafd30>)
[0.735s] Level 1:colcon.colcon_core.package_discovery:discover_packages(colcon_meta) check parameters
[0.736s] Level 1:colcon.colcon_core.package_discovery:discover_packages(recursive) check parameters
[0.736s] Level 1:colcon.colcon_core.package_discovery:discover_packages(ignore) check parameters
[0.736s] Level 1:colcon.colcon_core.package_discovery:discover_packages(path) check parameters
[0.736s] Level 1:colcon.colcon_core.package_discovery:discover_packages(colcon_meta) discover
[0.736s] Level 1:colcon.colcon_core.package_discovery:discover_packages(recursive) discover
[0.736s] INFO:colcon.colcon_core.package_discovery:Crawling recursively for packages in '/home/bhajneet/sim_racing/ros2_ws'
[0.736s] Level 1:colcon.colcon_core.package_identification:_identify(.) by extensions ['ignore', 'ignore_ament_install']
[0.736s] Level 1:colcon.colcon_core.package_identification:_identify(.) by extension 'ignore'
[0.736s] Level 1:colcon.colcon_core.package_identification:_identify(.) by extension 'ignore_ament_install'
[0.736s] Level 1:colcon.colcon_core.package_identification:_identify(.) by extensions ['colcon_pkg']
[0.736s] Level 1:colcon.colcon_core.package_identification:_identify(.) by extension 'colcon_pkg'
[0.736s] Level 1:colcon.colcon_core.package_identification:_identify(.) by extensions ['colcon_meta']
[0.736s] Level 1:colcon.colcon_core.package_identification:_identify(.) by extension 'colcon_meta'
[0.736s] Level 1:colcon.colcon_core.package_identification:_identify(.) by extensions ['ros']
[0.736s] Level 1:colcon.colcon_core.package_identification:_identify(.) by extension 'ros'
[0.771s] Level 1:colcon.colcon_core.package_identification:_identify(.) by extensions ['cmake', 'python']
[0.771s] Level 1:colcon.colcon_core.package_identification:_identify(.) by extension 'cmake'
[0.771s] Level 1:colcon.colcon_core.package_identification:_identify(.) by extension 'python'
[0.771s] Level 1:colcon.colcon_core.package_identification:_identify(.) by extensions ['python_setup_py']
[0.771s] Level 1:colcon.colcon_core.package_identification:_identify(.) by extension 'python_setup_py'
[0.771s] Level 1:colcon.colcon_core.package_identification:_identify(build) by extensions ['ignore', 'ignore_ament_install']
[0.772s] Level 1:colcon.colcon_core.package_identification:_identify(build) by extension 'ignore'
[0.772s] Level 1:colcon.colcon_core.package_identification:_identify(build) ignored
[0.772s] Level 1:colcon.colcon_core.package_identification:_identify(install) by extensions ['ignore', 'ignore_ament_install']
[0.773s] Level 1:colcon.colcon_core.package_identification:_identify(install) by extension 'ignore'
[0.773s] Level 1:colcon.colcon_core.package_identification:_identify(install) ignored
[0.774s] Level 1:colcon.colcon_core.package_identification:_identify(log) by extensions ['ignore', 'ignore_ament_install']
[0.775s] Level 1:colcon.colcon_core.package_identification:_identify(log) by extension 'ignore'
[0.775s] Level 1:colcon.colcon_core.package_identification:_identify(log) ignored
[0.776s] Level 1:colcon.colcon_core.package_identification:_identify(src) by extensions ['ignore', 'ignore_ament_install']
[0.776s] Level 1:colcon.colcon_core.package_identification:_identify(src) by extension 'ignore'
[0.777s] Level 1:colcon.colcon_core.package_identification:_identify(src) by extension 'ignore_ament_install'
[0.777s] Level 1:colcon.colcon_core.package_identification:_identify(src) by extensions ['colcon_pkg']
[0.777s] Level 1:colcon.colcon_core.package_identification:_identify(src) by extension 'colcon_pkg'
[0.777s] Level 1:colcon.colcon_core.package_identification:_identify(src) by extensions ['colcon_meta']
[0.777s] Level 1:colcon.colcon_core.package_identification:_identify(src) by extension 'colcon_meta'
[0.777s] Level 1:colcon.colcon_core.package_identification:_identify(src) by extensions ['ros']
[0.777s] Level 1:colcon.colcon_core.package_identification:_identify(src) by extension 'ros'
[0.778s] Level 1:colcon.colcon_core.package_identification:_identify(src) by extensions ['cmake', 'python']
[0.778s] Level 1:colcon.colcon_core.package_identification:_identify(src) by extension 'cmake'
[0.778s] Level 1:colcon.colcon_core.package_identification:_identify(src) by extension 'python'
[0.778s] Level 1:colcon.colcon_core.package_identification:_identify(src) by extensions ['python_setup_py']
[0.778s] Level 1:colcon.colcon_core.package_identification:_identify(src) by extension 'python_setup_py'
[0.778s] Level 1:colcon.colcon_core.package_identification:_identify(src/autodrive_f1tenth) by extensions ['ignore', 'ignore_ament_install']
[0.778s] Level 1:colcon.colcon_core.package_identification:_identify(src/autodrive_f1tenth) by extension 'ignore'
[0.779s] Level 1:colcon.colcon_core.package_identification:_identify(src/autodrive_f1tenth) by extension 'ignore_ament_install'
[0.779s] Level 1:colcon.colcon_core.package_identification:_identify(src/autodrive_f1tenth) by extensions ['colcon_pkg']
[0.779s] Level 1:colcon.colcon_core.package_identification:_identify(src/autodrive_f1tenth) by extension 'colcon_pkg'
[0.779s] Level 1:colcon.colcon_core.package_identification:_identify(src/autodrive_f1tenth) by extensions ['colcon_meta']
[0.779s] Level 1:colcon.colcon_core.package_identification:_identify(src/autodrive_f1tenth) by extension 'colcon_meta'
[0.779s] Level 1:colcon.colcon_core.package_identification:_identify(src/autodrive_f1tenth) by extensions ['ros']
[0.779s] Level 1:colcon.colcon_core.package_identification:_identify(src/autodrive_f1tenth) by extension 'ros'
[0.784s] DEBUG:colcon.colcon_core.package_identification:Package 'src/autodrive_f1tenth' with type 'ros.ament_python' and name 'autodrive_f1tenth'
[0.784s] Level 1:colcon.colcon_core.package_identification:_identify(src/f1tenth_mapping) by extensions ['ignore', 'ignore_ament_install']
[0.784s] Level 1:colcon.colcon_core.package_identification:_identify(src/f1tenth_mapping) by extension 'ignore'
[0.785s] Level 1:colcon.colcon_core.package_identification:_identify(src/f1tenth_mapping) by extension 'ignore_ament_install'
[0.785s] Level 1:colcon.colcon_core.package_identification:_identify(src/f1tenth_mapping) by extensions ['colcon_pkg']
[0.785s] Level 1:colcon.colcon_core.package_identification:_identify(src/f1tenth_mapping) by extension 'colcon_pkg'
[0.785s] Level 1:colcon.colcon_core.package_identification:_identify(src/f1tenth_mapping) by extensions ['colcon_meta']
[0.785s] Level 1:colcon.colcon_core.package_identification:_identify(src/f1tenth_mapping) by extension 'colcon_meta'
[0.785s] Level 1:colcon.colcon_core.package_identification:_identify(src/f1tenth_mapping) by extensions ['ros']
[0.786s] Level 1:colcon.colcon_core.package_identification:_identify(src/f1tenth_mapping) by extension 'ros'
[0.787s] DEBUG:colcon.colcon_core.package_identification:Package 'src/f1tenth_mapping' with type 'ros.ament_cmake' and name 'f1tenth_mapping'
[0.787s] Level 1:colcon.colcon_core.package_identification:_identify(src/particle_filter) by extensions ['ignore', 'ignore_ament_install']
[0.787s] Level 1:colcon.colcon_core.package_identification:_identify(src/particle_filter) by extension 'ignore'
[0.787s] Level 1:colcon.colcon_core.package_identification:_identify(src/particle_filter) by extension 'ignore_ament_install'
[0.788s] Level 1:colcon.colcon_core.package_identification:_identify(src/particle_filter) by extensions ['colcon_pkg']
[0.788s] Level 1:colcon.colcon_core.package_identification:_identify(src/particle_filter) by extension 'colcon_pkg'
[0.788s] Level 1:colcon.colcon_core.package_identification:_identify(src/particle_filter) by extensions ['colcon_meta']
[0.788s] Level 1:colcon.colcon_core.package_identification:_identify(src/particle_filter) by extension 'colcon_meta'
[0.788s] Level 1:colcon.colcon_core.package_identification:_identify(src/particle_filter) by extensions ['ros']
[0.788s] Level 1:colcon.colcon_core.package_identification:_identify(src/particle_filter) by extension 'ros'
[0.790s] DEBUG:colcon.colcon_core.package_identification:Package 'src/particle_filter' with type 'ros.ament_python' and name 'particle_filter'
[0.791s] Level 1:colcon.colcon_core.package_identification:_identify(src/pure_pursuit) by extensions ['ignore', 'ignore_ament_install']
[0.791s] Level 1:colcon.colcon_core.package_identification:_identify(src/pure_pursuit) by extension 'ignore'
[0.791s] Level 1:colcon.colcon_core.package_identification:_identify(src/pure_pursuit) by extension 'ignore_ament_install'
[0.791s] Level 1:colcon.colcon_core.package_identification:_identify(src/pure_pursuit) by extensions ['colcon_pkg']
[0.791s] Level 1:colcon.colcon_core.package_identification:_identify(src/pure_pursuit) by extension 'colcon_pkg'
[0.791s] Level 1:colcon.colcon_core.package_identification:_identify(src/pure_pursuit) by extensions ['colcon_meta']
[0.791s] Level 1:colcon.colcon_core.package_identification:_identify(src/pure_pursuit) by extension 'colcon_meta'
[0.791s] Level 1:colcon.colcon_core.package_identification:_identify(src/pure_pursuit) by extensions ['ros']
[0.791s] Level 1:colcon.colcon_core.package_identification:_identify(src/pure_pursuit) by extension 'ros'
[0.793s] DEBUG:colcon.colcon_core.package_identification:Package 'src/pure_pursuit' with type 'ros.ament_cmake' and name 'pure_pursuit'
[0.793s] Level 1:colcon.colcon_core.package_identification:_identify(src/raceline) by extensions ['ignore', 'ignore_ament_install']
[0.793s] Level 1:colcon.colcon_core.package_identification:_identify(src/raceline) by extension 'ignore'
[0.794s] Level 1:colcon.colcon_core.package_identification:_identify(src/raceline) by extension 'ignore_ament_install'
[0.794s] Level 1:colcon.colcon_core.package_identification:_identify(src/raceline) by extensions ['colcon_pkg']
[0.794s] Level 1:colcon.colcon_core.package_identification:_identify(src/raceline) by extension 'colcon_pkg'
[0.795s] Level 1:colcon.colcon_core.package_identification:_identify(src/raceline) by extensions ['colcon_meta']
[0.795s] Level 1:colcon.colcon_core.package_identification:_identify(src/raceline) by extension 'colcon_meta'
[0.795s] Level 1:colcon.colcon_core.package_identification:_identify(src/raceline) by extensions ['ros']
[0.795s] Level 1:colcon.colcon_core.package_identification:_identify(src/raceline) by extension 'ros'
[0.795s] Level 1:colcon.colcon_core.package_identification:_identify(src/raceline) by extensions ['cmake', 'python']
[0.795s] Level 1:colcon.colcon_core.package_identification:_identify(src/raceline) by extension 'cmake'
[0.795s] Level 1:colcon.colcon_core.package_identification:_identify(src/raceline) by extension 'python'
[0.795s] Level 1:colcon.colcon_core.package_identification:_identify(src/raceline) by extensions ['python_setup_py']
[0.795s] Level 1:colcon.colcon_core.package_identification:_identify(src/raceline) by extension 'python_setup_py'
[0.795s] Level 1:colcon.colcon_core.package_identification:_identify(src/raceline/Raceline-Optimization) by extensions ['ignore', 'ignore_ament_install']
[0.796s] Level 1:colcon.colcon_core.package_identification:_identify(src/raceline/Raceline-Optimization) by extension 'ignore'
[0.796s] Level 1:colcon.colcon_core.package_identification:_identify(src/raceline/Raceline-Optimization) by extension 'ignore_ament_install'
[0.796s] Level 1:colcon.colcon_core.package_identification:_identify(src/raceline/Raceline-Optimization) by extensions ['colcon_pkg']
[0.796s] Level 1:colcon.colcon_core.package_identification:_identify(src/raceline/Raceline-Optimization) by extension 'colcon_pkg'
[0.796s] Level 1:colcon.colcon_core.package_identification:_identify(src/raceline/Raceline-Optimization) by extensions ['colcon_meta']
[0.796s] Level 1:colcon.colcon_core.package_identification:_identify(src/raceline/Raceline-Optimization) by extension 'colcon_meta'
[0.796s] Level 1:colcon.colcon_core.package_identification:_identify(src/raceline/Raceline-Optimization) by extensions ['ros']
[0.796s] Level 1:colcon.colcon_core.package_identification:_identify(src/raceline/Raceline-Optimization) by extension 'ros'
[0.796s] Level 1:colcon.colcon_core.package_identification:_identify(src/raceline/Raceline-Optimization) by extensions ['cmake', 'python']
[0.796s] Level 1:colcon.colcon_core.package_identification:_identify(src/raceline/Raceline-Optimization) by extension 'cmake'
[0.796s] Level 1:colcon.colcon_core.package_identification:_identify(src/raceline/Raceline-Optimization) by extension 'python'
[0.796s] Level 1:colcon.colcon_core.package_identification:_identify(src/raceline/Raceline-Optimization) by extensions ['python_setup_py']
[0.796s] Level 1:colcon.colcon_core.package_identification:_identify(src/raceline/Raceline-Optimization) by extension 'python_setup_py'
[0.796s] Level 1:colcon.colcon_core.package_identification:_identify(src/raceline/Raceline-Optimization/frictionmap) by extensions ['ignore', 'ignore_ament_install']
[0.797s] Level 1:colcon.colcon_core.package_identification:_identify(src/raceline/Raceline-Optimization/frictionmap) by extension 'ignore'
[0.797s] Level 1:colcon.colcon_core.package_identification:_identify(src/raceline/Raceline-Optimization/frictionmap) by extension 'ignore_ament_install'
[0.797s] Level 1:colcon.colcon_core.package_identification:_identify(src/raceline/Raceline-Optimization/frictionmap) by extensions ['colcon_pkg']
[0.797s] Level 1:colcon.colcon_core.package_identification:_identify(src/raceline/Raceline-Optimization/frictionmap) by extension 'colcon_pkg'
[0.797s] Level 1:colcon.colcon_core.package_identification:_identify(src/raceline/Raceline-Optimization/frictionmap) by extensions ['colcon_meta']
[0.797s] Level 1:colcon.colcon_core.package_identification:_identify(src/raceline/Raceline-Optimization/frictionmap) by extension 'colcon_meta'
[0.797s] Level 1:colcon.colcon_core.package_identification:_identify(src/raceline/Raceline-Optimization/frictionmap) by extensions ['ros']
[0.797s] Level 1:colcon.colcon_core.package_identification:_identify(src/raceline/Raceline-Optimization/frictionmap) by extension 'ros'
[0.797s] Level 1:colcon.colcon_core.package_identification:_identify(src/raceline/Raceline-Optimization/frictionmap) by extensions ['cmake', 'python']
[0.797s] Level 1:colcon.colcon_core.package_identification:_identify(src/raceline/Raceline-Optimization/frictionmap) by extension 'cmake'
[0.797s] Level 1:colcon.colcon_core.package_identification:_identify(src/raceline/Raceline-Optimization/frictionmap) by extension 'python'
[0.797s] Level 1:colcon.colcon_core.package_identification:_identify(src/raceline/Raceline-Optimization/frictionmap) by extensions ['python_setup_py']
[0.797s] Level 1:colcon.colcon_core.package_identification:_identify(src/raceline/Raceline-Optimization/frictionmap) by extension 'python_setup_py'
[0.797s] Level 1:colcon.colcon_core.package_identification:_identify(src/raceline/Raceline-Optimization/frictionmap/src) by extensions ['ignore', 'ignore_ament_install']
[0.798s] Level 1:colcon.colcon_core.package_identification:_identify(src/raceline/Raceline-Optimization/frictionmap/src) by extension 'ignore'
[0.798s] Level 1:colcon.colcon_core.package_identification:_identify(src/raceline/Raceline-Optimization/frictionmap/src) by extension 'ignore_ament_install'
[0.798s] Level 1:colcon.colcon_core.package_identification:_identify(src/raceline/Raceline-Optimization/frictionmap/src) by extensions ['colcon_pkg']
[0.798s] Level 1:colcon.colcon_core.package_identification:_identify(src/raceline/Raceline-Optimization/frictionmap/src) by extension 'colcon_pkg'
[0.798s] Level 1:colcon.colcon_core.package_identification:_identify(src/raceline/Raceline-Optimization/frictionmap/src) by extensions ['colcon_meta']
[0.798s] Level 1:colcon.colcon_core.package_identification:_identify(src/raceline/Raceline-Optimization/frictionmap/src) by extension 'colcon_meta'
[0.798s] Level 1:colcon.colcon_core.package_identification:_identify(src/raceline/Raceline-Optimization/frictionmap/src) by extensions ['ros']
[0.798s] Level 1:colcon.colcon_core.package_identification:_identify(src/raceline/Raceline-Optimization/frictionmap/src) by extension 'ros'
[0.798s] Level 1:colcon.colcon_core.package_identification:_identify(src/raceline/Raceline-Optimization/frictionmap/src) by extensions ['cmake', 'python']
[0.798s] Level 1:colcon.colcon_core.package_identification:_identify(src/raceline/Raceline-Optimization/frictionmap/src) by extension 'cmake'
[0.798s] Level 1:colcon.colcon_core.package_identification:_identify(src/raceline/Raceline-Optimization/frictionmap/src) by extension 'python'
[0.798s] Level 1:colcon.colcon_core.package_identification:_identify(src/raceline/Raceline-Optimization/frictionmap/src) by extensions ['python_setup_py']
[0.798s] Level 1:colcon.colcon_core.package_identification:_identify(src/raceline/Raceline-Optimization/frictionmap/src) by extension 'python_setup_py'
[0.798s] Level 1:colcon.colcon_core.package_identification:_identify(src/raceline/Raceline-Optimization/helper_funcs_glob) by extensions ['ignore', 'ignore_ament_install']
[0.798s] Level 1:colcon.colcon_core.package_identification:_identify(src/raceline/Raceline-Optimization/helper_funcs_glob) by extension 'ignore'
[0.799s] Level 1:colcon.colcon_core.package_identification:_identify(src/raceline/Raceline-Optimization/helper_funcs_glob) by extension 'ignore_ament_install'
[0.799s] Level 1:colcon.colcon_core.package_identification:_identify(src/raceline/Raceline-Optimization/helper_funcs_glob) by extensions ['colcon_pkg']
[0.799s] Level 1:colcon.colcon_core.package_identification:_identify(src/raceline/Raceline-Optimization/helper_funcs_glob) by extension 'colcon_pkg'
[0.799s] Level 1:colcon.colcon_core.package_identification:_identify(src/raceline/Raceline-Optimization/helper_funcs_glob) by extensions ['colcon_meta']
[0.799s] Level 1:colcon.colcon_core.package_identification:_identify(src/raceline/Raceline-Optimization/helper_funcs_glob) by extension 'colcon_meta'
[0.799s] Level 1:colcon.colcon_core.package_identification:_identify(src/raceline/Raceline-Optimization/helper_funcs_glob) by extensions ['ros']
[0.799s] Level 1:colcon.colcon_core.package_identification:_identify(src/raceline/Raceline-Optimization/helper_funcs_glob) by extension 'ros'
[0.799s] Level 1:colcon.colcon_core.package_identification:_identify(src/raceline/Raceline-Optimization/helper_funcs_glob) by extensions ['cmake', 'python']
[0.799s] Level 1:colcon.colcon_core.package_identification:_identify(src/raceline/Raceline-Optimization/helper_funcs_glob) by extension 'cmake'
[0.799s] Level 1:colcon.colcon_core.package_identification:_identify(src/raceline/Raceline-Optimization/helper_funcs_glob) by extension 'python'
[0.799s] Level 1:colcon.colcon_core.package_identification:_identify(src/raceline/Raceline-Optimization/helper_funcs_glob) by extensions ['python_setup_py']
[0.799s] Level 1:colcon.colcon_core.package_identification:_identify(src/raceline/Raceline-Optimization/helper_funcs_glob) by extension 'python_setup_py'
[0.799s] Level 1:colcon.colcon_core.package_identification:_identify(src/raceline/Raceline-Optimization/helper_funcs_glob/__pycache__) by extensions ['ignore', 'ignore_ament_install']
[0.799s] Level 1:colcon.colcon_core.package_identification:_identify(src/raceline/Raceline-Optimization/helper_funcs_glob/__pycache__) by extension 'ignore'
[0.799s] Level 1:colcon.colcon_core.package_identification:_identify(src/raceline/Raceline-Optimization/helper_funcs_glob/__pycache__) by extension 'ignore_ament_install'
[0.799s] Level 1:colcon.colcon_core.package_identification:_identify(src/raceline/Raceline-Optimization/helper_funcs_glob/__pycache__) by extensions ['colcon_pkg']
[0.799s] Level 1:colcon.colcon_core.package_identification:_identify(src/raceline/Raceline-Optimization/helper_funcs_glob/__pycache__) by extension 'colcon_pkg'
[0.800s] Level 1:colcon.colcon_core.package_identification:_identify(src/raceline/Raceline-Optimization/helper_funcs_glob/__pycache__) by extensions ['colcon_meta']
[0.800s] Level 1:colcon.colcon_core.package_identification:_identify(src/raceline/Raceline-Optimization/helper_funcs_glob/__pycache__) by extension 'colcon_meta'
[0.800s] Level 1:colcon.colcon_core.package_identification:_identify(src/raceline/Raceline-Optimization/helper_funcs_glob/__pycache__) by extensions ['ros']
[0.800s] Level 1:colcon.colcon_core.package_identification:_identify(src/raceline/Raceline-Optimization/helper_funcs_glob/__pycache__) by extension 'ros'
[0.800s] Level 1:colcon.colcon_core.package_identification:_identify(src/raceline/Raceline-Optimization/helper_funcs_glob/__pycache__) by extensions ['cmake', 'python']
[0.800s] Level 1:colcon.colcon_core.package_identification:_identify(src/raceline/Raceline-Optimization/helper_funcs_glob/__pycache__) by extension 'cmake'
[0.800s] Level 1:colcon.colcon_core.package_identification:_identify(src/raceline/Raceline-Optimization/helper_funcs_glob/__pycache__) by extension 'python'
[0.800s] Level 1:colcon.colcon_core.package_identification:_identify(src/raceline/Raceline-Optimization/helper_funcs_glob/__pycache__) by extensions ['python_setup_py']
[0.800s] Level 1:colcon.colcon_core.package_identification:_identify(src/raceline/Raceline-Optimization/helper_funcs_glob/__pycache__) by extension 'python_setup_py'
[0.800s] Level 1:colcon.colcon_core.package_identification:_identify(src/raceline/Raceline-Optimization/helper_funcs_glob/src) by extensions ['ignore', 'ignore_ament_install']
[0.800s] Level 1:colcon.colcon_core.package_identification:_identify(src/raceline/Raceline-Optimization/helper_funcs_glob/src) by extension 'ignore'
[0.800s] Level 1:colcon.colcon_core.package_identification:_identify(src/raceline/Raceline-Optimization/helper_funcs_glob/src) by extension 'ignore_ament_install'
[0.800s] Level 1:colcon.colcon_core.package_identification:_identify(src/raceline/Raceline-Optimization/helper_funcs_glob/src) by extensions ['colcon_pkg']
[0.800s] Level 1:colcon.colcon_core.package_identification:_identify(src/raceline/Raceline-Optimization/helper_funcs_glob/src) by extension 'colcon_pkg'
[0.800s] Level 1:colcon.colcon_core.package_identification:_identify(src/raceline/Raceline-Optimization/helper_funcs_glob/src) by extensions ['colcon_meta']
[0.800s] Level 1:colcon.colcon_core.package_identification:_identify(src/raceline/Raceline-Optimization/helper_funcs_glob/src) by extension 'colcon_meta'
[0.801s] Level 1:colcon.colcon_core.package_identification:_identify(src/raceline/Raceline-Optimization/helper_funcs_glob/src) by extensions ['ros']
[0.801s] Level 1:colcon.colcon_core.package_identification:_identify(src/raceline/Raceline-Optimization/helper_funcs_glob/src) by extension 'ros'
[0.801s] Level 1:colcon.colcon_core.package_identification:_identify(src/raceline/Raceline-Optimization/helper_funcs_glob/src) by extensions ['cmake', 'python']
[0.801s] Level 1:colcon.colcon_core.package_identification:_identify(src/raceline/Raceline-Optimization/helper_funcs_glob/src) by extension 'cmake'
[0.801s] Level 1:colcon.colcon_core.package_identification:_identify(src/raceline/Raceline-Optimization/helper_funcs_glob/src) by extension 'python'
[0.801s] Level 1:colcon.colcon_core.package_identification:_identify(src/raceline/Raceline-Optimization/helper_funcs_glob/src) by extensions ['python_setup_py']
[0.801s] Level 1:colcon.colcon_core.package_identification:_identify(src/raceline/Raceline-Optimization/helper_funcs_glob/src) by extension 'python_setup_py'
[0.801s] Level 1:colcon.colcon_core.package_identification:_identify(src/raceline/Raceline-Optimization/helper_funcs_glob/src/__pycache__) by extensions ['ignore', 'ignore_ament_install']
[0.801s] Level 1:colcon.colcon_core.package_identification:_identify(src/raceline/Raceline-Optimization/helper_funcs_glob/src/__pycache__) by extension 'ignore'
[0.801s] Level 1:colcon.colcon_core.package_identification:_identify(src/raceline/Raceline-Optimization/helper_funcs_glob/src/__pycache__) by extension 'ignore_ament_install'
[0.801s] Level 1:colcon.colcon_core.package_identification:_identify(src/raceline/Raceline-Optimization/helper_funcs_glob/src/__pycache__) by extensions ['colcon_pkg']
[0.801s] Level 1:colcon.colcon_core.package_identification:_identify(src/raceline/Raceline-Optimization/helper_funcs_glob/src/__pycache__) by extension 'colcon_pkg'
[0.801s] Level 1:colcon.colcon_core.package_identification:_identify(src/raceline/Raceline-Optimization/helper_funcs_glob/src/__pycache__) by extensions ['colcon_meta']
[0.801s] Level 1:colcon.colcon_core.package_identification:_identify(src/raceline/Raceline-Optimization/helper_funcs_glob/src/__pycache__) by extension 'colcon_meta'
[0.801s] Level 1:colcon.colcon_core.package_identification:_identify(src/raceline/Raceline-Optimization/helper_funcs_glob/src/__pycache__) by extensions ['ros']
[0.801s] Level 1:colcon.colcon_core.package_identification:_identify(src/raceline/Raceline-Optimization/helper_funcs_glob/src/__pycache__) by extension 'ros'
[0.801s] Level 1:colcon.colcon_core.package_identification:_identify(src/raceline/Raceline-Optimization/helper_funcs_glob/src/__pycache__) by extensions ['cmake', 'python']
[0.802s] Level 1:colcon.colcon_core.package_identification:_identify(src/raceline/Raceline-Optimization/helper_funcs_glob/src/__pycache__) by extension 'cmake'
[0.802s] Level 1:colcon.colcon_core.package_identification:_identify(src/raceline/Raceline-Optimization/helper_funcs_glob/src/__pycache__) by extension 'python'
[0.802s] Level 1:colcon.colcon_core.package_identification:_identify(src/raceline/Raceline-Optimization/helper_funcs_glob/src/__pycache__) by extensions ['python_setup_py']
[0.802s] Level 1:colcon.colcon_core.package_identification:_identify(src/raceline/Raceline-Optimization/helper_funcs_glob/src/__pycache__) by extension 'python_setup_py'
[0.802s] Level 1:colcon.colcon_core.package_identification:_identify(src/raceline/Raceline-Optimization/inputs) by extensions ['ignore', 'ignore_ament_install']
[0.802s] Level 1:colcon.colcon_core.package_identification:_identify(src/raceline/Raceline-Optimization/inputs) by extension 'ignore'
[0.802s] Level 1:colcon.colcon_core.package_identification:_identify(src/raceline/Raceline-Optimization/inputs) by extension 'ignore_ament_install'
[0.802s] Level 1:colcon.colcon_core.package_identification:_identify(src/raceline/Raceline-Optimization/inputs) by extensions ['colcon_pkg']
[0.802s] Level 1:colcon.colcon_core.package_identification:_identify(src/raceline/Raceline-Optimization/inputs) by extension 'colcon_pkg'
[0.802s] Level 1:colcon.colcon_core.package_identification:_identify(src/raceline/Raceline-Optimization/inputs) by extensions ['colcon_meta']
[0.802s] Level 1:colcon.colcon_core.package_identification:_identify(src/raceline/Raceline-Optimization/inputs) by extension 'colcon_meta'
[0.802s] Level 1:colcon.colcon_core.package_identification:_identify(src/raceline/Raceline-Optimization/inputs) by extensions ['ros']
[0.802s] Level 1:colcon.colcon_core.package_identification:_identify(src/raceline/Raceline-Optimization/inputs) by extension 'ros'
[0.802s] Level 1:colcon.colcon_core.package_identification:_identify(src/raceline/Raceline-Optimization/inputs) by extensions ['cmake', 'python']
[0.802s] Level 1:colcon.colcon_core.package_identification:_identify(src/raceline/Raceline-Optimization/inputs) by extension 'cmake'
[0.802s] Level 1:colcon.colcon_core.package_identification:_identify(src/raceline/Raceline-Optimization/inputs) by extension 'python'
[0.802s] Level 1:colcon.colcon_core.package_identification:_identify(src/raceline/Raceline-Optimization/inputs) by extensions ['python_setup_py']
[0.802s] Level 1:colcon.colcon_core.package_identification:_identify(src/raceline/Raceline-Optimization/inputs) by extension 'python_setup_py'
[0.803s] Level 1:colcon.colcon_core.package_identification:_identify(src/raceline/Raceline-Optimization/inputs/frictionmaps) by extensions ['ignore', 'ignore_ament_install']
[0.803s] Level 1:colcon.colcon_core.package_identification:_identify(src/raceline/Raceline-Optimization/inputs/frictionmaps) by extension 'ignore'
[0.803s] Level 1:colcon.colcon_core.package_identification:_identify(src/raceline/Raceline-Optimization/inputs/frictionmaps) by extension 'ignore_ament_install'
[0.803s] Level 1:colcon.colcon_core.package_identification:_identify(src/raceline/Raceline-Optimization/inputs/frictionmaps) by extensions ['colcon_pkg']
[0.803s] Level 1:colcon.colcon_core.package_identification:_identify(src/raceline/Raceline-Optimization/inputs/frictionmaps) by extension 'colcon_pkg'
[0.803s] Level 1:colcon.colcon_core.package_identification:_identify(src/raceline/Raceline-Optimization/inputs/frictionmaps) by extensions ['colcon_meta']
[0.803s] Level 1:colcon.colcon_core.package_identification:_identify(src/raceline/Raceline-Optimization/inputs/frictionmaps) by extension 'colcon_meta'
[0.803s] Level 1:colcon.colcon_core.package_identification:_identify(src/raceline/Raceline-Optimization/inputs/frictionmaps) by extensions ['ros']
[0.803s] Level 1:colcon.colcon_core.package_identification:_identify(src/raceline/Raceline-Optimization/inputs/frictionmaps) by extension 'ros'
[0.803s] Level 1:colcon.colcon_core.package_identification:_identify(src/raceline/Raceline-Optimization/inputs/frictionmaps) by extensions ['cmake', 'python']
[0.803s] Level 1:colcon.colcon_core.package_identification:_identify(src/raceline/Raceline-Optimization/inputs/frictionmaps) by extension 'cmake'
[0.803s] Level 1:colcon.colcon_core.package_identification:_identify(src/raceline/Raceline-Optimization/inputs/frictionmaps) by extension 'python'
[0.803s] Level 1:colcon.colcon_core.package_identification:_identify(src/raceline/Raceline-Optimization/inputs/frictionmaps) by extensions ['python_setup_py']
[0.803s] Level 1:colcon.colcon_core.package_identification:_identify(src/raceline/Raceline-Optimization/inputs/frictionmaps) by extension 'python_setup_py'
[0.803s] Level 1:colcon.colcon_core.package_identification:_identify(src/raceline/Raceline-Optimization/inputs/tracks) by extensions ['ignore', 'ignore_ament_install']
[0.804s] Level 1:colcon.colcon_core.package_identification:_identify(src/raceline/Raceline-Optimization/inputs/tracks) by extension 'ignore'
[0.804s] Level 1:colcon.colcon_core.package_identification:_identify(src/raceline/Raceline-Optimization/inputs/tracks) by extension 'ignore_ament_install'
[0.804s] Level 1:colcon.colcon_core.package_identification:_identify(src/raceline/Raceline-Optimization/inputs/tracks) by extensions ['colcon_pkg']
[0.804s] Level 1:colcon.colcon_core.package_identification:_identify(src/raceline/Raceline-Optimization/inputs/tracks) by extension 'colcon_pkg'
[0.804s] Level 1:colcon.colcon_core.package_identification:_identify(src/raceline/Raceline-Optimization/inputs/tracks) by extensions ['colcon_meta']
[0.804s] Level 1:colcon.colcon_core.package_identification:_identify(src/raceline/Raceline-Optimization/inputs/tracks) by extension 'colcon_meta'
[0.804s] Level 1:colcon.colcon_core.package_identification:_identify(src/raceline/Raceline-Optimization/inputs/tracks) by extensions ['ros']
[0.804s] Level 1:colcon.colcon_core.package_identification:_identify(src/raceline/Raceline-Optimization/inputs/tracks) by extension 'ros'
[0.804s] Level 1:colcon.colcon_core.package_identification:_identify(src/raceline/Raceline-Optimization/inputs/tracks) by extensions ['cmake', 'python']
[0.804s] Level 1:colcon.colcon_core.package_identification:_identify(src/raceline/Raceline-Optimization/inputs/tracks) by extension 'cmake'
[0.804s] Level 1:colcon.colcon_core.package_identification:_identify(src/raceline/Raceline-Optimization/inputs/tracks) by extension 'python'
[0.804s] Level 1:colcon.colcon_core.package_identification:_identify(src/raceline/Raceline-Optimization/inputs/tracks) by extensions ['python_setup_py']
[0.804s] Level 1:colcon.colcon_core.package_identification:_identify(src/raceline/Raceline-Optimization/inputs/tracks) by extension 'python_setup_py'
[0.804s] Level 1:colcon.colcon_core.package_identification:_identify(src/raceline/Raceline-Optimization/inputs/veh_dyn_info) by extensions ['ignore', 'ignore_ament_install']
[0.804s] Level 1:colcon.colcon_core.package_identification:_identify(src/raceline/Raceline-Optimization/inputs/veh_dyn_info) by extension 'ignore'
[0.804s] Level 1:colcon.colcon_core.package_identification:_identify(src/raceline/Raceline-Optimization/inputs/veh_dyn_info) by extension 'ignore_ament_install'
[0.805s] Level 1:colcon.colcon_core.package_identification:_identify(src/raceline/Raceline-Optimization/inputs/veh_dyn_info) by extensions ['colcon_pkg']
[0.805s] Level 1:colcon.colcon_core.package_identification:_identify(src/raceline/Raceline-Optimization/inputs/veh_dyn_info) by extension 'colcon_pkg'
[0.805s] Level 1:colcon.colcon_core.package_identification:_identify(src/raceline/Raceline-Optimization/inputs/veh_dyn_info) by extensions ['colcon_meta']
[0.805s] Level 1:colcon.colcon_core.package_identification:_identify(src/raceline/Raceline-Optimization/inputs/veh_dyn_info) by extension 'colcon_meta'
[0.805s] Level 1:colcon.colcon_core.package_identification:_identify(src/raceline/Raceline-Optimization/inputs/veh_dyn_info) by extensions ['ros']
[0.805s] Level 1:colcon.colcon_core.package_identification:_identify(src/raceline/Raceline-Optimization/inputs/veh_dyn_info) by extension 'ros'
[0.805s] Level 1:colcon.colcon_core.package_identification:_identify(src/raceline/Raceline-Optimization/inputs/veh_dyn_info) by extensions ['cmake', 'python']
[0.805s] Level 1:colcon.colcon_core.package_identification:_identify(src/raceline/Raceline-Optimization/inputs/veh_dyn_info) by extension 'cmake'
[0.805s] Level 1:colcon.colcon_core.package_identification:_identify(src/raceline/Raceline-Optimization/inputs/veh_dyn_info) by extension 'python'
[0.805s] Level 1:colcon.colcon_core.package_identification:_identify(src/raceline/Raceline-Optimization/inputs/veh_dyn_info) by extensions ['python_setup_py']
[0.805s] Level 1:colcon.colcon_core.package_identification:_identify(src/raceline/Raceline-Optimization/inputs/veh_dyn_info) by extension 'python_setup_py'
[0.805s] Level 1:colcon.colcon_core.package_identification:_identify(src/raceline/Raceline-Optimization/maps) by extensions ['ignore', 'ignore_ament_install']
[0.805s] Level 1:colcon.colcon_core.package_identification:_identify(src/raceline/Raceline-Optimization/maps) by extension 'ignore'
[0.805s] Level 1:colcon.colcon_core.package_identification:_identify(src/raceline/Raceline-Optimization/maps) by extension 'ignore_ament_install'
[0.805s] Level 1:colcon.colcon_core.package_identification:_identify(src/raceline/Raceline-Optimization/maps) by extensions ['colcon_pkg']
[0.805s] Level 1:colcon.colcon_core.package_identification:_identify(src/raceline/Raceline-Optimization/maps) by extension 'colcon_pkg'
[0.805s] Level 1:colcon.colcon_core.package_identification:_identify(src/raceline/Raceline-Optimization/maps) by extensions ['colcon_meta']
[0.805s] Level 1:colcon.colcon_core.package_identification:_identify(src/raceline/Raceline-Optimization/maps) by extension 'colcon_meta'
[0.806s] Level 1:colcon.colcon_core.package_identification:_identify(src/raceline/Raceline-Optimization/maps) by extensions ['ros']
[0.806s] Level 1:colcon.colcon_core.package_identification:_identify(src/raceline/Raceline-Optimization/maps) by extension 'ros'
[0.806s] Level 1:colcon.colcon_core.package_identification:_identify(src/raceline/Raceline-Optimization/maps) by extensions ['cmake', 'python']
[0.806s] Level 1:colcon.colcon_core.package_identification:_identify(src/raceline/Raceline-Optimization/maps) by extension 'cmake'
[0.806s] Level 1:colcon.colcon_core.package_identification:_identify(src/raceline/Raceline-Optimization/maps) by extension 'python'
[0.806s] Level 1:colcon.colcon_core.package_identification:_identify(src/raceline/Raceline-Optimization/maps) by extensions ['python_setup_py']
[0.806s] Level 1:colcon.colcon_core.package_identification:_identify(src/raceline/Raceline-Optimization/maps) by extension 'python_setup_py'
[0.806s] Level 1:colcon.colcon_core.package_identification:_identify(src/raceline/Raceline-Optimization/opt_mintime_traj) by extensions ['ignore', 'ignore_ament_install']
[0.806s] Level 1:colcon.colcon_core.package_identification:_identify(src/raceline/Raceline-Optimization/opt_mintime_traj) by extension 'ignore'
[0.806s] Level 1:colcon.colcon_core.package_identification:_identify(src/raceline/Raceline-Optimization/opt_mintime_traj) by extension 'ignore_ament_install'
[0.806s] Level 1:colcon.colcon_core.package_identification:_identify(src/raceline/Raceline-Optimization/opt_mintime_traj) by extensions ['colcon_pkg']
[0.806s] Level 1:colcon.colcon_core.package_identification:_identify(src/raceline/Raceline-Optimization/opt_mintime_traj) by extension 'colcon_pkg'
[0.806s] Level 1:colcon.colcon_core.package_identification:_identify(src/raceline/Raceline-Optimization/opt_mintime_traj) by extensions ['colcon_meta']
[0.806s] Level 1:colcon.colcon_core.package_identification:_identify(src/raceline/Raceline-Optimization/opt_mintime_traj) by extension 'colcon_meta'
[0.806s] Level 1:colcon.colcon_core.package_identification:_identify(src/raceline/Raceline-Optimization/opt_mintime_traj) by extensions ['ros']
[0.806s] Level 1:colcon.colcon_core.package_identification:_identify(src/raceline/Raceline-Optimization/opt_mintime_traj) by extension 'ros'
[0.806s] Level 1:colcon.colcon_core.package_identification:_identify(src/raceline/Raceline-Optimization/opt_mintime_traj) by extensions ['cmake', 'python']
[0.807s] Level 1:colcon.colcon_core.package_identification:_identify(src/raceline/Raceline-Optimization/opt_mintime_traj) by extension 'cmake'
[0.807s] Level 1:colcon.colcon_core.package_identification:_identify(src/raceline/Raceline-Optimization/opt_mintime_traj) by extension 'python'
[0.807s] Level 1:colcon.colcon_core.package_identification:_identify(src/raceline/Raceline-Optimization/opt_mintime_traj) by extensions ['python_setup_py']
[0.807s] Level 1:colcon.colcon_core.package_identification:_identify(src/raceline/Raceline-Optimization/opt_mintime_traj) by extension 'python_setup_py'
[0.807s] Level 1:colcon.colcon_core.package_identification:_identify(src/raceline/Raceline-Optimization/opt_mintime_traj/__pycache__) by extensions ['ignore', 'ignore_ament_install']
[0.807s] Level 1:colcon.colcon_core.package_identification:_identify(src/raceline/Raceline-Optimization/opt_mintime_traj/__pycache__) by extension 'ignore'
[0.807s] Level 1:colcon.colcon_core.package_identification:_identify(src/raceline/Raceline-Optimization/opt_mintime_traj/__pycache__) by extension 'ignore_ament_install'
[0.807s] Level 1:colcon.colcon_core.package_identification:_identify(src/raceline/Raceline-Optimization/opt_mintime_traj/__pycache__) by extensions ['colcon_pkg']
[0.807s] Level 1:colcon.colcon_core.package_identification:_identify(src/raceline/Raceline-Optimization/opt_mintime_traj/__pycache__) by extension 'colcon_pkg'
[0.807s] Level 1:colcon.colcon_core.package_identification:_identify(src/raceline/Raceline-Optimization/opt_mintime_traj/__pycache__) by extensions ['colcon_meta']
[0.807s] Level 1:colcon.colcon_core.package_identification:_identify(src/raceline/Raceline-Optimization/opt_mintime_traj/__pycache__) by extension 'colcon_meta'
[0.807s] Level 1:colcon.colcon_core.package_identification:_identify(src/raceline/Raceline-Optimization/opt_mintime_traj/__pycache__) by extensions ['ros']
[0.807s] Level 1:colcon.colcon_core.package_identification:_identify(src/raceline/Raceline-Optimization/opt_mintime_traj/__pycache__) by extension 'ros'
[0.807s] Level 1:colcon.colcon_core.package_identification:_identify(src/raceline/Raceline-Optimization/opt_mintime_traj/__pycache__) by extensions ['cmake', 'python']
[0.807s] Level 1:colcon.colcon_core.package_identification:_identify(src/raceline/Raceline-Optimization/opt_mintime_traj/__pycache__) by extension 'cmake'
[0.807s] Level 1:colcon.colcon_core.package_identification:_identify(src/raceline/Raceline-Optimization/opt_mintime_traj/__pycache__) by extension 'python'
[0.807s] Level 1:colcon.colcon_core.package_identification:_identify(src/raceline/Raceline-Optimization/opt_mintime_traj/__pycache__) by extensions ['python_setup_py']
[0.807s] Level 1:colcon.colcon_core.package_identification:_identify(src/raceline/Raceline-Optimization/opt_mintime_traj/__pycache__) by extension 'python_setup_py'
[0.808s] Level 1:colcon.colcon_core.package_identification:_identify(src/raceline/Raceline-Optimization/opt_mintime_traj/powertrain_src) by extensions ['ignore', 'ignore_ament_install']
[0.808s] Level 1:colcon.colcon_core.package_identification:_identify(src/raceline/Raceline-Optimization/opt_mintime_traj/powertrain_src) by extension 'ignore'
[0.808s] Level 1:colcon.colcon_core.package_identification:_identify(src/raceline/Raceline-Optimization/opt_mintime_traj/powertrain_src) by extension 'ignore_ament_install'
[0.808s] Level 1:colcon.colcon_core.package_identification:_identify(src/raceline/Raceline-Optimization/opt_mintime_traj/powertrain_src) by extensions ['colcon_pkg']
[0.808s] Level 1:colcon.colcon_core.package_identification:_identify(src/raceline/Raceline-Optimization/opt_mintime_traj/powertrain_src) by extension 'colcon_pkg'
[0.808s] Level 1:colcon.colcon_core.package_identification:_identify(src/raceline/Raceline-Optimization/opt_mintime_traj/powertrain_src) by extensions ['colcon_meta']
[0.808s] Level 1:colcon.colcon_core.package_identification:_identify(src/raceline/Raceline-Optimization/opt_mintime_traj/powertrain_src) by extension 'colcon_meta'
[0.808s] Level 1:colcon.colcon_core.package_identification:_identify(src/raceline/Raceline-Optimization/opt_mintime_traj/powertrain_src) by extensions ['ros']
[0.808s] Level 1:colcon.colcon_core.package_identification:_identify(src/raceline/Raceline-Optimization/opt_mintime_traj/powertrain_src) by extension 'ros'
[0.808s] Level 1:colcon.colcon_core.package_identification:_identify(src/raceline/Raceline-Optimization/opt_mintime_traj/powertrain_src) by extensions ['cmake', 'python']
[0.808s] Level 1:colcon.colcon_core.package_identification:_identify(src/raceline/Raceline-Optimization/opt_mintime_traj/powertrain_src) by extension 'cmake'
[0.808s] Level 1:colcon.colcon_core.package_identification:_identify(src/raceline/Raceline-Optimization/opt_mintime_traj/powertrain_src) by extension 'python'
[0.808s] Level 1:colcon.colcon_core.package_identification:_identify(src/raceline/Raceline-Optimization/opt_mintime_traj/powertrain_src) by extensions ['python_setup_py']
[0.808s] Level 1:colcon.colcon_core.package_identification:_identify(src/raceline/Raceline-Optimization/opt_mintime_traj/powertrain_src) by extension 'python_setup_py'
[0.808s] Level 1:colcon.colcon_core.package_identification:_identify(src/raceline/Raceline-Optimization/opt_mintime_traj/powertrain_src/__pycache__) by extensions ['ignore', 'ignore_ament_install']
[0.809s] Level 1:colcon.colcon_core.package_identification:_identify(src/raceline/Raceline-Optimization/opt_mintime_traj/powertrain_src/__pycache__) by extension 'ignore'
[0.809s] Level 1:colcon.colcon_core.package_identification:_identify(src/raceline/Raceline-Optimization/opt_mintime_traj/powertrain_src/__pycache__) by extension 'ignore_ament_install'
[0.809s] Level 1:colcon.colcon_core.package_identification:_identify(src/raceline/Raceline-Optimization/opt_mintime_traj/powertrain_src/__pycache__) by extensions ['colcon_pkg']
[0.809s] Level 1:colcon.colcon_core.package_identification:_identify(src/raceline/Raceline-Optimization/opt_mintime_traj/powertrain_src/__pycache__) by extension 'colcon_pkg'
[0.809s] Level 1:colcon.colcon_core.package_identification:_identify(src/raceline/Raceline-Optimization/opt_mintime_traj/powertrain_src/__pycache__) by extensions ['colcon_meta']
[0.809s] Level 1:colcon.colcon_core.package_identification:_identify(src/raceline/Raceline-Optimization/opt_mintime_traj/powertrain_src/__pycache__) by extension 'colcon_meta'
[0.809s] Level 1:colcon.colcon_core.package_identification:_identify(src/raceline/Raceline-Optimization/opt_mintime_traj/powertrain_src/__pycache__) by extensions ['ros']
[0.809s] Level 1:colcon.colcon_core.package_identification:_identify(src/raceline/Raceline-Optimization/opt_mintime_traj/powertrain_src/__pycache__) by extension 'ros'
[0.809s] Level 1:colcon.colcon_core.package_identification:_identify(src/raceline/Raceline-Optimization/opt_mintime_traj/powertrain_src/__pycache__) by extensions ['cmake', 'python']
[0.809s] Level 1:colcon.colcon_core.package_identification:_identify(src/raceline/Raceline-Optimization/opt_mintime_traj/powertrain_src/__pycache__) by extension 'cmake'
[0.809s] Level 1:colcon.colcon_core.package_identification:_identify(src/raceline/Raceline-Optimization/opt_mintime_traj/powertrain_src/__pycache__) by extension 'python'
[0.809s] Level 1:colcon.colcon_core.package_identification:_identify(src/raceline/Raceline-Optimization/opt_mintime_traj/powertrain_src/__pycache__) by extensions ['python_setup_py']
[0.809s] Level 1:colcon.colcon_core.package_identification:_identify(src/raceline/Raceline-Optimization/opt_mintime_traj/powertrain_src/__pycache__) by extension 'python_setup_py'
[0.809s] Level 1:colcon.colcon_core.package_identification:_identify(src/raceline/Raceline-Optimization/opt_mintime_traj/powertrain_src/src) by extensions ['ignore', 'ignore_ament_install']
[0.809s] Level 1:colcon.colcon_core.package_identification:_identify(src/raceline/Raceline-Optimization/opt_mintime_traj/powertrain_src/src) by extension 'ignore'
[0.809s] Level 1:colcon.colcon_core.package_identification:_identify(src/raceline/Raceline-Optimization/opt_mintime_traj/powertrain_src/src) by extension 'ignore_ament_install'
[0.810s] Level 1:colcon.colcon_core.package_identification:_identify(src/raceline/Raceline-Optimization/opt_mintime_traj/powertrain_src/src) by extensions ['colcon_pkg']
[0.810s] Level 1:colcon.colcon_core.package_identification:_identify(src/raceline/Raceline-Optimization/opt_mintime_traj/powertrain_src/src) by extension 'colcon_pkg'
[0.810s] Level 1:colcon.colcon_core.package_identification:_identify(src/raceline/Raceline-Optimization/opt_mintime_traj/powertrain_src/src) by extensions ['colcon_meta']
[0.810s] Level 1:colcon.colcon_core.package_identification:_identify(src/raceline/Raceline-Optimization/opt_mintime_traj/powertrain_src/src) by extension 'colcon_meta'
[0.810s] Level 1:colcon.colcon_core.package_identification:_identify(src/raceline/Raceline-Optimization/opt_mintime_traj/powertrain_src/src) by extensions ['ros']
[0.810s] Level 1:colcon.colcon_core.package_identification:_identify(src/raceline/Raceline-Optimization/opt_mintime_traj/powertrain_src/src) by extension 'ros'
[0.810s] Level 1:colcon.colcon_core.package_identification:_identify(src/raceline/Raceline-Optimization/opt_mintime_traj/powertrain_src/src) by extensions ['cmake', 'python']
[0.810s] Level 1:colcon.colcon_core.package_identification:_identify(src/raceline/Raceline-Optimization/opt_mintime_traj/powertrain_src/src) by extension 'cmake'
[0.810s] Level 1:colcon.colcon_core.package_identification:_identify(src/raceline/Raceline-Optimization/opt_mintime_traj/powertrain_src/src) by extension 'python'
[0.810s] Level 1:colcon.colcon_core.package_identification:_identify(src/raceline/Raceline-Optimization/opt_mintime_traj/powertrain_src/src) by extensions ['python_setup_py']
[0.810s] Level 1:colcon.colcon_core.package_identification:_identify(src/raceline/Raceline-Optimization/opt_mintime_traj/powertrain_src/src) by extension 'python_setup_py'
[0.810s] Level 1:colcon.colcon_core.package_identification:_identify(src/raceline/Raceline-Optimization/opt_mintime_traj/powertrain_src/src/__pycache__) by extensions ['ignore', 'ignore_ament_install']
[0.810s] Level 1:colcon.colcon_core.package_identification:_identify(src/raceline/Raceline-Optimization/opt_mintime_traj/powertrain_src/src/__pycache__) by extension 'ignore'
[0.810s] Level 1:colcon.colcon_core.package_identification:_identify(src/raceline/Raceline-Optimization/opt_mintime_traj/powertrain_src/src/__pycache__) by extension 'ignore_ament_install'
[0.811s] Level 1:colcon.colcon_core.package_identification:_identify(src/raceline/Raceline-Optimization/opt_mintime_traj/powertrain_src/src/__pycache__) by extensions ['colcon_pkg']
[0.811s] Level 1:colcon.colcon_core.package_identification:_identify(src/raceline/Raceline-Optimization/opt_mintime_traj/powertrain_src/src/__pycache__) by extension 'colcon_pkg'
[0.811s] Level 1:colcon.colcon_core.package_identification:_identify(src/raceline/Raceline-Optimization/opt_mintime_traj/powertrain_src/src/__pycache__) by extensions ['colcon_meta']
[0.811s] Level 1:colcon.colcon_core.package_identification:_identify(src/raceline/Raceline-Optimization/opt_mintime_traj/powertrain_src/src/__pycache__) by extension 'colcon_meta'
[0.812s] Level 1:colcon.colcon_core.package_identification:_identify(src/raceline/Raceline-Optimization/opt_mintime_traj/powertrain_src/src/__pycache__) by extensions ['ros']
[0.812s] Level 1:colcon.colcon_core.package_identification:_identify(src/raceline/Raceline-Optimization/opt_mintime_traj/powertrain_src/src/__pycache__) by extension 'ros'
[0.812s] Level 1:colcon.colcon_core.package_identification:_identify(src/raceline/Raceline-Optimization/opt_mintime_traj/powertrain_src/src/__pycache__) by extensions ['cmake', 'python']
[0.812s] Level 1:colcon.colcon_core.package_identification:_identify(src/raceline/Raceline-Optimization/opt_mintime_traj/powertrain_src/src/__pycache__) by extension 'cmake'
[0.812s] Level 1:colcon.colcon_core.package_identification:_identify(src/raceline/Raceline-Optimization/opt_mintime_traj/powertrain_src/src/__pycache__) by extension 'python'
[0.812s] Level 1:colcon.colcon_core.package_identification:_identify(src/raceline/Raceline-Optimization/opt_mintime_traj/powertrain_src/src/__pycache__) by extensions ['python_setup_py']
[0.812s] Level 1:colcon.colcon_core.package_identification:_identify(src/raceline/Raceline-Optimization/opt_mintime_traj/powertrain_src/src/__pycache__) by extension 'python_setup_py'
[0.813s] Level 1:colcon.colcon_core.package_identification:_identify(src/raceline/Raceline-Optimization/opt_mintime_traj/src) by extensions ['ignore', 'ignore_ament_install']
[0.813s] Level 1:colcon.colcon_core.package_identification:_identify(src/raceline/Raceline-Optimization/opt_mintime_traj/src) by extension 'ignore'
[0.813s] Level 1:colcon.colcon_core.package_identification:_identify(src/raceline/Raceline-Optimization/opt_mintime_traj/src) by extension 'ignore_ament_install'
[0.813s] Level 1:colcon.colcon_core.package_identification:_identify(src/raceline/Raceline-Optimization/opt_mintime_traj/src) by extensions ['colcon_pkg']
[0.813s] Level 1:colcon.colcon_core.package_identification:_identify(src/raceline/Raceline-Optimization/opt_mintime_traj/src) by extension 'colcon_pkg'
[0.813s] Level 1:colcon.colcon_core.package_identification:_identify(src/raceline/Raceline-Optimization/opt_mintime_traj/src) by extensions ['colcon_meta']
[0.813s] Level 1:colcon.colcon_core.package_identification:_identify(src/raceline/Raceline-Optimization/opt_mintime_traj/src) by extension 'colcon_meta'
[0.813s] Level 1:colcon.colcon_core.package_identification:_identify(src/raceline/Raceline-Optimization/opt_mintime_traj/src) by extensions ['ros']
[0.813s] Level 1:colcon.colcon_core.package_identification:_identify(src/raceline/Raceline-Optimization/opt_mintime_traj/src) by extension 'ros'
[0.813s] Level 1:colcon.colcon_core.package_identification:_identify(src/raceline/Raceline-Optimization/opt_mintime_traj/src) by extensions ['cmake', 'python']
[0.813s] Level 1:colcon.colcon_core.package_identification:_identify(src/raceline/Raceline-Optimization/opt_mintime_traj/src) by extension 'cmake'
[0.813s] Level 1:colcon.colcon_core.package_identification:_identify(src/raceline/Raceline-Optimization/opt_mintime_traj/src) by extension 'python'
[0.814s] Level 1:colcon.colcon_core.package_identification:_identify(src/raceline/Raceline-Optimization/opt_mintime_traj/src) by extensions ['python_setup_py']
[0.814s] Level 1:colcon.colcon_core.package_identification:_identify(src/raceline/Raceline-Optimization/opt_mintime_traj/src) by extension 'python_setup_py'
[0.814s] Level 1:colcon.colcon_core.package_identification:_identify(src/raceline/Raceline-Optimization/opt_mintime_traj/src/__pycache__) by extensions ['ignore', 'ignore_ament_install']
[0.815s] Level 1:colcon.colcon_core.package_identification:_identify(src/raceline/Raceline-Optimization/opt_mintime_traj/src/__pycache__) by extension 'ignore'
[0.815s] Level 1:colcon.colcon_core.package_identification:_identify(src/raceline/Raceline-Optimization/opt_mintime_traj/src/__pycache__) by extension 'ignore_ament_install'
[0.815s] Level 1:colcon.colcon_core.package_identification:_identify(src/raceline/Raceline-Optimization/opt_mintime_traj/src/__pycache__) by extensions ['colcon_pkg']
[0.815s] Level 1:colcon.colcon_core.package_identification:_identify(src/raceline/Raceline-Optimization/opt_mintime_traj/src/__pycache__) by extension 'colcon_pkg'
[0.815s] Level 1:colcon.colcon_core.package_identification:_identify(src/raceline/Raceline-Optimization/opt_mintime_traj/src/__pycache__) by extensions ['colcon_meta']
[0.815s] Level 1:colcon.colcon_core.package_identification:_identify(src/raceline/Raceline-Optimization/opt_mintime_traj/src/__pycache__) by extension 'colcon_meta'
[0.815s] Level 1:colcon.colcon_core.package_identification:_identify(src/raceline/Raceline-Optimization/opt_mintime_traj/src/__pycache__) by extensions ['ros']
[0.815s] Level 1:colcon.colcon_core.package_identification:_identify(src/raceline/Raceline-Optimization/opt_mintime_traj/src/__pycache__) by extension 'ros'
[0.815s] Level 1:colcon.colcon_core.package_identification:_identify(src/raceline/Raceline-Optimization/opt_mintime_traj/src/__pycache__) by extensions ['cmake', 'python']
[0.815s] Level 1:colcon.colcon_core.package_identification:_identify(src/raceline/Raceline-Optimization/opt_mintime_traj/src/__pycache__) by extension 'cmake'
[0.815s] Level 1:colcon.colcon_core.package_identification:_identify(src/raceline/Raceline-Optimization/opt_mintime_traj/src/__pycache__) by extension 'python'
[0.815s] Level 1:colcon.colcon_core.package_identification:_identify(src/raceline/Raceline-Optimization/opt_mintime_traj/src/__pycache__) by extensions ['python_setup_py']
[0.815s] Level 1:colcon.colcon_core.package_identification:_identify(src/raceline/Raceline-Optimization/opt_mintime_traj/src/__pycache__) by extension 'python_setup_py'
[0.816s] Level 1:colcon.colcon_core.package_identification:_identify(src/raceline/Raceline-Optimization/outputs) by extensions ['ignore', 'ignore_ament_install']
[0.816s] Level 1:colcon.colcon_core.package_identification:_identify(src/raceline/Raceline-Optimization/outputs) by extension 'ignore'
[0.816s] Level 1:colcon.colcon_core.package_identification:_identify(src/raceline/Raceline-Optimization/outputs) by extension 'ignore_ament_install'
[0.816s] Level 1:colcon.colcon_core.package_identification:_identify(src/raceline/Raceline-Optimization/outputs) by extensions ['colcon_pkg']
[0.816s] Level 1:colcon.colcon_core.package_identification:_identify(src/raceline/Raceline-Optimization/outputs) by extension 'colcon_pkg'
[0.816s] Level 1:colcon.colcon_core.package_identification:_identify(src/raceline/Raceline-Optimization/outputs) by extensions ['colcon_meta']
[0.816s] Level 1:colcon.colcon_core.package_identification:_identify(src/raceline/Raceline-Optimization/outputs) by extension 'colcon_meta'
[0.816s] Level 1:colcon.colcon_core.package_identification:_identify(src/raceline/Raceline-Optimization/outputs) by extensions ['ros']
[0.816s] Level 1:colcon.colcon_core.package_identification:_identify(src/raceline/Raceline-Optimization/outputs) by extension 'ros'
[0.816s] Level 1:colcon.colcon_core.package_identification:_identify(src/raceline/Raceline-Optimization/outputs) by extensions ['cmake', 'python']
[0.816s] Level 1:colcon.colcon_core.package_identification:_identify(src/raceline/Raceline-Optimization/outputs) by extension 'cmake'
[0.816s] Level 1:colcon.colcon_core.package_identification:_identify(src/raceline/Raceline-Optimization/outputs) by extension 'python'
[0.816s] Level 1:colcon.colcon_core.package_identification:_identify(src/raceline/Raceline-Optimization/outputs) by extensions ['python_setup_py']
[0.816s] Level 1:colcon.colcon_core.package_identification:_identify(src/raceline/Raceline-Optimization/outputs) by extension 'python_setup_py'
[0.817s] Level 1:colcon.colcon_core.package_identification:_identify(src/raceline/Raceline-Optimization/outputs/first_map) by extensions ['ignore', 'ignore_ament_install']
[0.817s] Level 1:colcon.colcon_core.package_identification:_identify(src/raceline/Raceline-Optimization/outputs/first_map) by extension 'ignore'
[0.817s] Level 1:colcon.colcon_core.package_identification:_identify(src/raceline/Raceline-Optimization/outputs/first_map) by extension 'ignore_ament_install'
[0.817s] Level 1:colcon.colcon_core.package_identification:_identify(src/raceline/Raceline-Optimization/outputs/first_map) by extensions ['colcon_pkg']
[0.817s] Level 1:colcon.colcon_core.package_identification:_identify(src/raceline/Raceline-Optimization/outputs/first_map) by extension 'colcon_pkg'
[0.817s] Level 1:colcon.colcon_core.package_identification:_identify(src/raceline/Raceline-Optimization/outputs/first_map) by extensions ['colcon_meta']
[0.817s] Level 1:colcon.colcon_core.package_identification:_identify(src/raceline/Raceline-Optimization/outputs/first_map) by extension 'colcon_meta'
[0.817s] Level 1:colcon.colcon_core.package_identification:_identify(src/raceline/Raceline-Optimization/outputs/first_map) by extensions ['ros']
[0.817s] Level 1:colcon.colcon_core.package_identification:_identify(src/raceline/Raceline-Optimization/outputs/first_map) by extension 'ros'
[0.817s] Level 1:colcon.colcon_core.package_identification:_identify(src/raceline/Raceline-Optimization/outputs/first_map) by extensions ['cmake', 'python']
[0.817s] Level 1:colcon.colcon_core.package_identification:_identify(src/raceline/Raceline-Optimization/outputs/first_map) by extension 'cmake'
[0.817s] Level 1:colcon.colcon_core.package_identification:_identify(src/raceline/Raceline-Optimization/outputs/first_map) by extension 'python'
[0.817s] Level 1:colcon.colcon_core.package_identification:_identify(src/raceline/Raceline-Optimization/outputs/first_map) by extensions ['python_setup_py']
[0.817s] Level 1:colcon.colcon_core.package_identification:_identify(src/raceline/Raceline-Optimization/outputs/first_map) by extension 'python_setup_py'
[0.818s] Level 1:colcon.colcon_core.package_identification:_identify(src/raceline/Raceline-Optimization/outputs/first_map/mintime-2024-09-21 17:18:27.077844) by extensions ['ignore', 'ignore_ament_install']
[0.818s] Level 1:colcon.colcon_core.package_identification:_identify(src/raceline/Raceline-Optimization/outputs/first_map/mintime-2024-09-21 17:18:27.077844) by extension 'ignore'
[0.818s] Level 1:colcon.colcon_core.package_identification:_identify(src/raceline/Raceline-Optimization/outputs/first_map/mintime-2024-09-21 17:18:27.077844) by extension 'ignore_ament_install'
[0.818s] Level 1:colcon.colcon_core.package_identification:_identify(src/raceline/Raceline-Optimization/outputs/first_map/mintime-2024-09-21 17:18:27.077844) by extensions ['colcon_pkg']
[0.818s] Level 1:colcon.colcon_core.package_identification:_identify(src/raceline/Raceline-Optimization/outputs/first_map/mintime-2024-09-21 17:18:27.077844) by extension 'colcon_pkg'
[0.818s] Level 1:colcon.colcon_core.package_identification:_identify(src/raceline/Raceline-Optimization/outputs/first_map/mintime-2024-09-21 17:18:27.077844) by extensions ['colcon_meta']
[0.818s] Level 1:colcon.colcon_core.package_identification:_identify(src/raceline/Raceline-Optimization/outputs/first_map/mintime-2024-09-21 17:18:27.077844) by extension 'colcon_meta'
[0.818s] Level 1:colcon.colcon_core.package_identification:_identify(src/raceline/Raceline-Optimization/outputs/first_map/mintime-2024-09-21 17:18:27.077844) by extensions ['ros']
[0.818s] Level 1:colcon.colcon_core.package_identification:_identify(src/raceline/Raceline-Optimization/outputs/first_map/mintime-2024-09-21 17:18:27.077844) by extension 'ros'
[0.818s] Level 1:colcon.colcon_core.package_identification:_identify(src/raceline/Raceline-Optimization/outputs/first_map/mintime-2024-09-21 17:18:27.077844) by extensions ['cmake', 'python']
[0.818s] Level 1:colcon.colcon_core.package_identification:_identify(src/raceline/Raceline-Optimization/outputs/first_map/mintime-2024-09-21 17:18:27.077844) by extension 'cmake'
[0.818s] Level 1:colcon.colcon_core.package_identification:_identify(src/raceline/Raceline-Optimization/outputs/first_map/mintime-2024-09-21 17:18:27.077844) by extension 'python'
[0.818s] Level 1:colcon.colcon_core.package_identification:_identify(src/raceline/Raceline-Optimization/outputs/first_map/mintime-2024-09-21 17:18:27.077844) by extensions ['python_setup_py']
[0.818s] Level 1:colcon.colcon_core.package_identification:_identify(src/raceline/Raceline-Optimization/outputs/first_map/mintime-2024-09-21 17:18:27.077844) by extension 'python_setup_py'
[0.819s] Level 1:colcon.colcon_core.package_identification:_identify(src/raceline/Raceline-Optimization/params) by extensions ['ignore', 'ignore_ament_install']
[0.819s] Level 1:colcon.colcon_core.package_identification:_identify(src/raceline/Raceline-Optimization/params) by extension 'ignore'
[0.819s] Level 1:colcon.colcon_core.package_identification:_identify(src/raceline/Raceline-Optimization/params) by extension 'ignore_ament_install'
[0.819s] Level 1:colcon.colcon_core.package_identification:_identify(src/raceline/Raceline-Optimization/params) by extensions ['colcon_pkg']
[0.819s] Level 1:colcon.colcon_core.package_identification:_identify(src/raceline/Raceline-Optimization/params) by extension 'colcon_pkg'
[0.819s] Level 1:colcon.colcon_core.package_identification:_identify(src/raceline/Raceline-Optimization/params) by extensions ['colcon_meta']
[0.819s] Level 1:colcon.colcon_core.package_identification:_identify(src/raceline/Raceline-Optimization/params) by extension 'colcon_meta'
[0.819s] Level 1:colcon.colcon_core.package_identification:_identify(src/raceline/Raceline-Optimization/params) by extensions ['ros']
[0.819s] Level 1:colcon.colcon_core.package_identification:_identify(src/raceline/Raceline-Optimization/params) by extension 'ros'
[0.819s] Level 1:colcon.colcon_core.package_identification:_identify(src/raceline/Raceline-Optimization/params) by extensions ['cmake', 'python']
[0.820s] Level 1:colcon.colcon_core.package_identification:_identify(src/raceline/Raceline-Optimization/params) by extension 'cmake'
[0.820s] Level 1:colcon.colcon_core.package_identification:_identify(src/raceline/Raceline-Optimization/params) by extension 'python'
[0.820s] Level 1:colcon.colcon_core.package_identification:_identify(src/raceline/Raceline-Optimization/params) by extensions ['python_setup_py']
[0.820s] Level 1:colcon.colcon_core.package_identification:_identify(src/raceline/Raceline-Optimization/params) by extension 'python_setup_py'
[0.820s] Level 1:colcon.colcon_core.package_identification:_identify(src/range_libc) by extensions ['ignore', 'ignore_ament_install']
[0.820s] Level 1:colcon.colcon_core.package_identification:_identify(src/range_libc) by extension 'ignore'
[0.820s] Level 1:colcon.colcon_core.package_identification:_identify(src/range_libc) by extension 'ignore_ament_install'
[0.820s] Level 1:colcon.colcon_core.package_identification:_identify(src/range_libc) by extensions ['colcon_pkg']
[0.820s] Level 1:colcon.colcon_core.package_identification:_identify(src/range_libc) by extension 'colcon_pkg'
[0.820s] Level 1:colcon.colcon_core.package_identification:_identify(src/range_libc) by extensions ['colcon_meta']
[0.820s] Level 1:colcon.colcon_core.package_identification:_identify(src/range_libc) by extension 'colcon_meta'
[0.820s] Level 1:colcon.colcon_core.package_identification:_identify(src/range_libc) by extensions ['ros']
[0.820s] Level 1:colcon.colcon_core.package_identification:_identify(src/range_libc) by extension 'ros'
[0.820s] Level 1:colcon.colcon_core.package_identification:_identify(src/range_libc) by extensions ['cmake', 'python']
[0.821s] Level 1:colcon.colcon_core.package_identification:_identify(src/range_libc) by extension 'cmake'
[0.828s] Level 1:colcon.colcon_core.package_identification:_identify(src/range_libc) by extension 'python'
[0.828s] DEBUG:colcon.colcon_core.package_identification:Package 'src/range_libc' with type 'cmake' and name 'range_lib'
[0.828s] Level 1:colcon.colcon_core.package_discovery:discover_packages(recursive) using defaults
[0.828s] Level 1:colcon.colcon_core.package_discovery:discover_packages(ignore) discover
[0.828s] Level 1:colcon.colcon_core.package_discovery:discover_packages(ignore) using defaults
[0.828s] Level 1:colcon.colcon_core.package_discovery:discover_packages(path) discover
[0.829s] Level 1:colcon.colcon_core.package_discovery:discover_packages(path) using defaults
[0.850s] INFO:colcon.colcon_core.package_selection:Skipping not selected package 'autodrive_f1tenth' in 'src/autodrive_f1tenth'
[0.850s] INFO:colcon.colcon_core.package_selection:Skipping not selected package 'f1tenth_mapping' in 'src/f1tenth_mapping'
[0.850s] INFO:colcon.colcon_core.package_selection:Skipping not selected package 'particle_filter' in 'src/particle_filter'
[0.850s] INFO:colcon.colcon_core.package_selection:Skipping not selected package 'range_lib' in 'src/range_libc'
[0.852s] Level 5:colcon.colcon_core.verb:set package 'pure_pursuit' build argument 'cmake_args' from command line to 'None'
[0.852s] Level 5:colcon.colcon_core.verb:set package 'pure_pursuit' build argument 'cmake_target' from command line to 'None'
[0.852s] Level 5:colcon.colcon_core.verb:set package 'pure_pursuit' build argument 'cmake_target_skip_unavailable' from command line to 'False'
[0.852s] Level 5:colcon.colcon_core.verb:set package 'pure_pursuit' build argument 'cmake_clean_cache' from command line to 'False'
[0.852s] Level 5:colcon.colcon_core.verb:set package 'pure_pursuit' build argument 'cmake_clean_first' from command line to 'False'
[0.853s] Level 5:colcon.colcon_core.verb:set package 'pure_pursuit' build argument 'cmake_force_configure' from command line to 'False'
[0.853s] Level 5:colcon.colcon_core.verb:set package 'pure_pursuit' build argument 'ament_cmake_args' from command line to 'None'
[0.853s] Level 5:colcon.colcon_core.verb:set package 'pure_pursuit' build argument 'catkin_cmake_args' from command line to 'None'
[0.853s] Level 5:colcon.colcon_core.verb:set package 'pure_pursuit' build argument 'catkin_skip_building_tests' from command line to 'False'
[0.853s] DEBUG:colcon.colcon_core.verb:Building package 'pure_pursuit' with the following arguments: {'ament_cmake_args': None, 'build_base': '/home/bhajneet/sim_racing/ros2_ws/build/pure_pursuit', 'catkin_cmake_args': None, 'catkin_skip_building_tests': False, 'cmake_args': None, 'cmake_clean_cache': False, 'cmake_clean_first': False, 'cmake_force_configure': False, 'cmake_target': None, 'cmake_target_skip_unavailable': False, 'install_base': '/home/bhajneet/sim_racing/ros2_ws/install/pure_pursuit', 'merge_install': False, 'path': '/home/bhajneet/sim_racing/ros2_ws/src/pure_pursuit', 'symlink_install': False, 'test_result_base': None}
[0.854s] INFO:colcon.colcon_core.executor:Executing jobs using 'parallel' executor
[0.859s] DEBUG:colcon.colcon_parallel_executor.executor.parallel:run_until_complete
[0.859s] INFO:colcon.colcon_ros.task.ament_cmake.build:Building ROS package in '/home/bhajneet/sim_racing/ros2_ws/src/pure_pursuit' with build type 'ament_cmake'
[0.859s] INFO:colcon.colcon_cmake.task.cmake.build:Building CMake package in '/home/bhajneet/sim_racing/ros2_ws/src/pure_pursuit'
[0.864s] INFO:colcon.colcon_core.plugin_system:Skipping extension 'colcon_core.shell.bat': Not used on non-Windows systems
[0.864s] INFO:colcon.colcon_core.shell:Skip shell extension 'powershell' for command environment: Not usable outside of PowerShell
[0.864s] DEBUG:colcon.colcon_core.shell:Skip shell extension 'dsv' for command environment
[0.891s] DEBUG:colcon.colcon_core.event_handler.log_command:Invoking command in '/home/bhajneet/sim_racing/ros2_ws/build/pure_pursuit': CMAKE_PREFIX_PATH=${CMAKE_PREFIX_PATH}:/home/bhajneet/sim_racing/ros2_ws/install/particle_filter:/home/bhajneet/sim_racing/ros2_ws/install/autodrive_f1tenth:/opt/ros/foxy /usr/bin/cmake --build /home/bhajneet/sim_racing/ros2_ws/build/pure_pursuit -- -j8 -l8
[4.712s] DEBUG:colcon.colcon_core.event_handler.log_command:Invoked command in '/home/bhajneet/sim_racing/ros2_ws/build/pure_pursuit' returned '0': CMAKE_PREFIX_PATH=${CMAKE_PREFIX_PATH}:/home/bhajneet/sim_racing/ros2_ws/install/particle_filter:/home/bhajneet/sim_racing/ros2_ws/install/autodrive_f1tenth:/opt/ros/foxy /usr/bin/cmake --build /home/bhajneet/sim_racing/ros2_ws/build/pure_pursuit -- -j8 -l8
[4.841s] DEBUG:colcon.colcon_core.event_handler.log_command:Invoking command in '/home/bhajneet/sim_racing/ros2_ws/build/pure_pursuit': CMAKE_PREFIX_PATH=${CMAKE_PREFIX_PATH}:/home/bhajneet/sim_racing/ros2_ws/install/particle_filter:/home/bhajneet/sim_racing/ros2_ws/install/autodrive_f1tenth:/opt/ros/foxy /usr/bin/cmake --install /home/bhajneet/sim_racing/ros2_ws/build/pure_pursuit
[4.886s] Level 1:colcon.colcon_core.environment:create_environment_scripts_only(pure_pursuit)
[4.892s] DEBUG:colcon.colcon_core.event_handler.log_command:Invoked command in '/home/bhajneet/sim_racing/ros2_ws/build/pure_pursuit' returned '0': CMAKE_PREFIX_PATH=${CMAKE_PREFIX_PATH}:/home/bhajneet/sim_racing/ros2_ws/install/particle_filter:/home/bhajneet/sim_racing/ros2_ws/install/autodrive_f1tenth:/opt/ros/foxy /usr/bin/cmake --install /home/bhajneet/sim_racing/ros2_ws/build/pure_pursuit
[4.908s] Level 1:colcon.colcon_core.environment:checking '/home/bhajneet/sim_racing/ros2_ws/install/pure_pursuit' for CMake module files
[4.910s] Level 1:colcon.colcon_core.environment:checking '/home/bhajneet/sim_racing/ros2_ws/install/pure_pursuit' for CMake config files
[4.911s] Level 1:colcon.colcon_core.shell:create_environment_hook('pure_pursuit', 'cmake_prefix_path')
[4.916s] INFO:colcon.colcon_core.shell:Creating environment hook '/home/bhajneet/sim_racing/ros2_ws/install/pure_pursuit/share/pure_pursuit/hook/cmake_prefix_path.ps1'
[4.918s] INFO:colcon.colcon_core.shell:Creating environment descriptor '/home/bhajneet/sim_racing/ros2_ws/install/pure_pursuit/share/pure_pursuit/hook/cmake_prefix_path.dsv'
[4.921s] INFO:colcon.colcon_core.shell:Creating environment hook '/home/bhajneet/sim_racing/ros2_ws/install/pure_pursuit/share/pure_pursuit/hook/cmake_prefix_path.sh'
[4.924s] Level 1:colcon.colcon_core.environment:checking '/home/bhajneet/sim_racing/ros2_ws/install/pure_pursuit/lib'
[4.925s] Level 1:colcon.colcon_core.environment:checking '/home/bhajneet/sim_racing/ros2_ws/install/pure_pursuit/bin'
[4.925s] Level 1:colcon.colcon_core.environment:checking '/home/bhajneet/sim_racing/ros2_ws/install/pure_pursuit/lib/pkgconfig/pure_pursuit.pc'
[4.928s] Level 1:colcon.colcon_core.environment:checking '/home/bhajneet/sim_racing/ros2_ws/install/pure_pursuit/lib/python3.8/site-packages'
[4.929s] Level 1:colcon.colcon_core.environment:checking '/home/bhajneet/sim_racing/ros2_ws/install/pure_pursuit/bin'
[4.934s] INFO:colcon.colcon_core.shell:Creating package script '/home/bhajneet/sim_racing/ros2_ws/install/pure_pursuit/share/pure_pursuit/package.ps1'
[4.936s] INFO:colcon.colcon_core.shell:Creating package descriptor '/home/bhajneet/sim_racing/ros2_ws/install/pure_pursuit/share/pure_pursuit/package.dsv'
[4.937s] INFO:colcon.colcon_core.shell:Creating package script '/home/bhajneet/sim_racing/ros2_ws/install/pure_pursuit/share/pure_pursuit/package.sh'
[4.938s] INFO:colcon.colcon_core.shell:Creating package script '/home/bhajneet/sim_racing/ros2_ws/install/pure_pursuit/share/pure_pursuit/package.bash'
[4.940s] INFO:colcon.colcon_core.shell:Creating package script '/home/bhajneet/sim_racing/ros2_ws/install/pure_pursuit/share/pure_pursuit/package.zsh'
[4.942s] Level 1:colcon.colcon_core.environment:create_file_with_runtime_dependencies(/home/bhajneet/sim_racing/ros2_ws/install/pure_pursuit/share/colcon-core/packages/pure_pursuit)
[5.000s] Level 1:colcon.colcon_core.environment:create_environment_scripts_only(pure_pursuit)
[5.006s] Level 1:colcon.colcon_core.environment:checking '/home/bhajneet/sim_racing/ros2_ws/install/pure_pursuit' for CMake module files
[5.007s] Level 1:colcon.colcon_core.environment:checking '/home/bhajneet/sim_racing/ros2_ws/install/pure_pursuit' for CMake config files
[5.007s] Level 1:colcon.colcon_core.shell:create_environment_hook('pure_pursuit', 'cmake_prefix_path')
[5.009s] INFO:colcon.colcon_core.shell:Creating environment hook '/home/bhajneet/sim_racing/ros2_ws/install/pure_pursuit/share/pure_pursuit/hook/cmake_prefix_path.ps1'
[5.009s] INFO:colcon.colcon_core.shell:Creating environment descriptor '/home/bhajneet/sim_racing/ros2_ws/install/pure_pursuit/share/pure_pursuit/hook/cmake_prefix_path.dsv'
[5.010s] INFO:colcon.colcon_core.shell:Creating environment hook '/home/bhajneet/sim_racing/ros2_ws/install/pure_pursuit/share/pure_pursuit/hook/cmake_prefix_path.sh'
[5.010s] Level 1:colcon.colcon_core.environment:checking '/home/bhajneet/sim_racing/ros2_ws/install/pure_pursuit/lib'
[5.011s] Level 1:colcon.colcon_core.environment:checking '/home/bhajneet/sim_racing/ros2_ws/install/pure_pursuit/bin'
[5.011s] Level 1:colcon.colcon_core.environment:checking '/home/bhajneet/sim_racing/ros2_ws/install/pure_pursuit/lib/pkgconfig/pure_pursuit.pc'
[5.011s] Level 1:colcon.colcon_core.environment:checking '/home/bhajneet/sim_racing/ros2_ws/install/pure_pursuit/lib/python3.8/site-packages'
[5.011s] Level 1:colcon.colcon_core.environment:checking '/home/bhajneet/sim_racing/ros2_ws/install/pure_pursuit/bin'
[5.014s] INFO:colcon.colcon_core.shell:Creating package script '/home/bhajneet/sim_racing/ros2_ws/install/pure_pursuit/share/pure_pursuit/package.ps1'
[5.016s] INFO:colcon.colcon_core.shell:Creating package descriptor '/home/bhajneet/sim_racing/ros2_ws/install/pure_pursuit/share/pure_pursuit/package.dsv'
[5.018s] INFO:colcon.colcon_core.shell:Creating package script '/home/bhajneet/sim_racing/ros2_ws/install/pure_pursuit/share/pure_pursuit/package.sh'
[5.019s] INFO:colcon.colcon_core.shell:Creating package script '/home/bhajneet/sim_racing/ros2_ws/install/pure_pursuit/share/pure_pursuit/package.bash'
[5.020s] INFO:colcon.colcon_core.shell:Creating package script '/home/bhajneet/sim_racing/ros2_ws/install/pure_pursuit/share/pure_pursuit/package.zsh'
[5.021s] Level 1:colcon.colcon_core.environment:create_file_with_runtime_dependencies(/home/bhajneet/sim_racing/ros2_ws/install/pure_pursuit/share/colcon-core/packages/pure_pursuit)
[5.021s] DEBUG:colcon.colcon_parallel_executor.executor.parallel:closing loop
[5.022s] DEBUG:colcon.colcon_parallel_executor.executor.parallel:loop closed
[5.022s] DEBUG:colcon.colcon_parallel_executor.executor.parallel:run_until_complete finished with '0'
[5.022s] DEBUG:colcon.colcon_core.event_reactor:joining thread
[5.034s] INFO:colcon.colcon_core.plugin_system:Skipping extension 'colcon_notification.desktop_notification.notify_send': Could not find 'notify-send'
[5.035s] INFO:colcon.colcon_core.plugin_system:Skipping extension 'colcon_notification.desktop_notification.terminal_notifier': Not used on non-Darwin systems
[5.035s] INFO:colcon.colcon_core.plugin_system:Skipping extension 'colcon_notification.desktop_notification.win32': Not used on non-Windows systems
[5.035s] INFO:colcon.colcon_notification.desktop_notification:Sending desktop notification using 'notify2'
[5.040s] DEBUG:colcon.colcon_notification.desktop_notification.notify2:Failed to initialize notify2: org.freedesktop.DBus.Error.Spawn.ExecFailed: /usr/bin/dbus-launch terminated abnormally without any error message
[5.041s] DEBUG:colcon.colcon_core.event_reactor:joined thread
[5.045s] INFO:colcon.colcon_core.shell:Creating prefix script '/home/bhajneet/sim_racing/ros2_ws/install/local_setup.ps1'
[5.047s] INFO:colcon.colcon_core.shell:Creating prefix util module '/home/bhajneet/sim_racing/ros2_ws/install/_local_setup_util_ps1.py'
[5.050s] INFO:colcon.colcon_core.shell:Creating prefix chain script '/home/bhajneet/sim_racing/ros2_ws/install/setup.ps1'
[5.053s] INFO:colcon.colcon_core.shell:Creating prefix script '/home/bhajneet/sim_racing/ros2_ws/install/local_setup.sh'
[5.054s] INFO:colcon.colcon_core.shell:Creating prefix util module '/home/bhajneet/sim_racing/ros2_ws/install/_local_setup_util_sh.py'
[5.055s] INFO:colcon.colcon_core.shell:Creating prefix chain script '/home/bhajneet/sim_racing/ros2_ws/install/setup.sh'
[5.060s] INFO:colcon.colcon_core.shell:Creating prefix script '/home/bhajneet/sim_racing/ros2_ws/install/local_setup.bash'
[5.061s] INFO:colcon.colcon_core.shell:Creating prefix chain script '/home/bhajneet/sim_racing/ros2_ws/install/setup.bash'
[5.067s] INFO:colcon.colcon_core.shell:Creating prefix script '/home/bhajneet/sim_racing/ros2_ws/install/local_setup.zsh'
[5.069s] INFO:colcon.colcon_core.shell:Creating prefix chain script '/home/bhajneet/sim_racing/ros2_ws/install/setup.zsh'
