/home/bhajneet/sim_racing/ros2_ws/install/autodrive_f1tenth/lib/python3.8/site-packages/autodrive_f1tenth/autodrive_bridge.py
/home/bhajneet/sim_racing/ros2_ws/install/autodrive_f1tenth/lib/python3.8/site-packages/autodrive_f1tenth/autodrive_bridge_1.py
/home/bhajneet/sim_racing/ros2_ws/install/autodrive_f1tenth/lib/python3.8/site-packages/autodrive_f1tenth/config_1.py
/home/bhajneet/sim_racing/ros2_ws/install/autodrive_f1tenth/lib/python3.8/site-packages/autodrive_f1tenth/config.py
/home/bhajneet/sim_racing/ros2_ws/install/autodrive_f1tenth/lib/python3.8/site-packages/autodrive_f1tenth/__init__.py
/home/bhajneet/sim_racing/ros2_ws/install/autodrive_f1tenth/lib/python3.8/site-packages/autodrive_f1tenth/teleop_keyboard.py
/home/bhajneet/sim_racing/ros2_ws/install/autodrive_f1tenth/lib/python3.8/site-packages/autodrive_f1tenth/__pycache__/autodrive_bridge.cpython-38.pyc
/home/bhajneet/sim_racing/ros2_ws/install/autodrive_f1tenth/lib/python3.8/site-packages/autodrive_f1tenth/__pycache__/autodrive_bridge_1.cpython-38.pyc
/home/bhajneet/sim_racing/ros2_ws/install/autodrive_f1tenth/lib/python3.8/site-packages/autodrive_f1tenth/__pycache__/config_1.cpython-38.pyc
/home/bhajneet/sim_racing/ros2_ws/install/autodrive_f1tenth/lib/python3.8/site-packages/autodrive_f1tenth/__pycache__/config.cpython-38.pyc
/home/bhajneet/sim_racing/ros2_ws/install/autodrive_f1tenth/lib/python3.8/site-packages/autodrive_f1tenth/__pycache__/__init__.cpython-38.pyc
/home/bhajneet/sim_racing/ros2_ws/install/autodrive_f1tenth/lib/python3.8/site-packages/autodrive_f1tenth/__pycache__/teleop_keyboard.cpython-38.pyc
/home/bhajneet/sim_racing/ros2_ws/install/autodrive_f1tenth/share/ament_index/resource_index/packages/autodrive_f1tenth
/home/bhajneet/sim_racing/ros2_ws/install/autodrive_f1tenth/share/autodrive_f1tenth/package.xml
/home/bhajneet/sim_racing/ros2_ws/install/autodrive_f1tenth/share/autodrive_f1tenth/launch/simulator_bringup_headless.launch.py
/home/bhajneet/sim_racing/ros2_ws/install/autodrive_f1tenth/share/autodrive_f1tenth/launch/simulator_bringup_rviz.launch.py
/home/bhajneet/sim_racing/ros2_ws/install/autodrive_f1tenth/share/autodrive_f1tenth/rviz/simulator.rviz
/home/bhajneet/sim_racing/ros2_ws/install/autodrive_f1tenth/lib/python3.8/site-packages/autodrive_f1tenth-0.1.0-py3.8.egg-info/requires.txt
/home/bhajneet/sim_racing/ros2_ws/install/autodrive_f1tenth/lib/python3.8/site-packages/autodrive_f1tenth-0.1.0-py3.8.egg-info/entry_points.txt
/home/bhajneet/sim_racing/ros2_ws/install/autodrive_f1tenth/lib/python3.8/site-packages/autodrive_f1tenth-0.1.0-py3.8.egg-info/PKG-INFO
/home/bhajneet/sim_racing/ros2_ws/install/autodrive_f1tenth/lib/python3.8/site-packages/autodrive_f1tenth-0.1.0-py3.8.egg-info/SOURCES.txt
/home/bhajneet/sim_racing/ros2_ws/install/autodrive_f1tenth/lib/python3.8/site-packages/autodrive_f1tenth-0.1.0-py3.8.egg-info/dependency_links.txt
/home/bhajneet/sim_racing/ros2_ws/install/autodrive_f1tenth/lib/python3.8/site-packages/autodrive_f1tenth-0.1.0-py3.8.egg-info/zip-safe
/home/bhajneet/sim_racing/ros2_ws/install/autodrive_f1tenth/lib/python3.8/site-packages/autodrive_f1tenth-0.1.0-py3.8.egg-info/top_level.txt
/home/bhajneet/sim_racing/ros2_ws/install/autodrive_f1tenth/lib/autodrive_f1tenth/autodrive_bridge_1
/home/bhajneet/sim_racing/ros2_ws/install/autodrive_f1tenth/lib/autodrive_f1tenth/teleop_keyboard
