[0.769s] Invoking command in '/ros2_ws/src/autodrive_f1tenth': PYTHONPATH=/ros2_ws/build/autodrive_f1tenth/prefix_override:/ros2_ws/install/autodrive_f1tenth/lib/python3.8/site-packages:${PYTHONPATH} /usr/bin/python3 setup.py egg_info --egg-base ../../build/autodrive_f1tenth build --build-base /ros2_ws/build/autodrive_f1tenth/build install --record /ros2_ws/build/autodrive_f1tenth/install.log --install-scripts $base/lib/autodrive_f1tenth --single-version-externally-managed
[1.002s] running egg_info
[1.002s] creating ../../build/autodrive_f1tenth/autodrive_f1tenth.egg-info
[1.002s] writing ../../build/autodrive_f1tenth/autodrive_f1tenth.egg-info/PKG-INFO
[1.003s] writing dependency_links to ../../build/autodrive_f1tenth/autodrive_f1tenth.egg-info/dependency_links.txt
[1.003s] writing entry points to ../../build/autodrive_f1tenth/autodrive_f1tenth.egg-info/entry_points.txt
[1.003s] writing requirements to ../../build/autodrive_f1tenth/autodrive_f1tenth.egg-info/requires.txt
[1.003s] writing top-level names to ../../build/autodrive_f1tenth/autodrive_f1tenth.egg-info/top_level.txt
[1.006s] writing manifest file '../../build/autodrive_f1tenth/autodrive_f1tenth.egg-info/SOURCES.txt'
[1.057s] reading manifest file '../../build/autodrive_f1tenth/autodrive_f1tenth.egg-info/SOURCES.txt'
[1.058s] writing manifest file '../../build/autodrive_f1tenth/autodrive_f1tenth.egg-info/SOURCES.txt'
[1.058s] running build
[1.058s] running build_py
[1.059s] creating /ros2_ws/build/autodrive_f1tenth/build
[1.059s] creating /ros2_ws/build/autodrive_f1tenth/build/lib
[1.059s] creating /ros2_ws/build/autodrive_f1tenth/build/lib/autodrive_f1tenth
[1.059s] copying autodrive_f1tenth/autodrive_bridge.py -> /ros2_ws/build/autodrive_f1tenth/build/lib/autodrive_f1tenth
[1.059s] copying autodrive_f1tenth/config.py -> /ros2_ws/build/autodrive_f1tenth/build/lib/autodrive_f1tenth
[1.059s] copying autodrive_f1tenth/__init__.py -> /ros2_ws/build/autodrive_f1tenth/build/lib/autodrive_f1tenth
[1.059s] copying autodrive_f1tenth/teleop_keyboard.py -> /ros2_ws/build/autodrive_f1tenth/build/lib/autodrive_f1tenth
[1.060s] running install
[1.060s] running install_lib
[1.062s] creating /ros2_ws/install/autodrive_f1tenth/lib/python3.8/site-packages/autodrive_f1tenth
[1.062s] copying /ros2_ws/build/autodrive_f1tenth/build/lib/autodrive_f1tenth/autodrive_bridge.py -> /ros2_ws/install/autodrive_f1tenth/lib/python3.8/site-packages/autodrive_f1tenth
[1.062s] copying /ros2_ws/build/autodrive_f1tenth/build/lib/autodrive_f1tenth/config.py -> /ros2_ws/install/autodrive_f1tenth/lib/python3.8/site-packages/autodrive_f1tenth
[1.062s] copying /ros2_ws/build/autodrive_f1tenth/build/lib/autodrive_f1tenth/__init__.py -> /ros2_ws/install/autodrive_f1tenth/lib/python3.8/site-packages/autodrive_f1tenth
[1.063s] copying /ros2_ws/build/autodrive_f1tenth/build/lib/autodrive_f1tenth/teleop_keyboard.py -> /ros2_ws/install/autodrive_f1tenth/lib/python3.8/site-packages/autodrive_f1tenth
[1.064s] byte-compiling /ros2_ws/install/autodrive_f1tenth/lib/python3.8/site-packages/autodrive_f1tenth/autodrive_bridge.py to autodrive_bridge.cpython-38.pyc
[1.071s] byte-compiling /ros2_ws/install/autodrive_f1tenth/lib/python3.8/site-packages/autodrive_f1tenth/config.py to config.cpython-38.pyc
[1.072s] byte-compiling /ros2_ws/install/autodrive_f1tenth/lib/python3.8/site-packages/autodrive_f1tenth/__init__.py to __init__.cpython-38.pyc
[1.072s] byte-compiling /ros2_ws/install/autodrive_f1tenth/lib/python3.8/site-packages/autodrive_f1tenth/teleop_keyboard.py to teleop_keyboard.cpython-38.pyc
[1.074s] running install_data
[1.074s] creating /ros2_ws/install/autodrive_f1tenth/share/ament_index
[1.075s] creating /ros2_ws/install/autodrive_f1tenth/share/ament_index/resource_index
[1.075s] creating /ros2_ws/install/autodrive_f1tenth/share/ament_index/resource_index/packages
[1.075s] copying resource/autodrive_f1tenth -> /ros2_ws/install/autodrive_f1tenth/share/ament_index/resource_index/packages
[1.075s] copying package.xml -> /ros2_ws/install/autodrive_f1tenth/share/autodrive_f1tenth
[1.075s] creating /ros2_ws/install/autodrive_f1tenth/share/autodrive_f1tenth/launch
[1.075s] copying launch/simulator_bringup_headless.launch.py -> /ros2_ws/install/autodrive_f1tenth/share/autodrive_f1tenth/launch
[1.075s] copying launch/simulator_bringup_rviz.launch.py -> /ros2_ws/install/autodrive_f1tenth/share/autodrive_f1tenth/launch
[1.075s] creating /ros2_ws/install/autodrive_f1tenth/share/autodrive_f1tenth/rviz
[1.075s] copying rviz/simulator.rviz -> /ros2_ws/install/autodrive_f1tenth/share/autodrive_f1tenth/rviz
[1.076s] running install_egg_info
[1.079s] Copying ../../build/autodrive_f1tenth/autodrive_f1tenth.egg-info to /ros2_ws/install/autodrive_f1tenth/lib/python3.8/site-packages/autodrive_f1tenth-0.1.0-py3.8.egg-info
[1.080s] running install_scripts
[1.102s] Installing autodrive_bridge script to /ros2_ws/install/autodrive_f1tenth/lib/autodrive_f1tenth
[1.102s] Installing teleop_keyboard script to /ros2_ws/install/autodrive_f1tenth/lib/autodrive_f1tenth
[1.103s] writing list of installed files to '/ros2_ws/build/autodrive_f1tenth/install.log'
[1.135s] Invoked command in '/ros2_ws/src/autodrive_f1tenth' returned '0': PYTHONPATH=/ros2_ws/build/autodrive_f1tenth/prefix_override:/ros2_ws/install/autodrive_f1tenth/lib/python3.8/site-packages:${PYTHONPATH} /usr/bin/python3 setup.py egg_info --egg-base ../../build/autodrive_f1tenth build --build-base /ros2_ws/build/autodrive_f1tenth/build install --record /ros2_ws/build/autodrive_f1tenth/install.log --install-scripts $base/lib/autodrive_f1tenth --single-version-externally-managed
