[0.254s] DEBUG:colcon:Command line arguments: ['/usr/bin/colcon', 'build', '--packages-select', 'pure_pursuit']
[0.254s] DEBUG:colcon:Parsed command line arguments: Namespace(ament_cmake_args=None, base_paths=['.'], build_base='build', catkin_cmake_args=None, catkin_skip_building_tests=False, cmake_args=None, cmake_clean_cache=False, cmake_clean_first=False, cmake_force_configure=False, cmake_target=None, cmake_target_skip_unavailable=False, continue_on_error=False, event_handlers=None, executor='parallel', ignore_user_meta=False, install_base='install', log_base=None, log_level=None, main=<bound method BuildVerb.main of <colcon_core.verb.build.BuildVerb object at 0x7b213dd804f0>>, merge_install=False, metas=['./colcon.meta'], mixin=None, mixin_files=None, mixin_verb=('build',), packages_above=None, packages_above_and_dependencies=None, packages_above_depth=None, packages_end=None, packages_ignore=None, packages_ignore_regex=None, packages_select=['pure_pursuit'], packages_select_build_failed=False, packages_select_by_dep=None, packages_select_regex=None, packages_select_test_failures=False, packages_skip=None, packages_skip_build_finished=False, packages_skip_by_dep=None, packages_skip_regex=None, packages_skip_test_passed=False, packages_skip_up_to=None, packages_start=None, packages_up_to=None, packages_up_to_regex=None, parallel_workers=8, paths=None, symlink_install=False, test_result_base=None, verb_extension=<colcon_core.verb.build.BuildVerb object at 0x7b213dd804f0>, verb_name='build', verb_parser=<colcon_mixin.mixin.mixin_argument.MixinArgumentDecorator object at 0x7b213dd80b50>)
[0.277s] Level 1:colcon.colcon_core.package_discovery:discover_packages(colcon_meta) check parameters
[0.277s] Level 1:colcon.colcon_core.package_discovery:discover_packages(recursive) check parameters
[0.277s] Level 1:colcon.colcon_core.package_discovery:discover_packages(ignore) check parameters
[0.277s] Level 1:colcon.colcon_core.package_discovery:discover_packages(path) check parameters
[0.277s] Level 1:colcon.colcon_core.package_discovery:discover_packages(colcon_meta) discover
[0.277s] Level 1:colcon.colcon_core.package_discovery:discover_packages(recursive) discover
[0.277s] INFO:colcon.colcon_core.package_discovery:Crawling recursively for packages in '/home/bhajneet/sim_racing/ros2_ws'
[0.277s] Level 1:colcon.colcon_core.package_identification:_identify(.) by extensions ['ignore', 'ignore_ament_install']
[0.277s] Level 1:colcon.colcon_core.package_identification:_identify(.) by extension 'ignore'
[0.278s] Level 1:colcon.colcon_core.package_identification:_identify(.) by extension 'ignore_ament_install'
[0.278s] Level 1:colcon.colcon_core.package_identification:_identify(.) by extensions ['colcon_pkg']
[0.278s] Level 1:colcon.colcon_core.package_identification:_identify(.) by extension 'colcon_pkg'
[0.278s] Level 1:colcon.colcon_core.package_identification:_identify(.) by extensions ['colcon_meta']
[0.278s] Level 1:colcon.colcon_core.package_identification:_identify(.) by extension 'colcon_meta'
[0.278s] Level 1:colcon.colcon_core.package_identification:_identify(.) by extensions ['ros']
[0.278s] Level 1:colcon.colcon_core.package_identification:_identify(.) by extension 'ros'
[0.294s] Level 1:colcon.colcon_core.package_identification:_identify(.) by extensions ['cmake', 'python']
[0.294s] Level 1:colcon.colcon_core.package_identification:_identify(.) by extension 'cmake'
[0.294s] Level 1:colcon.colcon_core.package_identification:_identify(.) by extension 'python'
[0.294s] Level 1:colcon.colcon_core.package_identification:_identify(.) by extensions ['python_setup_py']
[0.294s] Level 1:colcon.colcon_core.package_identification:_identify(.) by extension 'python_setup_py'
[0.295s] Level 1:colcon.colcon_core.package_identification:_identify(build) by extensions ['ignore', 'ignore_ament_install']
[0.295s] Level 1:colcon.colcon_core.package_identification:_identify(build) by extension 'ignore'
[0.295s] Level 1:colcon.colcon_core.package_identification:_identify(build) ignored
[0.295s] Level 1:colcon.colcon_core.package_identification:_identify(install) by extensions ['ignore', 'ignore_ament_install']
[0.295s] Level 1:colcon.colcon_core.package_identification:_identify(install) by extension 'ignore'
[0.295s] Level 1:colcon.colcon_core.package_identification:_identify(install) ignored
[0.295s] Level 1:colcon.colcon_core.package_identification:_identify(log) by extensions ['ignore', 'ignore_ament_install']
[0.295s] Level 1:colcon.colcon_core.package_identification:_identify(log) by extension 'ignore'
[0.296s] Level 1:colcon.colcon_core.package_identification:_identify(log) ignored
[0.296s] Level 1:colcon.colcon_core.package_identification:_identify(src) by extensions ['ignore', 'ignore_ament_install']
[0.296s] Level 1:colcon.colcon_core.package_identification:_identify(src) by extension 'ignore'
[0.296s] Level 1:colcon.colcon_core.package_identification:_identify(src) by extension 'ignore_ament_install'
[0.296s] Level 1:colcon.colcon_core.package_identification:_identify(src) by extensions ['colcon_pkg']
[0.296s] Level 1:colcon.colcon_core.package_identification:_identify(src) by extension 'colcon_pkg'
[0.296s] Level 1:colcon.colcon_core.package_identification:_identify(src) by extensions ['colcon_meta']
[0.296s] Level 1:colcon.colcon_core.package_identification:_identify(src) by extension 'colcon_meta'
[0.296s] Level 1:colcon.colcon_core.package_identification:_identify(src) by extensions ['ros']
[0.296s] Level 1:colcon.colcon_core.package_identification:_identify(src) by extension 'ros'
[0.296s] Level 1:colcon.colcon_core.package_identification:_identify(src) by extensions ['cmake', 'python']
[0.296s] Level 1:colcon.colcon_core.package_identification:_identify(src) by extension 'cmake'
[0.296s] Level 1:colcon.colcon_core.package_identification:_identify(src) by extension 'python'
[0.296s] Level 1:colcon.colcon_core.package_identification:_identify(src) by extensions ['python_setup_py']
[0.296s] Level 1:colcon.colcon_core.package_identification:_identify(src) by extension 'python_setup_py'
[0.296s] Level 1:colcon.colcon_core.package_identification:_identify(src/autodrive_f1tenth) by extensions ['ignore', 'ignore_ament_install']
[0.296s] Level 1:colcon.colcon_core.package_identification:_identify(src/autodrive_f1tenth) by extension 'ignore'
[0.296s] Level 1:colcon.colcon_core.package_identification:_identify(src/autodrive_f1tenth) by extension 'ignore_ament_install'
[0.297s] Level 1:colcon.colcon_core.package_identification:_identify(src/autodrive_f1tenth) by extensions ['colcon_pkg']
[0.297s] Level 1:colcon.colcon_core.package_identification:_identify(src/autodrive_f1tenth) by extension 'colcon_pkg'
[0.297s] Level 1:colcon.colcon_core.package_identification:_identify(src/autodrive_f1tenth) by extensions ['colcon_meta']
[0.297s] Level 1:colcon.colcon_core.package_identification:_identify(src/autodrive_f1tenth) by extension 'colcon_meta'
[0.297s] Level 1:colcon.colcon_core.package_identification:_identify(src/autodrive_f1tenth) by extensions ['ros']
[0.297s] Level 1:colcon.colcon_core.package_identification:_identify(src/autodrive_f1tenth) by extension 'ros'
[0.299s] DEBUG:colcon.colcon_core.package_identification:Package 'src/autodrive_f1tenth' with type 'ros.ament_python' and name 'autodrive_f1tenth'
[0.299s] Level 1:colcon.colcon_core.package_identification:_identify(src/f1tenth_mapping) by extensions ['ignore', 'ignore_ament_install']
[0.300s] Level 1:colcon.colcon_core.package_identification:_identify(src/f1tenth_mapping) by extension 'ignore'
[0.300s] Level 1:colcon.colcon_core.package_identification:_identify(src/f1tenth_mapping) by extension 'ignore_ament_install'
[0.300s] Level 1:colcon.colcon_core.package_identification:_identify(src/f1tenth_mapping) by extensions ['colcon_pkg']
[0.300s] Level 1:colcon.colcon_core.package_identification:_identify(src/f1tenth_mapping) by extension 'colcon_pkg'
[0.300s] Level 1:colcon.colcon_core.package_identification:_identify(src/f1tenth_mapping) by extensions ['colcon_meta']
[0.300s] Level 1:colcon.colcon_core.package_identification:_identify(src/f1tenth_mapping) by extension 'colcon_meta'
[0.300s] Level 1:colcon.colcon_core.package_identification:_identify(src/f1tenth_mapping) by extensions ['ros']
[0.300s] Level 1:colcon.colcon_core.package_identification:_identify(src/f1tenth_mapping) by extension 'ros'
[0.300s] DEBUG:colcon.colcon_core.package_identification:Package 'src/f1tenth_mapping' with type 'ros.ament_cmake' and name 'f1tenth_mapping'
[0.301s] Level 1:colcon.colcon_core.package_identification:_identify(src/particle_filter) by extensions ['ignore', 'ignore_ament_install']
[0.301s] Level 1:colcon.colcon_core.package_identification:_identify(src/particle_filter) by extension 'ignore'
[0.301s] Level 1:colcon.colcon_core.package_identification:_identify(src/particle_filter) by extension 'ignore_ament_install'
[0.301s] Level 1:colcon.colcon_core.package_identification:_identify(src/particle_filter) by extensions ['colcon_pkg']
[0.301s] Level 1:colcon.colcon_core.package_identification:_identify(src/particle_filter) by extension 'colcon_pkg'
[0.301s] Level 1:colcon.colcon_core.package_identification:_identify(src/particle_filter) by extensions ['colcon_meta']
[0.301s] Level 1:colcon.colcon_core.package_identification:_identify(src/particle_filter) by extension 'colcon_meta'
[0.301s] Level 1:colcon.colcon_core.package_identification:_identify(src/particle_filter) by extensions ['ros']
[0.301s] Level 1:colcon.colcon_core.package_identification:_identify(src/particle_filter) by extension 'ros'
[0.302s] DEBUG:colcon.colcon_core.package_identification:Package 'src/particle_filter' with type 'ros.ament_python' and name 'particle_filter'
[0.302s] Level 1:colcon.colcon_core.package_identification:_identify(src/pure_pursuit) by extensions ['ignore', 'ignore_ament_install']
[0.302s] Level 1:colcon.colcon_core.package_identification:_identify(src/pure_pursuit) by extension 'ignore'
[0.302s] Level 1:colcon.colcon_core.package_identification:_identify(src/pure_pursuit) by extension 'ignore_ament_install'
[0.302s] Level 1:colcon.colcon_core.package_identification:_identify(src/pure_pursuit) by extensions ['colcon_pkg']
[0.302s] Level 1:colcon.colcon_core.package_identification:_identify(src/pure_pursuit) by extension 'colcon_pkg'
[0.302s] Level 1:colcon.colcon_core.package_identification:_identify(src/pure_pursuit) by extensions ['colcon_meta']
[0.302s] Level 1:colcon.colcon_core.package_identification:_identify(src/pure_pursuit) by extension 'colcon_meta'
[0.302s] Level 1:colcon.colcon_core.package_identification:_identify(src/pure_pursuit) by extensions ['ros']
[0.302s] Level 1:colcon.colcon_core.package_identification:_identify(src/pure_pursuit) by extension 'ros'
[0.303s] DEBUG:colcon.colcon_core.package_identification:Package 'src/pure_pursuit' with type 'ros.ament_cmake' and name 'pure_pursuit'
[0.304s] Level 1:colcon.colcon_core.package_identification:_identify(src/raceline) by extensions ['ignore', 'ignore_ament_install']
[0.304s] Level 1:colcon.colcon_core.package_identification:_identify(src/raceline) by extension 'ignore'
[0.304s] Level 1:colcon.colcon_core.package_identification:_identify(src/raceline) by extension 'ignore_ament_install'
[0.304s] Level 1:colcon.colcon_core.package_identification:_identify(src/raceline) by extensions ['colcon_pkg']
[0.304s] Level 1:colcon.colcon_core.package_identification:_identify(src/raceline) by extension 'colcon_pkg'
[0.304s] Level 1:colcon.colcon_core.package_identification:_identify(src/raceline) by extensions ['colcon_meta']
[0.304s] Level 1:colcon.colcon_core.package_identification:_identify(src/raceline) by extension 'colcon_meta'
[0.304s] Level 1:colcon.colcon_core.package_identification:_identify(src/raceline) by extensions ['ros']
[0.304s] Level 1:colcon.colcon_core.package_identification:_identify(src/raceline) by extension 'ros'
[0.304s] Level 1:colcon.colcon_core.package_identification:_identify(src/raceline) by extensions ['cmake', 'python']
[0.304s] Level 1:colcon.colcon_core.package_identification:_identify(src/raceline) by extension 'cmake'
[0.304s] Level 1:colcon.colcon_core.package_identification:_identify(src/raceline) by extension 'python'
[0.304s] Level 1:colcon.colcon_core.package_identification:_identify(src/raceline) by extensions ['python_setup_py']
[0.304s] Level 1:colcon.colcon_core.package_identification:_identify(src/raceline) by extension 'python_setup_py'
[0.304s] Level 1:colcon.colcon_core.package_identification:_identify(src/raceline/Raceline-Optimization) by extensions ['ignore', 'ignore_ament_install']
[0.304s] Level 1:colcon.colcon_core.package_identification:_identify(src/raceline/Raceline-Optimization) by extension 'ignore'
[0.304s] Level 1:colcon.colcon_core.package_identification:_identify(src/raceline/Raceline-Optimization) by extension 'ignore_ament_install'
[0.304s] Level 1:colcon.colcon_core.package_identification:_identify(src/raceline/Raceline-Optimization) by extensions ['colcon_pkg']
[0.304s] Level 1:colcon.colcon_core.package_identification:_identify(src/raceline/Raceline-Optimization) by extension 'colcon_pkg'
[0.305s] Level 1:colcon.colcon_core.package_identification:_identify(src/raceline/Raceline-Optimization) by extensions ['colcon_meta']
[0.305s] Level 1:colcon.colcon_core.package_identification:_identify(src/raceline/Raceline-Optimization) by extension 'colcon_meta'
[0.305s] Level 1:colcon.colcon_core.package_identification:_identify(src/raceline/Raceline-Optimization) by extensions ['ros']
[0.305s] Level 1:colcon.colcon_core.package_identification:_identify(src/raceline/Raceline-Optimization) by extension 'ros'
[0.305s] Level 1:colcon.colcon_core.package_identification:_identify(src/raceline/Raceline-Optimization) by extensions ['cmake', 'python']
[0.305s] Level 1:colcon.colcon_core.package_identification:_identify(src/raceline/Raceline-Optimization) by extension 'cmake'
[0.305s] Level 1:colcon.colcon_core.package_identification:_identify(src/raceline/Raceline-Optimization) by extension 'python'
[0.305s] Level 1:colcon.colcon_core.package_identification:_identify(src/raceline/Raceline-Optimization) by extensions ['python_setup_py']
[0.305s] Level 1:colcon.colcon_core.package_identification:_identify(src/raceline/Raceline-Optimization) by extension 'python_setup_py'
[0.305s] Level 1:colcon.colcon_core.package_identification:_identify(src/raceline/Raceline-Optimization/frictionmap) by extensions ['ignore', 'ignore_ament_install']
[0.305s] Level 1:colcon.colcon_core.package_identification:_identify(src/raceline/Raceline-Optimization/frictionmap) by extension 'ignore'
[0.305s] Level 1:colcon.colcon_core.package_identification:_identify(src/raceline/Raceline-Optimization/frictionmap) by extension 'ignore_ament_install'
[0.305s] Level 1:colcon.colcon_core.package_identification:_identify(src/raceline/Raceline-Optimization/frictionmap) by extensions ['colcon_pkg']
[0.305s] Level 1:colcon.colcon_core.package_identification:_identify(src/raceline/Raceline-Optimization/frictionmap) by extension 'colcon_pkg'
[0.305s] Level 1:colcon.colcon_core.package_identification:_identify(src/raceline/Raceline-Optimization/frictionmap) by extensions ['colcon_meta']
[0.305s] Level 1:colcon.colcon_core.package_identification:_identify(src/raceline/Raceline-Optimization/frictionmap) by extension 'colcon_meta'
[0.305s] Level 1:colcon.colcon_core.package_identification:_identify(src/raceline/Raceline-Optimization/frictionmap) by extensions ['ros']
[0.305s] Level 1:colcon.colcon_core.package_identification:_identify(src/raceline/Raceline-Optimization/frictionmap) by extension 'ros'
[0.305s] Level 1:colcon.colcon_core.package_identification:_identify(src/raceline/Raceline-Optimization/frictionmap) by extensions ['cmake', 'python']
[0.305s] Level 1:colcon.colcon_core.package_identification:_identify(src/raceline/Raceline-Optimization/frictionmap) by extension 'cmake'
[0.305s] Level 1:colcon.colcon_core.package_identification:_identify(src/raceline/Raceline-Optimization/frictionmap) by extension 'python'
[0.305s] Level 1:colcon.colcon_core.package_identification:_identify(src/raceline/Raceline-Optimization/frictionmap) by extensions ['python_setup_py']
[0.305s] Level 1:colcon.colcon_core.package_identification:_identify(src/raceline/Raceline-Optimization/frictionmap) by extension 'python_setup_py'
[0.306s] Level 1:colcon.colcon_core.package_identification:_identify(src/raceline/Raceline-Optimization/frictionmap/src) by extensions ['ignore', 'ignore_ament_install']
[0.306s] Level 1:colcon.colcon_core.package_identification:_identify(src/raceline/Raceline-Optimization/frictionmap/src) by extension 'ignore'
[0.306s] Level 1:colcon.colcon_core.package_identification:_identify(src/raceline/Raceline-Optimization/frictionmap/src) by extension 'ignore_ament_install'
[0.306s] Level 1:colcon.colcon_core.package_identification:_identify(src/raceline/Raceline-Optimization/frictionmap/src) by extensions ['colcon_pkg']
[0.306s] Level 1:colcon.colcon_core.package_identification:_identify(src/raceline/Raceline-Optimization/frictionmap/src) by extension 'colcon_pkg'
[0.306s] Level 1:colcon.colcon_core.package_identification:_identify(src/raceline/Raceline-Optimization/frictionmap/src) by extensions ['colcon_meta']
[0.306s] Level 1:colcon.colcon_core.package_identification:_identify(src/raceline/Raceline-Optimization/frictionmap/src) by extension 'colcon_meta'
[0.306s] Level 1:colcon.colcon_core.package_identification:_identify(src/raceline/Raceline-Optimization/frictionmap/src) by extensions ['ros']
[0.306s] Level 1:colcon.colcon_core.package_identification:_identify(src/raceline/Raceline-Optimization/frictionmap/src) by extension 'ros'
[0.306s] Level 1:colcon.colcon_core.package_identification:_identify(src/raceline/Raceline-Optimization/frictionmap/src) by extensions ['cmake', 'python']
[0.306s] Level 1:colcon.colcon_core.package_identification:_identify(src/raceline/Raceline-Optimization/frictionmap/src) by extension 'cmake'
[0.306s] Level 1:colcon.colcon_core.package_identification:_identify(src/raceline/Raceline-Optimization/frictionmap/src) by extension 'python'
[0.306s] Level 1:colcon.colcon_core.package_identification:_identify(src/raceline/Raceline-Optimization/frictionmap/src) by extensions ['python_setup_py']
[0.306s] Level 1:colcon.colcon_core.package_identification:_identify(src/raceline/Raceline-Optimization/frictionmap/src) by extension 'python_setup_py'
[0.306s] Level 1:colcon.colcon_core.package_identification:_identify(src/raceline/Raceline-Optimization/helper_funcs_glob) by extensions ['ignore', 'ignore_ament_install']
[0.306s] Level 1:colcon.colcon_core.package_identification:_identify(src/raceline/Raceline-Optimization/helper_funcs_glob) by extension 'ignore'
[0.306s] Level 1:colcon.colcon_core.package_identification:_identify(src/raceline/Raceline-Optimization/helper_funcs_glob) by extension 'ignore_ament_install'
[0.306s] Level 1:colcon.colcon_core.package_identification:_identify(src/raceline/Raceline-Optimization/helper_funcs_glob) by extensions ['colcon_pkg']
[0.306s] Level 1:colcon.colcon_core.package_identification:_identify(src/raceline/Raceline-Optimization/helper_funcs_glob) by extension 'colcon_pkg'
[0.306s] Level 1:colcon.colcon_core.package_identification:_identify(src/raceline/Raceline-Optimization/helper_funcs_glob) by extensions ['colcon_meta']
[0.306s] Level 1:colcon.colcon_core.package_identification:_identify(src/raceline/Raceline-Optimization/helper_funcs_glob) by extension 'colcon_meta'
[0.306s] Level 1:colcon.colcon_core.package_identification:_identify(src/raceline/Raceline-Optimization/helper_funcs_glob) by extensions ['ros']
[0.306s] Level 1:colcon.colcon_core.package_identification:_identify(src/raceline/Raceline-Optimization/helper_funcs_glob) by extension 'ros'
[0.307s] Level 1:colcon.colcon_core.package_identification:_identify(src/raceline/Raceline-Optimization/helper_funcs_glob) by extensions ['cmake', 'python']
[0.307s] Level 1:colcon.colcon_core.package_identification:_identify(src/raceline/Raceline-Optimization/helper_funcs_glob) by extension 'cmake'
[0.307s] Level 1:colcon.colcon_core.package_identification:_identify(src/raceline/Raceline-Optimization/helper_funcs_glob) by extension 'python'
[0.307s] Level 1:colcon.colcon_core.package_identification:_identify(src/raceline/Raceline-Optimization/helper_funcs_glob) by extensions ['python_setup_py']
[0.307s] Level 1:colcon.colcon_core.package_identification:_identify(src/raceline/Raceline-Optimization/helper_funcs_glob) by extension 'python_setup_py'
[0.307s] Level 1:colcon.colcon_core.package_identification:_identify(src/raceline/Raceline-Optimization/helper_funcs_glob/__pycache__) by extensions ['ignore', 'ignore_ament_install']
[0.307s] Level 1:colcon.colcon_core.package_identification:_identify(src/raceline/Raceline-Optimization/helper_funcs_glob/__pycache__) by extension 'ignore'
[0.307s] Level 1:colcon.colcon_core.package_identification:_identify(src/raceline/Raceline-Optimization/helper_funcs_glob/__pycache__) by extension 'ignore_ament_install'
[0.307s] Level 1:colcon.colcon_core.package_identification:_identify(src/raceline/Raceline-Optimization/helper_funcs_glob/__pycache__) by extensions ['colcon_pkg']
[0.307s] Level 1:colcon.colcon_core.package_identification:_identify(src/raceline/Raceline-Optimization/helper_funcs_glob/__pycache__) by extension 'colcon_pkg'
[0.307s] Level 1:colcon.colcon_core.package_identification:_identify(src/raceline/Raceline-Optimization/helper_funcs_glob/__pycache__) by extensions ['colcon_meta']
[0.307s] Level 1:colcon.colcon_core.package_identification:_identify(src/raceline/Raceline-Optimization/helper_funcs_glob/__pycache__) by extension 'colcon_meta'
[0.307s] Level 1:colcon.colcon_core.package_identification:_identify(src/raceline/Raceline-Optimization/helper_funcs_glob/__pycache__) by extensions ['ros']
[0.307s] Level 1:colcon.colcon_core.package_identification:_identify(src/raceline/Raceline-Optimization/helper_funcs_glob/__pycache__) by extension 'ros'
[0.307s] Level 1:colcon.colcon_core.package_identification:_identify(src/raceline/Raceline-Optimization/helper_funcs_glob/__pycache__) by extensions ['cmake', 'python']
[0.307s] Level 1:colcon.colcon_core.package_identification:_identify(src/raceline/Raceline-Optimization/helper_funcs_glob/__pycache__) by extension 'cmake'
[0.307s] Level 1:colcon.colcon_core.package_identification:_identify(src/raceline/Raceline-Optimization/helper_funcs_glob/__pycache__) by extension 'python'
[0.307s] Level 1:colcon.colcon_core.package_identification:_identify(src/raceline/Raceline-Optimization/helper_funcs_glob/__pycache__) by extensions ['python_setup_py']
[0.307s] Level 1:colcon.colcon_core.package_identification:_identify(src/raceline/Raceline-Optimization/helper_funcs_glob/__pycache__) by extension 'python_setup_py'
[0.307s] Level 1:colcon.colcon_core.package_identification:_identify(src/raceline/Raceline-Optimization/helper_funcs_glob/src) by extensions ['ignore', 'ignore_ament_install']
[0.307s] Level 1:colcon.colcon_core.package_identification:_identify(src/raceline/Raceline-Optimization/helper_funcs_glob/src) by extension 'ignore'
[0.307s] Level 1:colcon.colcon_core.package_identification:_identify(src/raceline/Raceline-Optimization/helper_funcs_glob/src) by extension 'ignore_ament_install'
[0.308s] Level 1:colcon.colcon_core.package_identification:_identify(src/raceline/Raceline-Optimization/helper_funcs_glob/src) by extensions ['colcon_pkg']
[0.308s] Level 1:colcon.colcon_core.package_identification:_identify(src/raceline/Raceline-Optimization/helper_funcs_glob/src) by extension 'colcon_pkg'
[0.308s] Level 1:colcon.colcon_core.package_identification:_identify(src/raceline/Raceline-Optimization/helper_funcs_glob/src) by extensions ['colcon_meta']
[0.308s] Level 1:colcon.colcon_core.package_identification:_identify(src/raceline/Raceline-Optimization/helper_funcs_glob/src) by extension 'colcon_meta'
[0.308s] Level 1:colcon.colcon_core.package_identification:_identify(src/raceline/Raceline-Optimization/helper_funcs_glob/src) by extensions ['ros']
[0.308s] Level 1:colcon.colcon_core.package_identification:_identify(src/raceline/Raceline-Optimization/helper_funcs_glob/src) by extension 'ros'
[0.308s] Level 1:colcon.colcon_core.package_identification:_identify(src/raceline/Raceline-Optimization/helper_funcs_glob/src) by extensions ['cmake', 'python']
[0.308s] Level 1:colcon.colcon_core.package_identification:_identify(src/raceline/Raceline-Optimization/helper_funcs_glob/src) by extension 'cmake'
[0.308s] Level 1:colcon.colcon_core.package_identification:_identify(src/raceline/Raceline-Optimization/helper_funcs_glob/src) by extension 'python'
[0.308s] Level 1:colcon.colcon_core.package_identification:_identify(src/raceline/Raceline-Optimization/helper_funcs_glob/src) by extensions ['python_setup_py']
[0.308s] Level 1:colcon.colcon_core.package_identification:_identify(src/raceline/Raceline-Optimization/helper_funcs_glob/src) by extension 'python_setup_py'
[0.308s] Level 1:colcon.colcon_core.package_identification:_identify(src/raceline/Raceline-Optimization/helper_funcs_glob/src/__pycache__) by extensions ['ignore', 'ignore_ament_install']
[0.308s] Level 1:colcon.colcon_core.package_identification:_identify(src/raceline/Raceline-Optimization/helper_funcs_glob/src/__pycache__) by extension 'ignore'
[0.308s] Level 1:colcon.colcon_core.package_identification:_identify(src/raceline/Raceline-Optimization/helper_funcs_glob/src/__pycache__) by extension 'ignore_ament_install'
[0.308s] Level 1:colcon.colcon_core.package_identification:_identify(src/raceline/Raceline-Optimization/helper_funcs_glob/src/__pycache__) by extensions ['colcon_pkg']
[0.308s] Level 1:colcon.colcon_core.package_identification:_identify(src/raceline/Raceline-Optimization/helper_funcs_glob/src/__pycache__) by extension 'colcon_pkg'
[0.308s] Level 1:colcon.colcon_core.package_identification:_identify(src/raceline/Raceline-Optimization/helper_funcs_glob/src/__pycache__) by extensions ['colcon_meta']
[0.308s] Level 1:colcon.colcon_core.package_identification:_identify(src/raceline/Raceline-Optimization/helper_funcs_glob/src/__pycache__) by extension 'colcon_meta'
[0.308s] Level 1:colcon.colcon_core.package_identification:_identify(src/raceline/Raceline-Optimization/helper_funcs_glob/src/__pycache__) by extensions ['ros']
[0.308s] Level 1:colcon.colcon_core.package_identification:_identify(src/raceline/Raceline-Optimization/helper_funcs_glob/src/__pycache__) by extension 'ros'
[0.308s] Level 1:colcon.colcon_core.package_identification:_identify(src/raceline/Raceline-Optimization/helper_funcs_glob/src/__pycache__) by extensions ['cmake', 'python']
[0.308s] Level 1:colcon.colcon_core.package_identification:_identify(src/raceline/Raceline-Optimization/helper_funcs_glob/src/__pycache__) by extension 'cmake'
[0.308s] Level 1:colcon.colcon_core.package_identification:_identify(src/raceline/Raceline-Optimization/helper_funcs_glob/src/__pycache__) by extension 'python'
[0.308s] Level 1:colcon.colcon_core.package_identification:_identify(src/raceline/Raceline-Optimization/helper_funcs_glob/src/__pycache__) by extensions ['python_setup_py']
[0.308s] Level 1:colcon.colcon_core.package_identification:_identify(src/raceline/Raceline-Optimization/helper_funcs_glob/src/__pycache__) by extension 'python_setup_py'
[0.309s] Level 1:colcon.colcon_core.package_identification:_identify(src/raceline/Raceline-Optimization/inputs) by extensions ['ignore', 'ignore_ament_install']
[0.309s] Level 1:colcon.colcon_core.package_identification:_identify(src/raceline/Raceline-Optimization/inputs) by extension 'ignore'
[0.309s] Level 1:colcon.colcon_core.package_identification:_identify(src/raceline/Raceline-Optimization/inputs) by extension 'ignore_ament_install'
[0.309s] Level 1:colcon.colcon_core.package_identification:_identify(src/raceline/Raceline-Optimization/inputs) by extensions ['colcon_pkg']
[0.309s] Level 1:colcon.colcon_core.package_identification:_identify(src/raceline/Raceline-Optimization/inputs) by extension 'colcon_pkg'
[0.309s] Level 1:colcon.colcon_core.package_identification:_identify(src/raceline/Raceline-Optimization/inputs) by extensions ['colcon_meta']
[0.309s] Level 1:colcon.colcon_core.package_identification:_identify(src/raceline/Raceline-Optimization/inputs) by extension 'colcon_meta'
[0.309s] Level 1:colcon.colcon_core.package_identification:_identify(src/raceline/Raceline-Optimization/inputs) by extensions ['ros']
[0.309s] Level 1:colcon.colcon_core.package_identification:_identify(src/raceline/Raceline-Optimization/inputs) by extension 'ros'
[0.309s] Level 1:colcon.colcon_core.package_identification:_identify(src/raceline/Raceline-Optimization/inputs) by extensions ['cmake', 'python']
[0.309s] Level 1:colcon.colcon_core.package_identification:_identify(src/raceline/Raceline-Optimization/inputs) by extension 'cmake'
[0.309s] Level 1:colcon.colcon_core.package_identification:_identify(src/raceline/Raceline-Optimization/inputs) by extension 'python'
[0.309s] Level 1:colcon.colcon_core.package_identification:_identify(src/raceline/Raceline-Optimization/inputs) by extensions ['python_setup_py']
[0.309s] Level 1:colcon.colcon_core.package_identification:_identify(src/raceline/Raceline-Optimization/inputs) by extension 'python_setup_py'
[0.309s] Level 1:colcon.colcon_core.package_identification:_identify(src/raceline/Raceline-Optimization/inputs/frictionmaps) by extensions ['ignore', 'ignore_ament_install']
[0.309s] Level 1:colcon.colcon_core.package_identification:_identify(src/raceline/Raceline-Optimization/inputs/frictionmaps) by extension 'ignore'
[0.309s] Level 1:colcon.colcon_core.package_identification:_identify(src/raceline/Raceline-Optimization/inputs/frictionmaps) by extension 'ignore_ament_install'
[0.309s] Level 1:colcon.colcon_core.package_identification:_identify(src/raceline/Raceline-Optimization/inputs/frictionmaps) by extensions ['colcon_pkg']
[0.309s] Level 1:colcon.colcon_core.package_identification:_identify(src/raceline/Raceline-Optimization/inputs/frictionmaps) by extension 'colcon_pkg'
[0.309s] Level 1:colcon.colcon_core.package_identification:_identify(src/raceline/Raceline-Optimization/inputs/frictionmaps) by extensions ['colcon_meta']
[0.309s] Level 1:colcon.colcon_core.package_identification:_identify(src/raceline/Raceline-Optimization/inputs/frictionmaps) by extension 'colcon_meta'
[0.309s] Level 1:colcon.colcon_core.package_identification:_identify(src/raceline/Raceline-Optimization/inputs/frictionmaps) by extensions ['ros']
[0.310s] Level 1:colcon.colcon_core.package_identification:_identify(src/raceline/Raceline-Optimization/inputs/frictionmaps) by extension 'ros'
[0.310s] Level 1:colcon.colcon_core.package_identification:_identify(src/raceline/Raceline-Optimization/inputs/frictionmaps) by extensions ['cmake', 'python']
[0.310s] Level 1:colcon.colcon_core.package_identification:_identify(src/raceline/Raceline-Optimization/inputs/frictionmaps) by extension 'cmake'
[0.310s] Level 1:colcon.colcon_core.package_identification:_identify(src/raceline/Raceline-Optimization/inputs/frictionmaps) by extension 'python'
[0.310s] Level 1:colcon.colcon_core.package_identification:_identify(src/raceline/Raceline-Optimization/inputs/frictionmaps) by extensions ['python_setup_py']
[0.310s] Level 1:colcon.colcon_core.package_identification:_identify(src/raceline/Raceline-Optimization/inputs/frictionmaps) by extension 'python_setup_py'
[0.310s] Level 1:colcon.colcon_core.package_identification:_identify(src/raceline/Raceline-Optimization/inputs/tracks) by extensions ['ignore', 'ignore_ament_install']
[0.310s] Level 1:colcon.colcon_core.package_identification:_identify(src/raceline/Raceline-Optimization/inputs/tracks) by extension 'ignore'
[0.310s] Level 1:colcon.colcon_core.package_identification:_identify(src/raceline/Raceline-Optimization/inputs/tracks) by extension 'ignore_ament_install'
[0.310s] Level 1:colcon.colcon_core.package_identification:_identify(src/raceline/Raceline-Optimization/inputs/tracks) by extensions ['colcon_pkg']
[0.310s] Level 1:colcon.colcon_core.package_identification:_identify(src/raceline/Raceline-Optimization/inputs/tracks) by extension 'colcon_pkg'
[0.310s] Level 1:colcon.colcon_core.package_identification:_identify(src/raceline/Raceline-Optimization/inputs/tracks) by extensions ['colcon_meta']
[0.310s] Level 1:colcon.colcon_core.package_identification:_identify(src/raceline/Raceline-Optimization/inputs/tracks) by extension 'colcon_meta'
[0.310s] Level 1:colcon.colcon_core.package_identification:_identify(src/raceline/Raceline-Optimization/inputs/tracks) by extensions ['ros']
[0.310s] Level 1:colcon.colcon_core.package_identification:_identify(src/raceline/Raceline-Optimization/inputs/tracks) by extension 'ros'
[0.310s] Level 1:colcon.colcon_core.package_identification:_identify(src/raceline/Raceline-Optimization/inputs/tracks) by extensions ['cmake', 'python']
[0.310s] Level 1:colcon.colcon_core.package_identification:_identify(src/raceline/Raceline-Optimization/inputs/tracks) by extension 'cmake'
[0.310s] Level 1:colcon.colcon_core.package_identification:_identify(src/raceline/Raceline-Optimization/inputs/tracks) by extension 'python'
[0.310s] Level 1:colcon.colcon_core.package_identification:_identify(src/raceline/Raceline-Optimization/inputs/tracks) by extensions ['python_setup_py']
[0.310s] Level 1:colcon.colcon_core.package_identification:_identify(src/raceline/Raceline-Optimization/inputs/tracks) by extension 'python_setup_py'
[0.310s] Level 1:colcon.colcon_core.package_identification:_identify(src/raceline/Raceline-Optimization/inputs/veh_dyn_info) by extensions ['ignore', 'ignore_ament_install']
[0.310s] Level 1:colcon.colcon_core.package_identification:_identify(src/raceline/Raceline-Optimization/inputs/veh_dyn_info) by extension 'ignore'
[0.311s] Level 1:colcon.colcon_core.package_identification:_identify(src/raceline/Raceline-Optimization/inputs/veh_dyn_info) by extension 'ignore_ament_install'
[0.311s] Level 1:colcon.colcon_core.package_identification:_identify(src/raceline/Raceline-Optimization/inputs/veh_dyn_info) by extensions ['colcon_pkg']
[0.311s] Level 1:colcon.colcon_core.package_identification:_identify(src/raceline/Raceline-Optimization/inputs/veh_dyn_info) by extension 'colcon_pkg'
[0.311s] Level 1:colcon.colcon_core.package_identification:_identify(src/raceline/Raceline-Optimization/inputs/veh_dyn_info) by extensions ['colcon_meta']
[0.311s] Level 1:colcon.colcon_core.package_identification:_identify(src/raceline/Raceline-Optimization/inputs/veh_dyn_info) by extension 'colcon_meta'
[0.311s] Level 1:colcon.colcon_core.package_identification:_identify(src/raceline/Raceline-Optimization/inputs/veh_dyn_info) by extensions ['ros']
[0.311s] Level 1:colcon.colcon_core.package_identification:_identify(src/raceline/Raceline-Optimization/inputs/veh_dyn_info) by extension 'ros'
[0.311s] Level 1:colcon.colcon_core.package_identification:_identify(src/raceline/Raceline-Optimization/inputs/veh_dyn_info) by extensions ['cmake', 'python']
[0.311s] Level 1:colcon.colcon_core.package_identification:_identify(src/raceline/Raceline-Optimization/inputs/veh_dyn_info) by extension 'cmake'
[0.311s] Level 1:colcon.colcon_core.package_identification:_identify(src/raceline/Raceline-Optimization/inputs/veh_dyn_info) by extension 'python'
[0.311s] Level 1:colcon.colcon_core.package_identification:_identify(src/raceline/Raceline-Optimization/inputs/veh_dyn_info) by extensions ['python_setup_py']
[0.311s] Level 1:colcon.colcon_core.package_identification:_identify(src/raceline/Raceline-Optimization/inputs/veh_dyn_info) by extension 'python_setup_py'
[0.311s] Level 1:colcon.colcon_core.package_identification:_identify(src/raceline/Raceline-Optimization/maps) by extensions ['ignore', 'ignore_ament_install']
[0.311s] Level 1:colcon.colcon_core.package_identification:_identify(src/raceline/Raceline-Optimization/maps) by extension 'ignore'
[0.311s] Level 1:colcon.colcon_core.package_identification:_identify(src/raceline/Raceline-Optimization/maps) by extension 'ignore_ament_install'
[0.311s] Level 1:colcon.colcon_core.package_identification:_identify(src/raceline/Raceline-Optimization/maps) by extensions ['colcon_pkg']
[0.311s] Level 1:colcon.colcon_core.package_identification:_identify(src/raceline/Raceline-Optimization/maps) by extension 'colcon_pkg'
[0.311s] Level 1:colcon.colcon_core.package_identification:_identify(src/raceline/Raceline-Optimization/maps) by extensions ['colcon_meta']
[0.311s] Level 1:colcon.colcon_core.package_identification:_identify(src/raceline/Raceline-Optimization/maps) by extension 'colcon_meta'
[0.311s] Level 1:colcon.colcon_core.package_identification:_identify(src/raceline/Raceline-Optimization/maps) by extensions ['ros']
[0.311s] Level 1:colcon.colcon_core.package_identification:_identify(src/raceline/Raceline-Optimization/maps) by extension 'ros'
[0.311s] Level 1:colcon.colcon_core.package_identification:_identify(src/raceline/Raceline-Optimization/maps) by extensions ['cmake', 'python']
[0.311s] Level 1:colcon.colcon_core.package_identification:_identify(src/raceline/Raceline-Optimization/maps) by extension 'cmake'
[0.311s] Level 1:colcon.colcon_core.package_identification:_identify(src/raceline/Raceline-Optimization/maps) by extension 'python'
[0.311s] Level 1:colcon.colcon_core.package_identification:_identify(src/raceline/Raceline-Optimization/maps) by extensions ['python_setup_py']
[0.312s] Level 1:colcon.colcon_core.package_identification:_identify(src/raceline/Raceline-Optimization/maps) by extension 'python_setup_py'
[0.312s] Level 1:colcon.colcon_core.package_identification:_identify(src/raceline/Raceline-Optimization/opt_mintime_traj) by extensions ['ignore', 'ignore_ament_install']
[0.312s] Level 1:colcon.colcon_core.package_identification:_identify(src/raceline/Raceline-Optimization/opt_mintime_traj) by extension 'ignore'
[0.312s] Level 1:colcon.colcon_core.package_identification:_identify(src/raceline/Raceline-Optimization/opt_mintime_traj) by extension 'ignore_ament_install'
[0.312s] Level 1:colcon.colcon_core.package_identification:_identify(src/raceline/Raceline-Optimization/opt_mintime_traj) by extensions ['colcon_pkg']
[0.312s] Level 1:colcon.colcon_core.package_identification:_identify(src/raceline/Raceline-Optimization/opt_mintime_traj) by extension 'colcon_pkg'
[0.312s] Level 1:colcon.colcon_core.package_identification:_identify(src/raceline/Raceline-Optimization/opt_mintime_traj) by extensions ['colcon_meta']
[0.312s] Level 1:colcon.colcon_core.package_identification:_identify(src/raceline/Raceline-Optimization/opt_mintime_traj) by extension 'colcon_meta'
[0.312s] Level 1:colcon.colcon_core.package_identification:_identify(src/raceline/Raceline-Optimization/opt_mintime_traj) by extensions ['ros']
[0.312s] Level 1:colcon.colcon_core.package_identification:_identify(src/raceline/Raceline-Optimization/opt_mintime_traj) by extension 'ros'
[0.312s] Level 1:colcon.colcon_core.package_identification:_identify(src/raceline/Raceline-Optimization/opt_mintime_traj) by extensions ['cmake', 'python']
[0.312s] Level 1:colcon.colcon_core.package_identification:_identify(src/raceline/Raceline-Optimization/opt_mintime_traj) by extension 'cmake'
[0.312s] Level 1:colcon.colcon_core.package_identification:_identify(src/raceline/Raceline-Optimization/opt_mintime_traj) by extension 'python'
[0.312s] Level 1:colcon.colcon_core.package_identification:_identify(src/raceline/Raceline-Optimization/opt_mintime_traj) by extensions ['python_setup_py']
[0.312s] Level 1:colcon.colcon_core.package_identification:_identify(src/raceline/Raceline-Optimization/opt_mintime_traj) by extension 'python_setup_py'
[0.312s] Level 1:colcon.colcon_core.package_identification:_identify(src/raceline/Raceline-Optimization/opt_mintime_traj/__pycache__) by extensions ['ignore', 'ignore_ament_install']
[0.312s] Level 1:colcon.colcon_core.package_identification:_identify(src/raceline/Raceline-Optimization/opt_mintime_traj/__pycache__) by extension 'ignore'
[0.312s] Level 1:colcon.colcon_core.package_identification:_identify(src/raceline/Raceline-Optimization/opt_mintime_traj/__pycache__) by extension 'ignore_ament_install'
[0.312s] Level 1:colcon.colcon_core.package_identification:_identify(src/raceline/Raceline-Optimization/opt_mintime_traj/__pycache__) by extensions ['colcon_pkg']
[0.312s] Level 1:colcon.colcon_core.package_identification:_identify(src/raceline/Raceline-Optimization/opt_mintime_traj/__pycache__) by extension 'colcon_pkg'
[0.312s] Level 1:colcon.colcon_core.package_identification:_identify(src/raceline/Raceline-Optimization/opt_mintime_traj/__pycache__) by extensions ['colcon_meta']
[0.312s] Level 1:colcon.colcon_core.package_identification:_identify(src/raceline/Raceline-Optimization/opt_mintime_traj/__pycache__) by extension 'colcon_meta'
[0.313s] Level 1:colcon.colcon_core.package_identification:_identify(src/raceline/Raceline-Optimization/opt_mintime_traj/__pycache__) by extensions ['ros']
[0.313s] Level 1:colcon.colcon_core.package_identification:_identify(src/raceline/Raceline-Optimization/opt_mintime_traj/__pycache__) by extension 'ros'
[0.313s] Level 1:colcon.colcon_core.package_identification:_identify(src/raceline/Raceline-Optimization/opt_mintime_traj/__pycache__) by extensions ['cmake', 'python']
[0.313s] Level 1:colcon.colcon_core.package_identification:_identify(src/raceline/Raceline-Optimization/opt_mintime_traj/__pycache__) by extension 'cmake'
[0.313s] Level 1:colcon.colcon_core.package_identification:_identify(src/raceline/Raceline-Optimization/opt_mintime_traj/__pycache__) by extension 'python'
[0.313s] Level 1:colcon.colcon_core.package_identification:_identify(src/raceline/Raceline-Optimization/opt_mintime_traj/__pycache__) by extensions ['python_setup_py']
[0.313s] Level 1:colcon.colcon_core.package_identification:_identify(src/raceline/Raceline-Optimization/opt_mintime_traj/__pycache__) by extension 'python_setup_py'
[0.313s] Level 1:colcon.colcon_core.package_identification:_identify(src/raceline/Raceline-Optimization/opt_mintime_traj/powertrain_src) by extensions ['ignore', 'ignore_ament_install']
[0.313s] Level 1:colcon.colcon_core.package_identification:_identify(src/raceline/Raceline-Optimization/opt_mintime_traj/powertrain_src) by extension 'ignore'
[0.313s] Level 1:colcon.colcon_core.package_identification:_identify(src/raceline/Raceline-Optimization/opt_mintime_traj/powertrain_src) by extension 'ignore_ament_install'
[0.313s] Level 1:colcon.colcon_core.package_identification:_identify(src/raceline/Raceline-Optimization/opt_mintime_traj/powertrain_src) by extensions ['colcon_pkg']
[0.313s] Level 1:colcon.colcon_core.package_identification:_identify(src/raceline/Raceline-Optimization/opt_mintime_traj/powertrain_src) by extension 'colcon_pkg'
[0.313s] Level 1:colcon.colcon_core.package_identification:_identify(src/raceline/Raceline-Optimization/opt_mintime_traj/powertrain_src) by extensions ['colcon_meta']
[0.313s] Level 1:colcon.colcon_core.package_identification:_identify(src/raceline/Raceline-Optimization/opt_mintime_traj/powertrain_src) by extension 'colcon_meta'
[0.313s] Level 1:colcon.colcon_core.package_identification:_identify(src/raceline/Raceline-Optimization/opt_mintime_traj/powertrain_src) by extensions ['ros']
[0.313s] Level 1:colcon.colcon_core.package_identification:_identify(src/raceline/Raceline-Optimization/opt_mintime_traj/powertrain_src) by extension 'ros'
[0.313s] Level 1:colcon.colcon_core.package_identification:_identify(src/raceline/Raceline-Optimization/opt_mintime_traj/powertrain_src) by extensions ['cmake', 'python']
[0.313s] Level 1:colcon.colcon_core.package_identification:_identify(src/raceline/Raceline-Optimization/opt_mintime_traj/powertrain_src) by extension 'cmake'
[0.313s] Level 1:colcon.colcon_core.package_identification:_identify(src/raceline/Raceline-Optimization/opt_mintime_traj/powertrain_src) by extension 'python'
[0.313s] Level 1:colcon.colcon_core.package_identification:_identify(src/raceline/Raceline-Optimization/opt_mintime_traj/powertrain_src) by extensions ['python_setup_py']
[0.313s] Level 1:colcon.colcon_core.package_identification:_identify(src/raceline/Raceline-Optimization/opt_mintime_traj/powertrain_src) by extension 'python_setup_py'
[0.313s] Level 1:colcon.colcon_core.package_identification:_identify(src/raceline/Raceline-Optimization/opt_mintime_traj/powertrain_src/__pycache__) by extensions ['ignore', 'ignore_ament_install']
[0.314s] Level 1:colcon.colcon_core.package_identification:_identify(src/raceline/Raceline-Optimization/opt_mintime_traj/powertrain_src/__pycache__) by extension 'ignore'
[0.314s] Level 1:colcon.colcon_core.package_identification:_identify(src/raceline/Raceline-Optimization/opt_mintime_traj/powertrain_src/__pycache__) by extension 'ignore_ament_install'
[0.314s] Level 1:colcon.colcon_core.package_identification:_identify(src/raceline/Raceline-Optimization/opt_mintime_traj/powertrain_src/__pycache__) by extensions ['colcon_pkg']
[0.314s] Level 1:colcon.colcon_core.package_identification:_identify(src/raceline/Raceline-Optimization/opt_mintime_traj/powertrain_src/__pycache__) by extension 'colcon_pkg'
[0.314s] Level 1:colcon.colcon_core.package_identification:_identify(src/raceline/Raceline-Optimization/opt_mintime_traj/powertrain_src/__pycache__) by extensions ['colcon_meta']
[0.314s] Level 1:colcon.colcon_core.package_identification:_identify(src/raceline/Raceline-Optimization/opt_mintime_traj/powertrain_src/__pycache__) by extension 'colcon_meta'
[0.314s] Level 1:colcon.colcon_core.package_identification:_identify(src/raceline/Raceline-Optimization/opt_mintime_traj/powertrain_src/__pycache__) by extensions ['ros']
[0.314s] Level 1:colcon.colcon_core.package_identification:_identify(src/raceline/Raceline-Optimization/opt_mintime_traj/powertrain_src/__pycache__) by extension 'ros'
[0.314s] Level 1:colcon.colcon_core.package_identification:_identify(src/raceline/Raceline-Optimization/opt_mintime_traj/powertrain_src/__pycache__) by extensions ['cmake', 'python']
[0.314s] Level 1:colcon.colcon_core.package_identification:_identify(src/raceline/Raceline-Optimization/opt_mintime_traj/powertrain_src/__pycache__) by extension 'cmake'
[0.314s] Level 1:colcon.colcon_core.package_identification:_identify(src/raceline/Raceline-Optimization/opt_mintime_traj/powertrain_src/__pycache__) by extension 'python'
[0.314s] Level 1:colcon.colcon_core.package_identification:_identify(src/raceline/Raceline-Optimization/opt_mintime_traj/powertrain_src/__pycache__) by extensions ['python_setup_py']
[0.314s] Level 1:colcon.colcon_core.package_identification:_identify(src/raceline/Raceline-Optimization/opt_mintime_traj/powertrain_src/__pycache__) by extension 'python_setup_py'
[0.314s] Level 1:colcon.colcon_core.package_identification:_identify(src/raceline/Raceline-Optimization/opt_mintime_traj/powertrain_src/src) by extensions ['ignore', 'ignore_ament_install']
[0.314s] Level 1:colcon.colcon_core.package_identification:_identify(src/raceline/Raceline-Optimization/opt_mintime_traj/powertrain_src/src) by extension 'ignore'
[0.314s] Level 1:colcon.colcon_core.package_identification:_identify(src/raceline/Raceline-Optimization/opt_mintime_traj/powertrain_src/src) by extension 'ignore_ament_install'
[0.314s] Level 1:colcon.colcon_core.package_identification:_identify(src/raceline/Raceline-Optimization/opt_mintime_traj/powertrain_src/src) by extensions ['colcon_pkg']
[0.314s] Level 1:colcon.colcon_core.package_identification:_identify(src/raceline/Raceline-Optimization/opt_mintime_traj/powertrain_src/src) by extension 'colcon_pkg'
[0.314s] Level 1:colcon.colcon_core.package_identification:_identify(src/raceline/Raceline-Optimization/opt_mintime_traj/powertrain_src/src) by extensions ['colcon_meta']
[0.314s] Level 1:colcon.colcon_core.package_identification:_identify(src/raceline/Raceline-Optimization/opt_mintime_traj/powertrain_src/src) by extension 'colcon_meta'
[0.314s] Level 1:colcon.colcon_core.package_identification:_identify(src/raceline/Raceline-Optimization/opt_mintime_traj/powertrain_src/src) by extensions ['ros']
[0.314s] Level 1:colcon.colcon_core.package_identification:_identify(src/raceline/Raceline-Optimization/opt_mintime_traj/powertrain_src/src) by extension 'ros'
[0.315s] Level 1:colcon.colcon_core.package_identification:_identify(src/raceline/Raceline-Optimization/opt_mintime_traj/powertrain_src/src) by extensions ['cmake', 'python']
[0.315s] Level 1:colcon.colcon_core.package_identification:_identify(src/raceline/Raceline-Optimization/opt_mintime_traj/powertrain_src/src) by extension 'cmake'
[0.315s] Level 1:colcon.colcon_core.package_identification:_identify(src/raceline/Raceline-Optimization/opt_mintime_traj/powertrain_src/src) by extension 'python'
[0.315s] Level 1:colcon.colcon_core.package_identification:_identify(src/raceline/Raceline-Optimization/opt_mintime_traj/powertrain_src/src) by extensions ['python_setup_py']
[0.315s] Level 1:colcon.colcon_core.package_identification:_identify(src/raceline/Raceline-Optimization/opt_mintime_traj/powertrain_src/src) by extension 'python_setup_py'
[0.315s] Level 1:colcon.colcon_core.package_identification:_identify(src/raceline/Raceline-Optimization/opt_mintime_traj/powertrain_src/src/__pycache__) by extensions ['ignore', 'ignore_ament_install']
[0.315s] Level 1:colcon.colcon_core.package_identification:_identify(src/raceline/Raceline-Optimization/opt_mintime_traj/powertrain_src/src/__pycache__) by extension 'ignore'
[0.315s] Level 1:colcon.colcon_core.package_identification:_identify(src/raceline/Raceline-Optimization/opt_mintime_traj/powertrain_src/src/__pycache__) by extension 'ignore_ament_install'
[0.315s] Level 1:colcon.colcon_core.package_identification:_identify(src/raceline/Raceline-Optimization/opt_mintime_traj/powertrain_src/src/__pycache__) by extensions ['colcon_pkg']
[0.315s] Level 1:colcon.colcon_core.package_identification:_identify(src/raceline/Raceline-Optimization/opt_mintime_traj/powertrain_src/src/__pycache__) by extension 'colcon_pkg'
[0.315s] Level 1:colcon.colcon_core.package_identification:_identify(src/raceline/Raceline-Optimization/opt_mintime_traj/powertrain_src/src/__pycache__) by extensions ['colcon_meta']
[0.315s] Level 1:colcon.colcon_core.package_identification:_identify(src/raceline/Raceline-Optimization/opt_mintime_traj/powertrain_src/src/__pycache__) by extension 'colcon_meta'
[0.315s] Level 1:colcon.colcon_core.package_identification:_identify(src/raceline/Raceline-Optimization/opt_mintime_traj/powertrain_src/src/__pycache__) by extensions ['ros']
[0.315s] Level 1:colcon.colcon_core.package_identification:_identify(src/raceline/Raceline-Optimization/opt_mintime_traj/powertrain_src/src/__pycache__) by extension 'ros'
[0.315s] Level 1:colcon.colcon_core.package_identification:_identify(src/raceline/Raceline-Optimization/opt_mintime_traj/powertrain_src/src/__pycache__) by extensions ['cmake', 'python']
[0.315s] Level 1:colcon.colcon_core.package_identification:_identify(src/raceline/Raceline-Optimization/opt_mintime_traj/powertrain_src/src/__pycache__) by extension 'cmake'
[0.315s] Level 1:colcon.colcon_core.package_identification:_identify(src/raceline/Raceline-Optimization/opt_mintime_traj/powertrain_src/src/__pycache__) by extension 'python'
[0.315s] Level 1:colcon.colcon_core.package_identification:_identify(src/raceline/Raceline-Optimization/opt_mintime_traj/powertrain_src/src/__pycache__) by extensions ['python_setup_py']
[0.315s] Level 1:colcon.colcon_core.package_identification:_identify(src/raceline/Raceline-Optimization/opt_mintime_traj/powertrain_src/src/__pycache__) by extension 'python_setup_py'
[0.315s] Level 1:colcon.colcon_core.package_identification:_identify(src/raceline/Raceline-Optimization/opt_mintime_traj/src) by extensions ['ignore', 'ignore_ament_install']
[0.315s] Level 1:colcon.colcon_core.package_identification:_identify(src/raceline/Raceline-Optimization/opt_mintime_traj/src) by extension 'ignore'
[0.315s] Level 1:colcon.colcon_core.package_identification:_identify(src/raceline/Raceline-Optimization/opt_mintime_traj/src) by extension 'ignore_ament_install'
[0.316s] Level 1:colcon.colcon_core.package_identification:_identify(src/raceline/Raceline-Optimization/opt_mintime_traj/src) by extensions ['colcon_pkg']
[0.316s] Level 1:colcon.colcon_core.package_identification:_identify(src/raceline/Raceline-Optimization/opt_mintime_traj/src) by extension 'colcon_pkg'
[0.316s] Level 1:colcon.colcon_core.package_identification:_identify(src/raceline/Raceline-Optimization/opt_mintime_traj/src) by extensions ['colcon_meta']
[0.316s] Level 1:colcon.colcon_core.package_identification:_identify(src/raceline/Raceline-Optimization/opt_mintime_traj/src) by extension 'colcon_meta'
[0.316s] Level 1:colcon.colcon_core.package_identification:_identify(src/raceline/Raceline-Optimization/opt_mintime_traj/src) by extensions ['ros']
[0.316s] Level 1:colcon.colcon_core.package_identification:_identify(src/raceline/Raceline-Optimization/opt_mintime_traj/src) by extension 'ros'
[0.316s] Level 1:colcon.colcon_core.package_identification:_identify(src/raceline/Raceline-Optimization/opt_mintime_traj/src) by extensions ['cmake', 'python']
[0.316s] Level 1:colcon.colcon_core.package_identification:_identify(src/raceline/Raceline-Optimization/opt_mintime_traj/src) by extension 'cmake'
[0.316s] Level 1:colcon.colcon_core.package_identification:_identify(src/raceline/Raceline-Optimization/opt_mintime_traj/src) by extension 'python'
[0.316s] Level 1:colcon.colcon_core.package_identification:_identify(src/raceline/Raceline-Optimization/opt_mintime_traj/src) by extensions ['python_setup_py']
[0.316s] Level 1:colcon.colcon_core.package_identification:_identify(src/raceline/Raceline-Optimization/opt_mintime_traj/src) by extension 'python_setup_py'
[0.316s] Level 1:colcon.colcon_core.package_identification:_identify(src/raceline/Raceline-Optimization/opt_mintime_traj/src/__pycache__) by extensions ['ignore', 'ignore_ament_install']
[0.316s] Level 1:colcon.colcon_core.package_identification:_identify(src/raceline/Raceline-Optimization/opt_mintime_traj/src/__pycache__) by extension 'ignore'
[0.316s] Level 1:colcon.colcon_core.package_identification:_identify(src/raceline/Raceline-Optimization/opt_mintime_traj/src/__pycache__) by extension 'ignore_ament_install'
[0.316s] Level 1:colcon.colcon_core.package_identification:_identify(src/raceline/Raceline-Optimization/opt_mintime_traj/src/__pycache__) by extensions ['colcon_pkg']
[0.316s] Level 1:colcon.colcon_core.package_identification:_identify(src/raceline/Raceline-Optimization/opt_mintime_traj/src/__pycache__) by extension 'colcon_pkg'
[0.316s] Level 1:colcon.colcon_core.package_identification:_identify(src/raceline/Raceline-Optimization/opt_mintime_traj/src/__pycache__) by extensions ['colcon_meta']
[0.316s] Level 1:colcon.colcon_core.package_identification:_identify(src/raceline/Raceline-Optimization/opt_mintime_traj/src/__pycache__) by extension 'colcon_meta'
[0.316s] Level 1:colcon.colcon_core.package_identification:_identify(src/raceline/Raceline-Optimization/opt_mintime_traj/src/__pycache__) by extensions ['ros']
[0.316s] Level 1:colcon.colcon_core.package_identification:_identify(src/raceline/Raceline-Optimization/opt_mintime_traj/src/__pycache__) by extension 'ros'
[0.316s] Level 1:colcon.colcon_core.package_identification:_identify(src/raceline/Raceline-Optimization/opt_mintime_traj/src/__pycache__) by extensions ['cmake', 'python']
[0.316s] Level 1:colcon.colcon_core.package_identification:_identify(src/raceline/Raceline-Optimization/opt_mintime_traj/src/__pycache__) by extension 'cmake'
[0.316s] Level 1:colcon.colcon_core.package_identification:_identify(src/raceline/Raceline-Optimization/opt_mintime_traj/src/__pycache__) by extension 'python'
[0.317s] Level 1:colcon.colcon_core.package_identification:_identify(src/raceline/Raceline-Optimization/opt_mintime_traj/src/__pycache__) by extensions ['python_setup_py']
[0.317s] Level 1:colcon.colcon_core.package_identification:_identify(src/raceline/Raceline-Optimization/opt_mintime_traj/src/__pycache__) by extension 'python_setup_py'
[0.317s] Level 1:colcon.colcon_core.package_identification:_identify(src/raceline/Raceline-Optimization/outputs) by extensions ['ignore', 'ignore_ament_install']
[0.317s] Level 1:colcon.colcon_core.package_identification:_identify(src/raceline/Raceline-Optimization/outputs) by extension 'ignore'
[0.317s] Level 1:colcon.colcon_core.package_identification:_identify(src/raceline/Raceline-Optimization/outputs) by extension 'ignore_ament_install'
[0.317s] Level 1:colcon.colcon_core.package_identification:_identify(src/raceline/Raceline-Optimization/outputs) by extensions ['colcon_pkg']
[0.317s] Level 1:colcon.colcon_core.package_identification:_identify(src/raceline/Raceline-Optimization/outputs) by extension 'colcon_pkg'
[0.317s] Level 1:colcon.colcon_core.package_identification:_identify(src/raceline/Raceline-Optimization/outputs) by extensions ['colcon_meta']
[0.317s] Level 1:colcon.colcon_core.package_identification:_identify(src/raceline/Raceline-Optimization/outputs) by extension 'colcon_meta'
[0.317s] Level 1:colcon.colcon_core.package_identification:_identify(src/raceline/Raceline-Optimization/outputs) by extensions ['ros']
[0.317s] Level 1:colcon.colcon_core.package_identification:_identify(src/raceline/Raceline-Optimization/outputs) by extension 'ros'
[0.317s] Level 1:colcon.colcon_core.package_identification:_identify(src/raceline/Raceline-Optimization/outputs) by extensions ['cmake', 'python']
[0.317s] Level 1:colcon.colcon_core.package_identification:_identify(src/raceline/Raceline-Optimization/outputs) by extension 'cmake'
[0.317s] Level 1:colcon.colcon_core.package_identification:_identify(src/raceline/Raceline-Optimization/outputs) by extension 'python'
[0.317s] Level 1:colcon.colcon_core.package_identification:_identify(src/raceline/Raceline-Optimization/outputs) by extensions ['python_setup_py']
[0.317s] Level 1:colcon.colcon_core.package_identification:_identify(src/raceline/Raceline-Optimization/outputs) by extension 'python_setup_py'
[0.317s] Level 1:colcon.colcon_core.package_identification:_identify(src/raceline/Raceline-Optimization/outputs/first_map) by extensions ['ignore', 'ignore_ament_install']
[0.317s] Level 1:colcon.colcon_core.package_identification:_identify(src/raceline/Raceline-Optimization/outputs/first_map) by extension 'ignore'
[0.317s] Level 1:colcon.colcon_core.package_identification:_identify(src/raceline/Raceline-Optimization/outputs/first_map) by extension 'ignore_ament_install'
[0.317s] Level 1:colcon.colcon_core.package_identification:_identify(src/raceline/Raceline-Optimization/outputs/first_map) by extensions ['colcon_pkg']
[0.317s] Level 1:colcon.colcon_core.package_identification:_identify(src/raceline/Raceline-Optimization/outputs/first_map) by extension 'colcon_pkg'
[0.317s] Level 1:colcon.colcon_core.package_identification:_identify(src/raceline/Raceline-Optimization/outputs/first_map) by extensions ['colcon_meta']
[0.317s] Level 1:colcon.colcon_core.package_identification:_identify(src/raceline/Raceline-Optimization/outputs/first_map) by extension 'colcon_meta'
[0.318s] Level 1:colcon.colcon_core.package_identification:_identify(src/raceline/Raceline-Optimization/outputs/first_map) by extensions ['ros']
[0.318s] Level 1:colcon.colcon_core.package_identification:_identify(src/raceline/Raceline-Optimization/outputs/first_map) by extension 'ros'
[0.318s] Level 1:colcon.colcon_core.package_identification:_identify(src/raceline/Raceline-Optimization/outputs/first_map) by extensions ['cmake', 'python']
[0.318s] Level 1:colcon.colcon_core.package_identification:_identify(src/raceline/Raceline-Optimization/outputs/first_map) by extension 'cmake'
[0.318s] Level 1:colcon.colcon_core.package_identification:_identify(src/raceline/Raceline-Optimization/outputs/first_map) by extension 'python'
[0.318s] Level 1:colcon.colcon_core.package_identification:_identify(src/raceline/Raceline-Optimization/outputs/first_map) by extensions ['python_setup_py']
[0.318s] Level 1:colcon.colcon_core.package_identification:_identify(src/raceline/Raceline-Optimization/outputs/first_map) by extension 'python_setup_py'
[0.318s] Level 1:colcon.colcon_core.package_identification:_identify(src/raceline/Raceline-Optimization/outputs/first_map/mintime-2024-09-21 17:18:27.077844) by extensions ['ignore', 'ignore_ament_install']
[0.318s] Level 1:colcon.colcon_core.package_identification:_identify(src/raceline/Raceline-Optimization/outputs/first_map/mintime-2024-09-21 17:18:27.077844) by extension 'ignore'
[0.318s] Level 1:colcon.colcon_core.package_identification:_identify(src/raceline/Raceline-Optimization/outputs/first_map/mintime-2024-09-21 17:18:27.077844) by extension 'ignore_ament_install'
[0.318s] Level 1:colcon.colcon_core.package_identification:_identify(src/raceline/Raceline-Optimization/outputs/first_map/mintime-2024-09-21 17:18:27.077844) by extensions ['colcon_pkg']
[0.318s] Level 1:colcon.colcon_core.package_identification:_identify(src/raceline/Raceline-Optimization/outputs/first_map/mintime-2024-09-21 17:18:27.077844) by extension 'colcon_pkg'
[0.318s] Level 1:colcon.colcon_core.package_identification:_identify(src/raceline/Raceline-Optimization/outputs/first_map/mintime-2024-09-21 17:18:27.077844) by extensions ['colcon_meta']
[0.318s] Level 1:colcon.colcon_core.package_identification:_identify(src/raceline/Raceline-Optimization/outputs/first_map/mintime-2024-09-21 17:18:27.077844) by extension 'colcon_meta'
[0.318s] Level 1:colcon.colcon_core.package_identification:_identify(src/raceline/Raceline-Optimization/outputs/first_map/mintime-2024-09-21 17:18:27.077844) by extensions ['ros']
[0.318s] Level 1:colcon.colcon_core.package_identification:_identify(src/raceline/Raceline-Optimization/outputs/first_map/mintime-2024-09-21 17:18:27.077844) by extension 'ros'
[0.318s] Level 1:colcon.colcon_core.package_identification:_identify(src/raceline/Raceline-Optimization/outputs/first_map/mintime-2024-09-21 17:18:27.077844) by extensions ['cmake', 'python']
[0.318s] Level 1:colcon.colcon_core.package_identification:_identify(src/raceline/Raceline-Optimization/outputs/first_map/mintime-2024-09-21 17:18:27.077844) by extension 'cmake'
[0.318s] Level 1:colcon.colcon_core.package_identification:_identify(src/raceline/Raceline-Optimization/outputs/first_map/mintime-2024-09-21 17:18:27.077844) by extension 'python'
[0.318s] Level 1:colcon.colcon_core.package_identification:_identify(src/raceline/Raceline-Optimization/outputs/first_map/mintime-2024-09-21 17:18:27.077844) by extensions ['python_setup_py']
[0.318s] Level 1:colcon.colcon_core.package_identification:_identify(src/raceline/Raceline-Optimization/outputs/first_map/mintime-2024-09-21 17:18:27.077844) by extension 'python_setup_py'
[0.318s] Level 1:colcon.colcon_core.package_identification:_identify(src/raceline/Raceline-Optimization/params) by extensions ['ignore', 'ignore_ament_install']
[0.319s] Level 1:colcon.colcon_core.package_identification:_identify(src/raceline/Raceline-Optimization/params) by extension 'ignore'
[0.319s] Level 1:colcon.colcon_core.package_identification:_identify(src/raceline/Raceline-Optimization/params) by extension 'ignore_ament_install'
[0.319s] Level 1:colcon.colcon_core.package_identification:_identify(src/raceline/Raceline-Optimization/params) by extensions ['colcon_pkg']
[0.319s] Level 1:colcon.colcon_core.package_identification:_identify(src/raceline/Raceline-Optimization/params) by extension 'colcon_pkg'
[0.319s] Level 1:colcon.colcon_core.package_identification:_identify(src/raceline/Raceline-Optimization/params) by extensions ['colcon_meta']
[0.319s] Level 1:colcon.colcon_core.package_identification:_identify(src/raceline/Raceline-Optimization/params) by extension 'colcon_meta'
[0.319s] Level 1:colcon.colcon_core.package_identification:_identify(src/raceline/Raceline-Optimization/params) by extensions ['ros']
[0.319s] Level 1:colcon.colcon_core.package_identification:_identify(src/raceline/Raceline-Optimization/params) by extension 'ros'
[0.319s] Level 1:colcon.colcon_core.package_identification:_identify(src/raceline/Raceline-Optimization/params) by extensions ['cmake', 'python']
[0.319s] Level 1:colcon.colcon_core.package_identification:_identify(src/raceline/Raceline-Optimization/params) by extension 'cmake'
[0.319s] Level 1:colcon.colcon_core.package_identification:_identify(src/raceline/Raceline-Optimization/params) by extension 'python'
[0.319s] Level 1:colcon.colcon_core.package_identification:_identify(src/raceline/Raceline-Optimization/params) by extensions ['python_setup_py']
[0.319s] Level 1:colcon.colcon_core.package_identification:_identify(src/raceline/Raceline-Optimization/params) by extension 'python_setup_py'
[0.319s] Level 1:colcon.colcon_core.package_identification:_identify(src/range_libc) by extensions ['ignore', 'ignore_ament_install']
[0.319s] Level 1:colcon.colcon_core.package_identification:_identify(src/range_libc) by extension 'ignore'
[0.319s] Level 1:colcon.colcon_core.package_identification:_identify(src/range_libc) by extension 'ignore_ament_install'
[0.319s] Level 1:colcon.colcon_core.package_identification:_identify(src/range_libc) by extensions ['colcon_pkg']
[0.319s] Level 1:colcon.colcon_core.package_identification:_identify(src/range_libc) by extension 'colcon_pkg'
[0.319s] Level 1:colcon.colcon_core.package_identification:_identify(src/range_libc) by extensions ['colcon_meta']
[0.319s] Level 1:colcon.colcon_core.package_identification:_identify(src/range_libc) by extension 'colcon_meta'
[0.319s] Level 1:colcon.colcon_core.package_identification:_identify(src/range_libc) by extensions ['ros']
[0.319s] Level 1:colcon.colcon_core.package_identification:_identify(src/range_libc) by extension 'ros'
[0.319s] Level 1:colcon.colcon_core.package_identification:_identify(src/range_libc) by extensions ['cmake', 'python']
[0.319s] Level 1:colcon.colcon_core.package_identification:_identify(src/range_libc) by extension 'cmake'
[0.324s] Level 1:colcon.colcon_core.package_identification:_identify(src/range_libc) by extension 'python'
[0.325s] DEBUG:colcon.colcon_core.package_identification:Package 'src/range_libc' with type 'cmake' and name 'range_lib'
[0.325s] Level 1:colcon.colcon_core.package_discovery:discover_packages(recursive) using defaults
[0.325s] Level 1:colcon.colcon_core.package_discovery:discover_packages(ignore) discover
[0.325s] Level 1:colcon.colcon_core.package_discovery:discover_packages(ignore) using defaults
[0.325s] Level 1:colcon.colcon_core.package_discovery:discover_packages(path) discover
[0.325s] Level 1:colcon.colcon_core.package_discovery:discover_packages(path) using defaults
[0.342s] INFO:colcon.colcon_core.package_selection:Skipping not selected package 'autodrive_f1tenth' in 'src/autodrive_f1tenth'
[0.342s] INFO:colcon.colcon_core.package_selection:Skipping not selected package 'f1tenth_mapping' in 'src/f1tenth_mapping'
[0.342s] INFO:colcon.colcon_core.package_selection:Skipping not selected package 'particle_filter' in 'src/particle_filter'
[0.342s] INFO:colcon.colcon_core.package_selection:Skipping not selected package 'range_lib' in 'src/range_libc'
[0.343s] Level 5:colcon.colcon_core.verb:set package 'pure_pursuit' build argument 'cmake_args' from command line to 'None'
[0.343s] Level 5:colcon.colcon_core.verb:set package 'pure_pursuit' build argument 'cmake_target' from command line to 'None'
[0.343s] Level 5:colcon.colcon_core.verb:set package 'pure_pursuit' build argument 'cmake_target_skip_unavailable' from command line to 'False'
[0.343s] Level 5:colcon.colcon_core.verb:set package 'pure_pursuit' build argument 'cmake_clean_cache' from command line to 'False'
[0.343s] Level 5:colcon.colcon_core.verb:set package 'pure_pursuit' build argument 'cmake_clean_first' from command line to 'False'
[0.343s] Level 5:colcon.colcon_core.verb:set package 'pure_pursuit' build argument 'cmake_force_configure' from command line to 'False'
[0.343s] Level 5:colcon.colcon_core.verb:set package 'pure_pursuit' build argument 'ament_cmake_args' from command line to 'None'
[0.343s] Level 5:colcon.colcon_core.verb:set package 'pure_pursuit' build argument 'catkin_cmake_args' from command line to 'None'
[0.343s] Level 5:colcon.colcon_core.verb:set package 'pure_pursuit' build argument 'catkin_skip_building_tests' from command line to 'False'
[0.343s] DEBUG:colcon.colcon_core.verb:Building package 'pure_pursuit' with the following arguments: {'ament_cmake_args': None, 'build_base': '/home/bhajneet/sim_racing/ros2_ws/build/pure_pursuit', 'catkin_cmake_args': None, 'catkin_skip_building_tests': False, 'cmake_args': None, 'cmake_clean_cache': False, 'cmake_clean_first': False, 'cmake_force_configure': False, 'cmake_target': None, 'cmake_target_skip_unavailable': False, 'install_base': '/home/bhajneet/sim_racing/ros2_ws/install/pure_pursuit', 'merge_install': False, 'path': '/home/bhajneet/sim_racing/ros2_ws/src/pure_pursuit', 'symlink_install': False, 'test_result_base': None}
[0.344s] INFO:colcon.colcon_core.executor:Executing jobs using 'parallel' executor
[0.348s] DEBUG:colcon.colcon_parallel_executor.executor.parallel:run_until_complete
[0.348s] INFO:colcon.colcon_ros.task.ament_cmake.build:Building ROS package in '/home/bhajneet/sim_racing/ros2_ws/src/pure_pursuit' with build type 'ament_cmake'
[0.349s] INFO:colcon.colcon_cmake.task.cmake.build:Building CMake package in '/home/bhajneet/sim_racing/ros2_ws/src/pure_pursuit'
[0.352s] INFO:colcon.colcon_core.plugin_system:Skipping extension 'colcon_core.shell.bat': Not used on non-Windows systems
[0.352s] INFO:colcon.colcon_core.shell:Skip shell extension 'powershell' for command environment: Not usable outside of PowerShell
[0.352s] DEBUG:colcon.colcon_core.shell:Skip shell extension 'dsv' for command environment
[0.367s] DEBUG:colcon.colcon_core.event_handler.log_command:Invoking command in '/home/bhajneet/sim_racing/ros2_ws/build/pure_pursuit': CMAKE_PREFIX_PATH=${CMAKE_PREFIX_PATH}:/home/bhajneet/sim_racing/ros2_ws/install/particle_filter:/home/bhajneet/sim_racing/ros2_ws/install/autodrive_f1tenth:/opt/ros/foxy /usr/bin/cmake --build /home/bhajneet/sim_racing/ros2_ws/build/pure_pursuit -- -j8 -l8
[0.453s] DEBUG:colcon.colcon_core.event_handler.log_command:Invoked command in '/home/bhajneet/sim_racing/ros2_ws/build/pure_pursuit' returned '0': CMAKE_PREFIX_PATH=${CMAKE_PREFIX_PATH}:/home/bhajneet/sim_racing/ros2_ws/install/particle_filter:/home/bhajneet/sim_racing/ros2_ws/install/autodrive_f1tenth:/opt/ros/foxy /usr/bin/cmake --build /home/bhajneet/sim_racing/ros2_ws/build/pure_pursuit -- -j8 -l8
[0.496s] DEBUG:colcon.colcon_core.event_handler.log_command:Invoking command in '/home/bhajneet/sim_racing/ros2_ws/build/pure_pursuit': CMAKE_PREFIX_PATH=${CMAKE_PREFIX_PATH}:/home/bhajneet/sim_racing/ros2_ws/install/particle_filter:/home/bhajneet/sim_racing/ros2_ws/install/autodrive_f1tenth:/opt/ros/foxy /usr/bin/cmake --install /home/bhajneet/sim_racing/ros2_ws/build/pure_pursuit
[0.506s] Level 1:colcon.colcon_core.environment:create_environment_scripts_only(pure_pursuit)
[0.507s] DEBUG:colcon.colcon_core.event_handler.log_command:Invoked command in '/home/bhajneet/sim_racing/ros2_ws/build/pure_pursuit' returned '0': CMAKE_PREFIX_PATH=${CMAKE_PREFIX_PATH}:/home/bhajneet/sim_racing/ros2_ws/install/particle_filter:/home/bhajneet/sim_racing/ros2_ws/install/autodrive_f1tenth:/opt/ros/foxy /usr/bin/cmake --install /home/bhajneet/sim_racing/ros2_ws/build/pure_pursuit
[0.512s] Level 1:colcon.colcon_core.environment:checking '/home/bhajneet/sim_racing/ros2_ws/install/pure_pursuit' for CMake module files
[0.512s] Level 1:colcon.colcon_core.environment:checking '/home/bhajneet/sim_racing/ros2_ws/install/pure_pursuit' for CMake config files
[0.513s] Level 1:colcon.colcon_core.shell:create_environment_hook('pure_pursuit', 'cmake_prefix_path')
[0.514s] INFO:colcon.colcon_core.shell:Creating environment hook '/home/bhajneet/sim_racing/ros2_ws/install/pure_pursuit/share/pure_pursuit/hook/cmake_prefix_path.ps1'
[0.514s] INFO:colcon.colcon_core.shell:Creating environment descriptor '/home/bhajneet/sim_racing/ros2_ws/install/pure_pursuit/share/pure_pursuit/hook/cmake_prefix_path.dsv'
[0.515s] INFO:colcon.colcon_core.shell:Creating environment hook '/home/bhajneet/sim_racing/ros2_ws/install/pure_pursuit/share/pure_pursuit/hook/cmake_prefix_path.sh'
[0.516s] Level 1:colcon.colcon_core.environment:checking '/home/bhajneet/sim_racing/ros2_ws/install/pure_pursuit/lib'
[0.516s] Level 1:colcon.colcon_core.environment:checking '/home/bhajneet/sim_racing/ros2_ws/install/pure_pursuit/bin'
[0.516s] Level 1:colcon.colcon_core.environment:checking '/home/bhajneet/sim_racing/ros2_ws/install/pure_pursuit/lib/pkgconfig/pure_pursuit.pc'
[0.517s] Level 1:colcon.colcon_core.environment:checking '/home/bhajneet/sim_racing/ros2_ws/install/pure_pursuit/lib/python3.8/site-packages'
[0.517s] Level 1:colcon.colcon_core.environment:checking '/home/bhajneet/sim_racing/ros2_ws/install/pure_pursuit/bin'
[0.518s] INFO:colcon.colcon_core.shell:Creating package script '/home/bhajneet/sim_racing/ros2_ws/install/pure_pursuit/share/pure_pursuit/package.ps1'
[0.519s] INFO:colcon.colcon_core.shell:Creating package descriptor '/home/bhajneet/sim_racing/ros2_ws/install/pure_pursuit/share/pure_pursuit/package.dsv'
[0.519s] INFO:colcon.colcon_core.shell:Creating package script '/home/bhajneet/sim_racing/ros2_ws/install/pure_pursuit/share/pure_pursuit/package.sh'
[0.520s] INFO:colcon.colcon_core.shell:Creating package script '/home/bhajneet/sim_racing/ros2_ws/install/pure_pursuit/share/pure_pursuit/package.bash'
[0.520s] INFO:colcon.colcon_core.shell:Creating package script '/home/bhajneet/sim_racing/ros2_ws/install/pure_pursuit/share/pure_pursuit/package.zsh'
[0.521s] Level 1:colcon.colcon_core.environment:create_file_with_runtime_dependencies(/home/bhajneet/sim_racing/ros2_ws/install/pure_pursuit/share/colcon-core/packages/pure_pursuit)
[0.546s] Level 1:colcon.colcon_core.environment:create_environment_scripts_only(pure_pursuit)
[0.548s] Level 1:colcon.colcon_core.environment:checking '/home/bhajneet/sim_racing/ros2_ws/install/pure_pursuit' for CMake module files
[0.549s] Level 1:colcon.colcon_core.environment:checking '/home/bhajneet/sim_racing/ros2_ws/install/pure_pursuit' for CMake config files
[0.549s] Level 1:colcon.colcon_core.shell:create_environment_hook('pure_pursuit', 'cmake_prefix_path')
[0.550s] INFO:colcon.colcon_core.shell:Creating environment hook '/home/bhajneet/sim_racing/ros2_ws/install/pure_pursuit/share/pure_pursuit/hook/cmake_prefix_path.ps1'
[0.551s] INFO:colcon.colcon_core.shell:Creating environment descriptor '/home/bhajneet/sim_racing/ros2_ws/install/pure_pursuit/share/pure_pursuit/hook/cmake_prefix_path.dsv'
[0.551s] INFO:colcon.colcon_core.shell:Creating environment hook '/home/bhajneet/sim_racing/ros2_ws/install/pure_pursuit/share/pure_pursuit/hook/cmake_prefix_path.sh'
[0.551s] Level 1:colcon.colcon_core.environment:checking '/home/bhajneet/sim_racing/ros2_ws/install/pure_pursuit/lib'
[0.552s] Level 1:colcon.colcon_core.environment:checking '/home/bhajneet/sim_racing/ros2_ws/install/pure_pursuit/bin'
[0.552s] Level 1:colcon.colcon_core.environment:checking '/home/bhajneet/sim_racing/ros2_ws/install/pure_pursuit/lib/pkgconfig/pure_pursuit.pc'
[0.552s] Level 1:colcon.colcon_core.environment:checking '/home/bhajneet/sim_racing/ros2_ws/install/pure_pursuit/lib/python3.8/site-packages'
[0.552s] Level 1:colcon.colcon_core.environment:checking '/home/bhajneet/sim_racing/ros2_ws/install/pure_pursuit/bin'
[0.553s] INFO:colcon.colcon_core.shell:Creating package script '/home/bhajneet/sim_racing/ros2_ws/install/pure_pursuit/share/pure_pursuit/package.ps1'
[0.554s] INFO:colcon.colcon_core.shell:Creating package descriptor '/home/bhajneet/sim_racing/ros2_ws/install/pure_pursuit/share/pure_pursuit/package.dsv'
[0.554s] INFO:colcon.colcon_core.shell:Creating package script '/home/bhajneet/sim_racing/ros2_ws/install/pure_pursuit/share/pure_pursuit/package.sh'
[0.555s] INFO:colcon.colcon_core.shell:Creating package script '/home/bhajneet/sim_racing/ros2_ws/install/pure_pursuit/share/pure_pursuit/package.bash'
[0.555s] INFO:colcon.colcon_core.shell:Creating package script '/home/bhajneet/sim_racing/ros2_ws/install/pure_pursuit/share/pure_pursuit/package.zsh'
[0.556s] Level 1:colcon.colcon_core.environment:create_file_with_runtime_dependencies(/home/bhajneet/sim_racing/ros2_ws/install/pure_pursuit/share/colcon-core/packages/pure_pursuit)
[0.556s] DEBUG:colcon.colcon_parallel_executor.executor.parallel:closing loop
[0.557s] DEBUG:colcon.colcon_parallel_executor.executor.parallel:loop closed
[0.557s] DEBUG:colcon.colcon_parallel_executor.executor.parallel:run_until_complete finished with '0'
[0.557s] DEBUG:colcon.colcon_core.event_reactor:joining thread
[0.566s] INFO:colcon.colcon_core.plugin_system:Skipping extension 'colcon_notification.desktop_notification.notify_send': Could not find 'notify-send'
[0.567s] INFO:colcon.colcon_core.plugin_system:Skipping extension 'colcon_notification.desktop_notification.terminal_notifier': Not used on non-Darwin systems
[0.567s] INFO:colcon.colcon_core.plugin_system:Skipping extension 'colcon_notification.desktop_notification.win32': Not used on non-Windows systems
[0.567s] INFO:colcon.colcon_notification.desktop_notification:Sending desktop notification using 'notify2'
[0.571s] DEBUG:colcon.colcon_notification.desktop_notification.notify2:Failed to initialize notify2: org.freedesktop.DBus.Error.Spawn.ExecFailed: /usr/bin/dbus-launch terminated abnormally without any error message
[0.571s] DEBUG:colcon.colcon_core.event_reactor:joined thread
[0.574s] INFO:colcon.colcon_core.shell:Creating prefix script '/home/bhajneet/sim_racing/ros2_ws/install/local_setup.ps1'
[0.576s] INFO:colcon.colcon_core.shell:Creating prefix util module '/home/bhajneet/sim_racing/ros2_ws/install/_local_setup_util_ps1.py'
[0.577s] INFO:colcon.colcon_core.shell:Creating prefix chain script '/home/bhajneet/sim_racing/ros2_ws/install/setup.ps1'
[0.580s] INFO:colcon.colcon_core.shell:Creating prefix script '/home/bhajneet/sim_racing/ros2_ws/install/local_setup.sh'
[0.581s] INFO:colcon.colcon_core.shell:Creating prefix util module '/home/bhajneet/sim_racing/ros2_ws/install/_local_setup_util_sh.py'
[0.583s] INFO:colcon.colcon_core.shell:Creating prefix chain script '/home/bhajneet/sim_racing/ros2_ws/install/setup.sh'
[0.585s] INFO:colcon.colcon_core.shell:Creating prefix script '/home/bhajneet/sim_racing/ros2_ws/install/local_setup.bash'
[0.586s] INFO:colcon.colcon_core.shell:Creating prefix chain script '/home/bhajneet/sim_racing/ros2_ws/install/setup.bash'
[0.587s] INFO:colcon.colcon_core.shell:Creating prefix script '/home/bhajneet/sim_racing/ros2_ws/install/local_setup.zsh'
[0.588s] INFO:colcon.colcon_core.shell:Creating prefix chain script '/home/bhajneet/sim_racing/ros2_ws/install/setup.zsh'
