[2.058s] Invoking command in '/ros2_ws/src/autodrive_f1tenth': PYTHONPATH=/ros2_ws/build/autodrive_f1tenth/prefix_override:/ros2_ws/install/autodrive_f1tenth/lib/python3.8/site-packages:${PYTHONPATH} /usr/bin/python3 setup.py egg_info --egg-base ../../build/autodrive_f1tenth build --build-base /ros2_ws/build/autodrive_f1tenth/build install --record /ros2_ws/build/autodrive_f1tenth/install.log --install-scripts $base/lib/autodrive_f1tenth --single-version-externally-managed
[2.683s] running egg_info
[2.685s] writing ../../build/autodrive_f1tenth/autodrive_f1tenth.egg-info/PKG-INFO
[2.686s] writing dependency_links to ../../build/autodrive_f1tenth/autodrive_f1tenth.egg-info/dependency_links.txt
[2.687s] writing entry points to ../../build/autodrive_f1tenth/autodrive_f1tenth.egg-info/entry_points.txt
[2.687s] writing requirements to ../../build/autodrive_f1tenth/autodrive_f1tenth.egg-info/requires.txt
[2.688s] writing top-level names to ../../build/autodrive_f1tenth/autodrive_f1tenth.egg-info/top_level.txt
[2.806s] reading manifest file '../../build/autodrive_f1tenth/autodrive_f1tenth.egg-info/SOURCES.txt'
[2.812s] writing manifest file '../../build/autodrive_f1tenth/autodrive_f1tenth.egg-info/SOURCES.txt'
[2.812s] running build
[2.813s] running build_py
[2.813s] running install
[2.814s] running install_lib
[2.817s] running install_data
[2.819s] running install_egg_info
[2.824s] removing '/ros2_ws/install/autodrive_f1tenth/lib/python3.8/site-packages/autodrive_f1tenth-0.1.0-py3.8.egg-info' (and everything under it)
[2.824s] Copying ../../build/autodrive_f1tenth/autodrive_f1tenth.egg-info to /ros2_ws/install/autodrive_f1tenth/lib/python3.8/site-packages/autodrive_f1tenth-0.1.0-py3.8.egg-info
[2.829s] running install_scripts
[2.890s] Installing autodrive_bridge script to /ros2_ws/install/autodrive_f1tenth/lib/autodrive_f1tenth
[2.891s] Installing teleop_keyboard script to /ros2_ws/install/autodrive_f1tenth/lib/autodrive_f1tenth
[2.893s] writing list of installed files to '/ros2_ws/build/autodrive_f1tenth/install.log'
[2.953s] Invoked command in '/ros2_ws/src/autodrive_f1tenth' returned '0': PYTHONPATH=/ros2_ws/build/autodrive_f1tenth/prefix_override:/ros2_ws/install/autodrive_f1tenth/lib/python3.8/site-packages:${PYTHONPATH} /usr/bin/python3 setup.py egg_info --egg-base ../../build/autodrive_f1tenth build --build-base /ros2_ws/build/autodrive_f1tenth/build install --record /ros2_ws/build/autodrive_f1tenth/install.log --install-scripts $base/lib/autodrive_f1tenth --single-version-externally-managed
