[1.840s] Invoking command in '/ros2_ws/build/autodrive_f1tenth': PYTHONPATH=/ros2_ws/build/autodrive_f1tenth/prefix_override:/ros2_ws/install/autodrive_f1tenth/lib/python3.8/site-packages:${PYTHONPATH} /usr/bin/python3 setup.py develop --editable --build-directory /ros2_ws/build/autodrive_f1tenth/build --no-deps install_data
[2.432s] running develop
[2.743s] running egg_info
[2.743s] writing autodrive_f1tenth.egg-info/PKG-INFO
[2.746s] writing dependency_links to autodrive_f1tenth.egg-info/dependency_links.txt
[2.746s] writing entry points to autodrive_f1tenth.egg-info/entry_points.txt
[2.746s] writing requirements to autodrive_f1tenth.egg-info/requires.txt
[2.747s] writing top-level names to autodrive_f1tenth.egg-info/top_level.txt
[2.834s] reading manifest file 'autodrive_f1tenth.egg-info/SOURCES.txt'
[2.836s] writing manifest file 'autodrive_f1tenth.egg-info/SOURCES.txt'
[2.949s] running build_ext
[2.951s] Creating /ros2_ws/install/autodrive_f1tenth/lib/python3.8/site-packages/autodrive-f1tenth.egg-link (link to .)
[2.953s] Installing autodrive_bridge script to /ros2_ws/install/autodrive_f1tenth/lib/autodrive_f1tenth
[2.954s] Installing publish_odom script to /ros2_ws/install/autodrive_f1tenth/lib/autodrive_f1tenth
[2.955s] Installing teleop_keyboard script to /ros2_ws/install/autodrive_f1tenth/lib/autodrive_f1tenth
[2.956s] 
[2.956s] Installed /ros2_ws/build/autodrive_f1tenth
[2.957s] running install_data
[2.957s] copying launch/simulator_bringup_rviz.launch.py -> /ros2_ws/install/autodrive_f1tenth/share/autodrive_f1tenth/launch
[3.028s] Invoked command in '/ros2_ws/build/autodrive_f1tenth' returned '0': PYTHONPATH=/ros2_ws/build/autodrive_f1tenth/prefix_override:/ros2_ws/install/autodrive_f1tenth/lib/python3.8/site-packages:${PYTHONPATH} /usr/bin/python3 setup.py develop --editable --build-directory /ros2_ws/build/autodrive_f1tenth/build --no-deps install_data
