running develop
running egg_info
creating autodrive_f1tenth.egg-info
writing autodrive_f1tenth.egg-info/PKG-INFO
writing dependency_links to autodrive_f1tenth.egg-info/dependency_links.txt
writing entry points to autodrive_f1tenth.egg-info/entry_points.txt
writing requirements to autodrive_f1tenth.egg-info/requires.txt
writing top-level names to autodrive_f1tenth.egg-info/top_level.txt
writing manifest file 'autodrive_f1tenth.egg-info/SOURCES.txt'
reading manifest file 'autodrive_f1tenth.egg-info/SOURCES.txt'
writing manifest file 'autodrive_f1tenth.egg-info/SOURCES.txt'
running build_ext
Creating /ros2_ws/install/autodrive_f1tenth/lib/python3.8/site-packages/site.py
Creating /ros2_ws/install/autodrive_f1tenth/lib/python3.8/site-packages/autodrive-f1tenth.egg-link (link to .)
Installing autodrive_bridge script to /ros2_ws/install/autodrive_f1tenth/lib/autodrive_f1tenth
Installing teleop_keyboard script to /ros2_ws/install/autodrive_f1tenth/lib/autodrive_f1tenth

Installed /ros2_ws/build/autodrive_f1tenth
running install_data
creating /ros2_ws/install/autodrive_f1tenth/share/ament_index
creating /ros2_ws/install/autodrive_f1tenth/share/ament_index/resource_index
creating /ros2_ws/install/autodrive_f1tenth/share/ament_index/resource_index/packages
copying resource/autodrive_f1tenth -> /ros2_ws/install/autodrive_f1tenth/share/ament_index/resource_index/packages
copying package.xml -> /ros2_ws/install/autodrive_f1tenth/share/autodrive_f1tenth
creating /ros2_ws/install/autodrive_f1tenth/share/autodrive_f1tenth/launch
copying launch/simulator_bringup_headless.launch.py -> /ros2_ws/install/autodrive_f1tenth/share/autodrive_f1tenth/launch
copying launch/simulator_bringup_rviz.launch.py -> /ros2_ws/install/autodrive_f1tenth/share/autodrive_f1tenth/launch
creating /ros2_ws/install/autodrive_f1tenth/share/autodrive_f1tenth/rviz
copying rviz/simulator.rviz -> /ros2_ws/install/autodrive_f1tenth/share/autodrive_f1tenth/rviz
