[2.047s] Invoking command in '/ros2_ws/build/autodrive_f1tenth': PYTHONPATH=/ros2_ws/build/autodrive_f1tenth/prefix_override:/ros2_ws/install/autodrive_f1tenth/lib/python3.8/site-packages:${PYTHONPATH} /usr/bin/python3 setup.py develop --editable --build-directory /ros2_ws/build/autodrive_f1tenth/build --no-deps install_data
[2.748s] running develop
[3.144s] running egg_info
[3.145s] creating autodrive_f1tenth.egg-info
[3.146s] writing autodrive_f1tenth.egg-info/PKG-INFO
[3.146s] writing dependency_links to autodrive_f1tenth.egg-info/dependency_links.txt
[3.147s] writing entry points to autodrive_f1tenth.egg-info/entry_points.txt
[3.147s] writing requirements to autodrive_f1tenth.egg-info/requires.txt
[3.147s] writing top-level names to autodrive_f1tenth.egg-info/top_level.txt
[3.151s] writing manifest file 'autodrive_f1tenth.egg-info/SOURCES.txt'
[3.245s] reading manifest file 'autodrive_f1tenth.egg-info/SOURCES.txt'
[3.249s] writing manifest file 'autodrive_f1tenth.egg-info/SOURCES.txt'
[3.371s] running build_ext
[3.372s] Creating /ros2_ws/install/autodrive_f1tenth/lib/python3.8/site-packages/site.py
[3.379s] Creating /ros2_ws/install/autodrive_f1tenth/lib/python3.8/site-packages/autodrive-f1tenth.egg-link (link to .)
[3.383s] Installing autodrive_bridge script to /ros2_ws/install/autodrive_f1tenth/lib/autodrive_f1tenth
[3.384s] Installing teleop_keyboard script to /ros2_ws/install/autodrive_f1tenth/lib/autodrive_f1tenth
[3.386s] 
[3.388s] Installed /ros2_ws/build/autodrive_f1tenth
[3.389s] running install_data
[3.389s] creating /ros2_ws/install/autodrive_f1tenth/share/ament_index
[3.390s] creating /ros2_ws/install/autodrive_f1tenth/share/ament_index/resource_index
[3.390s] creating /ros2_ws/install/autodrive_f1tenth/share/ament_index/resource_index/packages
[3.390s] copying resource/autodrive_f1tenth -> /ros2_ws/install/autodrive_f1tenth/share/ament_index/resource_index/packages
[3.390s] copying package.xml -> /ros2_ws/install/autodrive_f1tenth/share/autodrive_f1tenth
[3.391s] creating /ros2_ws/install/autodrive_f1tenth/share/autodrive_f1tenth/launch
[3.391s] copying launch/simulator_bringup_headless.launch.py -> /ros2_ws/install/autodrive_f1tenth/share/autodrive_f1tenth/launch
[3.391s] copying launch/simulator_bringup_rviz.launch.py -> /ros2_ws/install/autodrive_f1tenth/share/autodrive_f1tenth/launch
[3.391s] creating /ros2_ws/install/autodrive_f1tenth/share/autodrive_f1tenth/rviz
[3.392s] copying rviz/simulator.rviz -> /ros2_ws/install/autodrive_f1tenth/share/autodrive_f1tenth/rviz
[3.470s] Invoked command in '/ros2_ws/build/autodrive_f1tenth' returned '0': PYTHONPATH=/ros2_ws/build/autodrive_f1tenth/prefix_override:/ros2_ws/install/autodrive_f1tenth/lib/python3.8/site-packages:${PYTHONPATH} /usr/bin/python3 setup.py develop --editable --build-directory /ros2_ws/build/autodrive_f1tenth/build --no-deps install_data
